 
****************************************
Report : cell
Design : fpu
Version: M-2016.12-SP1
Date   : Mon Apr 15 22:56:49 2019
****************************************

Attributes:
    b - black box (unknown)
    h - hierarchical
    n - noncombinational
    r - removable
    u - contains unmapped logic

Cell                      Reference       Library             Area  Attributes
--------------------------------------------------------------------------------
cluster_header            bw_clk_cl_fpu_cmp               92.508417 h, n
fpu_add                   fpu_add                         29404.461228
                                                                    h, n
fpu_div                   fpu_div                         11625.563293
                                                                    h, n
fpu_in                    fpu_in                          5875.301020
                                                                    h, n
fpu_mul                   fpu_mul                         59564.745616
                                                                    h, n
fpu_out                   fpu_out                         1607.460787
                                                                    h, n
fpu_rptr_groups           fpu_rptr_groups                 97.845441 h
i_fpu_inq_sram            bw_r_rf16x160                   26211.649735
                                                                    h, n
test_stub                 test_stub_scan                  26.176832 h
--------------------------------------------------------------------------------
Total 9 cells                                             134505.712370
1
