Information: Updating graph... (UID-83)
 
****************************************
Report : qor
Design : s15850
Version: L-2016.03-SP5-1
Date   : Sun Mar 10 15:14:40 2019
****************************************


  Timing Path Group 'ideal_clock1'
  -----------------------------------
  Levels of Logic:              19.00
  Critical Path Length:          2.18
  Critical Path Slack:           0.27
  Critical Path Clk Period:      6.50
  Total Negative Slack:          0.00
  No. of Violating Paths:        0.00
  Worst Hold Violation:          0.00
  Total Hold Violation:          0.00
  No. of Hold Violations:        0.00
  -----------------------------------


  Cell Count
  -----------------------------------
  Hierarchical Cell Count:        534
  Hierarchical Port Count:       2670
  Leaf Cell Count:               2210
  Buf/Inv Cell Count:             342
  Buf Cell Count:                   4
  Inv Cell Count:                 338
  CT Buf/Inv Cell Count:            0
  Combinational Cell Count:      1676
  Sequential Cell Count:          534
  Macro Count:                      0
  -----------------------------------


  Area
  -----------------------------------
  Combinational Area:     3736.425116
  Noncombinational Area:  3528.535412
  Buf/Inv Area:            437.635970
  Total Buffer Area:             8.13
  Total Inverter Area:         429.50
  Macro/Black Box Area:      0.000000
  Net Area:               1516.175151
  Net XLength        :       22145.79
  Net YLength        :       21680.30
  -----------------------------------
  Cell Area:              7264.960528
  Design Area:            8781.135679
  Net Length        :        43826.09


  Design Rules
  -----------------------------------
  Total Number of Nets:          2290
  Nets With Violations:             0
  Max Trans Violations:             0
  Max Cap Violations:               0
  -----------------------------------


  Hostname: xunil-03.coe.drexel.edu

  Compile CPU Statistics
  -----------------------------------------
  Resource Sharing:                    0.01
  Logic Optimization:                  4.88
  Mapping Optimization:               17.98
  -----------------------------------------
  Overall Compile Time:               25.64
  Overall Compile Wall Clock Time:    26.44

  --------------------------------------------------------------------

  Design  WNS: 0.00  TNS: 0.00  Number of Violating Paths: 0


  Design (Hold)  WNS: 0.00  TNS: 0.00  Number of Violating Paths: 0

  --------------------------------------------------------------------


1
