Information: Updating graph... (UID-83)
Warning: Design 's35932' contains 1 high-fanout nets. A fanout number of 1000 will be used for delay calculations involving these nets. (TIM-134)
 
****************************************
Report : qor
Design : s35932
Version: L-2016.03-SP5-1
Date   : Sun Mar 10 11:38:26 2019
****************************************


  Timing Path Group 'ideal_clock1'
  -----------------------------------
  Levels of Logic:               3.00
  Critical Path Length:          1.05
  Critical Path Slack:           4.90
  Critical Path Clk Period:     10.00
  Total Negative Slack:          0.00
  No. of Violating Paths:        0.00
  Worst Hold Violation:          0.00
  Total Hold Violation:          0.00
  No. of Hold Violations:        0.00
  -----------------------------------


  Cell Count
  -----------------------------------
  Hierarchical Cell Count:       1728
  Hierarchical Port Count:       8640
  Leaf Cell Count:               4775
  Buf/Inv Cell Count:              94
  Buf Cell Count:                  56
  Inv Cell Count:                  38
  CT Buf/Inv Cell Count:            0
  Combinational Cell Count:      3047
  Sequential Cell Count:         1728
  Macro Count:                      0
  -----------------------------------


  Area
  -----------------------------------
  Combinational Area:     9652.389187
  Noncombinational Area: 11418.182007
  Buf/Inv Area:            162.143878
  Total Buffer Area:           113.86
  Total Inverter Area:          48.29
  Macro/Black Box Area:      0.000000
  Net Area:               6758.763696
  Net XLength        :       49584.38
  Net YLength        :       53402.16
  -----------------------------------
  Cell Area:             21070.571193
  Design Area:           27829.334890
  Net Length        :       102986.54


  Design Rules
  -----------------------------------
  Total Number of Nets:          4813
  Nets With Violations:             0
  Max Trans Violations:             0
  Max Cap Violations:               0
  -----------------------------------


  Hostname: xunil-03.coe.drexel.edu

  Compile CPU Statistics
  -----------------------------------------
  Resource Sharing:                    0.05
  Logic Optimization:                 58.36
  Mapping Optimization:               50.73
  -----------------------------------------
  Overall Compile Time:              114.63
  Overall Compile Wall Clock Time:   115.25

  --------------------------------------------------------------------

  Design  WNS: 0.00  TNS: 0.00  Number of Violating Paths: 0


  Design (Hold)  WNS: 0.00  TNS: 0.00  Number of Violating Paths: 0

  --------------------------------------------------------------------


1
