 
****************************************
Report : timing
        -path full
        -delay min
        -max_paths 20
Design : s386
Version: L-2016.03-SP5-1
Date   : Sun Mar 10 14:46:26 2019
****************************************

 * Some/all delay information is back-annotated.

Operating Conditions: ss0p95v25c   Library: saed32rvt_ss0p95v25c

  Startpoint: DFF_4/q_reg
              (rising edge-triggered flip-flop clocked by ideal_clock1)
  Endpoint: DFF_0/q_reg
            (rising edge-triggered flip-flop clocked by ideal_clock1)
  Path Group: ideal_clock1
  Path Type: min

  Point                                    Incr       Path
  -----------------------------------------------------------
  clock ideal_clock1 (rise edge)           0.00       0.00
  clock network delay (ideal)              0.40       0.40
  DFF_4/q_reg/CLK (DFFX1_RVT)              0.00       0.40 r
  DFF_4/q_reg/Q (DFFX1_RVT)                0.21       0.61 f
  DFF_4/q (dff_2)                          0.00       0.61 f
  U123/Y (NAND3X0_RVT)                     0.05 *     0.67 r
  U122/Y (NAND2X0_RVT)                     0.04 *     0.71 f
  DFF_0/d (dff_0)                          0.00       0.71 f
  DFF_0/q_reg/D (DFFX1_RVT)                0.00 *     0.71 f
  data arrival time                                   0.71

  clock ideal_clock1 (rise edge)           0.00       0.00
  clock network delay (ideal)              0.40       0.40
  clock uncertainty                        0.05       0.45
  DFF_0/q_reg/CLK (DFFX1_RVT)              0.00       0.45 r
  library hold time                        0.00       0.45
  data required time                                  0.45
  -----------------------------------------------------------
  data required time                                  0.45
  data arrival time                                  -0.71
  -----------------------------------------------------------
  slack (MET)                                         0.26


  Startpoint: DFF_0/q_reg
              (rising edge-triggered flip-flop clocked by ideal_clock1)
  Endpoint: DFF_4/q_reg
            (rising edge-triggered flip-flop clocked by ideal_clock1)
  Path Group: ideal_clock1
  Path Type: min

  Point                                    Incr       Path
  -----------------------------------------------------------
  clock ideal_clock1 (rise edge)           0.00       0.00
  clock network delay (ideal)              0.40       0.40
  DFF_0/q_reg/CLK (DFFX1_RVT)              0.00       0.40 r
  DFF_0/q_reg/Q (DFFX1_RVT)                0.20       0.60 r
  DFF_0/q (dff_0)                          0.00       0.60 r
  U135/Y (OAI22X1_RVT)                     0.09 *     0.69 f
  U134/Y (AND2X1_RVT)                      0.05 *     0.74 f
  DFF_4/d (dff_2)                          0.00       0.74 f
  DFF_4/q_reg/D (DFFX1_RVT)                0.00 *     0.74 f
  data arrival time                                   0.74

  clock ideal_clock1 (rise edge)           0.00       0.00
  clock network delay (ideal)              0.40       0.40
  clock uncertainty                        0.05       0.45
  DFF_4/q_reg/CLK (DFFX1_RVT)              0.00       0.45 r
  library hold time                        0.01       0.46
  data required time                                  0.46
  -----------------------------------------------------------
  data required time                                  0.46
  data arrival time                                  -0.74
  -----------------------------------------------------------
  slack (MET)                                         0.28


  Startpoint: DFF_1/q_reg
              (rising edge-triggered flip-flop clocked by ideal_clock1)
  Endpoint: DFF_1/q_reg
            (rising edge-triggered flip-flop clocked by ideal_clock1)
  Path Group: ideal_clock1
  Path Type: min

  Point                                    Incr       Path
  -----------------------------------------------------------
  clock ideal_clock1 (rise edge)           0.00       0.00
  clock network delay (ideal)              0.40       0.40
  DFF_1/q_reg/CLK (DFFX1_RVT)              0.00       0.40 r
  DFF_1/q_reg/Q (DFFX1_RVT)                0.22       0.62 f
  DFF_1/q (dff_5)                          0.00       0.62 f
  U105/Y (NAND3X0_RVT)                     0.06 *     0.68 r
  U80/Y (INVX1_RVT)                        0.03 *     0.71 f
  U117/Y (AO22X1_RVT)                      0.06 *     0.77 f
  DFF_1/d (dff_5)                          0.00       0.77 f
  DFF_1/q_reg/D (DFFX1_RVT)                0.00 *     0.77 f
  data arrival time                                   0.77

  clock ideal_clock1 (rise edge)           0.00       0.00
  clock network delay (ideal)              0.40       0.40
  clock uncertainty                        0.05       0.45
  DFF_1/q_reg/CLK (DFFX1_RVT)              0.00       0.45 r
  library hold time                        0.01       0.46
  data required time                                  0.46
  -----------------------------------------------------------
  data required time                                  0.46
  data arrival time                                  -0.77
  -----------------------------------------------------------
  slack (MET)                                         0.31


  Startpoint: DFF_2/q_reg
              (rising edge-triggered flip-flop clocked by ideal_clock1)
  Endpoint: DFF_2/q_reg
            (rising edge-triggered flip-flop clocked by ideal_clock1)
  Path Group: ideal_clock1
  Path Type: min

  Point                                    Incr       Path
  -----------------------------------------------------------
  clock ideal_clock1 (rise edge)           0.00       0.00
  clock network delay (ideal)              0.40       0.40
  DFF_2/q_reg/CLK (DFFX1_RVT)              0.00       0.40 r
  DFF_2/q_reg/Q (DFFX1_RVT)                0.21       0.61 f
  DFF_2/q (dff_4)                          0.00       0.61 f
  U145/Y (NAND3X0_RVT)                     0.04 *     0.65 r
  U143/Y (NAND2X0_RVT)                     0.04 *     0.69 f
  U142/Y (AO21X1_RVT)                      0.08 *     0.77 f
  DFF_2/d (dff_4)                          0.00       0.77 f
  DFF_2/q_reg/D (DFFX1_RVT)                0.00 *     0.77 f
  data arrival time                                   0.77

  clock ideal_clock1 (rise edge)           0.00       0.00
  clock network delay (ideal)              0.40       0.40
  clock uncertainty                        0.05       0.45
  DFF_2/q_reg/CLK (DFFX1_RVT)              0.00       0.45 r
  library hold time                        0.01       0.46
  data required time                                  0.46
  -----------------------------------------------------------
  data required time                                  0.46
  data arrival time                                  -0.77
  -----------------------------------------------------------
  slack (MET)                                         0.31


  Startpoint: DFF_1/q_reg
              (rising edge-triggered flip-flop clocked by ideal_clock1)
  Endpoint: DFF_5/q_reg
            (rising edge-triggered flip-flop clocked by ideal_clock1)
  Path Group: ideal_clock1
  Path Type: min

  Point                                    Incr       Path
  -----------------------------------------------------------
  clock ideal_clock1 (rise edge)           0.00       0.00
  clock network delay (ideal)              0.40       0.40
  DFF_1/q_reg/CLK (DFFX1_RVT)              0.00       0.40 r
  DFF_1/q_reg/Q (DFFX1_RVT)                0.22       0.62 f
  DFF_1/q (dff_5)                          0.00       0.62 f
  U121/Y (OA21X1_RVT)                      0.08 *     0.69 f
  U120/Y (OA21X1_RVT)                      0.08 *     0.77 f
  DFF_5/d (dff_1)                          0.00       0.77 f
  DFF_5/q_reg/D (DFFX1_RVT)                0.00 *     0.77 f
  data arrival time                                   0.77

  clock ideal_clock1 (rise edge)           0.00       0.00
  clock network delay (ideal)              0.40       0.40
  clock uncertainty                        0.05       0.45
  DFF_5/q_reg/CLK (DFFX1_RVT)              0.00       0.45 r
  library hold time                        0.01       0.46
  data required time                                  0.46
  -----------------------------------------------------------
  data required time                                  0.46
  data arrival time                                  -0.77
  -----------------------------------------------------------
  slack (MET)                                         0.32


  Startpoint: DFF_3/q_reg
              (rising edge-triggered flip-flop clocked by ideal_clock1)
  Endpoint: DFF_3/q_reg
            (rising edge-triggered flip-flop clocked by ideal_clock1)
  Path Group: ideal_clock1
  Path Type: min

  Point                                    Incr       Path
  -----------------------------------------------------------
  clock ideal_clock1 (rise edge)           0.00       0.00
  clock network delay (ideal)              0.40       0.40
  DFF_3/q_reg/CLK (DFFX1_RVT)              0.00       0.40 r
  DFF_3/q_reg/Q (DFFX1_RVT)                0.21       0.61 f
  DFF_3/q (dff_3)                          0.00       0.61 f
  U103/Y (AND2X1_RVT)                      0.07 *     0.68 f
  U140/Y (NAND3X0_RVT)                     0.04 *     0.72 r
  U138/Y (NAND3X0_RVT)                     0.06 *     0.78 f
  DFF_3/d (dff_3)                          0.00       0.78 f
  DFF_3/q_reg/D (DFFX1_RVT)                0.00 *     0.78 f
  data arrival time                                   0.78

  clock ideal_clock1 (rise edge)           0.00       0.00
  clock network delay (ideal)              0.40       0.40
  clock uncertainty                        0.05       0.45
  DFF_3/q_reg/CLK (DFFX1_RVT)              0.00       0.45 r
  library hold time                       -0.01       0.44
  data required time                                  0.44
  -----------------------------------------------------------
  data required time                                  0.44
  data arrival time                                  -0.78
  -----------------------------------------------------------
  slack (MET)                                         0.34


  Startpoint: DFF_2/q_reg
              (rising edge-triggered flip-flop clocked by ideal_clock1)
  Endpoint: v13_D_12 (output port clocked by ideal_clock1)
  Path Group: ideal_clock1
  Path Type: min

  Point                                    Incr       Path
  -----------------------------------------------------------
  clock ideal_clock1 (rise edge)           0.00       0.00
  clock network delay (ideal)              0.40       0.40
  DFF_2/q_reg/CLK (DFFX1_RVT)              0.00       0.40 r
  DFF_2/q_reg/Q (DFFX1_RVT)                0.20       0.60 r
  DFF_2/q (dff_4)                          0.00       0.60 r
  U116/Y (AND4X1_RVT)                      0.12 *     0.72 r
  v13_D_12 (out)                           0.00 *     0.72 r
  data arrival time                                   0.72

  clock ideal_clock1 (rise edge)           0.00       0.00
  clock network delay (ideal)              0.40       0.40
  clock uncertainty                        0.05       0.45
  output external delay                   -2.00      -1.55
  data required time                                 -1.55
  -----------------------------------------------------------
  data required time                                 -1.55
  data arrival time                                  -0.72
  -----------------------------------------------------------
  slack (MET)                                         2.27


  Startpoint: DFF_2/q_reg
              (rising edge-triggered flip-flop clocked by ideal_clock1)
  Endpoint: v13_D_11 (output port clocked by ideal_clock1)
  Path Group: ideal_clock1
  Path Type: min

  Point                                    Incr       Path
  -----------------------------------------------------------
  clock ideal_clock1 (rise edge)           0.00       0.00
  clock network delay (ideal)              0.40       0.40
  DFF_2/q_reg/CLK (DFFX1_RVT)              0.00       0.40 r
  DFF_2/q_reg/Q (DFFX1_RVT)                0.21       0.61 f
  DFF_2/q (dff_4)                          0.00       0.61 f
  U107/Y (NAND4X0_RVT)                     0.07 *     0.68 r
  U108/Y (NAND3X0_RVT)                     0.06 *     0.74 f
  v13_D_11 (out)                           0.00 *     0.74 f
  data arrival time                                   0.74

  clock ideal_clock1 (rise edge)           0.00       0.00
  clock network delay (ideal)              0.40       0.40
  clock uncertainty                        0.05       0.45
  output external delay                   -2.00      -1.55
  data required time                                 -1.55
  -----------------------------------------------------------
  data required time                                 -1.55
  data arrival time                                  -0.74
  -----------------------------------------------------------
  slack (MET)                                         2.29


  Startpoint: DFF_2/q_reg
              (rising edge-triggered flip-flop clocked by ideal_clock1)
  Endpoint: v13_D_9 (output port clocked by ideal_clock1)
  Path Group: ideal_clock1
  Path Type: min

  Point                                    Incr       Path
  -----------------------------------------------------------
  clock ideal_clock1 (rise edge)           0.00       0.00
  clock network delay (ideal)              0.40       0.40
  DFF_2/q_reg/CLK (DFFX1_RVT)              0.00       0.40 r
  DFF_2/q_reg/Q (DFFX1_RVT)                0.21       0.61 f
  DFF_2/q (dff_4)                          0.00       0.61 f
  U107/Y (NAND4X0_RVT)                     0.07 *     0.68 r
  U113/Y (NAND2X0_RVT)                     0.07 *     0.74 f
  v13_D_9 (out)                            0.00 *     0.74 f
  data arrival time                                   0.74

  clock ideal_clock1 (rise edge)           0.00       0.00
  clock network delay (ideal)              0.40       0.40
  clock uncertainty                        0.05       0.45
  output external delay                   -2.00      -1.55
  data required time                                 -1.55
  -----------------------------------------------------------
  data required time                                 -1.55
  data arrival time                                  -0.74
  -----------------------------------------------------------
  slack (MET)                                         2.29


  Startpoint: DFF_3/q_reg
              (rising edge-triggered flip-flop clocked by ideal_clock1)
  Endpoint: v13_D_10 (output port clocked by ideal_clock1)
  Path Group: ideal_clock1
  Path Type: min

  Point                                    Incr       Path
  -----------------------------------------------------------
  clock ideal_clock1 (rise edge)           0.00       0.00
  clock network delay (ideal)              0.40       0.40
  DFF_3/q_reg/CLK (DFFX1_RVT)              0.00       0.40 r
  DFF_3/q_reg/Q (DFFX1_RVT)                0.20       0.60 r
  DFF_3/q (dff_3)                          0.00       0.60 r
  U103/Y (AND2X1_RVT)                      0.07 *     0.67 r
  U99/Y (AND3X1_RVT)                       0.08 *     0.76 r
  v13_D_10 (out)                           0.00 *     0.76 r
  data arrival time                                   0.76

  clock ideal_clock1 (rise edge)           0.00       0.00
  clock network delay (ideal)              0.40       0.40
  clock uncertainty                        0.05       0.45
  output external delay                   -2.00      -1.55
  data required time                                 -1.55
  -----------------------------------------------------------
  data required time                                 -1.55
  data arrival time                                  -0.76
  -----------------------------------------------------------
  slack (MET)                                         2.31


  Startpoint: DFF_0/q_reg
              (rising edge-triggered flip-flop clocked by ideal_clock1)
  Endpoint: v13_D_7 (output port clocked by ideal_clock1)
  Path Group: ideal_clock1
  Path Type: min

  Point                                    Incr       Path
  -----------------------------------------------------------
  clock ideal_clock1 (rise edge)           0.00       0.00
  clock network delay (ideal)              0.40       0.40
  DFF_0/q_reg/CLK (DFFX1_RVT)              0.00       0.40 r
  DFF_0/q_reg/Q (DFFX1_RVT)                0.20       0.60 r
  DFF_0/q (dff_0)                          0.00       0.60 r
  U132/Y (INVX1_RVT)                       0.03 *     0.63 f
  U75/Y (AND2X1_RVT)                       0.08 *     0.70 f
  U76/Y (AND2X1_RVT)                       0.06 *     0.77 f
  v13_D_7 (out)                            0.00 *     0.77 f
  data arrival time                                   0.77

  clock ideal_clock1 (rise edge)           0.00       0.00
  clock network delay (ideal)              0.40       0.40
  clock uncertainty                        0.05       0.45
  output external delay                   -2.00      -1.55
  data required time                                 -1.55
  -----------------------------------------------------------
  data required time                                 -1.55
  data arrival time                                  -0.77
  -----------------------------------------------------------
  slack (MET)                                         2.32


  Startpoint: DFF_2/q_reg
              (rising edge-triggered flip-flop clocked by ideal_clock1)
  Endpoint: v13_D_8 (output port clocked by ideal_clock1)
  Path Group: ideal_clock1
  Path Type: min

  Point                                    Incr       Path
  -----------------------------------------------------------
  clock ideal_clock1 (rise edge)           0.00       0.00
  clock network delay (ideal)              0.40       0.40
  DFF_2/q_reg/CLK (DFFX1_RVT)              0.00       0.40 r
  DFF_2/q_reg/Q (DFFX1_RVT)                0.21       0.61 f
  DFF_2/q (dff_4)                          0.00       0.61 f
  U107/Y (NAND4X0_RVT)                     0.07 *     0.68 r
  U111/Y (NOR2X0_RVT)                      0.10 *     0.77 f
  v13_D_8 (out)                            0.00 *     0.77 f
  data arrival time                                   0.77

  clock ideal_clock1 (rise edge)           0.00       0.00
  clock network delay (ideal)              0.40       0.40
  clock uncertainty                        0.05       0.45
  output external delay                   -2.00      -1.55
  data required time                                 -1.55
  -----------------------------------------------------------
  data required time                                 -1.55
  data arrival time                                  -0.77
  -----------------------------------------------------------
  slack (MET)                                         2.32


  Startpoint: DFF_0/q_reg
              (rising edge-triggered flip-flop clocked by ideal_clock1)
  Endpoint: v13_D_6 (output port clocked by ideal_clock1)
  Path Group: ideal_clock1
  Path Type: min

  Point                                    Incr       Path
  -----------------------------------------------------------
  clock ideal_clock1 (rise edge)           0.00       0.00
  clock network delay (ideal)              0.40       0.40
  DFF_0/q_reg/CLK (DFFX1_RVT)              0.00       0.40 r
  DFF_0/q_reg/Q (DFFX1_RVT)                0.20       0.60 r
  DFF_0/q (dff_0)                          0.00       0.60 r
  U132/Y (INVX1_RVT)                       0.03 *     0.63 f
  U75/Y (AND2X1_RVT)                       0.08 *     0.70 f
  U87/Y (AO22X1_RVT)                       0.07 *     0.77 f
  v13_D_6 (out)                            0.00 *     0.77 f
  data arrival time                                   0.77

  clock ideal_clock1 (rise edge)           0.00       0.00
  clock network delay (ideal)              0.40       0.40
  clock uncertainty                        0.05       0.45
  output external delay                   -2.00      -1.55
  data required time                                 -1.55
  -----------------------------------------------------------
  data required time                                 -1.55
  data arrival time                                  -0.77
  -----------------------------------------------------------
  slack (MET)                                         2.32


1
