 
****************************************
Report : timing
        -path full
        -delay min
        -max_paths 20
Design : s9234
Version: L-2016.03-SP5-1
Date   : Sat Mar  9 15:44:07 2019
****************************************

 * Some/all delay information is back-annotated.

Operating Conditions: ss0p95v25c   Library: saed32rvt_ss0p95v25c

  Startpoint: DFF_143/q_reg
              (rising edge-triggered flip-flop clocked by ideal_clock1)
  Endpoint: DFF_85/q_reg
            (rising edge-triggered flip-flop clocked by ideal_clock1)
  Path Group: ideal_clock1
  Path Type: min

  Point                                    Incr       Path
  -----------------------------------------------------------
  clock ideal_clock1 (rise edge)           0.00       0.00
  clock network delay (ideal)              0.40       0.40
  DFF_143/q_reg/CLK (DFFX1_RVT)            0.00       0.40 r
  DFF_143/q_reg/Q (DFFX1_RVT)              0.19       0.59 f
  DFF_143/q (dff_68)                       0.00       0.59 f
  DFF_85/d (dff_126)                       0.00       0.59 f
  DFF_85/q_reg/D (DFFX1_RVT)               0.00 *     0.59 f
  data arrival time                                   0.59

  clock ideal_clock1 (rise edge)           0.00       0.00
  clock network delay (ideal)              0.40       0.40
  clock uncertainty                        0.05       0.45
  DFF_85/q_reg/CLK (DFFX1_RVT)             0.00       0.45 r
  library hold time                        0.01       0.46
  data required time                                  0.46
  -----------------------------------------------------------
  data required time                                  0.46
  data arrival time                                  -0.59
  -----------------------------------------------------------
  slack (MET)                                         0.13


  Startpoint: DFF_132/q_reg
              (rising edge-triggered flip-flop clocked by ideal_clock1)
  Endpoint: DFF_139/q_reg
            (rising edge-triggered flip-flop clocked by ideal_clock1)
  Path Group: ideal_clock1
  Path Type: min

  Point                                    Incr       Path
  -----------------------------------------------------------
  clock ideal_clock1 (rise edge)           0.00       0.00
  clock network delay (ideal)              0.40       0.40
  DFF_132/q_reg/CLK (DFFX1_RVT)            0.00       0.40 r
  DFF_132/q_reg/Q (DFFX1_RVT)              0.19       0.59 f
  DFF_132/q (dff_79)                       0.00       0.59 f
  DFF_139/d (dff_72)                       0.00       0.59 f
  DFF_139/q_reg/D (DFFX1_RVT)              0.00 *     0.59 f
  data arrival time                                   0.59

  clock ideal_clock1 (rise edge)           0.00       0.00
  clock network delay (ideal)              0.40       0.40
  clock uncertainty                        0.05       0.45
  DFF_139/q_reg/CLK (DFFX1_RVT)            0.00       0.45 r
  library hold time                        0.01       0.46
  data required time                                  0.46
  -----------------------------------------------------------
  data required time                                  0.46
  data arrival time                                  -0.59
  -----------------------------------------------------------
  slack (MET)                                         0.13


  Startpoint: DFF_103/q_reg
              (rising edge-triggered flip-flop clocked by ideal_clock1)
  Endpoint: DFF_148/q_reg
            (rising edge-triggered flip-flop clocked by ideal_clock1)
  Path Group: ideal_clock1
  Path Type: min

  Point                                    Incr       Path
  -----------------------------------------------------------
  clock ideal_clock1 (rise edge)           0.00       0.00
  clock network delay (ideal)              0.40       0.40
  DFF_103/q_reg/CLK (DFFX1_RVT)            0.00       0.40 r
  DFF_103/q_reg/Q (DFFX1_RVT)              0.19       0.59 f
  DFF_103/q (dff_108)                      0.00       0.59 f
  DFF_148/d (dff_63)                       0.00       0.59 f
  DFF_148/q_reg/D (DFFX1_RVT)              0.00 *     0.59 f
  data arrival time                                   0.59

  clock ideal_clock1 (rise edge)           0.00       0.00
  clock network delay (ideal)              0.40       0.40
  clock uncertainty                        0.05       0.45
  DFF_148/q_reg/CLK (DFFX1_RVT)            0.00       0.45 r
  library hold time                        0.01       0.46
  data required time                                  0.46
  -----------------------------------------------------------
  data required time                                  0.46
  data arrival time                                  -0.59
  -----------------------------------------------------------
  slack (MET)                                         0.13


  Startpoint: DFF_85/q_reg
              (rising edge-triggered flip-flop clocked by ideal_clock1)
  Endpoint: DFF_70/q_reg
            (rising edge-triggered flip-flop clocked by ideal_clock1)
  Path Group: ideal_clock1
  Path Type: min

  Point                                    Incr       Path
  -----------------------------------------------------------
  clock ideal_clock1 (rise edge)           0.00       0.00
  clock network delay (ideal)              0.40       0.40
  DFF_85/q_reg/CLK (DFFX1_RVT)             0.00       0.40 r
  DFF_85/q_reg/Q (DFFX1_RVT)               0.19       0.59 f
  DFF_85/q (dff_126)                       0.00       0.59 f
  DFF_70/d (dff_141)                       0.00       0.59 f
  DFF_70/q_reg/D (DFFX1_RVT)               0.00 *     0.59 f
  data arrival time                                   0.59

  clock ideal_clock1 (rise edge)           0.00       0.00
  clock network delay (ideal)              0.40       0.40
  clock uncertainty                        0.05       0.45
  DFF_70/q_reg/CLK (DFFX1_RVT)             0.00       0.45 r
  library hold time                        0.01       0.46
  data required time                                  0.46
  -----------------------------------------------------------
  data required time                                  0.46
  data arrival time                                  -0.59
  -----------------------------------------------------------
  slack (MET)                                         0.14


  Startpoint: DFF_79/q_reg
              (rising edge-triggered flip-flop clocked by ideal_clock1)
  Endpoint: DFF_123/q_reg
            (rising edge-triggered flip-flop clocked by ideal_clock1)
  Path Group: ideal_clock1
  Path Type: min

  Point                                    Incr       Path
  -----------------------------------------------------------
  clock ideal_clock1 (rise edge)           0.00       0.00
  clock network delay (ideal)              0.40       0.40
  DFF_79/q_reg/CLK (DFFX1_RVT)             0.00       0.40 r
  DFF_79/q_reg/Q (DFFX1_RVT)               0.20       0.60 f
  DFF_79/q (dff_132)                       0.00       0.60 f
  DFF_123/d (dff_88)                       0.00       0.60 f
  DFF_123/q_reg/D (DFFX1_RVT)              0.00 *     0.60 f
  data arrival time                                   0.60

  clock ideal_clock1 (rise edge)           0.00       0.00
  clock network delay (ideal)              0.40       0.40
  clock uncertainty                        0.05       0.45
  DFF_123/q_reg/CLK (DFFX1_RVT)            0.00       0.45 r
  library hold time                        0.00       0.45
  data required time                                  0.45
  -----------------------------------------------------------
  data required time                                  0.45
  data arrival time                                  -0.60
  -----------------------------------------------------------
  slack (MET)                                         0.15


  Startpoint: DFF_128/q_reg
              (rising edge-triggered flip-flop clocked by ideal_clock1)
  Endpoint: DFF_41/q_reg
            (rising edge-triggered flip-flop clocked by ideal_clock1)
  Path Group: ideal_clock1
  Path Type: min

  Point                                    Incr       Path
  -----------------------------------------------------------
  clock ideal_clock1 (rise edge)           0.00       0.00
  clock network delay (ideal)              0.40       0.40
  DFF_128/q_reg/CLK (DFFX1_RVT)            0.00       0.40 r
  DFF_128/q_reg/Q (DFFX1_RVT)              0.20       0.60 f
  DFF_128/q (dff_83)                       0.00       0.60 f
  DFF_41/d (dff_170)                       0.00       0.60 f
  DFF_41/q_reg/D (DFFX1_RVT)               0.00 *     0.60 f
  data arrival time                                   0.60

  clock ideal_clock1 (rise edge)           0.00       0.00
  clock network delay (ideal)              0.40       0.40
  clock uncertainty                        0.05       0.45
  DFF_41/q_reg/CLK (DFFX1_RVT)             0.00       0.45 r
  library hold time                        0.00       0.45
  data required time                                  0.45
  -----------------------------------------------------------
  data required time                                  0.45
  data arrival time                                  -0.60
  -----------------------------------------------------------
  slack (MET)                                         0.15


  Startpoint: DFF_128/q_reg
              (rising edge-triggered flip-flop clocked by ideal_clock1)
  Endpoint: DFF_207/q_reg
            (rising edge-triggered flip-flop clocked by ideal_clock1)
  Path Group: ideal_clock1
  Path Type: min

  Point                                    Incr       Path
  -----------------------------------------------------------
  clock ideal_clock1 (rise edge)           0.00       0.00
  clock network delay (ideal)              0.40       0.40
  DFF_128/q_reg/CLK (DFFX1_RVT)            0.00       0.40 r
  DFF_128/q_reg/Q (DFFX1_RVT)              0.20       0.60 f
  DFF_128/q (dff_83)                       0.00       0.60 f
  DFF_207/d (dff_4)                        0.00       0.60 f
  DFF_207/q_reg/D (DFFX1_RVT)              0.00 *     0.60 f
  data arrival time                                   0.60

  clock ideal_clock1 (rise edge)           0.00       0.00
  clock network delay (ideal)              0.40       0.40
  clock uncertainty                        0.05       0.45
  DFF_207/q_reg/CLK (DFFX1_RVT)            0.00       0.45 r
  library hold time                        0.00       0.45
  data required time                                  0.45
  -----------------------------------------------------------
  data required time                                  0.45
  data arrival time                                  -0.60
  -----------------------------------------------------------
  slack (MET)                                         0.15


  Startpoint: DFF_123/q_reg
              (rising edge-triggered flip-flop clocked by ideal_clock1)
  Endpoint: DFF_51/q_reg
            (rising edge-triggered flip-flop clocked by ideal_clock1)
  Path Group: ideal_clock1
  Path Type: min

  Point                                    Incr       Path
  -----------------------------------------------------------
  clock ideal_clock1 (rise edge)           0.00       0.00
  clock network delay (ideal)              0.40       0.40
  DFF_123/q_reg/CLK (DFFX1_RVT)            0.00       0.40 r
  DFF_123/q_reg/Q (DFFX1_RVT)              0.20       0.60 f
  DFF_123/q (dff_88)                       0.00       0.60 f
  DFF_51/d (dff_160)                       0.00       0.60 f
  DFF_51/q_reg/D (DFFX1_RVT)               0.00 *     0.60 f
  data arrival time                                   0.60

  clock ideal_clock1 (rise edge)           0.00       0.00
  clock network delay (ideal)              0.40       0.40
  clock uncertainty                        0.05       0.45
  DFF_51/q_reg/CLK (DFFX1_RVT)             0.00       0.45 r
  library hold time                        0.00       0.45
  data required time                                  0.45
  -----------------------------------------------------------
  data required time                                  0.45
  data arrival time                                  -0.60
  -----------------------------------------------------------
  slack (MET)                                         0.15


  Startpoint: DFF_123/q_reg
              (rising edge-triggered flip-flop clocked by ideal_clock1)
  Endpoint: DFF_35/q_reg
            (rising edge-triggered flip-flop clocked by ideal_clock1)
  Path Group: ideal_clock1
  Path Type: min

  Point                                    Incr       Path
  -----------------------------------------------------------
  clock ideal_clock1 (rise edge)           0.00       0.00
  clock network delay (ideal)              0.40       0.40
  DFF_123/q_reg/CLK (DFFX1_RVT)            0.00       0.40 r
  DFF_123/q_reg/Q (DFFX1_RVT)              0.20       0.60 f
  DFF_123/q (dff_88)                       0.00       0.60 f
  DFF_35/d (dff_176)                       0.00       0.60 f
  DFF_35/q_reg/D (DFFX1_RVT)               0.00 *     0.60 f
  data arrival time                                   0.60

  clock ideal_clock1 (rise edge)           0.00       0.00
  clock network delay (ideal)              0.40       0.40
  clock uncertainty                        0.05       0.45
  DFF_35/q_reg/CLK (DFFX1_RVT)             0.00       0.45 r
  library hold time                        0.00       0.45
  data required time                                  0.45
  -----------------------------------------------------------
  data required time                                  0.45
  data arrival time                                  -0.60
  -----------------------------------------------------------
  slack (MET)                                         0.15


  Startpoint: DFF_98/q_reg
              (rising edge-triggered flip-flop clocked by ideal_clock1)
  Endpoint: DFF_200/q_reg
            (rising edge-triggered flip-flop clocked by ideal_clock1)
  Path Group: ideal_clock1
  Path Type: min

  Point                                    Incr       Path
  -----------------------------------------------------------
  clock ideal_clock1 (rise edge)           0.00       0.00
  clock network delay (ideal)              0.40       0.40
  DFF_98/q_reg/CLK (DFFX1_RVT)             0.00       0.40 r
  DFF_98/q_reg/Q (DFFX1_RVT)               0.21       0.61 f
  DFF_98/q (dff_113)                       0.00       0.61 f
  DFF_200/d (dff_11)                       0.00       0.61 f
  DFF_200/q_reg/D (DFFX1_RVT)              0.00 *     0.61 f
  data arrival time                                   0.61

  clock ideal_clock1 (rise edge)           0.00       0.00
  clock network delay (ideal)              0.40       0.40
  clock uncertainty                        0.05       0.45
  DFF_200/q_reg/CLK (DFFX1_RVT)            0.00       0.45 r
  library hold time                        0.00       0.45
  data required time                                  0.45
  -----------------------------------------------------------
  data required time                                  0.45
  data arrival time                                  -0.61
  -----------------------------------------------------------
  slack (MET)                                         0.16


  Startpoint: DFF_98/q_reg
              (rising edge-triggered flip-flop clocked by ideal_clock1)
  Endpoint: DFF_122/q_reg
            (rising edge-triggered flip-flop clocked by ideal_clock1)
  Path Group: ideal_clock1
  Path Type: min

  Point                                    Incr       Path
  -----------------------------------------------------------
  clock ideal_clock1 (rise edge)           0.00       0.00
  clock network delay (ideal)              0.40       0.40
  DFF_98/q_reg/CLK (DFFX1_RVT)             0.00       0.40 r
  DFF_98/q_reg/Q (DFFX1_RVT)               0.21       0.61 f
  DFF_98/q (dff_113)                       0.00       0.61 f
  DFF_122/d (dff_89)                       0.00       0.61 f
  DFF_122/q_reg/D (DFFX1_RVT)              0.00 *     0.61 f
  data arrival time                                   0.61

  clock ideal_clock1 (rise edge)           0.00       0.00
  clock network delay (ideal)              0.40       0.40
  clock uncertainty                        0.05       0.45
  DFF_122/q_reg/CLK (DFFX1_RVT)            0.00       0.45 r
  library hold time                        0.00       0.45
  data required time                                  0.45
  -----------------------------------------------------------
  data required time                                  0.45
  data arrival time                                  -0.61
  -----------------------------------------------------------
  slack (MET)                                         0.16


  Startpoint: DFF_187/q_reg
              (rising edge-triggered flip-flop clocked by ideal_clock1)
  Endpoint: DFF_128/q_reg
            (rising edge-triggered flip-flop clocked by ideal_clock1)
  Path Group: ideal_clock1
  Path Type: min

  Point                                    Incr       Path
  -----------------------------------------------------------
  clock ideal_clock1 (rise edge)           0.00       0.00
  clock network delay (ideal)              0.40       0.40
  DFF_187/q_reg/CLK (DFFX1_RVT)            0.00       0.40 r
  DFF_187/q_reg/Q (DFFX1_RVT)              0.21       0.61 f
  DFF_187/q (dff_24)                       0.00       0.61 f
  DFF_128/d (dff_83)                       0.00       0.61 f
  DFF_128/q_reg/D (DFFX1_RVT)              0.00 *     0.61 f
  data arrival time                                   0.61

  clock ideal_clock1 (rise edge)           0.00       0.00
  clock network delay (ideal)              0.40       0.40
  clock uncertainty                        0.05       0.45
  DFF_128/q_reg/CLK (DFFX1_RVT)            0.00       0.45 r
  library hold time                        0.00       0.45
  data required time                                  0.45
  -----------------------------------------------------------
  data required time                                  0.45
  data arrival time                                  -0.61
  -----------------------------------------------------------
  slack (MET)                                         0.16


  Startpoint: DFF_167/q_reg
              (rising edge-triggered flip-flop clocked by ideal_clock1)
  Endpoint: DFF_6/q_reg
            (rising edge-triggered flip-flop clocked by ideal_clock1)
  Path Group: ideal_clock1
  Path Type: min

  Point                                    Incr       Path
  -----------------------------------------------------------
  clock ideal_clock1 (rise edge)           0.00       0.00
  clock network delay (ideal)              0.40       0.40
  DFF_167/q_reg/CLK (DFFX1_RVT)            0.00       0.40 r
  DFF_167/q_reg/Q (DFFX1_RVT)              0.21       0.61 f
  DFF_167/q (dff_44)                       0.00       0.61 f
  DFF_6/d (dff_205)                        0.00       0.61 f
  DFF_6/q_reg/D (DFFX1_RVT)                0.00 *     0.61 f
  data arrival time                                   0.61

  clock ideal_clock1 (rise edge)           0.00       0.00
  clock network delay (ideal)              0.40       0.40
  clock uncertainty                        0.05       0.45
  DFF_6/q_reg/CLK (DFFX1_RVT)              0.00       0.45 r
  library hold time                        0.00       0.45
  data required time                                  0.45
  -----------------------------------------------------------
  data required time                                  0.45
  data arrival time                                  -0.61
  -----------------------------------------------------------
  slack (MET)                                         0.16


  Startpoint: DFF_10/q_reg
              (rising edge-triggered flip-flop clocked by ideal_clock1)
  Endpoint: DFF_111/q_reg
            (rising edge-triggered flip-flop clocked by ideal_clock1)
  Path Group: ideal_clock1
  Path Type: min

  Point                                    Incr       Path
  -----------------------------------------------------------
  clock ideal_clock1 (rise edge)           0.00       0.00
  clock network delay (ideal)              0.40       0.40
  DFF_10/q_reg/CLK (DFFX1_RVT)             0.00       0.40 r
  DFF_10/q_reg/Q (DFFX1_RVT)               0.21       0.61 f
  DFF_10/q (dff_201)                       0.00       0.61 f
  DFF_111/d (dff_100)                      0.00       0.61 f
  DFF_111/q_reg/D (DFFX1_RVT)              0.00 *     0.61 f
  data arrival time                                   0.61

  clock ideal_clock1 (rise edge)           0.00       0.00
  clock network delay (ideal)              0.40       0.40
  clock uncertainty                        0.05       0.45
  DFF_111/q_reg/CLK (DFFX1_RVT)            0.00       0.45 r
  library hold time                        0.00       0.45
  data required time                                  0.45
  -----------------------------------------------------------
  data required time                                  0.45
  data arrival time                                  -0.61
  -----------------------------------------------------------
  slack (MET)                                         0.16


  Startpoint: DFF_10/q_reg
              (rising edge-triggered flip-flop clocked by ideal_clock1)
  Endpoint: DFF_108/q_reg
            (rising edge-triggered flip-flop clocked by ideal_clock1)
  Path Group: ideal_clock1
  Path Type: min

  Point                                    Incr       Path
  -----------------------------------------------------------
  clock ideal_clock1 (rise edge)           0.00       0.00
  clock network delay (ideal)              0.40       0.40
  DFF_10/q_reg/CLK (DFFX1_RVT)             0.00       0.40 r
  DFF_10/q_reg/Q (DFFX1_RVT)               0.21       0.61 f
  DFF_10/q (dff_201)                       0.00       0.61 f
  DFF_108/d (dff_103)                      0.00       0.61 f
  DFF_108/q_reg/D (DFFX1_RVT)              0.00 *     0.61 f
  data arrival time                                   0.61

  clock ideal_clock1 (rise edge)           0.00       0.00
  clock network delay (ideal)              0.40       0.40
  clock uncertainty                        0.05       0.45
  DFF_108/q_reg/CLK (DFFX1_RVT)            0.00       0.45 r
  library hold time                        0.00       0.45
  data required time                                  0.45
  -----------------------------------------------------------
  data required time                                  0.45
  data arrival time                                  -0.61
  -----------------------------------------------------------
  slack (MET)                                         0.16


  Startpoint: DFF_117/q_reg
              (rising edge-triggered flip-flop clocked by ideal_clock1)
  Endpoint: DFF_0/q_reg
            (rising edge-triggered flip-flop clocked by ideal_clock1)
  Path Group: ideal_clock1
  Path Type: min

  Point                                    Incr       Path
  -----------------------------------------------------------
  clock ideal_clock1 (rise edge)           0.00       0.00
  clock network delay (ideal)              0.40       0.40
  DFF_117/q_reg/CLK (DFFX1_RVT)            0.00       0.40 r
  DFF_117/q_reg/Q (DFFX1_RVT)              0.21       0.61 f
  DFF_117/q (dff_94)                       0.00       0.61 f
  DFF_0/d (dff_0)                          0.00       0.61 f
  DFF_0/q_reg/D (DFFX1_RVT)                0.00 *     0.61 f
  data arrival time                                   0.61

  clock ideal_clock1 (rise edge)           0.00       0.00
  clock network delay (ideal)              0.40       0.40
  clock uncertainty                        0.05       0.45
  DFF_0/q_reg/CLK (DFFX1_RVT)              0.00       0.45 r
  library hold time                        0.00       0.45
  data required time                                  0.45
  -----------------------------------------------------------
  data required time                                  0.45
  data arrival time                                  -0.61
  -----------------------------------------------------------
  slack (MET)                                         0.16


  Startpoint: DFF_117/q_reg
              (rising edge-triggered flip-flop clocked by ideal_clock1)
  Endpoint: DFF_208/q_reg
            (rising edge-triggered flip-flop clocked by ideal_clock1)
  Path Group: ideal_clock1
  Path Type: min

  Point                                    Incr       Path
  -----------------------------------------------------------
  clock ideal_clock1 (rise edge)           0.00       0.00
  clock network delay (ideal)              0.40       0.40
  DFF_117/q_reg/CLK (DFFX1_RVT)            0.00       0.40 r
  DFF_117/q_reg/Q (DFFX1_RVT)              0.21       0.61 f
  DFF_117/q (dff_94)                       0.00       0.61 f
  DFF_208/d (dff_3)                        0.00       0.61 f
  DFF_208/q_reg/D (DFFX1_RVT)              0.00 *     0.61 f
  data arrival time                                   0.61

  clock ideal_clock1 (rise edge)           0.00       0.00
  clock network delay (ideal)              0.40       0.40
  clock uncertainty                        0.05       0.45
  DFF_208/q_reg/CLK (DFFX1_RVT)            0.00       0.45 r
  library hold time                        0.00       0.45
  data required time                                  0.45
  -----------------------------------------------------------
  data required time                                  0.45
  data arrival time                                  -0.61
  -----------------------------------------------------------
  slack (MET)                                         0.16


  Startpoint: DFF_44/q_reg
              (rising edge-triggered flip-flop clocked by ideal_clock1)
  Endpoint: DFF_209/q_reg
            (rising edge-triggered flip-flop clocked by ideal_clock1)
  Path Group: ideal_clock1
  Path Type: min

  Point                                    Incr       Path
  -----------------------------------------------------------
  clock ideal_clock1 (rise edge)           0.00       0.00
  clock network delay (ideal)              0.40       0.40
  DFF_44/q_reg/CLK (DFFX1_RVT)             0.00       0.40 r
  DFF_44/q_reg/Q (DFFX1_RVT)               0.21       0.61 f
  DFF_44/q (dff_167)                       0.00       0.61 f
  DFF_209/d (dff_2)                        0.00       0.61 f
  DFF_209/q_reg/D (DFFX1_RVT)              0.00 *     0.61 f
  data arrival time                                   0.61

  clock ideal_clock1 (rise edge)           0.00       0.00
  clock network delay (ideal)              0.40       0.40
  clock uncertainty                        0.05       0.45
  DFF_209/q_reg/CLK (DFFX1_RVT)            0.00       0.45 r
  library hold time                        0.00       0.45
  data required time                                  0.45
  -----------------------------------------------------------
  data required time                                  0.45
  data arrival time                                  -0.61
  -----------------------------------------------------------
  slack (MET)                                         0.16


  Startpoint: DFF_127/q_reg
              (rising edge-triggered flip-flop clocked by ideal_clock1)
  Endpoint: DFF_129/q_reg
            (rising edge-triggered flip-flop clocked by ideal_clock1)
  Path Group: ideal_clock1
  Path Type: min

  Point                                    Incr       Path
  -----------------------------------------------------------
  clock ideal_clock1 (rise edge)           0.00       0.00
  clock network delay (ideal)              0.40       0.40
  DFF_127/q_reg/CLK (DFFX1_RVT)            0.00       0.40 r
  DFF_127/q_reg/Q (DFFX1_RVT)              0.21       0.61 f
  DFF_127/q (dff_84)                       0.00       0.61 f
  DFF_129/d (dff_82)                       0.00       0.61 f
  DFF_129/q_reg/D (DFFX1_RVT)              0.00 *     0.61 f
  data arrival time                                   0.61

  clock ideal_clock1 (rise edge)           0.00       0.00
  clock network delay (ideal)              0.40       0.40
  clock uncertainty                        0.05       0.45
  DFF_129/q_reg/CLK (DFFX1_RVT)            0.00       0.45 r
  library hold time                        0.00       0.45
  data required time                                  0.45
  -----------------------------------------------------------
  data required time                                  0.45
  data arrival time                                  -0.61
  -----------------------------------------------------------
  slack (MET)                                         0.16


  Startpoint: DFF_127/q_reg
              (rising edge-triggered flip-flop clocked by ideal_clock1)
  Endpoint: DFF_66/q_reg
            (rising edge-triggered flip-flop clocked by ideal_clock1)
  Path Group: ideal_clock1
  Path Type: min

  Point                                    Incr       Path
  -----------------------------------------------------------
  clock ideal_clock1 (rise edge)           0.00       0.00
  clock network delay (ideal)              0.40       0.40
  DFF_127/q_reg/CLK (DFFX1_RVT)            0.00       0.40 r
  DFF_127/q_reg/Q (DFFX1_RVT)              0.21       0.61 f
  DFF_127/q (dff_84)                       0.00       0.61 f
  DFF_66/d (dff_145)                       0.00       0.61 f
  DFF_66/q_reg/D (DFFX1_RVT)               0.00 *     0.61 f
  data arrival time                                   0.61

  clock ideal_clock1 (rise edge)           0.00       0.00
  clock network delay (ideal)              0.40       0.40
  clock uncertainty                        0.05       0.45
  DFF_66/q_reg/CLK (DFFX1_RVT)             0.00       0.45 r
  library hold time                        0.00       0.45
  data required time                                  0.45
  -----------------------------------------------------------
  data required time                                  0.45
  data arrival time                                  -0.61
  -----------------------------------------------------------
  slack (MET)                                         0.16


1
