 
****************************************
Report : area
Design : fpu
Version: L-2016.03-SP5-1
Date   : Mon May 13 15:56:52 2019
****************************************

Library(s) Used:

    saed32rvt_ss0p95v25c (File: /mnt/class_data/ecec574-w2019/PDKs/SAED32nm_new/SAED32_EDK/lib/stdcell_rvt/db_ccs/saed32rvt_ss0p95v25c.db)

Number of ports:                          292
Number of nets:                          2087
Number of cells:                          102
Number of combinational cells:             93
Number of sequential cells:                 0
Number of macros/black boxes:               0
Number of buf/inv:                         93
Number of references:                      16

Combinational area:              72746.686889
Buf/Inv area:                     4225.906495
Noncombinational area:           49409.406053
Macro/Black Box area:                0.000000
Net Interconnect area:           71929.290480

Total cell area:                122156.092942
Total area:                     194085.383422
1
