 
****************************************
Report : timing
        -path full
        -delay max
        -max_paths 50
Design : s1238
Version: L-2016.03-SP5-1
Date   : Sat Mar  9 15:11:29 2019
****************************************

 * Some/all delay information is back-annotated.

Operating Conditions: ss0p95v25c   Library: saed32rvt_ss0p95v25c
	Parasitic source    : LPE
	Parasitic mode      : RealRC
	Extraction mode     : MIN_MAX
	Extraction derating : 125/125/125

Information: Percent of Arnoldi-based delays = 14.68%

  Startpoint: G4 (input port clocked by ideal_clock1)
  Endpoint: G532 (output port clocked by ideal_clock1)
  Path Group: ideal_clock1
  Path Type: max

  Point                                    Incr       Path
  -----------------------------------------------------------
  clock ideal_clock1 (rise edge)           0.00       0.00
  clock network delay (ideal)              0.40       0.40
  input external delay                     2.00       2.40 r
  G4 (in)                                  0.00 @     2.40 r
  U480/Y (NAND2X0_RVT)                     0.14 @     2.54 f
  U391/Y (INVX0_RVT)                       0.15 &     2.69 r
  U601/Y (NAND2X0_RVT)                     0.11 &     2.80 f
  U551/Y (INVX0_RVT)                       0.08 &     2.88 r
  U600/Y (AOI22X1_RVT)                     0.13 &     3.01 f
  U611/Y (OA22X1_RVT)                      0.08 &     3.09 f
  U612/Y (OAI222X1_RVT)                    0.15 &     3.24 r
  U369/Y (NAND3X0_RVT)                     0.07 &     3.31 f
  U590/Y (NAND2X0_RVT)                     0.08 &     3.39 r
  U615/Y (AND2X1_RVT)                      0.07 &     3.47 r
  U614/Y (AO21X1_RVT)                      0.06 &     3.52 r
  U392/Y (AND2X1_RVT)                      0.07 &     3.59 r
  U613/Y (NAND2X0_RVT)                     0.08 &     3.67 f
  U652/Y (OA222X1_RVT)                     0.16 &     3.83 f
  U629/Y (NAND4X0_RVT)                     0.07 &     3.90 r
  G532 (out)                               0.00 &     3.90 r
  data arrival time                                   3.90

  clock ideal_clock1 (rise edge)           6.50       6.50
  clock network delay (ideal)              0.40       6.90
  clock uncertainty                       -0.05       6.85
  output external delay                   -2.00       4.85
  data required time                                  4.85
  -----------------------------------------------------------
  data required time                                  4.85
  data arrival time                                  -3.90
  -----------------------------------------------------------
  slack (MET)                                         0.95


  Startpoint: G4 (input port clocked by ideal_clock1)
  Endpoint: G537 (output port clocked by ideal_clock1)
  Path Group: ideal_clock1
  Path Type: max

  Point                                    Incr       Path
  -----------------------------------------------------------
  clock ideal_clock1 (rise edge)           0.00       0.00
  clock network delay (ideal)              0.40       0.40
  input external delay                     2.00       2.40 r
  G4 (in)                                  0.00 @     2.40 r
  U480/Y (NAND2X0_RVT)                     0.14 @     2.54 f
  U391/Y (INVX0_RVT)                       0.15 &     2.69 r
  U601/Y (NAND2X0_RVT)                     0.11 &     2.80 f
  U551/Y (INVX0_RVT)                       0.08 &     2.88 r
  U600/Y (AOI22X1_RVT)                     0.13 &     3.01 f
  U611/Y (OA22X1_RVT)                      0.08 &     3.09 f
  U612/Y (OAI222X1_RVT)                    0.15 &     3.24 r
  U369/Y (NAND3X0_RVT)                     0.07 &     3.31 f
  U590/Y (NAND2X0_RVT)                     0.08 &     3.39 r
  U615/Y (AND2X1_RVT)                      0.07 &     3.47 r
  U614/Y (AO21X1_RVT)                      0.06 &     3.52 r
  U392/Y (AND2X1_RVT)                      0.07 &     3.59 r
  U613/Y (NAND2X0_RVT)                     0.08 &     3.67 f
  U619/Y (OA222X1_RVT)                     0.15 &     3.82 f
  U618/Y (NAND3X0_RVT)                     0.07 &     3.89 r
  G537 (out)                               0.00 &     3.89 r
  data arrival time                                   3.89

  clock ideal_clock1 (rise edge)           6.50       6.50
  clock network delay (ideal)              0.40       6.90
  clock uncertainty                       -0.05       6.85
  output external delay                   -2.00       4.85
  data required time                                  4.85
  -----------------------------------------------------------
  data required time                                  4.85
  data arrival time                                  -3.89
  -----------------------------------------------------------
  slack (MET)                                         0.96


  Startpoint: G4 (input port clocked by ideal_clock1)
  Endpoint: G535 (output port clocked by ideal_clock1)
  Path Group: ideal_clock1
  Path Type: max

  Point                                    Incr       Path
  -----------------------------------------------------------
  clock ideal_clock1 (rise edge)           0.00       0.00
  clock network delay (ideal)              0.40       0.40
  input external delay                     2.00       2.40 r
  G4 (in)                                  0.00 @     2.40 r
  U480/Y (NAND2X0_RVT)                     0.14 @     2.54 f
  U391/Y (INVX0_RVT)                       0.15 &     2.69 r
  U601/Y (NAND2X0_RVT)                     0.11 &     2.80 f
  U551/Y (INVX0_RVT)                       0.08 &     2.88 r
  U600/Y (AOI22X1_RVT)                     0.13 &     3.01 f
  U611/Y (OA22X1_RVT)                      0.08 &     3.09 f
  U612/Y (OAI222X1_RVT)                    0.15 &     3.24 r
  U369/Y (NAND3X0_RVT)                     0.07 &     3.31 f
  U590/Y (NAND2X0_RVT)                     0.08 &     3.39 r
  U615/Y (AND2X1_RVT)                      0.07 &     3.47 r
  U614/Y (AO21X1_RVT)                      0.06 &     3.52 r
  U392/Y (AND2X1_RVT)                      0.07 &     3.59 r
  U613/Y (NAND2X0_RVT)                     0.08 &     3.67 f
  U299/Y (OA22X1_RVT)                      0.11 &     3.78 f
  U559/Y (NAND2X0_RVT)                     0.07 &     3.84 r
  G535 (out)                               0.00 &     3.84 r
  data arrival time                                   3.84

  clock ideal_clock1 (rise edge)           6.50       6.50
  clock network delay (ideal)              0.40       6.90
  clock uncertainty                       -0.05       6.85
  output external delay                   -2.00       4.85
  data required time                                  4.85
  -----------------------------------------------------------
  data required time                                  4.85
  data arrival time                                  -3.84
  -----------------------------------------------------------
  slack (MET)                                         1.01


  Startpoint: G6 (input port clocked by ideal_clock1)
  Endpoint: G549 (output port clocked by ideal_clock1)
  Path Group: ideal_clock1
  Path Type: max

  Point                                    Incr       Path
  -----------------------------------------------------------
  clock ideal_clock1 (rise edge)           0.00       0.00
  clock network delay (ideal)              0.40       0.40
  input external delay                     2.00       2.40 f
  G6 (in)                                  0.00 @     2.40 f
  U329/Y (INVX1_RVT)                       0.10 @     2.50 r
  U526/Y (NAND3X0_RVT)                     0.13 &     2.63 f
  U541/Y (AND4X1_RVT)                      0.15 &     2.78 f
  U646/Y (AOI221X1_RVT)                    0.09 &     2.87 r
  U647/Y (OA221X1_RVT)                     0.11 &     2.98 r
  U664/Y (NAND3X0_RVT)                     0.09 &     3.07 f
  U663/Y (INVX0_RVT)                       0.07 &     3.14 r
  U665/Y (NAND3X0_RVT)                     0.18 &     3.32 f
  U407/Y (INVX1_RVT)                       0.14 &     3.46 r
  U334/Y (AND3X1_RVT)                      0.09 &     3.56 r
  U377/Y (NOR2X0_RVT)                      0.08 &     3.64 f
  U376/Y (NAND2X0_RVT)                     0.06 &     3.69 r
  G549 (out)                               0.00 &     3.69 r
  data arrival time                                   3.69

  clock ideal_clock1 (rise edge)           6.50       6.50
  clock network delay (ideal)              0.40       6.90
  clock uncertainty                       -0.05       6.85
  output external delay                   -2.00       4.85
  data required time                                  4.85
  -----------------------------------------------------------
  data required time                                  4.85
  data arrival time                                  -3.69
  -----------------------------------------------------------
  slack (MET)                                         1.16


  Startpoint: G6 (input port clocked by ideal_clock1)
  Endpoint: G547 (output port clocked by ideal_clock1)
  Path Group: ideal_clock1
  Path Type: max

  Point                                    Incr       Path
  -----------------------------------------------------------
  clock ideal_clock1 (rise edge)           0.00       0.00
  clock network delay (ideal)              0.40       0.40
  input external delay                     2.00       2.40 f
  G6 (in)                                  0.00 @     2.40 f
  U329/Y (INVX1_RVT)                       0.10 @     2.50 r
  U526/Y (NAND3X0_RVT)                     0.13 &     2.63 f
  U541/Y (AND4X1_RVT)                      0.15 &     2.78 f
  U646/Y (AOI221X1_RVT)                    0.09 &     2.87 r
  U647/Y (OA221X1_RVT)                     0.11 &     2.98 r
  U664/Y (NAND3X0_RVT)                     0.09 &     3.07 f
  U663/Y (INVX0_RVT)                       0.07 &     3.14 r
  U665/Y (NAND3X0_RVT)                     0.18 &     3.32 f
  U407/Y (INVX1_RVT)                       0.14 &     3.46 r
  U659/Y (NAND2X0_RVT)                     0.07 &     3.53 f
  U448/Y (OAI22X1_RVT)                     0.11 &     3.64 r
  G547 (out)                               0.00 &     3.64 r
  data arrival time                                   3.64

  clock ideal_clock1 (rise edge)           6.50       6.50
  clock network delay (ideal)              0.40       6.90
  clock uncertainty                       -0.05       6.85
  output external delay                   -2.00       4.85
  data required time                                  4.85
  -----------------------------------------------------------
  data required time                                  4.85
  data arrival time                                  -3.64
  -----------------------------------------------------------
  slack (MET)                                         1.21


  Startpoint: G6 (input port clocked by ideal_clock1)
  Endpoint: G542 (output port clocked by ideal_clock1)
  Path Group: ideal_clock1
  Path Type: max

  Point                                    Incr       Path
  -----------------------------------------------------------
  clock ideal_clock1 (rise edge)           0.00       0.00
  clock network delay (ideal)              0.40       0.40
  input external delay                     2.00       2.40 f
  G6 (in)                                  0.00 @     2.40 f
  U329/Y (INVX1_RVT)                       0.10 @     2.50 r
  U526/Y (NAND3X0_RVT)                     0.13 &     2.63 f
  U541/Y (AND4X1_RVT)                      0.15 &     2.78 f
  U646/Y (AOI221X1_RVT)                    0.09 &     2.87 r
  U647/Y (OA221X1_RVT)                     0.11 &     2.98 r
  U664/Y (NAND3X0_RVT)                     0.09 &     3.07 f
  U663/Y (INVX0_RVT)                       0.07 &     3.14 r
  U665/Y (NAND3X0_RVT)                     0.18 &     3.32 f
  U407/Y (INVX1_RVT)                       0.14 &     3.46 r
  U404/Y (AND3X1_RVT)                      0.09 &     3.55 r
  U477/Y (OR3X1_RVT)                       0.08 &     3.63 r
  G542 (out)                               0.00 &     3.63 r
  data arrival time                                   3.63

  clock ideal_clock1 (rise edge)           6.50       6.50
  clock network delay (ideal)              0.40       6.90
  clock uncertainty                       -0.05       6.85
  output external delay                   -2.00       4.85
  data required time                                  4.85
  -----------------------------------------------------------
  data required time                                  4.85
  data arrival time                                  -3.63
  -----------------------------------------------------------
  slack (MET)                                         1.22


  Startpoint: G6 (input port clocked by ideal_clock1)
  Endpoint: G530 (output port clocked by ideal_clock1)
  Path Group: ideal_clock1
  Path Type: max

  Point                                    Incr       Path
  -----------------------------------------------------------
  clock ideal_clock1 (rise edge)           0.00       0.00
  clock network delay (ideal)              0.40       0.40
  input external delay                     2.00       2.40 f
  G6 (in)                                  0.00 @     2.40 f
  U329/Y (INVX1_RVT)                       0.10 @     2.50 r
  U526/Y (NAND3X0_RVT)                     0.13 &     2.63 f
  U541/Y (AND4X1_RVT)                      0.15 &     2.78 f
  U646/Y (AOI221X1_RVT)                    0.09 &     2.87 r
  U647/Y (OA221X1_RVT)                     0.11 &     2.98 r
  U664/Y (NAND3X0_RVT)                     0.09 &     3.07 f
  U663/Y (INVX0_RVT)                       0.07 &     3.14 r
  U665/Y (NAND3X0_RVT)                     0.18 &     3.32 f
  U407/Y (INVX1_RVT)                       0.14 &     3.46 r
  U343/Y (AND2X1_RVT)                      0.09 &     3.55 r
  U443/Y (AO22X1_RVT)                      0.08 &     3.63 r
  G530 (out)                               0.00 &     3.63 r
  data arrival time                                   3.63

  clock ideal_clock1 (rise edge)           6.50       6.50
  clock network delay (ideal)              0.40       6.90
  clock uncertainty                       -0.05       6.85
  output external delay                   -2.00       4.85
  data required time                                  4.85
  -----------------------------------------------------------
  data required time                                  4.85
  data arrival time                                  -3.63
  -----------------------------------------------------------
  slack (MET)                                         1.22


  Startpoint: G6 (input port clocked by ideal_clock1)
  Endpoint: G551 (output port clocked by ideal_clock1)
  Path Group: ideal_clock1
  Path Type: max

  Point                                    Incr       Path
  -----------------------------------------------------------
  clock ideal_clock1 (rise edge)           0.00       0.00
  clock network delay (ideal)              0.40       0.40
  input external delay                     2.00       2.40 f
  G6 (in)                                  0.00 @     2.40 f
  U329/Y (INVX1_RVT)                       0.10 @     2.50 r
  U526/Y (NAND3X0_RVT)                     0.13 &     2.63 f
  U541/Y (AND4X1_RVT)                      0.15 &     2.78 f
  U646/Y (AOI221X1_RVT)                    0.09 &     2.87 r
  U647/Y (OA221X1_RVT)                     0.11 &     2.98 r
  U664/Y (NAND3X0_RVT)                     0.09 &     3.07 f
  U663/Y (INVX0_RVT)                       0.07 &     3.14 r
  U501/Y (AND3X1_RVT)                      0.11 &     3.26 r
  U662/Y (NAND2X0_RVT)                     0.10 &     3.36 f
  U654/Y (OR3X2_RVT)                       0.10 &     3.45 f
  U649/Y (NAND3X0_RVT)                     0.04 &     3.49 r
  U648/Y (AO221X1_RVT)                     0.11 &     3.60 r
  G551 (out)                               0.00 &     3.60 r
  data arrival time                                   3.60

  clock ideal_clock1 (rise edge)           6.50       6.50
  clock network delay (ideal)              0.40       6.90
  clock uncertainty                       -0.05       6.85
  output external delay                   -2.00       4.85
  data required time                                  4.85
  -----------------------------------------------------------
  data required time                                  4.85
  data arrival time                                  -3.60
  -----------------------------------------------------------
  slack (MET)                                         1.25


  Startpoint: G4 (input port clocked by ideal_clock1)
  Endpoint: G539 (output port clocked by ideal_clock1)
  Path Group: ideal_clock1
  Path Type: max

  Point                                    Incr       Path
  -----------------------------------------------------------
  clock ideal_clock1 (rise edge)           0.00       0.00
  clock network delay (ideal)              0.40       0.40
  input external delay                     2.00       2.40 r
  G4 (in)                                  0.00 @     2.40 r
  U480/Y (NAND2X0_RVT)                     0.14 @     2.54 f
  U391/Y (INVX0_RVT)                       0.15 &     2.69 r
  U601/Y (NAND2X0_RVT)                     0.11 &     2.80 f
  U551/Y (INVX0_RVT)                       0.08 &     2.88 r
  U600/Y (AOI22X1_RVT)                     0.13 &     3.01 f
  U611/Y (OA22X1_RVT)                      0.08 &     3.09 f
  U612/Y (OAI222X1_RVT)                    0.15 &     3.24 r
  U369/Y (NAND3X0_RVT)                     0.07 &     3.31 f
  U589/Y (NAND2X0_RVT)                     0.10 &     3.41 r
  U617/Y (OAI222X1_RVT)                    0.17 &     3.57 f
  G539 (out)                               0.00 &     3.57 f
  data arrival time                                   3.57

  clock ideal_clock1 (rise edge)           6.50       6.50
  clock network delay (ideal)              0.40       6.90
  clock uncertainty                       -0.05       6.85
  output external delay                   -2.00       4.85
  data required time                                  4.85
  -----------------------------------------------------------
  data required time                                  4.85
  data arrival time                                  -3.57
  -----------------------------------------------------------
  slack (MET)                                         1.28


  Startpoint: G6 (input port clocked by ideal_clock1)
  Endpoint: G550 (output port clocked by ideal_clock1)
  Path Group: ideal_clock1
  Path Type: max

  Point                                    Incr       Path
  -----------------------------------------------------------
  clock ideal_clock1 (rise edge)           0.00       0.00
  clock network delay (ideal)              0.40       0.40
  input external delay                     2.00       2.40 f
  G6 (in)                                  0.00 @     2.40 f
  U329/Y (INVX1_RVT)                       0.10 @     2.50 r
  U526/Y (NAND3X0_RVT)                     0.13 &     2.63 f
  U541/Y (AND4X1_RVT)                      0.15 &     2.78 f
  U646/Y (AOI221X1_RVT)                    0.09 &     2.87 r
  U647/Y (OA221X1_RVT)                     0.11 &     2.98 r
  U664/Y (NAND3X0_RVT)                     0.09 &     3.07 f
  U663/Y (INVX0_RVT)                       0.07 &     3.14 r
  U501/Y (AND3X1_RVT)                      0.11 &     3.26 r
  U662/Y (NAND2X0_RVT)                     0.10 &     3.36 f
  U339/Y (OA22X1_RVT)                      0.11 &     3.46 f
  U630/Y (NAND4X0_RVT)                     0.09 &     3.55 r
  G550 (out)                               0.00 &     3.55 r
  data arrival time                                   3.55

  clock ideal_clock1 (rise edge)           6.50       6.50
  clock network delay (ideal)              0.40       6.90
  clock uncertainty                       -0.05       6.85
  output external delay                   -2.00       4.85
  data required time                                  4.85
  -----------------------------------------------------------
  data required time                                  4.85
  data arrival time                                  -3.55
  -----------------------------------------------------------
  slack (MET)                                         1.30


  Startpoint: G6 (input port clocked by ideal_clock1)
  Endpoint: G552 (output port clocked by ideal_clock1)
  Path Group: ideal_clock1
  Path Type: max

  Point                                    Incr       Path
  -----------------------------------------------------------
  clock ideal_clock1 (rise edge)           0.00       0.00
  clock network delay (ideal)              0.40       0.40
  input external delay                     2.00       2.40 f
  G6 (in)                                  0.00 @     2.40 f
  U329/Y (INVX1_RVT)                       0.10 @     2.50 r
  U526/Y (NAND3X0_RVT)                     0.13 &     2.63 f
  U541/Y (AND4X1_RVT)                      0.15 &     2.78 f
  U646/Y (AOI221X1_RVT)                    0.09 &     2.87 r
  U647/Y (OA221X1_RVT)                     0.11 &     2.98 r
  U664/Y (NAND3X0_RVT)                     0.09 &     3.07 f
  U663/Y (INVX0_RVT)                       0.07 &     3.14 r
  U665/Y (NAND3X0_RVT)                     0.18 &     3.32 f
  U658/Y (OAI222X1_RVT)                    0.20 &     3.53 r
  G552 (out)                               0.00 &     3.53 r
  data arrival time                                   3.53

  clock ideal_clock1 (rise edge)           6.50       6.50
  clock network delay (ideal)              0.40       6.90
  clock uncertainty                       -0.05       6.85
  output external delay                   -2.00       4.85
  data required time                                  4.85
  -----------------------------------------------------------
  data required time                                  4.85
  data arrival time                                  -3.53
  -----------------------------------------------------------
  slack (MET)                                         1.32


  Startpoint: G6 (input port clocked by ideal_clock1)
  Endpoint: G548 (output port clocked by ideal_clock1)
  Path Group: ideal_clock1
  Path Type: max

  Point                                    Incr       Path
  -----------------------------------------------------------
  clock ideal_clock1 (rise edge)           0.00       0.00
  clock network delay (ideal)              0.40       0.40
  input external delay                     2.00       2.40 f
  G6 (in)                                  0.00 @     2.40 f
  U329/Y (INVX1_RVT)                       0.10 @     2.50 r
  U526/Y (NAND3X0_RVT)                     0.13 &     2.63 f
  U541/Y (AND4X1_RVT)                      0.15 &     2.78 f
  U646/Y (AOI221X1_RVT)                    0.09 &     2.87 r
  U647/Y (OA221X1_RVT)                     0.11 &     2.98 r
  U664/Y (NAND3X0_RVT)                     0.09 &     3.07 f
  U663/Y (INVX0_RVT)                       0.07 &     3.14 r
  U665/Y (NAND3X0_RVT)                     0.18 &     3.32 f
  U657/Y (OAI22X1_RVT)                     0.18 &     3.51 r
  G548 (out)                               0.00 &     3.51 r
  data arrival time                                   3.51

  clock ideal_clock1 (rise edge)           6.50       6.50
  clock network delay (ideal)              0.40       6.90
  clock uncertainty                       -0.05       6.85
  output external delay                   -2.00       4.85
  data required time                                  4.85
  -----------------------------------------------------------
  data required time                                  4.85
  data arrival time                                  -3.51
  -----------------------------------------------------------
  slack (MET)                                         1.34


  Startpoint: G4 (input port clocked by ideal_clock1)
  Endpoint: DFF_16/q_reg
            (rising edge-triggered flip-flop clocked by ideal_clock1)
  Path Group: ideal_clock1
  Path Type: max

  Point                                    Incr       Path
  -----------------------------------------------------------
  clock ideal_clock1 (rise edge)           0.00       0.00
  clock network delay (ideal)              0.40       0.40
  input external delay                     2.00       2.40 r
  G4 (in)                                  0.00 @     2.40 r
  U480/Y (NAND2X0_RVT)                     0.14 @     2.54 f
  U391/Y (INVX0_RVT)                       0.15 &     2.69 r
  U601/Y (NAND2X0_RVT)                     0.11 &     2.80 f
  U551/Y (INVX0_RVT)                       0.08 &     2.88 r
  U562/Y (NAND2X0_RVT)                     0.08 &     2.96 f
  U561/Y (INVX0_RVT)                       0.08 &     3.04 r
  U330/Y (NAND3X0_RVT)                     0.08 &     3.12 f
  U558/Y (NAND2X0_RVT)                     0.07 &     3.19 r
  U385/Y (NAND2X0_RVT)                     0.06 &     3.25 f
  U387/Y (NAND3X0_RVT)                     0.06 &     3.30 r
  U557/Y (NAND3X0_RVT)                     0.10 &     3.41 f
  U399/Y (INVX0_RVT)                       0.08 &     3.49 r
  U624/Y (AO221X1_RVT)                     0.10 &     3.59 r
  DFF_16/d (dff_2)                         0.00       3.59 r
  DFF_16/q_reg/D (DFFX1_RVT)               0.00 &     3.59 r
  data arrival time                                   3.59

  clock ideal_clock1 (rise edge)           6.50       6.50
  clock network delay (propagated)         0.00       6.50
  clock uncertainty                       -0.05       6.45
  DFF_16/q_reg/CLK (DFFX1_RVT)             0.00       6.45 r
  library setup time                      -0.07       6.39
  data required time                                  6.39
  -----------------------------------------------------------
  data required time                                  6.39
  data arrival time                                  -3.59
  -----------------------------------------------------------
  slack (MET)                                         2.80


  Startpoint: G6 (input port clocked by ideal_clock1)
  Endpoint: DFF_12/q_reg
            (rising edge-triggered flip-flop clocked by ideal_clock1)
  Path Group: ideal_clock1
  Path Type: max

  Point                                    Incr       Path
  -----------------------------------------------------------
  clock ideal_clock1 (rise edge)           0.00       0.00
  clock network delay (ideal)              0.40       0.40
  input external delay                     2.00       2.40 f
  G6 (in)                                  0.00 @     2.40 f
  U329/Y (INVX1_RVT)                       0.10 @     2.50 r
  U526/Y (NAND3X0_RVT)                     0.13 &     2.63 f
  U541/Y (AND4X1_RVT)                      0.15 &     2.78 f
  U646/Y (AOI221X1_RVT)                    0.09 &     2.87 r
  U647/Y (OA221X1_RVT)                     0.11 &     2.98 r
  U664/Y (NAND3X0_RVT)                     0.09 &     3.07 f
  U663/Y (INVX0_RVT)                       0.07 &     3.14 r
  U665/Y (NAND3X0_RVT)                     0.18 &     3.32 f
  U350/Y (AO21X1_RVT)                      0.12 &     3.44 f
  U586/Y (OA221X1_RVT)                     0.12 &     3.56 f
  DFF_12/d (dff_6)                         0.00       3.56 f
  DFF_12/q_reg/D (DFFX1_RVT)               0.00 &     3.56 f
  data arrival time                                   3.56

  clock ideal_clock1 (rise edge)           6.50       6.50
  clock network delay (propagated)         0.00       6.50
  clock uncertainty                       -0.05       6.45
  DFF_12/q_reg/CLK (DFFX1_RVT)             0.00       6.45 r
  library setup time                      -0.06       6.39
  data required time                                  6.39
  -----------------------------------------------------------
  data required time                                  6.39
  data arrival time                                  -3.56
  -----------------------------------------------------------
  slack (MET)                                         2.83


  Startpoint: G6 (input port clocked by ideal_clock1)
  Endpoint: DFF_4/q_reg
            (rising edge-triggered flip-flop clocked by ideal_clock1)
  Path Group: ideal_clock1
  Path Type: max

  Point                                    Incr       Path
  -----------------------------------------------------------
  clock ideal_clock1 (rise edge)           0.00       0.00
  clock network delay (ideal)              0.40       0.40
  input external delay                     2.00       2.40 f
  G6 (in)                                  0.00 @     2.40 f
  U329/Y (INVX1_RVT)                       0.10 @     2.50 r
  U526/Y (NAND3X0_RVT)                     0.13 &     2.63 f
  U541/Y (AND4X1_RVT)                      0.15 &     2.78 f
  U646/Y (AOI221X1_RVT)                    0.09 &     2.87 r
  U647/Y (OA221X1_RVT)                     0.11 &     2.98 r
  U664/Y (NAND3X0_RVT)                     0.09 &     3.07 f
  U663/Y (INVX0_RVT)                       0.07 &     3.14 r
  U345/Y (NAND3X0_RVT)                     0.06 &     3.21 f
  U495/Y (OA21X1_RVT)                      0.10 &     3.31 f
  DFF_4/d (dff_14)                         0.00       3.31 f
  DFF_4/q_reg/D (DFFX1_RVT)                0.00 &     3.31 f
  data arrival time                                   3.31

  clock ideal_clock1 (rise edge)           6.50       6.50
  clock network delay (propagated)         0.00       6.50
  clock uncertainty                       -0.05       6.45
  DFF_4/q_reg/CLK (DFFX1_RVT)              0.00       6.45 r
  library setup time                      -0.06       6.39
  data required time                                  6.39
  -----------------------------------------------------------
  data required time                                  6.39
  data arrival time                                  -3.31
  -----------------------------------------------------------
  slack (MET)                                         3.08


  Startpoint: G5 (input port clocked by ideal_clock1)
  Endpoint: DFF_5/q_reg
            (rising edge-triggered flip-flop clocked by ideal_clock1)
  Path Group: ideal_clock1
  Path Type: max

  Point                                    Incr       Path
  -----------------------------------------------------------
  clock ideal_clock1 (rise edge)           0.00       0.00
  clock network delay (ideal)              0.40       0.40
  input external delay                     2.00       2.40 f
  G5 (in)                                  0.00 @     2.40 f
  U326/Y (INVX1_RVT)                       0.06 @     2.46 r
  U564/Y (NAND2X0_RVT)                     0.18 &     2.64 f
  U390/Y (INVX0_RVT)                       0.14 &     2.78 r
  U644/Y (AO221X1_RVT)                     0.12 &     2.90 r
  U645/Y (AO221X1_RVT)                     0.12 &     3.03 r
  U373/Y (AND2X1_RVT)                      0.07 &     3.10 r
  U634/Y (NAND2X0_RVT)                     0.07 &     3.17 f
  U633/Y (NAND2X0_RVT)                     0.08 &     3.25 r
  DFF_5/d (dff_13)                         0.00       3.25 r
  DFF_5/q_reg/D (DFFX1_RVT)                0.00 &     3.25 r
  data arrival time                                   3.25

  clock ideal_clock1 (rise edge)           6.50       6.50
  clock network delay (propagated)         0.00       6.50
  clock uncertainty                       -0.05       6.45
  DFF_5/q_reg/CLK (DFFX1_RVT)              0.00       6.45 r
  library setup time                      -0.08       6.37
  data required time                                  6.37
  -----------------------------------------------------------
  data required time                                  6.37
  data arrival time                                  -3.25
  -----------------------------------------------------------
  slack (MET)                                         3.12


  Startpoint: G5 (input port clocked by ideal_clock1)
  Endpoint: DFF_3/q_reg
            (rising edge-triggered flip-flop clocked by ideal_clock1)
  Path Group: ideal_clock1
  Path Type: max

  Point                                    Incr       Path
  -----------------------------------------------------------
  clock ideal_clock1 (rise edge)           0.00       0.00
  clock network delay (ideal)              0.40       0.40
  input external delay                     2.00       2.40 f
  G5 (in)                                  0.00 @     2.40 f
  U326/Y (INVX1_RVT)                       0.06 @     2.46 r
  U564/Y (NAND2X0_RVT)                     0.18 &     2.64 f
  U390/Y (INVX0_RVT)                       0.14 &     2.78 r
  U514/Y (NAND2X0_RVT)                     0.09 &     2.88 f
  U513/Y (INVX0_RVT)                       0.09 &     2.96 r
  U421/Y (AO21X1_RVT)                      0.08 &     3.04 r
  U466/Y (AO221X1_RVT)                     0.09 &     3.13 r
  DFF_3/d (dff_15)                         0.00       3.13 r
  DFF_3/q_reg/D (DFFX1_RVT)                0.00 &     3.13 r
  data arrival time                                   3.13

  clock ideal_clock1 (rise edge)           6.50       6.50
  clock network delay (propagated)         0.00       6.50
  clock uncertainty                       -0.05       6.45
  DFF_3/q_reg/CLK (DFFX1_RVT)              0.00       6.45 r
  library setup time                      -0.07       6.38
  data required time                                  6.38
  -----------------------------------------------------------
  data required time                                  6.38
  data arrival time                                  -3.13
  -----------------------------------------------------------
  slack (MET)                                         3.25


  Startpoint: G9 (input port clocked by ideal_clock1)
  Endpoint: DFF_6/q_reg
            (rising edge-triggered flip-flop clocked by ideal_clock1)
  Path Group: ideal_clock1
  Path Type: max

  Point                                    Incr       Path
  -----------------------------------------------------------
  clock ideal_clock1 (rise edge)           0.00       0.00
  clock network delay (ideal)              0.40       0.40
  input external delay                     2.00       2.40 f
  G9 (in)                                  0.00 @     2.40 f
  U308/Y (INVX1_RVT)                       0.07 @     2.47 r
  U459/Y (NAND3X0_RVT)                     0.10 &     2.57 f
  U548/Y (INVX0_RVT)                       0.07 &     2.64 r
  U434/Y (NAND2X0_RVT)                     0.11 &     2.75 f
  U462/Y (NAND2X0_RVT)                     0.15 &     2.89 r
  U324/Y (INVX1_RVT)                       0.07 &     2.97 f
  U346/Y (OAI22X1_RVT)                     0.15 &     3.11 r
  DFF_6/d (dff_12)                         0.00       3.11 r
  DFF_6/q_reg/D (DFFX1_RVT)                0.00 &     3.11 r
  data arrival time                                   3.11

  clock ideal_clock1 (rise edge)           6.50       6.50
  clock network delay (propagated)         0.00       6.50
  clock uncertainty                       -0.05       6.45
  DFF_6/q_reg/CLK (DFFX1_RVT)              0.00       6.45 r
  library setup time                      -0.06       6.39
  data required time                                  6.39
  -----------------------------------------------------------
  data required time                                  6.39
  data arrival time                                  -3.11
  -----------------------------------------------------------
  slack (MET)                                         3.27


  Startpoint: G3 (input port clocked by ideal_clock1)
  Endpoint: DFF_17/q_reg
            (rising edge-triggered flip-flop clocked by ideal_clock1)
  Path Group: ideal_clock1
  Path Type: max

  Point                                    Incr       Path
  -----------------------------------------------------------
  clock ideal_clock1 (rise edge)           0.00       0.00
  clock network delay (ideal)              0.40       0.40
  input external delay                     2.00       2.40 f
  G3 (in)                                  0.00 @     2.40 f
  U592/Y (NAND2X0_RVT)                     0.08 @     2.48 r
  U389/Y (INVX1_RVT)                       0.12 &     2.61 f
  U436/Y (NAND2X0_RVT)                     0.11 &     2.71 r
  U337/Y (AO21X1_RVT)                      0.10 &     2.82 r
  U336/Y (AO21X1_RVT)                      0.08 &     2.90 r
  U357/Y (OA22X1_RVT)                      0.09 &     2.98 r
  U469/Y (OA221X1_RVT)                     0.09 &     3.07 r
  DFF_17/d (dff_1)                         0.00       3.07 r
  DFF_17/q_reg/D (DFFX1_RVT)               0.00 &     3.07 r
  data arrival time                                   3.07

  clock ideal_clock1 (rise edge)           6.50       6.50
  clock network delay (propagated)         0.00       6.50
  clock uncertainty                       -0.05       6.45
  DFF_17/q_reg/CLK (DFFX1_RVT)             0.00       6.45 r
  library setup time                      -0.07       6.38
  data required time                                  6.38
  -----------------------------------------------------------
  data required time                                  6.38
  data arrival time                                  -3.07
  -----------------------------------------------------------
  slack (MET)                                         3.31


  Startpoint: G4 (input port clocked by ideal_clock1)
  Endpoint: DFF_14/q_reg
            (rising edge-triggered flip-flop clocked by ideal_clock1)
  Path Group: ideal_clock1
  Path Type: max

  Point                                    Incr       Path
  -----------------------------------------------------------
  clock ideal_clock1 (rise edge)           0.00       0.00
  clock network delay (ideal)              0.40       0.40
  input external delay                     2.00       2.40 f
  G4 (in)                                  0.00 @     2.40 f
  U325/Y (INVX1_RVT)                       0.07 @     2.47 r
  U602/Y (NAND2X0_RVT)                     0.13 &     2.60 f
  U605/Y (OAI21X1_RVT)                     0.19 &     2.79 r
  U583/Y (NAND2X0_RVT)                     0.06 &     2.85 f
  U468/Y (OAI221X1_RVT)                    0.13 &     2.98 r
  U467/Y (NOR3X0_RVT)                      0.08 &     3.06 f
  DFF_14/d (dff_4)                         0.00       3.06 f
  DFF_14/q_reg/D (DFFX1_RVT)               0.00 &     3.06 f
  data arrival time                                   3.06

  clock ideal_clock1 (rise edge)           6.50       6.50
  clock network delay (propagated)         0.00       6.50
  clock uncertainty                       -0.05       6.45
  DFF_14/q_reg/CLK (DFFX1_RVT)             0.00       6.45 r
  library setup time                      -0.05       6.40
  data required time                                  6.40
  -----------------------------------------------------------
  data required time                                  6.40
  data arrival time                                  -3.06
  -----------------------------------------------------------
  slack (MET)                                         3.34


  Startpoint: G7 (input port clocked by ideal_clock1)
  Endpoint: DFF_15/q_reg
            (rising edge-triggered flip-flop clocked by ideal_clock1)
  Path Group: ideal_clock1
  Path Type: max

  Point                                    Incr       Path
  -----------------------------------------------------------
  clock ideal_clock1 (rise edge)           0.00       0.00
  clock network delay (ideal)              0.40       0.40
  input external delay                     2.00       2.40 f
  G7 (in)                                  0.00 @     2.40 f
  U359/Y (INVX1_RVT)                       0.05 @     2.45 r
  U360/Y (AND2X1_RVT)                      0.10 &     2.55 r
  U573/Y (NAND2X0_RVT)                     0.06 &     2.62 f
  U566/Y (INVX0_RVT)                       0.06 &     2.68 r
  U400/Y (NAND3X0_RVT)                     0.08 &     2.76 f
  U419/Y (INVX1_RVT)                       0.06 &     2.82 r
  U355/Y (AND3X1_RVT)                      0.09 &     2.91 r
  U426/Y (NOR3X0_RVT)                      0.11 &     3.02 f
  DFF_15/d (dff_3)                         0.00       3.02 f
  DFF_15/q_reg/D (DFFX1_RVT)               0.00 &     3.02 f
  data arrival time                                   3.02

  clock ideal_clock1 (rise edge)           6.50       6.50
  clock network delay (propagated)         0.00       6.50
  clock uncertainty                       -0.05       6.45
  DFF_15/q_reg/CLK (DFFX1_RVT)             0.00       6.45 r
  library setup time                      -0.05       6.40
  data required time                                  6.40
  -----------------------------------------------------------
  data required time                                  6.40
  data arrival time                                  -3.02
  -----------------------------------------------------------
  slack (MET)                                         3.38


  Startpoint: G5 (input port clocked by ideal_clock1)
  Endpoint: DFF_0/q_reg
            (rising edge-triggered flip-flop clocked by ideal_clock1)
  Path Group: ideal_clock1
  Path Type: max

  Point                                    Incr       Path
  -----------------------------------------------------------
  clock ideal_clock1 (rise edge)           0.00       0.00
  clock network delay (ideal)              0.40       0.40
  input external delay                     2.00       2.40 r
  G5 (in)                                  0.00 @     2.40 r
  U326/Y (INVX1_RVT)                       0.06 @     2.46 f
  U564/Y (NAND2X0_RVT)                     0.19 &     2.65 r
  U390/Y (INVX0_RVT)                       0.11 &     2.76 f
  U640/Y (OA221X1_RVT)                     0.17 &     2.94 f
  DFF_0/d (dff_0)                          0.00       2.94 f
  DFF_0/q_reg/D (DFFX1_RVT)                0.00 &     2.94 f
  data arrival time                                   2.94

  clock ideal_clock1 (rise edge)           6.50       6.50
  clock network delay (propagated)         0.00       6.50
  clock uncertainty                       -0.05       6.45
  DFF_0/q_reg/CLK (DFFX1_RVT)              0.00       6.45 r
  library setup time                      -0.07       6.38
  data required time                                  6.38
  -----------------------------------------------------------
  data required time                                  6.38
  data arrival time                                  -2.94
  -----------------------------------------------------------
  slack (MET)                                         3.45


  Startpoint: G9 (input port clocked by ideal_clock1)
  Endpoint: DFF_7/q_reg
            (rising edge-triggered flip-flop clocked by ideal_clock1)
  Path Group: ideal_clock1
  Path Type: max

  Point                                    Incr       Path
  -----------------------------------------------------------
  clock ideal_clock1 (rise edge)           0.00       0.00
  clock network delay (ideal)              0.40       0.40
  input external delay                     2.00       2.40 r
  G9 (in)                                  0.00 @     2.40 r
  U521/Y (NAND2X0_RVT)                     0.05 @     2.45 f
  U511/Y (INVX0_RVT)                       0.10 &     2.55 r
  U403/Y (NAND3X0_RVT)                     0.13 &     2.68 f
  U532/Y (INVX0_RVT)                       0.08 &     2.76 r
  U531/Y (NBUFFX2_RVT)                     0.07 &     2.83 r
  U347/Y (AO21X1_RVT)                      0.09 &     2.92 r
  DFF_7/d (dff_11)                         0.00       2.92 r
  DFF_7/q_reg/D (DFFX1_RVT)                0.00 &     2.92 r
  data arrival time                                   2.92

  clock ideal_clock1 (rise edge)           6.50       6.50
  clock network delay (propagated)         0.00       6.50
  clock uncertainty                       -0.05       6.45
  DFF_7/q_reg/CLK (DFFX1_RVT)              0.00       6.45 r
  library setup time                      -0.06       6.39
  data required time                                  6.39
  -----------------------------------------------------------
  data required time                                  6.39
  data arrival time                                  -2.92
  -----------------------------------------------------------
  slack (MET)                                         3.47


  Startpoint: G6 (input port clocked by ideal_clock1)
  Endpoint: DFF_11/q_reg
            (rising edge-triggered flip-flop clocked by ideal_clock1)
  Path Group: ideal_clock1
  Path Type: max

  Point                                    Incr       Path
  -----------------------------------------------------------
  clock ideal_clock1 (rise edge)           0.00       0.00
  clock network delay (ideal)              0.40       0.40
  input external delay                     2.00       2.40 f
  G6 (in)                                  0.00 @     2.40 f
  U329/Y (INVX1_RVT)                       0.10 @     2.50 r
  U526/Y (NAND3X0_RVT)                     0.13 &     2.63 f
  U348/Y (OA21X1_RVT)                      0.11 &     2.74 f
  U470/Y (OA22X1_RVT)                      0.10 &     2.84 f
  DFF_11/d (dff_7)                         0.00       2.84 f
  DFF_11/q_reg/D (DFFX1_RVT)               0.00 &     2.84 f
  data arrival time                                   2.84

  clock ideal_clock1 (rise edge)           6.50       6.50
  clock network delay (propagated)         0.00       6.50
  clock uncertainty                       -0.05       6.45
  DFF_11/q_reg/CLK (DFFX1_RVT)             0.00       6.45 r
  library setup time                      -0.07       6.38
  data required time                                  6.38
  -----------------------------------------------------------
  data required time                                  6.38
  data arrival time                                  -2.84
  -----------------------------------------------------------
  slack (MET)                                         3.54


  Startpoint: G9 (input port clocked by ideal_clock1)
  Endpoint: DFF_13/q_reg
            (rising edge-triggered flip-flop clocked by ideal_clock1)
  Path Group: ideal_clock1
  Path Type: max

  Point                                    Incr       Path
  -----------------------------------------------------------
  clock ideal_clock1 (rise edge)           0.00       0.00
  clock network delay (ideal)              0.40       0.40
  input external delay                     2.00       2.40 r
  G9 (in)                                  0.00 @     2.40 r
  U308/Y (INVX1_RVT)                       0.06 @     2.46 f
  U460/Y (NAND2X0_RVT)                     0.13 &     2.60 r
  U431/Y (INVX1_RVT)                       0.04 &     2.64 f
  U438/Y (NAND2X0_RVT)                     0.06 &     2.70 r
  U351/Y (OA222X1_RVT)                     0.13 &     2.83 r
  DFF_13/d (dff_5)                         0.00       2.83 r
  DFF_13/q_reg/D (DFFX1_RVT)               0.00 &     2.83 r
  data arrival time                                   2.83

  clock ideal_clock1 (rise edge)           6.50       6.50
  clock network delay (propagated)         0.00       6.50
  clock uncertainty                       -0.05       6.45
  DFF_13/q_reg/CLK (DFFX1_RVT)             0.00       6.45 r
  library setup time                      -0.07       6.38
  data required time                                  6.38
  -----------------------------------------------------------
  data required time                                  6.38
  data arrival time                                  -2.83
  -----------------------------------------------------------
  slack (MET)                                         3.55


  Startpoint: G3 (input port clocked by ideal_clock1)
  Endpoint: DFF_10/q_reg
            (rising edge-triggered flip-flop clocked by ideal_clock1)
  Path Group: ideal_clock1
  Path Type: max

  Point                                    Incr       Path
  -----------------------------------------------------------
  clock ideal_clock1 (rise edge)           0.00       0.00
  clock network delay (ideal)              0.40       0.40
  input external delay                     2.00       2.40 r
  G3 (in)                                  0.00 @     2.40 r
  U592/Y (NAND2X0_RVT)                     0.08 @     2.48 f
  U389/Y (INVX1_RVT)                       0.14 &     2.62 r
  U439/Y (XOR2X1_RVT)                      0.16 &     2.78 f
  DFF_10/d (dff_8)                         0.00       2.78 f
  DFF_10/q_reg/D (DFFX1_RVT)               0.00 &     2.78 f
  data arrival time                                   2.78

  clock ideal_clock1 (rise edge)           6.50       6.50
  clock network delay (propagated)         0.00       6.50
  clock uncertainty                       -0.05       6.45
  DFF_10/q_reg/CLK (DFFX1_RVT)             0.00       6.45 r
  library setup time                      -0.06       6.39
  data required time                                  6.39
  -----------------------------------------------------------
  data required time                                  6.39
  data arrival time                                  -2.78
  -----------------------------------------------------------
  slack (MET)                                         3.61


  Startpoint: G9 (input port clocked by ideal_clock1)
  Endpoint: DFF_1/q_reg
            (rising edge-triggered flip-flop clocked by ideal_clock1)
  Path Group: ideal_clock1
  Path Type: max

  Point                                    Incr       Path
  -----------------------------------------------------------
  clock ideal_clock1 (rise edge)           0.00       0.00
  clock network delay (ideal)              0.40       0.40
  input external delay                     2.00       2.40 f
  G9 (in)                                  0.00 @     2.40 f
  U308/Y (INVX1_RVT)                       0.07 @     2.47 r
  U460/Y (NAND2X0_RVT)                     0.12 &     2.58 f
  U544/Y (NAND2X0_RVT)                     0.12 &     2.70 r
  DFF_1/d (dff_17)                         0.00       2.70 r
  DFF_1/q_reg/D (DFFX1_RVT)                0.00 &     2.70 r
  data arrival time                                   2.70

  clock ideal_clock1 (rise edge)           6.50       6.50
  clock network delay (propagated)         0.00       6.50
  clock uncertainty                       -0.05       6.45
  DFF_1/q_reg/CLK (DFFX1_RVT)              0.00       6.45 r
  library setup time                      -0.08       6.37
  data required time                                  6.37
  -----------------------------------------------------------
  data required time                                  6.37
  data arrival time                                  -2.70
  -----------------------------------------------------------
  slack (MET)                                         3.67


  Startpoint: G4 (input port clocked by ideal_clock1)
  Endpoint: DFF_9/q_reg
            (rising edge-triggered flip-flop clocked by ideal_clock1)
  Path Group: ideal_clock1
  Path Type: max

  Point                                    Incr       Path
  -----------------------------------------------------------
  clock ideal_clock1 (rise edge)           0.00       0.00
  clock network delay (ideal)              0.40       0.40
  input external delay                     2.00       2.40 r
  G4 (in)                                  0.00 @     2.40 r
  U325/Y (INVX1_RVT)                       0.06 @     2.46 f
  U528/Y (AND2X1_RVT)                      0.10 &     2.57 f
  U305/Y (AND3X1_RVT)                      0.10 &     2.67 f
  DFF_9/d (dff_9)                          0.00       2.67 f
  DFF_9/q_reg/D (DFFX1_RVT)                0.00 &     2.67 f
  data arrival time                                   2.67

  clock ideal_clock1 (rise edge)           6.50       6.50
  clock network delay (propagated)         0.00       6.50
  clock uncertainty                       -0.05       6.45
  DFF_9/q_reg/CLK (DFFX1_RVT)              0.00       6.45 r
  library setup time                      -0.07       6.38
  data required time                                  6.38
  -----------------------------------------------------------
  data required time                                  6.38
  data arrival time                                  -2.67
  -----------------------------------------------------------
  slack (MET)                                         3.71


  Startpoint: G7 (input port clocked by ideal_clock1)
  Endpoint: DFF_2/q_reg
            (rising edge-triggered flip-flop clocked by ideal_clock1)
  Path Group: ideal_clock1
  Path Type: max

  Point                                    Incr       Path
  -----------------------------------------------------------
  clock ideal_clock1 (rise edge)           0.00       0.00
  clock network delay (ideal)              0.40       0.40
  input external delay                     2.00       2.40 f
  G7 (in)                                  0.00 @     2.40 f
  U359/Y (INVX1_RVT)                       0.05 @     2.45 r
  U344/Y (AO22X1_RVT)                      0.12 &     2.58 r
  DFF_2/d (dff_16)                         0.00       2.58 r
  DFF_2/q_reg/D (DFFX1_RVT)                0.00 &     2.58 r
  data arrival time                                   2.58

  clock ideal_clock1 (rise edge)           6.50       6.50
  clock network delay (propagated)         0.00       6.50
  clock uncertainty                       -0.05       6.45
  DFF_2/q_reg/CLK (DFFX1_RVT)              0.00       6.45 r
  library setup time                      -0.07       6.38
  data required time                                  6.38
  -----------------------------------------------------------
  data required time                                  6.38
  data arrival time                                  -2.58
  -----------------------------------------------------------
  slack (MET)                                         3.80


  Startpoint: G6 (input port clocked by ideal_clock1)
  Endpoint: DFF_8/q_reg
            (rising edge-triggered flip-flop clocked by ideal_clock1)
  Path Group: ideal_clock1
  Path Type: max

  Point                                    Incr       Path
  -----------------------------------------------------------
  clock ideal_clock1 (rise edge)           0.00       0.00
  clock network delay (ideal)              0.40       0.40
  input external delay                     2.00       2.40 r
  G6 (in)                                  0.00 @     2.40 r
  U515/Y (XOR2X1_RVT)                      0.12 @     2.52 f
  DFF_8/d (dff_10)                         0.00       2.52 f
  DFF_8/q_reg/D (DFFX1_RVT)                0.00 &     2.52 f
  data arrival time                                   2.52

  clock ideal_clock1 (rise edge)           6.50       6.50
  clock network delay (propagated)         0.00       6.50
  clock uncertainty                       -0.05       6.45
  DFF_8/q_reg/CLK (DFFX1_RVT)              0.00       6.45 r
  library setup time                      -0.06       6.39
  data required time                                  6.39
  -----------------------------------------------------------
  data required time                                  6.39
  data arrival time                                  -2.52
  -----------------------------------------------------------
  slack (MET)                                         3.87


  Startpoint: DFF_12/q_reg
              (rising edge-triggered flip-flop clocked by ideal_clock1)
  Endpoint: G546 (output port clocked by ideal_clock1)
  Path Group: ideal_clock1
  Path Type: max

  Point                                    Incr       Path
  -----------------------------------------------------------
  clock ideal_clock1 (rise edge)           0.00       0.00
  clock network delay (propagated)         0.00       0.00
  DFF_12/q_reg/CLK (DFFX1_RVT)             0.00       0.00 r
  DFF_12/q_reg/Q (DFFX1_RVT)               0.15       0.15 f
  DFF_12/q (dff_6)                         0.00       0.15 f
  U498/Y (INVX1_RVT)                       0.02 &     0.18 r
  G546 (out)                               0.00 &     0.18 r
  data arrival time                                   0.18

  clock ideal_clock1 (rise edge)           6.50       6.50
  clock network delay (ideal)              0.40       6.90
  clock uncertainty                       -0.05       6.85
  output external delay                   -2.00       4.85
  data required time                                  4.85
  -----------------------------------------------------------
  data required time                                  4.85
  data arrival time                                  -0.18
  -----------------------------------------------------------
  slack (MET)                                         4.67


  Startpoint: DFF_16/q_reg
              (rising edge-triggered flip-flop clocked by ideal_clock1)
  Endpoint: G45 (output port clocked by ideal_clock1)
  Path Group: ideal_clock1
  Path Type: max

  Point                                    Incr       Path
  -----------------------------------------------------------
  clock ideal_clock1 (rise edge)           0.00       0.00
  clock network delay (propagated)         0.00       0.00
  DFF_16/q_reg/CLK (DFFX1_RVT)             0.00       0.00 r
  DFF_16/q_reg/Q (DFFX1_RVT)               0.15       0.15 f
  DFF_16/q (dff_2)                         0.00       0.15 f
  G45 (out)                                0.00 &     0.15 f
  data arrival time                                   0.15

  clock ideal_clock1 (rise edge)           6.50       6.50
  clock network delay (ideal)              0.40       6.90
  clock uncertainty                       -0.05       6.85
  output external delay                   -2.00       4.85
  data required time                                  4.85
  -----------------------------------------------------------
  data required time                                  4.85
  data arrival time                                  -0.15
  -----------------------------------------------------------
  slack (MET)                                         4.70


1
