 
****************************************
Report : timing
        -path full
        -delay min
        -max_paths 20
Design : s1238
Version: L-2016.03-SP5-1
Date   : Sat Mar  9 14:29:08 2019
****************************************

 * Some/all delay information is back-annotated.

Operating Conditions: ss0p95v25c   Library: saed32rvt_ss0p95v25c
	Parasitic source    : LPE
	Parasitic mode      : RealRVirtualC
	Extraction mode     : MIN_MAX
	Extraction derating : 125/125/125

Information: Percent of Arnoldi-based delays =  1.58%

  Startpoint: DFF_3/q_reg
              (rising edge-triggered flip-flop clocked by ideal_clock1)
  Endpoint: DFF_4/q_reg
            (rising edge-triggered flip-flop clocked by ideal_clock1)
  Path Group: ideal_clock1
  Path Type: min

  Point                                    Incr       Path
  -----------------------------------------------------------
  clock ideal_clock1 (rise edge)           0.00       0.00
  clock network delay (propagated)         0.00       0.00
  DFF_3/q_reg/CLK (DFFX1_RVT)              0.00       0.00 r
  DFF_3/q_reg/Q (DFFX1_RVT)                0.16       0.16 f
  DFF_3/q (dff_15)                         0.00       0.16 f
  U304/Y (NAND4X0_RVT)                     0.05 *     0.21 r
  U495/Y (OA21X1_RVT)                      0.07 *     0.27 r
  DFF_4/d (dff_14)                         0.00       0.27 r
  DFF_4/q_reg/D (DFFX1_RVT)                0.00 *     0.27 r
  data arrival time                                   0.27

  clock ideal_clock1 (rise edge)           0.00       0.00
  clock network delay (propagated)         0.00       0.00
  clock uncertainty                        0.05       0.05
  DFF_4/q_reg/CLK (DFFX1_RVT)              0.00       0.05 r
  library hold time                       -0.03       0.02
  data required time                                  0.02
  -----------------------------------------------------------
  data required time                                  0.02
  data arrival time                                  -0.27
  -----------------------------------------------------------
  slack (MET)                                         0.25


  Startpoint: DFF_3/q_reg
              (rising edge-triggered flip-flop clocked by ideal_clock1)
  Endpoint: DFF_5/q_reg
            (rising edge-triggered flip-flop clocked by ideal_clock1)
  Path Group: ideal_clock1
  Path Type: min

  Point                                    Incr       Path
  -----------------------------------------------------------
  clock ideal_clock1 (rise edge)           0.00       0.00
  clock network delay (propagated)         0.00       0.00
  DFF_3/q_reg/CLK (DFFX1_RVT)              0.00       0.00 r
  DFF_3/q_reg/Q (DFFX1_RVT)                0.16       0.16 f
  DFF_3/q (dff_15)                         0.00       0.16 f
  U478/Y (NAND4X0_RVT)                     0.07 *     0.23 r
  U633/Y (NAND2X0_RVT)                     0.05 *     0.28 f
  DFF_5/d (dff_13)                         0.00       0.28 f
  DFF_5/q_reg/D (DFFX1_RVT)                0.00 *     0.28 f
  data arrival time                                   0.28

  clock ideal_clock1 (rise edge)           0.00       0.00
  clock network delay (propagated)         0.00       0.00
  clock uncertainty                        0.05       0.05
  DFF_5/q_reg/CLK (DFFX1_RVT)              0.00       0.05 r
  library hold time                       -0.03       0.02
  data required time                                  0.02
  -----------------------------------------------------------
  data required time                                  0.02
  data arrival time                                  -0.28
  -----------------------------------------------------------
  slack (MET)                                         0.26


  Startpoint: DFF_5/q_reg
              (rising edge-triggered flip-flop clocked by ideal_clock1)
  Endpoint: DFF_12/q_reg
            (rising edge-triggered flip-flop clocked by ideal_clock1)
  Path Group: ideal_clock1
  Path Type: min

  Point                                    Incr       Path
  -----------------------------------------------------------
  clock ideal_clock1 (rise edge)           0.00       0.00
  clock network delay (propagated)         0.00       0.00
  DFF_5/q_reg/CLK (DFFX1_RVT)              0.00       0.00 r
  DFF_5/q_reg/Q (DFFX1_RVT)                0.18       0.18 r
  DFF_5/q (dff_13)                         0.00       0.18 r
  U494/Y (NAND2X0_RVT)                     0.04 *     0.23 f
  U586/Y (OA221X1_RVT)                     0.10 *     0.32 f
  DFF_12/d (dff_6)                         0.00       0.32 f
  DFF_12/q_reg/D (DFFX1_RVT)               0.00 *     0.32 f
  data arrival time                                   0.32

  clock ideal_clock1 (rise edge)           0.00       0.00
  clock network delay (propagated)         0.00       0.00
  clock uncertainty                        0.05       0.05
  DFF_12/q_reg/CLK (DFFX1_RVT)             0.00       0.05 r
  library hold time                       -0.02       0.03
  data required time                                  0.03
  -----------------------------------------------------------
  data required time                                  0.03
  data arrival time                                  -0.32
  -----------------------------------------------------------
  slack (MET)                                         0.29


  Startpoint: DFF_1/q_reg
              (rising edge-triggered flip-flop clocked by ideal_clock1)
  Endpoint: DFF_17/q_reg
            (rising edge-triggered flip-flop clocked by ideal_clock1)
  Path Group: ideal_clock1
  Path Type: min

  Point                                    Incr       Path
  -----------------------------------------------------------
  clock ideal_clock1 (rise edge)           0.00       0.00
  clock network delay (propagated)         0.00       0.00
  DFF_1/q_reg/CLK (DFFX1_RVT)              0.00       0.00 r
  DFF_1/q_reg/Q (DFFX1_RVT)                0.18       0.18 f
  DFF_1/q (dff_17)                         0.00       0.18 f
  U406/Y (OR2X1_RVT)                       0.08 *     0.26 f
  U357/Y (OA22X1_RVT)                      0.07 *     0.33 f
  U469/Y (OA221X1_RVT)                     0.08 *     0.41 f
  DFF_17/d (dff_1)                         0.00       0.41 f
  DFF_17/q_reg/D (DFFX1_RVT)               0.00 *     0.41 f
  data arrival time                                   0.41

  clock ideal_clock1 (rise edge)           0.00       0.00
  clock network delay (propagated)         0.00       0.00
  clock uncertainty                        0.05       0.05
  DFF_17/q_reg/CLK (DFFX1_RVT)             0.00       0.05 r
  library hold time                       -0.02       0.03
  data required time                                  0.03
  -----------------------------------------------------------
  data required time                                  0.03
  data arrival time                                  -0.41
  -----------------------------------------------------------
  slack (MET)                                         0.38


  Startpoint: DFF_1/q_reg
              (rising edge-triggered flip-flop clocked by ideal_clock1)
  Endpoint: DFF_11/q_reg
            (rising edge-triggered flip-flop clocked by ideal_clock1)
  Path Group: ideal_clock1
  Path Type: min

  Point                                    Incr       Path
  -----------------------------------------------------------
  clock ideal_clock1 (rise edge)           0.00       0.00
  clock network delay (propagated)         0.00       0.00
  DFF_1/q_reg/CLK (DFFX1_RVT)              0.00       0.00 r
  DFF_1/q_reg/Q (DFFX1_RVT)                0.18       0.18 f
  DFF_1/q (dff_17)                         0.00       0.18 f
  U526/Y (NAND3X0_RVT)                     0.07 *     0.25 r
  U348/Y (OA21X1_RVT)                      0.07 *     0.31 r
  U470/Y (OA22X1_RVT)                      0.09 *     0.40 r
  DFF_11/d (dff_7)                         0.00       0.40 r
  DFF_11/q_reg/D (DFFX1_RVT)               0.00 *     0.40 r
  data arrival time                                   0.40

  clock ideal_clock1 (rise edge)           0.00       0.00
  clock network delay (propagated)         0.00       0.00
  clock uncertainty                        0.05       0.05
  DFF_11/q_reg/CLK (DFFX1_RVT)             0.00       0.05 r
  library hold time                       -0.04       0.01
  data required time                                  0.01
  -----------------------------------------------------------
  data required time                                  0.01
  data arrival time                                  -0.40
  -----------------------------------------------------------
  slack (MET)                                         0.39


  Startpoint: DFF_17/q_reg
              (rising edge-triggered flip-flop clocked by ideal_clock1)
  Endpoint: DFF_16/q_reg
            (rising edge-triggered flip-flop clocked by ideal_clock1)
  Path Group: ideal_clock1
  Path Type: min

  Point                                    Incr       Path
  -----------------------------------------------------------
  clock ideal_clock1 (rise edge)           0.00       0.00
  clock network delay (propagated)         0.00       0.00
  DFF_17/q_reg/CLK (DFFX1_RVT)             0.00       0.00 r
  DFF_17/q_reg/Q (DFFX1_RVT)               0.16       0.16 r
  DFF_17/q (dff_1)                         0.00       0.16 r
  U664/Y (NAND3X0_RVT)                     0.07 *     0.22 f
  U655/Y (NAND3X0_RVT)                     0.08 *     0.30 r
  U440/Y (INVX1_RVT)                       0.03 *     0.33 f
  U624/Y (AO221X1_RVT)                     0.10 *     0.43 f
  DFF_16/d (dff_2)                         0.00       0.43 f
  DFF_16/q_reg/D (DFFX1_RVT)               0.00 *     0.43 f
  data arrival time                                   0.43

  clock ideal_clock1 (rise edge)           0.00       0.00
  clock network delay (propagated)         0.00       0.00
  clock uncertainty                        0.05       0.05
  DFF_16/q_reg/CLK (DFFX1_RVT)             0.00       0.05 r
  library hold time                       -0.02       0.03
  data required time                                  0.03
  -----------------------------------------------------------
  data required time                                  0.03
  data arrival time                                  -0.43
  -----------------------------------------------------------
  slack (MET)                                         0.40


  Startpoint: DFF_16/q_reg
              (rising edge-triggered flip-flop clocked by ideal_clock1)
  Endpoint: G45 (output port clocked by ideal_clock1)
  Path Group: ideal_clock1
  Path Type: min

  Point                                    Incr       Path
  -----------------------------------------------------------
  clock ideal_clock1 (rise edge)           0.00       0.00
  clock network delay (propagated)         0.00       0.00
  DFF_16/q_reg/CLK (DFFX1_RVT)             0.00       0.00 r
  DFF_16/q_reg/Q (DFFX1_RVT)               0.15       0.15 r
  DFF_16/q (dff_2)                         0.00       0.15 r
  G45 (out)                                0.00 *     0.15 r
  data arrival time                                   0.15

  clock ideal_clock1 (rise edge)           0.00       0.00
  clock network delay (ideal)              0.40       0.40
  clock uncertainty                        0.05       0.45
  output external delay                   -2.00      -1.55
  data required time                                 -1.55
  -----------------------------------------------------------
  data required time                                 -1.55
  data arrival time                                  -0.15
  -----------------------------------------------------------
  slack (MET)                                         1.70


  Startpoint: DFF_12/q_reg
              (rising edge-triggered flip-flop clocked by ideal_clock1)
  Endpoint: G546 (output port clocked by ideal_clock1)
  Path Group: ideal_clock1
  Path Type: min

  Point                                    Incr       Path
  -----------------------------------------------------------
  clock ideal_clock1 (rise edge)           0.00       0.00
  clock network delay (propagated)         0.00       0.00
  DFF_12/q_reg/CLK (DFFX1_RVT)             0.00       0.00 r
  DFF_12/q_reg/Q (DFFX1_RVT)               0.15       0.15 r
  DFF_12/q (dff_6)                         0.00       0.15 r
  U498/Y (INVX1_RVT)                       0.02 *     0.17 f
  G546 (out)                               0.00 *     0.17 f
  data arrival time                                   0.17

  clock ideal_clock1 (rise edge)           0.00       0.00
  clock network delay (ideal)              0.40       0.40
  clock uncertainty                        0.05       0.45
  output external delay                   -2.00      -1.55
  data required time                                 -1.55
  -----------------------------------------------------------
  data required time                                 -1.55
  data arrival time                                  -0.17
  -----------------------------------------------------------
  slack (MET)                                         1.72


  Startpoint: DFF_13/q_reg
              (rising edge-triggered flip-flop clocked by ideal_clock1)
  Endpoint: G548 (output port clocked by ideal_clock1)
  Path Group: ideal_clock1
  Path Type: min

  Point                                    Incr       Path
  -----------------------------------------------------------
  clock ideal_clock1 (rise edge)           0.00       0.00
  clock network delay (propagated)         0.00       0.00
  DFF_13/q_reg/CLK (DFFX1_RVT)             0.00       0.00 r
  DFF_13/q_reg/Q (DFFX1_RVT)               0.16       0.16 r
  DFF_13/q (dff_5)                         0.00       0.16 r
  U657/Y (OAI22X1_RVT)                     0.11 *     0.27 f
  G548 (out)                               0.00 *     0.27 f
  data arrival time                                   0.27

  clock ideal_clock1 (rise edge)           0.00       0.00
  clock network delay (ideal)              0.40       0.40
  clock uncertainty                        0.05       0.45
  output external delay                   -2.00      -1.55
  data required time                                 -1.55
  -----------------------------------------------------------
  data required time                                 -1.55
  data arrival time                                  -0.27
  -----------------------------------------------------------
  slack (MET)                                         1.82


  Startpoint: DFF_11/q_reg
              (rising edge-triggered flip-flop clocked by ideal_clock1)
  Endpoint: G552 (output port clocked by ideal_clock1)
  Path Group: ideal_clock1
  Path Type: min

  Point                                    Incr       Path
  -----------------------------------------------------------
  clock ideal_clock1 (rise edge)           0.00       0.00
  clock network delay (propagated)         0.00       0.00
  DFF_11/q_reg/CLK (DFFX1_RVT)             0.00       0.00 r
  DFF_11/q_reg/Q (DFFX1_RVT)               0.15       0.15 r
  DFF_11/q (dff_7)                         0.00       0.15 r
  U658/Y (OAI222X1_RVT)                    0.12 *     0.27 f
  G552 (out)                               0.00 *     0.27 f
  data arrival time                                   0.27

  clock ideal_clock1 (rise edge)           0.00       0.00
  clock network delay (ideal)              0.40       0.40
  clock uncertainty                        0.05       0.45
  output external delay                   -2.00      -1.55
  data required time                                 -1.55
  -----------------------------------------------------------
  data required time                                 -1.55
  data arrival time                                  -0.27
  -----------------------------------------------------------
  slack (MET)                                         1.82


  Startpoint: DFF_9/q_reg
              (rising edge-triggered flip-flop clocked by ideal_clock1)
  Endpoint: G537 (output port clocked by ideal_clock1)
  Path Group: ideal_clock1
  Path Type: min

  Point                                    Incr       Path
  -----------------------------------------------------------
  clock ideal_clock1 (rise edge)           0.00       0.00
  clock network delay (propagated)         0.00       0.00
  DFF_9/q_reg/CLK (DFFX1_RVT)              0.00       0.00 r
  DFF_9/q_reg/Q (DFFX1_RVT)                0.16       0.16 r
  DFF_9/q (dff_9)                          0.00       0.16 r
  U342/Y (NAND4X0_RVT)                     0.05 *     0.21 f
  U618/Y (NAND3X0_RVT)                     0.07 *     0.28 r
  G537 (out)                               0.00 *     0.28 r
  data arrival time                                   0.28

  clock ideal_clock1 (rise edge)           0.00       0.00
  clock network delay (ideal)              0.40       0.40
  clock uncertainty                        0.05       0.45
  output external delay                   -2.00      -1.55
  data required time                                 -1.55
  -----------------------------------------------------------
  data required time                                 -1.55
  data arrival time                                  -0.28
  -----------------------------------------------------------
  slack (MET)                                         1.83


  Startpoint: DFF_15/q_reg
              (rising edge-triggered flip-flop clocked by ideal_clock1)
  Endpoint: G535 (output port clocked by ideal_clock1)
  Path Group: ideal_clock1
  Path Type: min

  Point                                    Incr       Path
  -----------------------------------------------------------
  clock ideal_clock1 (rise edge)           0.00       0.00
  clock network delay (propagated)         0.00       0.00
  DFF_15/q_reg/CLK (DFFX1_RVT)             0.00       0.00 r
  DFF_15/q_reg/Q (DFFX1_RVT)               0.15       0.15 r
  DFF_15/q (dff_3)                         0.00       0.15 r
  U299/Y (OA22X1_RVT)                      0.09 *     0.24 r
  U559/Y (NAND2X0_RVT)                     0.05 *     0.29 f
  G535 (out)                               0.00 *     0.29 f
  data arrival time                                   0.29

  clock ideal_clock1 (rise edge)           0.00       0.00
  clock network delay (ideal)              0.40       0.40
  clock uncertainty                        0.05       0.45
  output external delay                   -2.00      -1.55
  data required time                                 -1.55
  -----------------------------------------------------------
  data required time                                 -1.55
  data arrival time                                  -0.29
  -----------------------------------------------------------
  slack (MET)                                         1.84


  Startpoint: DFF_14/q_reg
              (rising edge-triggered flip-flop clocked by ideal_clock1)
  Endpoint: G532 (output port clocked by ideal_clock1)
  Path Group: ideal_clock1
  Path Type: min

  Point                                    Incr       Path
  -----------------------------------------------------------
  clock ideal_clock1 (rise edge)           0.00       0.00
  clock network delay (propagated)         0.00       0.00
  DFF_14/q_reg/CLK (DFFX1_RVT)             0.00       0.00 r
  DFF_14/q_reg/Q (DFFX1_RVT)               0.16       0.16 f
  DFF_14/q (dff_4)                         0.00       0.16 f
  U652/Y (OA222X1_RVT)                     0.09 *     0.26 f
  U629/Y (NAND4X0_RVT)                     0.06 *     0.32 r
  G532 (out)                               0.00 *     0.32 r
  data arrival time                                   0.32

  clock ideal_clock1 (rise edge)           0.00       0.00
  clock network delay (ideal)              0.40       0.40
  clock uncertainty                        0.05       0.45
  output external delay                   -2.00      -1.55
  data required time                                 -1.55
  -----------------------------------------------------------
  data required time                                 -1.55
  data arrival time                                  -0.32
  -----------------------------------------------------------
  slack (MET)                                         1.87


  Startpoint: DFF_0/q_reg
              (rising edge-triggered flip-flop clocked by ideal_clock1)
  Endpoint: G550 (output port clocked by ideal_clock1)
  Path Group: ideal_clock1
  Path Type: min

  Point                                    Incr       Path
  -----------------------------------------------------------
  clock ideal_clock1 (rise edge)           0.00       0.00
  clock network delay (propagated)         0.00       0.00
  DFF_0/q_reg/CLK (DFFX1_RVT)              0.00       0.00 r
  DFF_0/q_reg/Q (DFFX1_RVT)                0.15       0.15 f
  DFF_0/q (dff_0)                          0.00       0.15 f
  U339/Y (OA22X1_RVT)                      0.09 *     0.24 f
  U630/Y (NAND4X0_RVT)                     0.08 *     0.32 r
  G550 (out)                               0.00 *     0.32 r
  data arrival time                                   0.32

  clock ideal_clock1 (rise edge)           0.00       0.00
  clock network delay (ideal)              0.40       0.40
  clock uncertainty                        0.05       0.45
  output external delay                   -2.00      -1.55
  data required time                                 -1.55
  -----------------------------------------------------------
  data required time                                 -1.55
  data arrival time                                  -0.32
  -----------------------------------------------------------
  slack (MET)                                         1.87


  Startpoint: DFF_5/q_reg
              (rising edge-triggered flip-flop clocked by ideal_clock1)
  Endpoint: G542 (output port clocked by ideal_clock1)
  Path Group: ideal_clock1
  Path Type: min

  Point                                    Incr       Path
  -----------------------------------------------------------
  clock ideal_clock1 (rise edge)           0.00       0.00
  clock network delay (propagated)         0.00       0.00
  DFF_5/q_reg/CLK (DFFX1_RVT)              0.00       0.00 r
  DFF_5/q_reg/Q (DFFX1_RVT)                0.18       0.18 r
  DFF_5/q (dff_13)                         0.00       0.18 r
  U340/Y (AND3X1_RVT)                      0.08 *     0.26 r
  U477/Y (OR3X1_RVT)                       0.08 *     0.35 r
  G542 (out)                               0.00 *     0.35 r
  data arrival time                                   0.35

  clock ideal_clock1 (rise edge)           0.00       0.00
  clock network delay (ideal)              0.40       0.40
  clock uncertainty                        0.05       0.45
  output external delay                   -2.00      -1.55
  data required time                                 -1.55
  -----------------------------------------------------------
  data required time                                 -1.55
  data arrival time                                  -0.35
  -----------------------------------------------------------
  slack (MET)                                         1.90


  Startpoint: DFF_7/q_reg
              (rising edge-triggered flip-flop clocked by ideal_clock1)
  Endpoint: G530 (output port clocked by ideal_clock1)
  Path Group: ideal_clock1
  Path Type: min

  Point                                    Incr       Path
  -----------------------------------------------------------
  clock ideal_clock1 (rise edge)           0.00       0.00
  clock network delay (propagated)         0.00       0.00
  DFF_7/q_reg/CLK (DFFX1_RVT)              0.00       0.00 r
  DFF_7/q_reg/Q (DFFX1_RVT)                0.15       0.15 r
  DFF_7/q (dff_11)                         0.00       0.15 r
  U323/Y (AND3X1_RVT)                      0.08 *     0.23 r
  U471/Y (OR2X1_RVT)                       0.07 *     0.30 r
  U443/Y (AO22X1_RVT)                      0.09 *     0.39 r
  G530 (out)                               0.00 *     0.39 r
  data arrival time                                   0.39

  clock ideal_clock1 (rise edge)           0.00       0.00
  clock network delay (ideal)              0.40       0.40
  clock uncertainty                        0.05       0.45
  output external delay                   -2.00      -1.55
  data required time                                 -1.55
  -----------------------------------------------------------
  data required time                                 -1.55
  data arrival time                                  -0.39
  -----------------------------------------------------------
  slack (MET)                                         1.94


  Startpoint: DFF_10/q_reg
              (rising edge-triggered flip-flop clocked by ideal_clock1)
  Endpoint: G551 (output port clocked by ideal_clock1)
  Path Group: ideal_clock1
  Path Type: min

  Point                                    Incr       Path
  -----------------------------------------------------------
  clock ideal_clock1 (rise edge)           0.00       0.00
  clock network delay (propagated)         0.00       0.00
  DFF_10/q_reg/CLK (DFFX1_RVT)             0.00       0.00 r
  DFF_10/q_reg/Q (DFFX1_RVT)               0.15       0.15 r
  DFF_10/q (dff_8)                         0.00       0.15 r
  U368/Y (AND2X1_RVT)                      0.06 *     0.21 r
  U397/Y (NAND2X0_RVT)                     0.04 *     0.25 f
  U649/Y (NAND3X0_RVT)                     0.05 *     0.30 r
  U648/Y (AO221X1_RVT)                     0.10 *     0.40 r
  G551 (out)                               0.00 *     0.40 r
  data arrival time                                   0.40

  clock ideal_clock1 (rise edge)           0.00       0.00
  clock network delay (ideal)              0.40       0.40
  clock uncertainty                        0.05       0.45
  output external delay                   -2.00      -1.55
  data required time                                 -1.55
  -----------------------------------------------------------
  data required time                                 -1.55
  data arrival time                                  -0.40
  -----------------------------------------------------------
  slack (MET)                                         1.95


  Startpoint: DFF_5/q_reg
              (rising edge-triggered flip-flop clocked by ideal_clock1)
  Endpoint: G547 (output port clocked by ideal_clock1)
  Path Group: ideal_clock1
  Path Type: min

  Point                                    Incr       Path
  -----------------------------------------------------------
  clock ideal_clock1 (rise edge)           0.00       0.00
  clock network delay (propagated)         0.00       0.00
  DFF_5/q_reg/CLK (DFFX1_RVT)              0.00       0.00 r
  DFF_5/q_reg/Q (DFFX1_RVT)                0.18       0.18 r
  DFF_5/q (dff_13)                         0.00       0.18 r
  U497/Y (INVX1_RVT)                       0.04 *     0.22 f
  U449/Y (OA22X1_RVT)                      0.07 *     0.30 f
  U448/Y (OAI22X1_RVT)                     0.11 *     0.41 r
  G547 (out)                               0.00 *     0.41 r
  data arrival time                                   0.41

  clock ideal_clock1 (rise edge)           0.00       0.00
  clock network delay (ideal)              0.40       0.40
  clock uncertainty                        0.05       0.45
  output external delay                   -2.00      -1.55
  data required time                                 -1.55
  -----------------------------------------------------------
  data required time                                 -1.55
  data arrival time                                  -0.41
  -----------------------------------------------------------
  slack (MET)                                         1.96


  Startpoint: DFF_17/q_reg
              (rising edge-triggered flip-flop clocked by ideal_clock1)
  Endpoint: G539 (output port clocked by ideal_clock1)
  Path Group: ideal_clock1
  Path Type: min

  Point                                    Incr       Path
  -----------------------------------------------------------
  clock ideal_clock1 (rise edge)           0.00       0.00
  clock network delay (propagated)         0.00       0.00
  DFF_17/q_reg/CLK (DFFX1_RVT)             0.00       0.00 r
  DFF_17/q_reg/Q (DFFX1_RVT)               0.16       0.16 r
  DFF_17/q (dff_1)                         0.00       0.16 r
  U664/Y (NAND3X0_RVT)                     0.07 *     0.22 f
  U655/Y (NAND3X0_RVT)                     0.08 *     0.30 r
  U617/Y (OAI222X1_RVT)                    0.13 *     0.43 f
  G539 (out)                               0.00 *     0.43 f
  data arrival time                                   0.43

  clock ideal_clock1 (rise edge)           0.00       0.00
  clock network delay (ideal)              0.40       0.40
  clock uncertainty                        0.05       0.45
  output external delay                   -2.00      -1.55
  data required time                                 -1.55
  -----------------------------------------------------------
  data required time                                 -1.55
  data arrival time                                  -0.43
  -----------------------------------------------------------
  slack (MET)                                         1.98


  Startpoint: DFF_4/q_reg
              (rising edge-triggered flip-flop clocked by ideal_clock1)
  Endpoint: G549 (output port clocked by ideal_clock1)
  Path Group: ideal_clock1
  Path Type: min

  Point                                    Incr       Path
  -----------------------------------------------------------
  clock ideal_clock1 (rise edge)           0.00       0.00
  clock network delay (propagated)         0.00       0.00
  DFF_4/q_reg/CLK (DFFX1_RVT)              0.00       0.00 r
  DFF_4/q_reg/Q (DFFX1_RVT)                0.15       0.15 f
  DFF_4/q (dff_14)                         0.00       0.15 f
  U570/Y (OR3X2_RVT)                       0.10 *     0.25 f
  U628/Y (NAND3X0_RVT)                     0.05 *     0.30 r
  U377/Y (NOR2X0_RVT)                      0.09 *     0.38 f
  U376/Y (NAND2X0_RVT)                     0.05 *     0.44 r
  G549 (out)                               0.00 *     0.44 r
  data arrival time                                   0.44

  clock ideal_clock1 (rise edge)           0.00       0.00
  clock network delay (ideal)              0.40       0.40
  clock uncertainty                        0.05       0.45
  output external delay                   -2.00      -1.55
  data required time                                 -1.55
  -----------------------------------------------------------
  data required time                                 -1.55
  data arrival time                                  -0.44
  -----------------------------------------------------------
  slack (MET)                                         1.99


1
