 
****************************************
Report : cell
Design : s1238
Version: L-2016.03-SP5-1
Date   : Sat Mar  9 15:11:29 2019
****************************************

Attributes:
    b - black box (unknown)
    h - hierarchical
    n - noncombinational
    r - removable
    u - contains unmapped logic

Cell                      Reference       Library             Area  Attributes
--------------------------------------------------------------------------------
DFF_0                     dff_0                           6.607744  h, n
DFF_1                     dff_17                          6.607744  h, n
DFF_2                     dff_16                          6.607744  h, n
DFF_3                     dff_15                          6.607744  h, n
DFF_4                     dff_14                          6.607744  h, n
DFF_5                     dff_13                          6.607744  h, n
DFF_6                     dff_12                          6.607744  h, n
DFF_7                     dff_11                          6.607744  h, n
DFF_8                     dff_10                          6.607744  h, n
DFF_9                     dff_9                           6.607744  h, n
DFF_10                    dff_8                           6.607744  h, n
DFF_11                    dff_7                           6.607744  h, n
DFF_12                    dff_6                           6.607744  h, n
DFF_13                    dff_5                           6.607744  h, n
DFF_14                    dff_4                           6.607744  h, n
DFF_15                    dff_3                           6.607744  h, n
DFF_16                    dff_2                           6.607744  h, n
DFF_17                    dff_1                           6.607744  h, n
U126                      AND3X1_RVT      saed32rvt_ss0p95v25c
                                                          2.287296  
U298                      INVX1_RVT       saed32rvt_ss0p95v25c
                                                          1.270720  
U299                      OA22X1_RVT      saed32rvt_ss0p95v25c
                                                          2.541440  
U300                      NAND3X0_RVT     saed32rvt_ss0p95v25c
                                                          1.779008  
U301                      NAND3X0_RVT     saed32rvt_ss0p95v25c
                                                          1.779008  
U302                      NAND3X0_RVT     saed32rvt_ss0p95v25c
                                                          1.779008  
U303                      NAND3X0_RVT     saed32rvt_ss0p95v25c
                                                          1.779008  
U304                      NAND4X0_RVT     saed32rvt_ss0p95v25c
                                                          2.033152  
U305                      AND3X1_RVT      saed32rvt_ss0p95v25c
                                                          2.287296  
U306                      AND3X1_RVT      saed32rvt_ss0p95v25c
                                                          2.287296  
U307                      INVX1_RVT       saed32rvt_ss0p95v25c
                                                          1.270720  
U308                      INVX1_RVT       saed32rvt_ss0p95v25c
                                                          1.270720  
U309                      INVX1_RVT       saed32rvt_ss0p95v25c
                                                          1.270720  
U310                      NAND3X0_RVT     saed32rvt_ss0p95v25c
                                                          1.779008  
U311                      INVX1_RVT       saed32rvt_ss0p95v25c
                                                          1.270720  
U312                      AO21X1_RVT      saed32rvt_ss0p95v25c
                                                          2.541440  
U313                      OR2X1_RVT       saed32rvt_ss0p95v25c
                                                          2.033152  
U314                      AO22X1_RVT      saed32rvt_ss0p95v25c
                                                          2.541440  
U315                      INVX1_RVT       saed32rvt_ss0p95v25c
                                                          1.270720  
U316                      OA21X1_RVT      saed32rvt_ss0p95v25c
                                                          2.541440  
U317                      NAND3X0_RVT     saed32rvt_ss0p95v25c
                                                          1.779008  
U318                      OR2X1_RVT       saed32rvt_ss0p95v25c
                                                          2.033152  
U319                      AO21X1_RVT      saed32rvt_ss0p95v25c
                                                          2.541440  
U320                      OA21X1_RVT      saed32rvt_ss0p95v25c
                                                          2.541440  
U321                      AND2X1_RVT      saed32rvt_ss0p95v25c
                                                          2.033152  
U322                      OA22X1_RVT      saed32rvt_ss0p95v25c
                                                          2.541440  
U323                      AND3X1_RVT      saed32rvt_ss0p95v25c
                                                          2.287296  
U324                      INVX1_RVT       saed32rvt_ss0p95v25c
                                                          1.270720  
U325                      INVX1_RVT       saed32rvt_ss0p95v25c
                                                          1.270720  
U326                      INVX1_RVT       saed32rvt_ss0p95v25c
                                                          1.270720  
U327                      NAND4X0_RVT     saed32rvt_ss0p95v25c
                                                          2.033152  
U328                      AND2X1_RVT      saed32rvt_ss0p95v25c
                                                          2.033152  
U329                      INVX1_RVT       saed32rvt_ss0p95v25c
                                                          1.270720  
U330                      NAND3X0_RVT     saed32rvt_ss0p95v25c
                                                          1.779008  
U331                      OR2X1_RVT       saed32rvt_ss0p95v25c
                                                          2.033152  
U332                      AND4X1_RVT      saed32rvt_ss0p95v25c
                                                          2.541440  
U333                      OA22X1_RVT      saed32rvt_ss0p95v25c
                                                          2.541440  
U334                      AND3X1_RVT      saed32rvt_ss0p95v25c
                                                          2.287296  
U335                      NAND4X0_RVT     saed32rvt_ss0p95v25c
                                                          2.033152  
U336                      AO21X1_RVT      saed32rvt_ss0p95v25c
                                                          2.541440  
U337                      AO21X1_RVT      saed32rvt_ss0p95v25c
                                                          2.541440  
U338                      OA22X1_RVT      saed32rvt_ss0p95v25c
                                                          2.541440  
U339                      OA22X1_RVT      saed32rvt_ss0p95v25c
                                                          2.541440  
U340                      AND3X1_RVT      saed32rvt_ss0p95v25c
                                                          2.287296  
U341                      OA22X1_RVT      saed32rvt_ss0p95v25c
                                                          2.541440  
U342                      NAND4X0_RVT     saed32rvt_ss0p95v25c
                                                          2.033152  
U343                      AND2X1_RVT      saed32rvt_ss0p95v25c
                                                          2.033152  
U344                      AO22X1_RVT      saed32rvt_ss0p95v25c
                                                          2.541440  
U345                      NAND3X0_RVT     saed32rvt_ss0p95v25c
                                                          1.779008  
U346                      OAI22X1_RVT     saed32rvt_ss0p95v25c
                                                          3.049728  
U347                      AO21X1_RVT      saed32rvt_ss0p95v25c
                                                          2.541440  
U348                      OA21X1_RVT      saed32rvt_ss0p95v25c
                                                          2.541440  
U349                      OA21X1_RVT      saed32rvt_ss0p95v25c
                                                          2.541440  
U350                      AO21X1_RVT      saed32rvt_ss0p95v25c
                                                          2.541440  
U351                      OA222X1_RVT     saed32rvt_ss0p95v25c
                                                          3.303872  
U352                      OA22X1_RVT      saed32rvt_ss0p95v25c
                                                          2.541440  
U353                      AND3X1_RVT      saed32rvt_ss0p95v25c
                                                          2.287296  
U354                      INVX1_RVT       saed32rvt_ss0p95v25c
                                                          1.270720  
U355                      AND3X1_RVT      saed32rvt_ss0p95v25c
                                                          2.287296  
U356                      AND3X1_RVT      saed32rvt_ss0p95v25c
                                                          2.287296  
U357                      OA22X1_RVT      saed32rvt_ss0p95v25c
                                                          2.541440  
U358                      NAND3X0_RVT     saed32rvt_ss0p95v25c
                                                          1.779008  
U359                      INVX1_RVT       saed32rvt_ss0p95v25c
                                                          1.270720  
U360                      AND2X1_RVT      saed32rvt_ss0p95v25c
                                                          2.033152  
U361                      INVX1_RVT       saed32rvt_ss0p95v25c
                                                          1.270720  
U362                      AND2X1_RVT      saed32rvt_ss0p95v25c
                                                          2.033152  
U363                      INVX1_RVT       saed32rvt_ss0p95v25c
                                                          1.270720  
U364                      INVX1_RVT       saed32rvt_ss0p95v25c
                                                          1.270720  
U365                      AND2X1_RVT      saed32rvt_ss0p95v25c
                                                          2.033152  
U366                      AND2X1_RVT      saed32rvt_ss0p95v25c
                                                          2.033152  
U367                      NOR2X0_RVT      saed32rvt_ss0p95v25c
                                                          2.541440  
U368                      AND2X1_RVT      saed32rvt_ss0p95v25c
                                                          2.033152  
U369                      NAND3X0_RVT     saed32rvt_ss0p95v25c
                                                          1.779008  
U370                      NAND3X0_RVT     saed32rvt_ss0p95v25c
                                                          1.779008  
U371                      OR2X1_RVT       saed32rvt_ss0p95v25c
                                                          2.033152  
U372                      INVX0_RVT       saed32rvt_ss0p95v25c
                                                          1.270720  
U373                      AND2X1_RVT      saed32rvt_ss0p95v25c
                                                          2.033152  
U374                      NAND3X0_RVT     saed32rvt_ss0p95v25c
                                                          1.779008  
U375                      AND2X1_RVT      saed32rvt_ss0p95v25c
                                                          2.033152  
U376                      NAND2X0_RVT     saed32rvt_ss0p95v25c
                                                          1.524864  
U377                      NOR2X0_RVT      saed32rvt_ss0p95v25c
                                                          2.541440  
U378                      NAND2X0_RVT     saed32rvt_ss0p95v25c
                                                          1.524864  
U379                      NAND2X0_RVT     saed32rvt_ss0p95v25c
                                                          1.524864  
U380                      NAND2X0_RVT     saed32rvt_ss0p95v25c
                                                          1.524864  
U381                      AND2X1_RVT      saed32rvt_ss0p95v25c
                                                          2.033152  
U382                      NAND2X0_RVT     saed32rvt_ss0p95v25c
                                                          1.524864  
U385                      NAND2X0_RVT     saed32rvt_ss0p95v25c
                                                          1.524864  
U386                      NAND2X0_RVT     saed32rvt_ss0p95v25c
                                                          1.524864  
U387                      NAND3X0_RVT     saed32rvt_ss0p95v25c
                                                          1.779008  
U389                      INVX1_RVT       saed32rvt_ss0p95v25c
                                                          1.270720  
U390                      INVX0_RVT       saed32rvt_ss0p95v25c
                                                          1.270720  
U391                      INVX0_RVT       saed32rvt_ss0p95v25c
                                                          1.270720  
U392                      AND2X1_RVT      saed32rvt_ss0p95v25c
                                                          2.033152  
U394                      AND3X1_RVT      saed32rvt_ss0p95v25c
                                                          2.287296  
U395                      NAND4X0_RVT     saed32rvt_ss0p95v25c
                                                          2.033152  
U396                      INVX1_RVT       saed32rvt_ss0p95v25c
                                                          1.270720  
U397                      NAND2X0_RVT     saed32rvt_ss0p95v25c
                                                          1.524864  
U399                      INVX0_RVT       saed32rvt_ss0p95v25c
                                                          1.270720  
U400                      NAND3X0_RVT     saed32rvt_ss0p95v25c
                                                          1.779008  
U403                      NAND3X0_RVT     saed32rvt_ss0p95v25c
                                                          1.779008  
U404                      AND3X1_RVT      saed32rvt_ss0p95v25c
                                                          2.287296  
U405                      INVX1_RVT       saed32rvt_ss0p95v25c
                                                          1.270720  
U406                      OR2X1_RVT       saed32rvt_ss0p95v25c
                                                          2.033152  
U407                      INVX1_RVT       saed32rvt_ss0p95v25c
                                                          1.270720  
U408                      INVX0_RVT       saed32rvt_ss0p95v25c
                                                          1.270720  
U409                      INVX0_RVT       saed32rvt_ss0p95v25c
                                                          1.270720  
U410                      INVX0_RVT       saed32rvt_ss0p95v25c
                                                          1.270720  
U411                      INVX0_RVT       saed32rvt_ss0p95v25c
                                                          1.270720  
U412                      AO22X1_RVT      saed32rvt_ss0p95v25c
                                                          2.541440  
U413                      INVX0_RVT       saed32rvt_ss0p95v25c
                                                          1.270720  
U414                      INVX0_RVT       saed32rvt_ss0p95v25c
                                                          1.270720  
U415                      NOR2X0_RVT      saed32rvt_ss0p95v25c
                                                          2.541440  
U416                      AND3X1_RVT      saed32rvt_ss0p95v25c
                                                          2.287296  
U417                      NAND2X0_RVT     saed32rvt_ss0p95v25c
                                                          1.524864  
U418                      AND2X1_RVT      saed32rvt_ss0p95v25c
                                                          2.033152  
U419                      INVX1_RVT       saed32rvt_ss0p95v25c
                                                          1.270720  
U420                      OR2X1_RVT       saed32rvt_ss0p95v25c
                                                          2.033152  
U421                      AO21X1_RVT      saed32rvt_ss0p95v25c
                                                          2.541440  
U422                      AND2X1_RVT      saed32rvt_ss0p95v25c
                                                          2.033152  
U423                      INVX1_RVT       saed32rvt_ss0p95v25c
                                                          1.270720  
U424                      NAND2X0_RVT     saed32rvt_ss0p95v25c
                                                          1.524864  
U425                      NAND2X0_RVT     saed32rvt_ss0p95v25c
                                                          1.524864  
U426                      NOR3X0_RVT      saed32rvt_ss0p95v25c
                                                          2.795584  
U427                      INVX0_RVT       saed32rvt_ss0p95v25c
                                                          1.270720  
U428                      OA221X1_RVT     saed32rvt_ss0p95v25c
                                                          3.049728  
U429                      AO21X1_RVT      saed32rvt_ss0p95v25c
                                                          2.541440  
U430                      AO22X1_RVT      saed32rvt_ss0p95v25c
                                                          2.541440  
U431                      INVX1_RVT       saed32rvt_ss0p95v25c
                                                          1.270720  
U433                      NAND2X0_RVT     saed32rvt_ss0p95v25c
                                                          1.524864  
U434                      NAND2X0_RVT     saed32rvt_ss0p95v25c
                                                          1.524864  
U435                      NAND2X0_RVT     saed32rvt_ss0p95v25c
                                                          1.524864  
U436                      NAND2X0_RVT     saed32rvt_ss0p95v25c
                                                          1.524864  
U437                      NAND2X0_RVT     saed32rvt_ss0p95v25c
                                                          1.524864  
U438                      NAND2X0_RVT     saed32rvt_ss0p95v25c
                                                          1.524864  
U439                      XOR2X1_RVT      saed32rvt_ss0p95v25c
                                                          4.320448  
U440                      INVX1_RVT       saed32rvt_ss0p95v25c
                                                          1.270720  
U441                      INVX1_RVT       saed32rvt_ss0p95v25c
                                                          1.270720  
U442                      AND4X1_RVT      saed32rvt_ss0p95v25c
                                                          2.541440  
U443                      AO22X1_RVT      saed32rvt_ss0p95v25c
                                                          2.541440  
U444                      AO22X1_RVT      saed32rvt_ss0p95v25c
                                                          2.541440  
U445                      NAND2X0_RVT     saed32rvt_ss0p95v25c
                                                          1.524864  
U446                      AND2X1_RVT      saed32rvt_ss0p95v25c
                                                          2.033152  
U447                      OA22X1_RVT      saed32rvt_ss0p95v25c
                                                          2.541440  
U448                      OAI22X1_RVT     saed32rvt_ss0p95v25c
                                                          3.049728  
U449                      OA22X1_RVT      saed32rvt_ss0p95v25c
                                                          2.541440  
U450                      OR2X1_RVT       saed32rvt_ss0p95v25c
                                                          2.033152  
U451                      NAND3X0_RVT     saed32rvt_ss0p95v25c
                                                          1.779008  
U452                      NAND2X0_RVT     saed32rvt_ss0p95v25c
                                                          1.524864  
U453                      INVX0_RVT       saed32rvt_ss0p95v25c
                                                          1.270720  
U454                      INVX1_RVT       saed32rvt_ss0p95v25c
                                                          1.270720  
U455                      NAND4X0_RVT     saed32rvt_ss0p95v25c
                                                          2.033152  
U456                      OA21X1_RVT      saed32rvt_ss0p95v25c
                                                          2.541440  
U457                      NAND4X0_RVT     saed32rvt_ss0p95v25c
                                                          2.033152  
U458                      AOI21X1_RVT     saed32rvt_ss0p95v25c
                                                          3.049728  
U459                      NAND3X0_RVT     saed32rvt_ss0p95v25c
                                                          1.779008  
U460                      NAND2X0_RVT     saed32rvt_ss0p95v25c
                                                          1.524864  
U461                      NAND2X0_RVT     saed32rvt_ss0p95v25c
                                                          1.524864  
U462                      NAND2X0_RVT     saed32rvt_ss0p95v25c
                                                          1.524864  
U463                      NAND2X0_RVT     saed32rvt_ss0p95v25c
                                                          1.524864  
U464                      NAND2X0_RVT     saed32rvt_ss0p95v25c
                                                          1.524864  
U465                      NAND2X0_RVT     saed32rvt_ss0p95v25c
                                                          1.524864  
U466                      AO221X1_RVT     saed32rvt_ss0p95v25c
                                                          3.049728  
U467                      NOR3X0_RVT      saed32rvt_ss0p95v25c
                                                          2.795584  
U468                      OAI221X1_RVT    saed32rvt_ss0p95v25c
                                                          3.558016  
U469                      OA221X1_RVT     saed32rvt_ss0p95v25c
                                                          3.049728  
U470                      OA22X1_RVT      saed32rvt_ss0p95v25c
                                                          2.541440  
U471                      OR2X1_RVT       saed32rvt_ss0p95v25c
                                                          2.033152  
U472                      AND4X1_RVT      saed32rvt_ss0p95v25c
                                                          2.541440  
U473                      AND2X1_RVT      saed32rvt_ss0p95v25c
                                                          2.033152  
U474                      AND2X1_RVT      saed32rvt_ss0p95v25c
                                                          2.033152  
U475                      AND2X1_RVT      saed32rvt_ss0p95v25c
                                                          2.033152  
U476                      NAND3X0_RVT     saed32rvt_ss0p95v25c
                                                          1.779008  
U477                      OR3X1_RVT       saed32rvt_ss0p95v25c
                                                          2.541440  
U478                      NAND4X0_RVT     saed32rvt_ss0p95v25c
                                                          2.033152  
U479                      AOI21X1_RVT     saed32rvt_ss0p95v25c
                                                          3.049728  
U480                      NAND2X0_RVT     saed32rvt_ss0p95v25c
                                                          1.524864  
U481                      AOI21X1_RVT     saed32rvt_ss0p95v25c
                                                          3.049728  
U482                      AO21X1_RVT      saed32rvt_ss0p95v25c
                                                          2.541440  
U483                      NAND3X0_RVT     saed32rvt_ss0p95v25c
                                                          1.779008  
U484                      NAND2X0_RVT     saed32rvt_ss0p95v25c
                                                          1.524864  
U489                      NAND3X0_RVT     saed32rvt_ss0p95v25c
                                                          1.779008  
U490                      NAND2X0_RVT     saed32rvt_ss0p95v25c
                                                          1.524864  
U491                      NAND2X0_RVT     saed32rvt_ss0p95v25c
                                                          1.524864  
U493                      AND2X1_RVT      saed32rvt_ss0p95v25c
                                                          2.033152  
U494                      NAND2X0_RVT     saed32rvt_ss0p95v25c
                                                          1.524864  
U495                      OA21X1_RVT      saed32rvt_ss0p95v25c
                                                          2.541440  
U496                      NAND2X0_RVT     saed32rvt_ss0p95v25c
                                                          1.524864  
U497                      INVX1_RVT       saed32rvt_ss0p95v25c
                                                          1.270720  
U498                      INVX1_RVT       saed32rvt_ss0p95v25c
                                                          1.270720  
U499                      NAND2X0_RVT     saed32rvt_ss0p95v25c
                                                          1.524864  
U500                      INVX0_RVT       saed32rvt_ss0p95v25c
                                                          1.270720  
U501                      AND3X1_RVT      saed32rvt_ss0p95v25c
                                                          2.287296  
U502                      INVX1_RVT       saed32rvt_ss0p95v25c
                                                          1.270720  
U511                      INVX0_RVT       saed32rvt_ss0p95v25c
                                                          1.270720  
U513                      INVX0_RVT       saed32rvt_ss0p95v25c
                                                          1.270720  
U514                      NAND2X0_RVT     saed32rvt_ss0p95v25c
                                                          1.524864  
U515                      XOR2X1_RVT      saed32rvt_ss0p95v25c
                                                          4.320448  
U516                      NAND2X0_RVT     saed32rvt_ss0p95v25c
                                                          1.524864  
U517                      AO222X1_RVT     saed32rvt_ss0p95v25c
                                                          3.303872  
U518                      NAND2X0_RVT     saed32rvt_ss0p95v25c
                                                          1.524864  
U519                      AO22X1_RVT      saed32rvt_ss0p95v25c
                                                          2.541440  
U520                      NAND2X0_RVT     saed32rvt_ss0p95v25c
                                                          1.524864  
U521                      NAND2X0_RVT     saed32rvt_ss0p95v25c
                                                          1.524864  
U522                      NAND3X0_RVT     saed32rvt_ss0p95v25c
                                                          1.779008  
U524                      AO221X1_RVT     saed32rvt_ss0p95v25c
                                                          3.049728  
U525                      INVX1_RVT       saed32rvt_ss0p95v25c
                                                          1.270720  
U526                      NAND3X0_RVT     saed32rvt_ss0p95v25c
                                                          1.779008  
U528                      AND2X1_RVT      saed32rvt_ss0p95v25c
                                                          2.033152  
U529                      NAND2X0_RVT     saed32rvt_ss0p95v25c
                                                          1.524864  
U530                      NAND2X0_RVT     saed32rvt_ss0p95v25c
                                                          1.524864  
U531                      NBUFFX2_RVT     saed32rvt_ss0p95v25c
                                                          2.033152  
U532                      INVX0_RVT       saed32rvt_ss0p95v25c
                                                          1.270720  
U536                      OA221X1_RVT     saed32rvt_ss0p95v25c
                                                          3.049728  
U537                      NAND2X0_RVT     saed32rvt_ss0p95v25c
                                                          1.524864  
U538                      NAND2X0_RVT     saed32rvt_ss0p95v25c
                                                          1.524864  
U539                      INVX0_RVT       saed32rvt_ss0p95v25c
                                                          1.270720  
U541                      AND4X1_RVT      saed32rvt_ss0p95v25c
                                                          2.541440  
U542                      NAND2X0_RVT     saed32rvt_ss0p95v25c
                                                          1.524864  
U543                      NAND2X0_RVT     saed32rvt_ss0p95v25c
                                                          1.524864  
U544                      NAND2X0_RVT     saed32rvt_ss0p95v25c
                                                          1.524864  
U545                      NAND2X0_RVT     saed32rvt_ss0p95v25c
                                                          1.524864  
U546                      INVX0_RVT       saed32rvt_ss0p95v25c
                                                          1.270720  
U547                      NAND2X0_RVT     saed32rvt_ss0p95v25c
                                                          1.524864  
U548                      INVX0_RVT       saed32rvt_ss0p95v25c
                                                          1.270720  
U551                      INVX0_RVT       saed32rvt_ss0p95v25c
                                                          1.270720  
U557                      NAND3X0_RVT     saed32rvt_ss0p95v25c
                                                          1.779008  
U558                      NAND2X0_RVT     saed32rvt_ss0p95v25c
                                                          1.524864  
U559                      NAND2X0_RVT     saed32rvt_ss0p95v25c
                                                          1.524864  
U560                      NAND3X0_RVT     saed32rvt_ss0p95v25c
                                                          1.779008  
U561                      INVX0_RVT       saed32rvt_ss0p95v25c
                                                          1.270720  
U562                      NAND2X0_RVT     saed32rvt_ss0p95v25c
                                                          1.524864  
U564                      NAND2X0_RVT     saed32rvt_ss0p95v25c
                                                          1.524864  
U565                      NAND2X0_RVT     saed32rvt_ss0p95v25c
                                                          1.524864  
U566                      INVX0_RVT       saed32rvt_ss0p95v25c
                                                          1.270720  
U569                      NAND2X0_RVT     saed32rvt_ss0p95v25c
                                                          1.524864  
U570                      OR3X2_RVT       saed32rvt_ss0p95v25c
                                                          2.541440  
U571                      OA221X1_RVT     saed32rvt_ss0p95v25c
                                                          3.049728  
U572                      NAND2X0_RVT     saed32rvt_ss0p95v25c
                                                          1.524864  
U573                      NAND2X0_RVT     saed32rvt_ss0p95v25c
                                                          1.524864  
U575                      INVX0_RVT       saed32rvt_ss0p95v25c
                                                          1.270720  
U576                      AO221X1_RVT     saed32rvt_ss0p95v25c
                                                          3.049728  
U577                      XOR2X1_RVT      saed32rvt_ss0p95v25c
                                                          4.320448  
U579                      NAND2X0_RVT     saed32rvt_ss0p95v25c
                                                          1.524864  
U582                      INVX0_RVT       saed32rvt_ss0p95v25c
                                                          1.270720  
U583                      NAND2X0_RVT     saed32rvt_ss0p95v25c
                                                          1.524864  
U584                      NAND2X0_RVT     saed32rvt_ss0p95v25c
                                                          1.524864  
U585                      NAND2X0_RVT     saed32rvt_ss0p95v25c
                                                          1.524864  
U586                      OA221X1_RVT     saed32rvt_ss0p95v25c
                                                          3.049728  
U587                      NAND2X0_RVT     saed32rvt_ss0p95v25c
                                                          1.524864  
U589                      NAND2X0_RVT     saed32rvt_ss0p95v25c
                                                          1.524864  
U590                      NAND2X0_RVT     saed32rvt_ss0p95v25c
                                                          1.524864  
U592                      NAND2X0_RVT     saed32rvt_ss0p95v25c
                                                          1.524864  
U597                      AO221X1_RVT     saed32rvt_ss0p95v25c
                                                          3.049728  
U598                      NAND2X0_RVT     saed32rvt_ss0p95v25c
                                                          1.524864  
U599                      INVX0_RVT       saed32rvt_ss0p95v25c
                                                          1.270720  
U600                      AOI22X1_RVT     saed32rvt_ss0p95v25c
                                                          3.049728  
U601                      NAND2X0_RVT     saed32rvt_ss0p95v25c
                                                          1.524864  
U602                      NAND2X0_RVT     saed32rvt_ss0p95v25c
                                                          1.524864  
U604                      NAND2X0_RVT     saed32rvt_ss0p95v25c
                                                          1.524864  
U605                      OAI21X1_RVT     saed32rvt_ss0p95v25c
                                                          3.049728  
U606                      NAND2X0_RVT     saed32rvt_ss0p95v25c
                                                          1.524864  
U607                      INVX0_RVT       saed32rvt_ss0p95v25c
                                                          1.270720  
U609                      NAND2X0_RVT     saed32rvt_ss0p95v25c
                                                          1.524864  
U610                      NAND2X0_RVT     saed32rvt_ss0p95v25c
                                                          1.524864  
U611                      OA22X1_RVT      saed32rvt_ss0p95v25c
                                                          2.541440  
U612                      OAI222X1_RVT    saed32rvt_ss0p95v25c
                                                          3.812160  
U613                      NAND2X0_RVT     saed32rvt_ss0p95v25c
                                                          1.524864  
U614                      AO21X1_RVT      saed32rvt_ss0p95v25c
                                                          2.541440  
U615                      AND2X1_RVT      saed32rvt_ss0p95v25c
                                                          2.033152  
U616                      AO21X1_RVT      saed32rvt_ss0p95v25c
                                                          2.541440  
U617                      OAI222X1_RVT    saed32rvt_ss0p95v25c
                                                          3.812160  
U618                      NAND3X0_RVT     saed32rvt_ss0p95v25c
                                                          1.779008  
U619                      OA222X1_RVT     saed32rvt_ss0p95v25c
                                                          3.303872  
U620                      NAND2X0_RVT     saed32rvt_ss0p95v25c
                                                          1.524864  
U621                      NAND2X0_RVT     saed32rvt_ss0p95v25c
                                                          1.524864  
U622                      NAND2X0_RVT     saed32rvt_ss0p95v25c
                                                          1.524864  
U623                      NAND2X0_RVT     saed32rvt_ss0p95v25c
                                                          1.524864  
U624                      AO221X1_RVT     saed32rvt_ss0p95v25c
                                                          3.049728  
U625                      INVX0_RVT       saed32rvt_ss0p95v25c
                                                          1.270720  
U628                      NAND3X0_RVT     saed32rvt_ss0p95v25c
                                                          1.779008  
U629                      NAND4X0_RVT     saed32rvt_ss0p95v25c
                                                          2.033152  
U630                      NAND4X0_RVT     saed32rvt_ss0p95v25c
                                                          2.033152  
U633                      NAND2X0_RVT     saed32rvt_ss0p95v25c
                                                          1.524864  
U634                      NAND2X0_RVT     saed32rvt_ss0p95v25c
                                                          1.524864  
U635                      INVX0_RVT       saed32rvt_ss0p95v25c
                                                          1.270720  
U636                      OR3X2_RVT       saed32rvt_ss0p95v25c
                                                          2.541440  
U637                      XNOR2X1_RVT     saed32rvt_ss0p95v25c
                                                          4.320448  
U638                      NAND2X0_RVT     saed32rvt_ss0p95v25c
                                                          1.524864  
U639                      OA221X1_RVT     saed32rvt_ss0p95v25c
                                                          3.049728  
U640                      OA221X1_RVT     saed32rvt_ss0p95v25c
                                                          3.049728  
U641                      INVX0_RVT       saed32rvt_ss0p95v25c
                                                          1.270720  
U642                      OA221X1_RVT     saed32rvt_ss0p95v25c
                                                          3.049728  
U643                      NAND2X0_RVT     saed32rvt_ss0p95v25c
                                                          1.524864  
U644                      AO221X1_RVT     saed32rvt_ss0p95v25c
                                                          3.049728  
U645                      AO221X1_RVT     saed32rvt_ss0p95v25c
                                                          3.049728  
U646                      AOI221X1_RVT    saed32rvt_ss0p95v25c
                                                          3.558016  
U647                      OA221X1_RVT     saed32rvt_ss0p95v25c
                                                          3.049728  
U648                      AO221X1_RVT     saed32rvt_ss0p95v25c
                                                          3.049728  
U649                      NAND3X0_RVT     saed32rvt_ss0p95v25c
                                                          1.779008  
U650                      NAND2X0_RVT     saed32rvt_ss0p95v25c
                                                          1.524864  
U651                      NAND2X0_RVT     saed32rvt_ss0p95v25c
                                                          1.524864  
U652                      OA222X1_RVT     saed32rvt_ss0p95v25c
                                                          3.303872  
U653                      OA221X1_RVT     saed32rvt_ss0p95v25c
                                                          3.049728  
U654                      OR3X2_RVT       saed32rvt_ss0p95v25c
                                                          2.541440  
U655                      NAND3X0_RVT     saed32rvt_ss0p95v25c
                                                          1.779008  
U656                      NAND2X0_RVT     saed32rvt_ss0p95v25c
                                                          1.524864  
U657                      OAI22X1_RVT     saed32rvt_ss0p95v25c
                                                          3.049728  
U658                      OAI222X1_RVT    saed32rvt_ss0p95v25c
                                                          3.812160  
U659                      NAND2X0_RVT     saed32rvt_ss0p95v25c
                                                          1.524864  
U660                      NAND2X0_RVT     saed32rvt_ss0p95v25c
                                                          1.524864  
U661                      AO22X1_RVT      saed32rvt_ss0p95v25c
                                                          2.541440  
U662                      NAND2X0_RVT     saed32rvt_ss0p95v25c
                                                          1.524864  
U663                      INVX0_RVT       saed32rvt_ss0p95v25c
                                                          1.270720  
U664                      NAND3X0_RVT     saed32rvt_ss0p95v25c
                                                          1.779008  
U665                      NAND3X0_RVT     saed32rvt_ss0p95v25c
                                                          1.779008  
--------------------------------------------------------------------------------
Total 333 cells                                           742.354629
1
