 
****************************************
Report : area
Design : s1238
Version: L-2016.03-SP5-1
Date   : Sat Mar  9 15:11:29 2019
****************************************

Library(s) Used:

    saed32rvt_ss0p95v25c (File: /mnt/class_data/ecec574-w2019/PDKs/SAED32nm/lib/stdcell_rvt/db_ccs/saed32rvt_ss0p95v25c.db)

Number of ports:                           33
Number of nets:                           350
Number of cells:                          333
Number of combinational cells:            315
Number of sequential cells:                 0
Number of macros/black boxes:               0
Number of buf/inv:                         60
Number of references:                      49

Combinational area:                623.415233
Buf/Inv area:                       77.005632
Noncombinational area:             118.939396
Macro/Black Box area:                0.000000
Net Interconnect area:             175.653854

Total cell area:                   742.354629
Total area:                        918.008483
1
