 
****************************************
Report : timing
        -path full
        -delay max
        -max_paths 20
Design : s1238
Version: L-2016.03-SP5-1
Date   : Sat Mar  9 14:29:08 2019
****************************************

 * Some/all delay information is back-annotated.

Operating Conditions: ss0p95v25c   Library: saed32rvt_ss0p95v25c
	Parasitic source    : LPE
	Parasitic mode      : RealRVirtualC
	Extraction mode     : MIN_MAX
	Extraction derating : 125/125/125

Information: Percent of Arnoldi-based delays =  1.58%

  Startpoint: G6 (input port clocked by ideal_clock1)
  Endpoint: G532 (output port clocked by ideal_clock1)
  Path Group: ideal_clock1
  Path Type: max

  Point                                    Incr       Path
  -----------------------------------------------------------
  clock ideal_clock1 (rise edge)           0.00       0.00
  clock network delay (ideal)              0.40       0.40
  input external delay                     2.00       2.40 r
  G6 (in)                                  0.00       2.40 r
  U480/Y (NAND2X0_RVT)                     0.13 *     2.53 f
  U391/Y (INVX0_RVT)                       0.14 *     2.67 r
  U601/Y (NAND2X0_RVT)                     0.10 *     2.76 f
  U551/Y (INVX0_RVT)                       0.07 *     2.83 r
  U600/Y (AOI22X1_RVT)                     0.12 *     2.95 f
  U611/Y (OA22X1_RVT)                      0.08 *     3.03 f
  U612/Y (OAI222X1_RVT)                    0.14 *     3.17 r
  U369/Y (NAND3X0_RVT)                     0.07 *     3.24 f
  U590/Y (NAND2X0_RVT)                     0.08 *     3.32 r
  U615/Y (AND2X1_RVT)                      0.07 *     3.39 r
  U614/Y (AO21X1_RVT)                      0.06 *     3.44 r
  U392/Y (AND2X1_RVT)                      0.06 *     3.51 r
  U613/Y (NAND2X0_RVT)                     0.07 *     3.58 f
  U652/Y (OA222X1_RVT)                     0.15 *     3.73 f
  U629/Y (NAND4X0_RVT)                     0.07 *     3.80 r
  G532 (out)                               0.00 *     3.80 r
  data arrival time                                   3.80

  clock ideal_clock1 (rise edge)           6.50       6.50
  clock network delay (ideal)              0.40       6.90
  clock uncertainty                       -0.05       6.85
  output external delay                   -2.00       4.85
  data required time                                  4.85
  -----------------------------------------------------------
  data required time                                  4.85
  data arrival time                                  -3.80
  -----------------------------------------------------------
  slack (MET)                                         1.05


  Startpoint: G6 (input port clocked by ideal_clock1)
  Endpoint: G537 (output port clocked by ideal_clock1)
  Path Group: ideal_clock1
  Path Type: max

  Point                                    Incr       Path
  -----------------------------------------------------------
  clock ideal_clock1 (rise edge)           0.00       0.00
  clock network delay (ideal)              0.40       0.40
  input external delay                     2.00       2.40 r
  G6 (in)                                  0.00       2.40 r
  U480/Y (NAND2X0_RVT)                     0.13 *     2.53 f
  U391/Y (INVX0_RVT)                       0.14 *     2.67 r
  U601/Y (NAND2X0_RVT)                     0.10 *     2.76 f
  U551/Y (INVX0_RVT)                       0.07 *     2.83 r
  U600/Y (AOI22X1_RVT)                     0.12 *     2.95 f
  U611/Y (OA22X1_RVT)                      0.08 *     3.03 f
  U612/Y (OAI222X1_RVT)                    0.14 *     3.17 r
  U369/Y (NAND3X0_RVT)                     0.07 *     3.24 f
  U590/Y (NAND2X0_RVT)                     0.08 *     3.32 r
  U615/Y (AND2X1_RVT)                      0.07 *     3.39 r
  U614/Y (AO21X1_RVT)                      0.06 *     3.44 r
  U392/Y (AND2X1_RVT)                      0.06 *     3.51 r
  U613/Y (NAND2X0_RVT)                     0.07 *     3.58 f
  U619/Y (OA222X1_RVT)                     0.14 *     3.72 f
  U618/Y (NAND3X0_RVT)                     0.07 *     3.79 r
  G537 (out)                               0.00 *     3.79 r
  data arrival time                                   3.79

  clock ideal_clock1 (rise edge)           6.50       6.50
  clock network delay (ideal)              0.40       6.90
  clock uncertainty                       -0.05       6.85
  output external delay                   -2.00       4.85
  data required time                                  4.85
  -----------------------------------------------------------
  data required time                                  4.85
  data arrival time                                  -3.79
  -----------------------------------------------------------
  slack (MET)                                         1.06


  Startpoint: G6 (input port clocked by ideal_clock1)
  Endpoint: G535 (output port clocked by ideal_clock1)
  Path Group: ideal_clock1
  Path Type: max

  Point                                    Incr       Path
  -----------------------------------------------------------
  clock ideal_clock1 (rise edge)           0.00       0.00
  clock network delay (ideal)              0.40       0.40
  input external delay                     2.00       2.40 r
  G6 (in)                                  0.00       2.40 r
  U480/Y (NAND2X0_RVT)                     0.13 *     2.53 f
  U391/Y (INVX0_RVT)                       0.14 *     2.67 r
  U601/Y (NAND2X0_RVT)                     0.10 *     2.76 f
  U551/Y (INVX0_RVT)                       0.07 *     2.83 r
  U600/Y (AOI22X1_RVT)                     0.12 *     2.95 f
  U611/Y (OA22X1_RVT)                      0.08 *     3.03 f
  U612/Y (OAI222X1_RVT)                    0.14 *     3.17 r
  U369/Y (NAND3X0_RVT)                     0.07 *     3.24 f
  U590/Y (NAND2X0_RVT)                     0.08 *     3.32 r
  U615/Y (AND2X1_RVT)                      0.07 *     3.39 r
  U614/Y (AO21X1_RVT)                      0.06 *     3.44 r
  U392/Y (AND2X1_RVT)                      0.06 *     3.51 r
  U613/Y (NAND2X0_RVT)                     0.07 *     3.58 f
  U299/Y (OA22X1_RVT)                      0.10 *     3.68 f
  U559/Y (NAND2X0_RVT)                     0.06 *     3.74 r
  G535 (out)                               0.00 *     3.74 r
  data arrival time                                   3.74

  clock ideal_clock1 (rise edge)           6.50       6.50
  clock network delay (ideal)              0.40       6.90
  clock uncertainty                       -0.05       6.85
  output external delay                   -2.00       4.85
  data required time                                  4.85
  -----------------------------------------------------------
  data required time                                  4.85
  data arrival time                                  -3.74
  -----------------------------------------------------------
  slack (MET)                                         1.11


  Startpoint: G6 (input port clocked by ideal_clock1)
  Endpoint: G549 (output port clocked by ideal_clock1)
  Path Group: ideal_clock1
  Path Type: max

  Point                                    Incr       Path
  -----------------------------------------------------------
  clock ideal_clock1 (rise edge)           0.00       0.00
  clock network delay (ideal)              0.40       0.40
  input external delay                     2.00       2.40 f
  G6 (in)                                  0.00       2.40 f
  U329/Y (INVX1_RVT)                       0.09 *     2.49 r
  U526/Y (NAND3X0_RVT)                     0.11 *     2.60 f
  U541/Y (AND4X1_RVT)                      0.14 *     2.74 f
  U646/Y (AOI221X1_RVT)                    0.09 *     2.83 r
  U647/Y (OA221X1_RVT)                     0.11 *     2.94 r
  U664/Y (NAND3X0_RVT)                     0.08 *     3.02 f
  U663/Y (INVX0_RVT)                       0.07 *     3.09 r
  U665/Y (NAND3X0_RVT)                     0.18 *     3.27 f
  U407/Y (INVX1_RVT)                       0.13 *     3.40 r
  U334/Y (AND3X1_RVT)                      0.09 *     3.49 r
  U377/Y (NOR2X0_RVT)                      0.08 *     3.57 f
  U376/Y (NAND2X0_RVT)                     0.06 *     3.62 r
  G549 (out)                               0.00 *     3.62 r
  data arrival time                                   3.62

  clock ideal_clock1 (rise edge)           6.50       6.50
  clock network delay (ideal)              0.40       6.90
  clock uncertainty                       -0.05       6.85
  output external delay                   -2.00       4.85
  data required time                                  4.85
  -----------------------------------------------------------
  data required time                                  4.85
  data arrival time                                  -3.62
  -----------------------------------------------------------
  slack (MET)                                         1.23


  Startpoint: G6 (input port clocked by ideal_clock1)
  Endpoint: G547 (output port clocked by ideal_clock1)
  Path Group: ideal_clock1
  Path Type: max

  Point                                    Incr       Path
  -----------------------------------------------------------
  clock ideal_clock1 (rise edge)           0.00       0.00
  clock network delay (ideal)              0.40       0.40
  input external delay                     2.00       2.40 f
  G6 (in)                                  0.00       2.40 f
  U329/Y (INVX1_RVT)                       0.09 *     2.49 r
  U526/Y (NAND3X0_RVT)                     0.11 *     2.60 f
  U541/Y (AND4X1_RVT)                      0.14 *     2.74 f
  U646/Y (AOI221X1_RVT)                    0.09 *     2.83 r
  U647/Y (OA221X1_RVT)                     0.11 *     2.94 r
  U664/Y (NAND3X0_RVT)                     0.08 *     3.02 f
  U663/Y (INVX0_RVT)                       0.07 *     3.09 r
  U665/Y (NAND3X0_RVT)                     0.18 *     3.27 f
  U407/Y (INVX1_RVT)                       0.13 *     3.40 r
  U659/Y (NAND2X0_RVT)                     0.06 *     3.46 f
  U448/Y (OAI22X1_RVT)                     0.11 *     3.57 r
  G547 (out)                               0.00 *     3.57 r
  data arrival time                                   3.57

  clock ideal_clock1 (rise edge)           6.50       6.50
  clock network delay (ideal)              0.40       6.90
  clock uncertainty                       -0.05       6.85
  output external delay                   -2.00       4.85
  data required time                                  4.85
  -----------------------------------------------------------
  data required time                                  4.85
  data arrival time                                  -3.57
  -----------------------------------------------------------
  slack (MET)                                         1.28


  Startpoint: G6 (input port clocked by ideal_clock1)
  Endpoint: G542 (output port clocked by ideal_clock1)
  Path Group: ideal_clock1
  Path Type: max

  Point                                    Incr       Path
  -----------------------------------------------------------
  clock ideal_clock1 (rise edge)           0.00       0.00
  clock network delay (ideal)              0.40       0.40
  input external delay                     2.00       2.40 f
  G6 (in)                                  0.00       2.40 f
  U329/Y (INVX1_RVT)                       0.09 *     2.49 r
  U526/Y (NAND3X0_RVT)                     0.11 *     2.60 f
  U541/Y (AND4X1_RVT)                      0.14 *     2.74 f
  U646/Y (AOI221X1_RVT)                    0.09 *     2.83 r
  U647/Y (OA221X1_RVT)                     0.11 *     2.94 r
  U664/Y (NAND3X0_RVT)                     0.08 *     3.02 f
  U663/Y (INVX0_RVT)                       0.07 *     3.09 r
  U665/Y (NAND3X0_RVT)                     0.18 *     3.27 f
  U407/Y (INVX1_RVT)                       0.13 *     3.40 r
  U404/Y (AND3X1_RVT)                      0.09 *     3.48 r
  U477/Y (OR3X1_RVT)                       0.08 *     3.56 r
  G542 (out)                               0.00 *     3.56 r
  data arrival time                                   3.56

  clock ideal_clock1 (rise edge)           6.50       6.50
  clock network delay (ideal)              0.40       6.90
  clock uncertainty                       -0.05       6.85
  output external delay                   -2.00       4.85
  data required time                                  4.85
  -----------------------------------------------------------
  data required time                                  4.85
  data arrival time                                  -3.56
  -----------------------------------------------------------
  slack (MET)                                         1.29


  Startpoint: G6 (input port clocked by ideal_clock1)
  Endpoint: G530 (output port clocked by ideal_clock1)
  Path Group: ideal_clock1
  Path Type: max

  Point                                    Incr       Path
  -----------------------------------------------------------
  clock ideal_clock1 (rise edge)           0.00       0.00
  clock network delay (ideal)              0.40       0.40
  input external delay                     2.00       2.40 f
  G6 (in)                                  0.00       2.40 f
  U329/Y (INVX1_RVT)                       0.09 *     2.49 r
  U526/Y (NAND3X0_RVT)                     0.11 *     2.60 f
  U541/Y (AND4X1_RVT)                      0.14 *     2.74 f
  U646/Y (AOI221X1_RVT)                    0.09 *     2.83 r
  U647/Y (OA221X1_RVT)                     0.11 *     2.94 r
  U664/Y (NAND3X0_RVT)                     0.08 *     3.02 f
  U663/Y (INVX0_RVT)                       0.07 *     3.09 r
  U665/Y (NAND3X0_RVT)                     0.18 *     3.27 f
  U407/Y (INVX1_RVT)                       0.13 *     3.40 r
  U343/Y (AND2X1_RVT)                      0.09 *     3.48 r
  U443/Y (AO22X1_RVT)                      0.08 *     3.56 r
  G530 (out)                               0.00 *     3.56 r
  data arrival time                                   3.56

  clock ideal_clock1 (rise edge)           6.50       6.50
  clock network delay (ideal)              0.40       6.90
  clock uncertainty                       -0.05       6.85
  output external delay                   -2.00       4.85
  data required time                                  4.85
  -----------------------------------------------------------
  data required time                                  4.85
  data arrival time                                  -3.56
  -----------------------------------------------------------
  slack (MET)                                         1.29


  Startpoint: G6 (input port clocked by ideal_clock1)
  Endpoint: G551 (output port clocked by ideal_clock1)
  Path Group: ideal_clock1
  Path Type: max

  Point                                    Incr       Path
  -----------------------------------------------------------
  clock ideal_clock1 (rise edge)           0.00       0.00
  clock network delay (ideal)              0.40       0.40
  input external delay                     2.00       2.40 f
  G6 (in)                                  0.00       2.40 f
  U329/Y (INVX1_RVT)                       0.09 *     2.49 r
  U526/Y (NAND3X0_RVT)                     0.11 *     2.60 f
  U541/Y (AND4X1_RVT)                      0.14 *     2.74 f
  U646/Y (AOI221X1_RVT)                    0.09 *     2.83 r
  U647/Y (OA221X1_RVT)                     0.11 *     2.94 r
  U664/Y (NAND3X0_RVT)                     0.08 *     3.02 f
  U663/Y (INVX0_RVT)                       0.07 *     3.09 r
  U501/Y (AND3X1_RVT)                      0.11 *     3.20 r
  U662/Y (NAND2X0_RVT)                     0.09 *     3.28 f
  U654/Y (OR3X2_RVT)                       0.09 *     3.37 f
  U649/Y (NAND3X0_RVT)                     0.04 *     3.41 r
  U648/Y (AO221X1_RVT)                     0.11 *     3.52 r
  G551 (out)                               0.00 *     3.52 r
  data arrival time                                   3.52

  clock ideal_clock1 (rise edge)           6.50       6.50
  clock network delay (ideal)              0.40       6.90
  clock uncertainty                       -0.05       6.85
  output external delay                   -2.00       4.85
  data required time                                  4.85
  -----------------------------------------------------------
  data required time                                  4.85
  data arrival time                                  -3.52
  -----------------------------------------------------------
  slack (MET)                                         1.33


  Startpoint: G6 (input port clocked by ideal_clock1)
  Endpoint: G539 (output port clocked by ideal_clock1)
  Path Group: ideal_clock1
  Path Type: max

  Point                                    Incr       Path
  -----------------------------------------------------------
  clock ideal_clock1 (rise edge)           0.00       0.00
  clock network delay (ideal)              0.40       0.40
  input external delay                     2.00       2.40 r
  G6 (in)                                  0.00       2.40 r
  U480/Y (NAND2X0_RVT)                     0.13 *     2.53 f
  U391/Y (INVX0_RVT)                       0.14 *     2.67 r
  U601/Y (NAND2X0_RVT)                     0.10 *     2.76 f
  U551/Y (INVX0_RVT)                       0.07 *     2.83 r
  U600/Y (AOI22X1_RVT)                     0.12 *     2.95 f
  U611/Y (OA22X1_RVT)                      0.08 *     3.03 f
  U612/Y (OAI222X1_RVT)                    0.14 *     3.17 r
  U369/Y (NAND3X0_RVT)                     0.07 *     3.24 f
  U589/Y (NAND2X0_RVT)                     0.09 *     3.33 r
  U617/Y (OAI222X1_RVT)                    0.16 *     3.49 f
  G539 (out)                               0.00 *     3.49 f
  data arrival time                                   3.49

  clock ideal_clock1 (rise edge)           6.50       6.50
  clock network delay (ideal)              0.40       6.90
  clock uncertainty                       -0.05       6.85
  output external delay                   -2.00       4.85
  data required time                                  4.85
  -----------------------------------------------------------
  data required time                                  4.85
  data arrival time                                  -3.49
  -----------------------------------------------------------
  slack (MET)                                         1.36


  Startpoint: G10 (input port clocked by ideal_clock1)
  Endpoint: G550 (output port clocked by ideal_clock1)
  Path Group: ideal_clock1
  Path Type: max

  Point                                    Incr       Path
  -----------------------------------------------------------
  clock ideal_clock1 (rise edge)           0.00       0.00
  clock network delay (ideal)              0.40       0.40
  input external delay                     2.00       2.40 r
  G10 (in)                                 0.00       2.40 r
  U364/Y (INVX1_RVT)                       0.05 *     2.45 f
  U318/Y (OR2X1_RVT)                       0.11 *     2.56 f
  U587/Y (NAND2X0_RVT)                     0.06 *     2.62 r
  U541/Y (AND4X1_RVT)                      0.10 *     2.72 r
  U646/Y (AOI221X1_RVT)                    0.10 *     2.81 f
  U647/Y (OA221X1_RVT)                     0.12 *     2.93 f
  U664/Y (NAND3X0_RVT)                     0.06 *     3.00 r
  U663/Y (INVX0_RVT)                       0.05 *     3.04 f
  U501/Y (AND3X1_RVT)                      0.11 *     3.15 f
  U662/Y (NAND2X0_RVT)                     0.10 *     3.25 r
  U339/Y (OA22X1_RVT)                      0.10 *     3.35 r
  U630/Y (NAND4X0_RVT)                     0.14 *     3.49 f
  G550 (out)                               0.00 *     3.49 f
  data arrival time                                   3.49

  clock ideal_clock1 (rise edge)           6.50       6.50
  clock network delay (ideal)              0.40       6.90
  clock uncertainty                       -0.05       6.85
  output external delay                   -2.00       4.85
  data required time                                  4.85
  -----------------------------------------------------------
  data required time                                  4.85
  data arrival time                                  -3.49
  -----------------------------------------------------------
  slack (MET)                                         1.36


  Startpoint: G6 (input port clocked by ideal_clock1)
  Endpoint: G552 (output port clocked by ideal_clock1)
  Path Group: ideal_clock1
  Path Type: max

  Point                                    Incr       Path
  -----------------------------------------------------------
  clock ideal_clock1 (rise edge)           0.00       0.00
  clock network delay (ideal)              0.40       0.40
  input external delay                     2.00       2.40 f
  G6 (in)                                  0.00       2.40 f
  U329/Y (INVX1_RVT)                       0.09 *     2.49 r
  U526/Y (NAND3X0_RVT)                     0.11 *     2.60 f
  U541/Y (AND4X1_RVT)                      0.14 *     2.74 f
  U646/Y (AOI221X1_RVT)                    0.09 *     2.83 r
  U647/Y (OA221X1_RVT)                     0.11 *     2.94 r
  U664/Y (NAND3X0_RVT)                     0.08 *     3.02 f
  U663/Y (INVX0_RVT)                       0.07 *     3.09 r
  U665/Y (NAND3X0_RVT)                     0.18 *     3.27 f
  U658/Y (OAI222X1_RVT)                    0.20 *     3.47 r
  G552 (out)                               0.00 *     3.47 r
  data arrival time                                   3.47

  clock ideal_clock1 (rise edge)           6.50       6.50
  clock network delay (ideal)              0.40       6.90
  clock uncertainty                       -0.05       6.85
  output external delay                   -2.00       4.85
  data required time                                  4.85
  -----------------------------------------------------------
  data required time                                  4.85
  data arrival time                                  -3.47
  -----------------------------------------------------------
  slack (MET)                                         1.38


  Startpoint: G6 (input port clocked by ideal_clock1)
  Endpoint: G548 (output port clocked by ideal_clock1)
  Path Group: ideal_clock1
  Path Type: max

  Point                                    Incr       Path
  -----------------------------------------------------------
  clock ideal_clock1 (rise edge)           0.00       0.00
  clock network delay (ideal)              0.40       0.40
  input external delay                     2.00       2.40 f
  G6 (in)                                  0.00       2.40 f
  U329/Y (INVX1_RVT)                       0.09 *     2.49 r
  U526/Y (NAND3X0_RVT)                     0.11 *     2.60 f
  U541/Y (AND4X1_RVT)                      0.14 *     2.74 f
  U646/Y (AOI221X1_RVT)                    0.09 *     2.83 r
  U647/Y (OA221X1_RVT)                     0.11 *     2.94 r
  U664/Y (NAND3X0_RVT)                     0.08 *     3.02 f
  U663/Y (INVX0_RVT)                       0.07 *     3.09 r
  U665/Y (NAND3X0_RVT)                     0.18 *     3.27 f
  U657/Y (OAI22X1_RVT)                     0.18 *     3.45 r
  G548 (out)                               0.00 *     3.45 r
  data arrival time                                   3.45

  clock ideal_clock1 (rise edge)           6.50       6.50
  clock network delay (ideal)              0.40       6.90
  clock uncertainty                       -0.05       6.85
  output external delay                   -2.00       4.85
  data required time                                  4.85
  -----------------------------------------------------------
  data required time                                  4.85
  data arrival time                                  -3.45
  -----------------------------------------------------------
  slack (MET)                                         1.40


  Startpoint: G6 (input port clocked by ideal_clock1)
  Endpoint: DFF_12/q_reg
            (rising edge-triggered flip-flop clocked by ideal_clock1)
  Path Group: ideal_clock1
  Path Type: max

  Point                                    Incr       Path
  -----------------------------------------------------------
  clock ideal_clock1 (rise edge)           0.00       0.00
  clock network delay (ideal)              0.40       0.40
  input external delay                     2.00       2.40 f
  G6 (in)                                  0.00       2.40 f
  U329/Y (INVX1_RVT)                       0.09 *     2.49 r
  U526/Y (NAND3X0_RVT)                     0.11 *     2.60 f
  U541/Y (AND4X1_RVT)                      0.14 *     2.74 f
  U646/Y (AOI221X1_RVT)                    0.09 *     2.83 r
  U647/Y (OA221X1_RVT)                     0.11 *     2.94 r
  U664/Y (NAND3X0_RVT)                     0.08 *     3.02 f
  U663/Y (INVX0_RVT)                       0.07 *     3.09 r
  U665/Y (NAND3X0_RVT)                     0.18 *     3.27 f
  U350/Y (AO21X1_RVT)                      0.12 *     3.38 f
  U586/Y (OA221X1_RVT)                     0.12 *     3.50 f
  DFF_12/d (dff_6)                         0.00       3.50 f
  DFF_12/q_reg/D (DFFX1_RVT)               0.00 *     3.50 f
  data arrival time                                   3.50

  clock ideal_clock1 (rise edge)           6.50       6.50
  clock network delay (propagated)         0.00       6.50
  clock uncertainty                       -0.05       6.45
  DFF_12/q_reg/CLK (DFFX1_RVT)             0.00       6.45 r
  library setup time                      -0.06       6.39
  data required time                                  6.39
  -----------------------------------------------------------
  data required time                                  6.39
  data arrival time                                  -3.50
  -----------------------------------------------------------
  slack (MET)                                         2.89


  Startpoint: G9 (input port clocked by ideal_clock1)
  Endpoint: DFF_16/q_reg
            (rising edge-triggered flip-flop clocked by ideal_clock1)
  Path Group: ideal_clock1
  Path Type: max

  Point                                    Incr       Path
  -----------------------------------------------------------
  clock ideal_clock1 (rise edge)           0.00       0.00
  clock network delay (ideal)              0.40       0.40
  input external delay                     2.00       2.40 f
  G9 (in)                                  0.00       2.40 f
  U308/Y (INVX1_RVT)                       0.06 *     2.46 r
  U459/Y (NAND3X0_RVT)                     0.09 *     2.56 f
  U548/Y (INVX0_RVT)                       0.07 *     2.63 r
  U434/Y (NAND2X0_RVT)                     0.10 *     2.72 f
  U462/Y (NAND2X0_RVT)                     0.13 *     2.85 r
  U472/Y (AND4X1_RVT)                      0.13 *     2.98 r
  U471/Y (OR2X1_RVT)                       0.07 *     3.05 r
  U413/Y (INVX0_RVT)                       0.02 *     3.08 f
  U558/Y (NAND2X0_RVT)                     0.04 *     3.12 r
  U385/Y (NAND2X0_RVT)                     0.05 *     3.17 f
  U387/Y (NAND3X0_RVT)                     0.05 *     3.23 r
  U557/Y (NAND3X0_RVT)                     0.09 *     3.32 f
  U399/Y (INVX0_RVT)                       0.07 *     3.40 r
  U624/Y (AO221X1_RVT)                     0.10 *     3.49 r
  DFF_16/d (dff_2)                         0.00       3.49 r
  DFF_16/q_reg/D (DFFX1_RVT)               0.00 *     3.49 r
  data arrival time                                   3.49

  clock ideal_clock1 (rise edge)           6.50       6.50
  clock network delay (propagated)         0.00       6.50
  clock uncertainty                       -0.05       6.45
  DFF_16/q_reg/CLK (DFFX1_RVT)             0.00       6.45 r
  library setup time                      -0.06       6.39
  data required time                                  6.39
  -----------------------------------------------------------
  data required time                                  6.39
  data arrival time                                  -3.49
  -----------------------------------------------------------
  slack (MET)                                         2.89


  Startpoint: G6 (input port clocked by ideal_clock1)
  Endpoint: DFF_4/q_reg
            (rising edge-triggered flip-flop clocked by ideal_clock1)
  Path Group: ideal_clock1
  Path Type: max

  Point                                    Incr       Path
  -----------------------------------------------------------
  clock ideal_clock1 (rise edge)           0.00       0.00
  clock network delay (ideal)              0.40       0.40
  input external delay                     2.00       2.40 f
  G6 (in)                                  0.00       2.40 f
  U329/Y (INVX1_RVT)                       0.09 *     2.49 r
  U526/Y (NAND3X0_RVT)                     0.11 *     2.60 f
  U541/Y (AND4X1_RVT)                      0.14 *     2.74 f
  U646/Y (AOI221X1_RVT)                    0.09 *     2.83 r
  U647/Y (OA221X1_RVT)                     0.11 *     2.94 r
  U664/Y (NAND3X0_RVT)                     0.08 *     3.02 f
  U663/Y (INVX0_RVT)                       0.07 *     3.09 r
  U345/Y (NAND3X0_RVT)                     0.05 *     3.14 f
  U495/Y (OA21X1_RVT)                      0.10 *     3.24 f
  DFF_4/d (dff_14)                         0.00       3.24 f
  DFF_4/q_reg/D (DFFX1_RVT)                0.00 *     3.24 f
  data arrival time                                   3.24

  clock ideal_clock1 (rise edge)           6.50       6.50
  clock network delay (propagated)         0.00       6.50
  clock uncertainty                       -0.05       6.45
  DFF_4/q_reg/CLK (DFFX1_RVT)              0.00       6.45 r
  library setup time                      -0.06       6.40
  data required time                                  6.40
  -----------------------------------------------------------
  data required time                                  6.40
  data arrival time                                  -3.24
  -----------------------------------------------------------
  slack (MET)                                         3.15


  Startpoint: G5 (input port clocked by ideal_clock1)
  Endpoint: DFF_5/q_reg
            (rising edge-triggered flip-flop clocked by ideal_clock1)
  Path Group: ideal_clock1
  Path Type: max

  Point                                    Incr       Path
  -----------------------------------------------------------
  clock ideal_clock1 (rise edge)           0.00       0.00
  clock network delay (ideal)              0.40       0.40
  input external delay                     2.00       2.40 f
  G5 (in)                                  0.00       2.40 f
  U326/Y (INVX1_RVT)                       0.06 *     2.46 r
  U564/Y (NAND2X0_RVT)                     0.16 *     2.61 f
  U390/Y (INVX0_RVT)                       0.13 *     2.74 r
  U644/Y (AO221X1_RVT)                     0.11 *     2.85 r
  U645/Y (AO221X1_RVT)                     0.12 *     2.98 r
  U373/Y (AND2X1_RVT)                      0.06 *     3.04 r
  U634/Y (NAND2X0_RVT)                     0.07 *     3.11 f
  U633/Y (NAND2X0_RVT)                     0.08 *     3.19 r
  DFF_5/d (dff_13)                         0.00       3.19 r
  DFF_5/q_reg/D (DFFX1_RVT)                0.00 *     3.19 r
  data arrival time                                   3.19

  clock ideal_clock1 (rise edge)           6.50       6.50
  clock network delay (propagated)         0.00       6.50
  clock uncertainty                       -0.05       6.45
  DFF_5/q_reg/CLK (DFFX1_RVT)              0.00       6.45 r
  library setup time                      -0.08       6.37
  data required time                                  6.37
  -----------------------------------------------------------
  data required time                                  6.37
  data arrival time                                  -3.19
  -----------------------------------------------------------
  slack (MET)                                         3.18


  Startpoint: G5 (input port clocked by ideal_clock1)
  Endpoint: DFF_3/q_reg
            (rising edge-triggered flip-flop clocked by ideal_clock1)
  Path Group: ideal_clock1
  Path Type: max

  Point                                    Incr       Path
  -----------------------------------------------------------
  clock ideal_clock1 (rise edge)           0.00       0.00
  clock network delay (ideal)              0.40       0.40
  input external delay                     2.00       2.40 f
  G5 (in)                                  0.00       2.40 f
  U326/Y (INVX1_RVT)                       0.06 *     2.46 r
  U564/Y (NAND2X0_RVT)                     0.16 *     2.61 f
  U390/Y (INVX0_RVT)                       0.13 *     2.74 r
  U514/Y (NAND2X0_RVT)                     0.08 *     2.82 f
  U513/Y (INVX0_RVT)                       0.08 *     2.90 r
  U421/Y (AO21X1_RVT)                      0.07 *     2.97 r
  U466/Y (AO221X1_RVT)                     0.09 *     3.06 r
  DFF_3/d (dff_15)                         0.00       3.06 r
  DFF_3/q_reg/D (DFFX1_RVT)                0.00 *     3.06 r
  data arrival time                                   3.06

  clock ideal_clock1 (rise edge)           6.50       6.50
  clock network delay (propagated)         0.00       6.50
  clock uncertainty                       -0.05       6.45
  DFF_3/q_reg/CLK (DFFX1_RVT)              0.00       6.45 r
  library setup time                      -0.07       6.38
  data required time                                  6.38
  -----------------------------------------------------------
  data required time                                  6.38
  data arrival time                                  -3.06
  -----------------------------------------------------------
  slack (MET)                                         3.32


  Startpoint: G9 (input port clocked by ideal_clock1)
  Endpoint: DFF_6/q_reg
            (rising edge-triggered flip-flop clocked by ideal_clock1)
  Path Group: ideal_clock1
  Path Type: max

  Point                                    Incr       Path
  -----------------------------------------------------------
  clock ideal_clock1 (rise edge)           0.00       0.00
  clock network delay (ideal)              0.40       0.40
  input external delay                     2.00       2.40 f
  G9 (in)                                  0.00       2.40 f
  U308/Y (INVX1_RVT)                       0.06 *     2.46 r
  U459/Y (NAND3X0_RVT)                     0.09 *     2.56 f
  U548/Y (INVX0_RVT)                       0.07 *     2.63 r
  U434/Y (NAND2X0_RVT)                     0.10 *     2.72 f
  U462/Y (NAND2X0_RVT)                     0.13 *     2.85 r
  U324/Y (INVX1_RVT)                       0.07 *     2.92 f
  U346/Y (OAI22X1_RVT)                     0.14 *     3.06 r
  DFF_6/d (dff_12)                         0.00       3.06 r
  DFF_6/q_reg/D (DFFX1_RVT)                0.00 *     3.06 r
  data arrival time                                   3.06

  clock ideal_clock1 (rise edge)           6.50       6.50
  clock network delay (propagated)         0.00       6.50
  clock uncertainty                       -0.05       6.45
  DFF_6/q_reg/CLK (DFFX1_RVT)              0.00       6.45 r
  library setup time                      -0.06       6.39
  data required time                                  6.39
  -----------------------------------------------------------
  data required time                                  6.39
  data arrival time                                  -3.06
  -----------------------------------------------------------
  slack (MET)                                         3.33


  Startpoint: G3 (input port clocked by ideal_clock1)
  Endpoint: DFF_17/q_reg
            (rising edge-triggered flip-flop clocked by ideal_clock1)
  Path Group: ideal_clock1
  Path Type: max

  Point                                    Incr       Path
  -----------------------------------------------------------
  clock ideal_clock1 (rise edge)           0.00       0.00
  clock network delay (ideal)              0.40       0.40
  input external delay                     2.00       2.40 f
  G3 (in)                                  0.00       2.40 f
  U592/Y (NAND2X0_RVT)                     0.07 *     2.47 r
  U389/Y (INVX1_RVT)                       0.11 *     2.58 f
  U436/Y (NAND2X0_RVT)                     0.10 *     2.67 r
  U337/Y (AO21X1_RVT)                      0.10 *     2.77 r
  U336/Y (AO21X1_RVT)                      0.08 *     2.85 r
  U357/Y (OA22X1_RVT)                      0.08 *     2.93 r
  U469/Y (OA221X1_RVT)                     0.09 *     3.02 r
  DFF_17/d (dff_1)                         0.00       3.02 r
  DFF_17/q_reg/D (DFFX1_RVT)               0.00 *     3.02 r
  data arrival time                                   3.02

  clock ideal_clock1 (rise edge)           6.50       6.50
  clock network delay (propagated)         0.00       6.50
  clock uncertainty                       -0.05       6.45
  DFF_17/q_reg/CLK (DFFX1_RVT)             0.00       6.45 r
  library setup time                      -0.07       6.38
  data required time                                  6.38
  -----------------------------------------------------------
  data required time                                  6.38
  data arrival time                                  -3.02
  -----------------------------------------------------------
  slack (MET)                                         3.36


  Startpoint: G4 (input port clocked by ideal_clock1)
  Endpoint: DFF_14/q_reg
            (rising edge-triggered flip-flop clocked by ideal_clock1)
  Path Group: ideal_clock1
  Path Type: max

  Point                                    Incr       Path
  -----------------------------------------------------------
  clock ideal_clock1 (rise edge)           0.00       0.00
  clock network delay (ideal)              0.40       0.40
  input external delay                     2.00       2.40 f
  G4 (in)                                  0.00       2.40 f
  U325/Y (INVX1_RVT)                       0.06 *     2.46 r
  U602/Y (NAND2X0_RVT)                     0.11 *     2.57 f
  U605/Y (OAI21X1_RVT)                     0.18 *     2.75 r
  U583/Y (NAND2X0_RVT)                     0.05 *     2.80 f
  U468/Y (OAI221X1_RVT)                    0.12 *     2.92 r
  U467/Y (NOR3X0_RVT)                      0.08 *     3.01 f
  DFF_14/d (dff_4)                         0.00       3.01 f
  DFF_14/q_reg/D (DFFX1_RVT)               0.00 *     3.01 f
  data arrival time                                   3.01

  clock ideal_clock1 (rise edge)           6.50       6.50
  clock network delay (propagated)         0.00       6.50
  clock uncertainty                       -0.05       6.45
  DFF_14/q_reg/CLK (DFFX1_RVT)             0.00       6.45 r
  library setup time                      -0.05       6.40
  data required time                                  6.40
  -----------------------------------------------------------
  data required time                                  6.40
  data arrival time                                  -3.01
  -----------------------------------------------------------
  slack (MET)                                         3.39


1
