 
****************************************
  Report : Chip Summary
  Design : s15850
  Version: L-2016.03-SP5-1
  Date   : Sat Mar  9 21:31:41 2019
****************************************
Std cell utilization: 59.17%  (29493/(49848-0))
(Non-fixed + Fixed)
Std cell utilization: 58.45%  (28633/(49848-864))
(Non-fixed only)
Chip area:            49848    sites, bbox (5.00 5.00 118.09 117.02) um
Std cell area:        29493    sites, (non-fixed:28633  fixed:860)
                      2318     cells, (non-fixed:2219   fixed:99)
Macro cell area:      0        sites
                      0        cells
Placement blockages:  0        sites, (excluding fixed std cells)
                      864      sites, (include fixed std cells & chimney area)
                      0        sites, (complete p/g net blockages)
Routing blockages:    0        sites, (partial p/g net blockages)
                      0        sites, (routing blockages and signal pre-route)
Lib cell count:       35 
Avg. std cell width:  1.82 um 
Site array:           unit     (width: 0.152 um, height: 1.672 um, rows: 67)
Physical DB scale:    1000 db_unit = 1 um 

 
****************************************
  Report : pnet options
  Design : s15850
  Version: L-2016.03-SP5-1
  Date   : Sat Mar  9 21:31:41 2019
****************************************


--------------------------------------------------------------------
Layer      Blockage   Min_width   Min_height   Via_additive     Density
--------------------------------------------------------------------
M1         none          ---         ---       via additive      ---
M2         none          ---         ---       via additive      ---
M3         none          ---         ---       via additive      ---
M4         none          ---         ---       via additive      ---
M5         none          ---         ---       via additive      ---
M6         none          ---         ---       via additive      ---
M7         none          ---         ---       via additive      ---
M8         none          ---         ---       via additive      ---
M9         none          ---         ---       via additive      ---
MRDL       none          ---         ---       via additive      ---

**********************************
      Sub-Region Utilization      
**********************************
Number of regions with placement utilization 0 - 0.125 is 1 (0.51%)
Number of regions with placement utilization 0.125 - 0.25 is 0 (0.00%)
Number of regions with placement utilization 0.25 - 0.375 is 5 (2.55%)
Number of regions with placement utilization 0.375 - 0.5 is 17 (8.67%)
Number of regions with placement utilization 0.5 - 0.625 is 99 (50.51%)
Number of regions with placement utilization 0.625 - 0.75 is 66 (33.67%)
Number of regions with placement utilization 0.75 - 0.875 is 8 (4.08%)
Number of regions with placement utilization 0.875 - 1 is 0 (0.00%)
1
