Information: linking reference library : /mnt/class_data/ecec574-w2019/PDKs/SAED32nm/lib/stdcell_rvt/milkyway/saed32nm_rvt_1p9m. (PSYN-878)
Warning: The pin direction of 'INP' pin on 'ANTENNA_RVT' cell in the 'saed32rvt_ss0p95v25c' technology library is inconsistent with the same-name pin in the '/mnt/class_data/ecec574-w2019/PDKs/SAED32nm/lib/stdcell_rvt/milkyway/saed32nm_rvt_1p9m' physical library. No physical link for the logical lib cell. (PSYN-058)
Warning: The 'ANTENNA_RVT' cell in the 'saed32rvt_ss0p95v25c' technology library is being 
	marked as "dont_use". (PSYN-039)
Warning: The 'ANTENNA_RVT' cell in the 'saed32rvt_ss0p95v25c' technology library does not 
	have corresponding physical cell description. (PSYN-024)
Warning: Could not find a valid driver for the hierarchical Ground net 'VSS'. (MWDC-285)
Information: Loading local_link_library attribute {saed32rvt_ss0p95v25c.db}. (MWDC-290)

  Linking design 's15850'
  Using the following designs and libraries:
  --------------------------------------------------------------------------
  * (535 designs)             s15850.CEL, etc
  saed32rvt_ss0p95v25c (library)
                              /mnt/class_data/ecec574-w2019/PDKs/SAED32nm/lib/stdcell_rvt/db_ccs/saed32rvt_ss0p95v25c.db

Information: The design has horizontal rows, and Y-symmetry has been used for sites. (MWDC-217)
Floorplan loading succeeded.
 
****************************************
  Report : Chip Summary
  Design : s15850
  Version: L-2016.03-SP5-1
  Date   : Tue Mar  5 17:34:14 2019
****************************************
Std cell utilization: 59.17%  (29493/(49848-0))
(Non-fixed + Fixed)
Std cell utilization: 58.45%  (28633/(49848-864))
(Non-fixed only)
Chip area:            49848    sites, bbox (5.00 5.00 118.09 117.02) um
Std cell area:        29493    sites, (non-fixed:28633  fixed:860)
                      2318     cells, (non-fixed:2219   fixed:99)
Macro cell area:      0        sites
                      0        cells
Placement blockages:  0        sites, (excluding fixed std cells)
                      864      sites, (include fixed std cells & chimney area)
                      0        sites, (complete p/g net blockages)
Routing blockages:    0        sites, (partial p/g net blockages)
                      0        sites, (routing blockages and signal pre-route)
Lib cell count:       35 
Avg. std cell width:  1.82 um 
Site array:           unit     (width: 0.152 um, height: 1.672 um, rows: 67)
Physical DB scale:    1000 db_unit = 1 um 

 
****************************************
  Report : pnet options
  Design : s15850
  Version: L-2016.03-SP5-1
  Date   : Tue Mar  5 17:34:14 2019
****************************************


--------------------------------------------------------------------
Layer      Blockage   Min_width   Min_height   Via_additive     Density
--------------------------------------------------------------------
M1         none          ---         ---       via additive      ---
M2         none          ---         ---       via additive      ---
M3         none          ---         ---       via additive      ---
M4         none          ---         ---       via additive      ---
M5         none          ---         ---       via additive      ---
M6         none          ---         ---       via additive      ---
M7         none          ---         ---       via additive      ---
M8         none          ---         ---       via additive      ---
M9         none          ---         ---       via additive      ---
MRDL       none          ---         ---       via additive      ---

**********************************
      Sub-Region Utilization      
**********************************
Number of regions with placement utilization 0 - 0.125 is 1 (0.51%)
Number of regions with placement utilization 0.125 - 0.25 is 0 (0.00%)
Number of regions with placement utilization 0.25 - 0.375 is 4 (2.04%)
Number of regions with placement utilization 0.375 - 0.5 is 20 (10.20%)
Number of regions with placement utilization 0.5 - 0.625 is 97 (49.49%)
Number of regions with placement utilization 0.625 - 0.75 is 69 (35.20%)
Number of regions with placement utilization 0.75 - 0.875 is 5 (2.55%)
Number of regions with placement utilization 0.875 - 1 is 0 (0.00%)
1
