 
****************************************
Report : timing
        -path full
        -delay max
        -max_paths 20
Design : s15850
Version: L-2016.03-SP5-1
Date   : Tue Mar  5 17:34:17 2019
****************************************

 * Some/all delay information is back-annotated.

Operating Conditions: ss0p95v25c   Library: saed32rvt_ss0p95v25c
	Parasitic source    : LPE
	Parasitic mode      : RealRVirtualC
	Extraction mode     : MIN_MAX
	Extraction derating : 125/125/125

Information: Percent of Arnoldi-based delays =  8.56%

Information: Percent of CCS-based delays =  7.82%

  Startpoint: g31 (input port clocked by ideal_clock1)
  Endpoint: g11163 (output port clocked by ideal_clock1)
  Path Group: ideal_clock1
  Path Type: max

  Point                                    Incr       Path
  -----------------------------------------------------------
  clock ideal_clock1 (rise edge)           0.00       0.00
  clock network delay (ideal)              0.40       0.40
  input external delay                     2.00       2.40 f
  g31 (in)                                 0.00       2.40 f
  U3182/Y (INVX0_RVT)                      0.02 *     2.42 r
  U1852/Y (NAND2X0_RVT)                    0.17 *     2.60 f
  U3184/Y (OAI22X1_RVT)                    0.22 *     2.82 r
  U2333/Y (AND2X1_RVT)                     0.07 *     2.89 r
  U3201/Y (NAND3X0_RVT)                    0.09 *     2.98 f
  U1578/Y (NOR3X0_RVT)                     0.14 *     3.12 r
  U3204/Y (NAND2X0_RVT)                    0.11 *     3.23 f
  U3205/Y (AND4X1_RVT)                     0.18 *     3.41 f
  U1597/Y (AND4X1_RVT)                     0.09 *     3.50 f
  U3331/Y (NAND2X0_RVT)                    0.07 *     3.57 r
  U3071/Y (INVX0_RVT)                      0.03 *     3.60 f
  U3347/Y (AOI222X1_RVT)                   0.15 *     3.75 r
  U1607/Y (NAND2X0_RVT)                    0.11 *     3.86 f
  U1608/Y (INVX0_RVT)                      0.12 *     3.98 r
  U1870/Y (XOR3X1_RVT)                     0.24 *     4.22 f
  U1881/Y (XOR3X1_RVT)                     0.10 *     4.32 r
  U1844/Y (XOR3X1_RVT)                     0.10 *     4.42 f
  U1984/Y (INVX0_RVT)                      0.07 *     4.49 r
  U3369/Y (XOR2X1_RVT)                     0.15 *     4.64 f
  g11163 (out)                             0.00 *     4.64 f
  data arrival time                                   4.64

  clock ideal_clock1 (rise edge)           6.50       6.50
  clock network delay (ideal)              0.40       6.90
  clock uncertainty                       -0.05       6.85
  output external delay                   -2.00       4.85
  data required time                                  4.85
  -----------------------------------------------------------
  data required time                                  4.85
  data arrival time                                  -4.64
  -----------------------------------------------------------
  slack (MET)                                         0.21


  Startpoint: g31 (input port clocked by ideal_clock1)
  Endpoint: g10801 (output port clocked by ideal_clock1)
  Path Group: ideal_clock1
  Path Type: max

  Point                                    Incr       Path
  -----------------------------------------------------------
  clock ideal_clock1 (rise edge)           0.00       0.00
  clock network delay (ideal)              0.40       0.40
  input external delay                     2.00       2.40 f
  g31 (in)                                 0.00       2.40 f
  U3182/Y (INVX0_RVT)                      0.02 *     2.42 r
  U1852/Y (NAND2X0_RVT)                    0.17 *     2.60 f
  U3184/Y (OAI22X1_RVT)                    0.22 *     2.82 r
  U2333/Y (AND2X1_RVT)                     0.07 *     2.89 r
  U3201/Y (NAND3X0_RVT)                    0.09 *     2.98 f
  U1578/Y (NOR3X0_RVT)                     0.14 *     3.12 r
  U3204/Y (NAND2X0_RVT)                    0.11 *     3.23 f
  U3205/Y (AND4X1_RVT)                     0.18 *     3.41 f
  U1597/Y (AND4X1_RVT)                     0.09 *     3.50 f
  U3331/Y (NAND2X0_RVT)                    0.07 *     3.57 r
  U3071/Y (INVX0_RVT)                      0.03 *     3.60 f
  U3347/Y (AOI222X1_RVT)                   0.15 *     3.75 r
  U1607/Y (NAND2X0_RVT)                    0.11 *     3.86 f
  U1608/Y (INVX0_RVT)                      0.12 *     3.98 r
  U1870/Y (XOR3X1_RVT)                     0.24 *     4.22 f
  U1881/Y (XOR3X1_RVT)                     0.08 *     4.30 f
  U1844/Y (XOR3X1_RVT)                     0.12 *     4.41 r
  U1984/Y (INVX0_RVT)                      0.07 *     4.48 f
  U3370/Y (NAND2X0_RVT)                    0.10 *     4.58 r
  g10801 (out)                             0.00 *     4.58 r
  data arrival time                                   4.58

  clock ideal_clock1 (rise edge)           6.50       6.50
  clock network delay (ideal)              0.40       6.90
  clock uncertainty                       -0.05       6.85
  output external delay                   -2.00       4.85
  data required time                                  4.85
  -----------------------------------------------------------
  data required time                                  4.85
  data arrival time                                  -4.58
  -----------------------------------------------------------
  slack (MET)                                         0.27


  Startpoint: g31 (input port clocked by ideal_clock1)
  Endpoint: g11206 (output port clocked by ideal_clock1)
  Path Group: ideal_clock1
  Path Type: max

  Point                                    Incr       Path
  -----------------------------------------------------------
  clock ideal_clock1 (rise edge)           0.00       0.00
  clock network delay (ideal)              0.40       0.40
  input external delay                     2.00       2.40 f
  g31 (in)                                 0.00       2.40 f
  U3182/Y (INVX0_RVT)                      0.02 *     2.42 r
  U1852/Y (NAND2X0_RVT)                    0.17 *     2.60 f
  U3184/Y (OAI22X1_RVT)                    0.22 *     2.82 r
  U2333/Y (AND2X1_RVT)                     0.07 *     2.89 r
  U3201/Y (NAND3X0_RVT)                    0.09 *     2.98 f
  U1578/Y (NOR3X0_RVT)                     0.14 *     3.12 r
  U3204/Y (NAND2X0_RVT)                    0.11 *     3.23 f
  U3205/Y (AND4X1_RVT)                     0.18 *     3.41 f
  U3083/Y (AND4X1_RVT)                     0.12 *     3.53 f
  U1620/Y (NAND3X0_RVT)                    0.06 *     3.59 r
  U3075/Y (NOR3X0_RVT)                     0.10 *     3.70 f
  U3043/Y (INVX0_RVT)                      0.04 *     3.74 r
  U1960/Y (AND2X1_RVT)                     0.06 *     3.80 r
  U1987/Y (NAND4X0_RVT)                    0.16 *     3.96 f
  U3315/Y (NAND2X0_RVT)                    0.24 *     4.20 r
  U3318/Y (OA222X1_RVT)                    0.16 *     4.37 r
  U3136/Y (OA221X1_RVT)                    0.12 *     4.49 r
  U2107/Y (AND2X1_RVT)                     0.07 *     4.56 r
  g11206 (out)                             0.00 *     4.56 r
  data arrival time                                   4.56

  clock ideal_clock1 (rise edge)           6.50       6.50
  clock network delay (ideal)              0.40       6.90
  clock uncertainty                       -0.05       6.85
  output external delay                   -2.00       4.85
  data required time                                  4.85
  -----------------------------------------------------------
  data required time                                  4.85
  data arrival time                                  -4.56
  -----------------------------------------------------------
  slack (MET)                                         0.29


  Startpoint: g31 (input port clocked by ideal_clock1)
  Endpoint: g10628 (output port clocked by ideal_clock1)
  Path Group: ideal_clock1
  Path Type: max

  Point                                    Incr       Path
  -----------------------------------------------------------
  clock ideal_clock1 (rise edge)           0.00       0.00
  clock network delay (ideal)              0.40       0.40
  input external delay                     2.00       2.40 f
  g31 (in)                                 0.00       2.40 f
  U3182/Y (INVX0_RVT)                      0.02 *     2.42 r
  U1852/Y (NAND2X0_RVT)                    0.17 *     2.60 f
  U3184/Y (OAI22X1_RVT)                    0.22 *     2.82 r
  U2333/Y (AND2X1_RVT)                     0.07 *     2.89 r
  U3201/Y (NAND3X0_RVT)                    0.09 *     2.98 f
  U1578/Y (NOR3X0_RVT)                     0.14 *     3.12 r
  U3204/Y (NAND2X0_RVT)                    0.11 *     3.23 f
  U3205/Y (AND4X1_RVT)                     0.18 *     3.41 f
  U3083/Y (AND4X1_RVT)                     0.12 *     3.53 f
  U1620/Y (NAND3X0_RVT)                    0.06 *     3.59 r
  U3075/Y (NOR3X0_RVT)                     0.10 *     3.70 f
  U3043/Y (INVX0_RVT)                      0.04 *     3.74 r
  U1960/Y (AND2X1_RVT)                     0.06 *     3.80 r
  U1987/Y (NAND4X0_RVT)                    0.16 *     3.96 f
  U3315/Y (NAND2X0_RVT)                    0.24 *     4.20 r
  U3318/Y (OA222X1_RVT)                    0.16 *     4.37 r
  U3136/Y (OA221X1_RVT)                    0.12 *     4.49 r
  g10628 (out)                             0.00 *     4.49 r
  data arrival time                                   4.49

  clock ideal_clock1 (rise edge)           6.50       6.50
  clock network delay (ideal)              0.40       6.90
  clock uncertainty                       -0.05       6.85
  output external delay                   -2.00       4.85
  data required time                                  4.85
  -----------------------------------------------------------
  data required time                                  4.85
  data arrival time                                  -4.49
  -----------------------------------------------------------
  slack (MET)                                         0.36


  Startpoint: g31 (input port clocked by ideal_clock1)
  Endpoint: g10463 (output port clocked by ideal_clock1)
  Path Group: ideal_clock1
  Path Type: max

  Point                                    Incr       Path
  -----------------------------------------------------------
  clock ideal_clock1 (rise edge)           0.00       0.00
  clock network delay (ideal)              0.40       0.40
  input external delay                     2.00       2.40 f
  g31 (in)                                 0.00       2.40 f
  U3182/Y (INVX0_RVT)                      0.02 *     2.42 r
  U1852/Y (NAND2X0_RVT)                    0.17 *     2.60 f
  U3184/Y (OAI22X1_RVT)                    0.22 *     2.82 r
  U2333/Y (AND2X1_RVT)                     0.07 *     2.89 r
  U3201/Y (NAND3X0_RVT)                    0.09 *     2.98 f
  U1578/Y (NOR3X0_RVT)                     0.14 *     3.12 r
  U3204/Y (NAND2X0_RVT)                    0.11 *     3.23 f
  U3205/Y (AND4X1_RVT)                     0.18 *     3.41 f
  U3083/Y (AND4X1_RVT)                     0.12 *     3.53 f
  U1620/Y (NAND3X0_RVT)                    0.06 *     3.59 r
  U3237/Y (OA21X1_RVT)                     0.07 *     3.67 r
  U3238/Y (OA221X1_RVT)                    0.08 *     3.75 r
  U3250/Y (NAND4X0_RVT)                    0.15 *     3.89 f
  U1872/Y (INVX0_RVT)                      0.18 *     4.08 r
  U3372/Y (NAND2X0_RVT)                    0.10 *     4.18 f
  g10463 (out)                             0.00 *     4.18 f
  data arrival time                                   4.18

  clock ideal_clock1 (rise edge)           6.50       6.50
  clock network delay (ideal)              0.40       6.90
  clock uncertainty                       -0.05       6.85
  output external delay                   -2.00       4.85
  data required time                                  4.85
  -----------------------------------------------------------
  data required time                                  4.85
  data arrival time                                  -4.18
  -----------------------------------------------------------
  slack (MET)                                         0.67


  Startpoint: g31 (input port clocked by ideal_clock1)
  Endpoint: g10377 (output port clocked by ideal_clock1)
  Path Group: ideal_clock1
  Path Type: max

  Point                                    Incr       Path
  -----------------------------------------------------------
  clock ideal_clock1 (rise edge)           0.00       0.00
  clock network delay (ideal)              0.40       0.40
  input external delay                     2.00       2.40 f
  g31 (in)                                 0.00       2.40 f
  U3182/Y (INVX0_RVT)                      0.02 *     2.42 r
  U1852/Y (NAND2X0_RVT)                    0.17 *     2.60 f
  U3184/Y (OAI22X1_RVT)                    0.22 *     2.82 r
  U2333/Y (AND2X1_RVT)                     0.07 *     2.89 r
  U3201/Y (NAND3X0_RVT)                    0.09 *     2.98 f
  U1578/Y (NOR3X0_RVT)                     0.14 *     3.12 r
  U3204/Y (NAND2X0_RVT)                    0.11 *     3.23 f
  U3205/Y (AND4X1_RVT)                     0.18 *     3.41 f
  U1597/Y (AND4X1_RVT)                     0.09 *     3.50 f
  U3331/Y (NAND2X0_RVT)                    0.07 *     3.57 r
  U3071/Y (INVX0_RVT)                      0.03 *     3.60 f
  U3347/Y (AOI222X1_RVT)                   0.15 *     3.75 r
  U1607/Y (NAND2X0_RVT)                    0.11 *     3.86 f
  U1608/Y (INVX0_RVT)                      0.12 *     3.98 r
  U3378/Y (NAND2X0_RVT)                    0.13 *     4.11 f
  g10377 (out)                             0.00 *     4.11 f
  data arrival time                                   4.11

  clock ideal_clock1 (rise edge)           6.50       6.50
  clock network delay (ideal)              0.40       6.90
  clock uncertainty                       -0.05       6.85
  output external delay                   -2.00       4.85
  data required time                                  4.85
  -----------------------------------------------------------
  data required time                                  4.85
  data arrival time                                  -4.11
  -----------------------------------------------------------
  slack (MET)                                         0.74


  Startpoint: g31 (input port clocked by ideal_clock1)
  Endpoint: DFF_266/q_reg
            (rising edge-triggered flip-flop clocked by ideal_clock1)
  Path Group: ideal_clock1
  Path Type: max

  Point                                    Incr       Path
  -----------------------------------------------------------
  clock ideal_clock1 (rise edge)           0.00       0.00
  clock network delay (ideal)              0.40       0.40
  input external delay                     2.00       2.40 f
  g31 (in)                                 0.00       2.40 f
  U3182/Y (INVX0_RVT)                      0.02 *     2.42 r
  U1852/Y (NAND2X0_RVT)                    0.17 *     2.60 f
  U3184/Y (OAI22X1_RVT)                    0.22 *     2.82 r
  U2333/Y (AND2X1_RVT)                     0.07 *     2.89 r
  U3201/Y (NAND3X0_RVT)                    0.09 *     2.98 f
  U1578/Y (NOR3X0_RVT)                     0.14 *     3.12 r
  U3204/Y (NAND2X0_RVT)                    0.11 *     3.23 f
  U3205/Y (AND4X1_RVT)                     0.18 *     3.41 f
  U3083/Y (AND4X1_RVT)                     0.12 *     3.53 f
  U1620/Y (NAND3X0_RVT)                    0.06 *     3.59 r
  U3075/Y (NOR3X0_RVT)                     0.10 *     3.70 f
  U3043/Y (INVX0_RVT)                      0.04 *     3.74 r
  U1960/Y (AND2X1_RVT)                     0.06 *     3.80 r
  U1987/Y (NAND4X0_RVT)                    0.16 *     3.96 f
  U3315/Y (NAND2X0_RVT)                    0.24 *     4.20 r
  U3044/Y (NAND4X0_RVT)                    0.25 *     4.45 f
  U1576/Y (AND4X1_RVT)                     0.42 *     4.87 f
  U2315/Y (AO22X1_RVT)                     0.21 *     5.08 f
  U1989/Y (XOR3X1_RVT)                     0.22 *     5.30 f
  U1988/Y (XOR3X1_RVT)                     0.21 *     5.51 f
  U2330/Y (XOR2X1_RVT)                     0.12 *     5.63 r
  U2329/Y (AO22X1_RVT)                     0.07 *     5.71 r
  DFF_266/d (dff_268)                      0.00       5.71 r
  DFF_266/q_reg/D (DFFX1_RVT)              0.00 *     5.71 r
  data arrival time                                   5.71

  clock ideal_clock1 (rise edge)           6.50       6.50
  clock network delay (propagated)         0.09       6.59
  clock uncertainty                       -0.05       6.54
  DFF_266/q_reg/CLK (DFFX1_RVT)            0.00       6.54 r
  library setup time                      -0.05       6.49
  data required time                                  6.49
  -----------------------------------------------------------
  data required time                                  6.49
  data arrival time                                  -5.71
  -----------------------------------------------------------
  slack (MET)                                         0.78


  Startpoint: g31 (input port clocked by ideal_clock1)
  Endpoint: g10461 (output port clocked by ideal_clock1)
  Path Group: ideal_clock1
  Path Type: max

  Point                                    Incr       Path
  -----------------------------------------------------------
  clock ideal_clock1 (rise edge)           0.00       0.00
  clock network delay (ideal)              0.40       0.40
  input external delay                     2.00       2.40 f
  g31 (in)                                 0.00       2.40 f
  U3182/Y (INVX0_RVT)                      0.02 *     2.42 r
  U1852/Y (NAND2X0_RVT)                    0.17 *     2.60 f
  U3184/Y (OAI22X1_RVT)                    0.22 *     2.82 r
  U2333/Y (AND2X1_RVT)                     0.07 *     2.89 r
  U3201/Y (NAND3X0_RVT)                    0.09 *     2.98 f
  U1578/Y (NOR3X0_RVT)                     0.14 *     3.12 r
  U3204/Y (NAND2X0_RVT)                    0.11 *     3.23 f
  U3205/Y (AND4X1_RVT)                     0.18 *     3.41 f
  U3083/Y (AND4X1_RVT)                     0.12 *     3.53 f
  U1620/Y (NAND3X0_RVT)                    0.06 *     3.59 r
  U3075/Y (NOR3X0_RVT)                     0.10 *     3.70 f
  U3291/Y (NOR4X1_RVT)                     0.12 *     3.81 r
  U1887/Y (AND4X1_RVT)                     0.12 *     3.94 r
  U3373/Y (NAND2X0_RVT)                    0.12 *     4.06 f
  g10461 (out)                             0.00 *     4.06 f
  data arrival time                                   4.06

  clock ideal_clock1 (rise edge)           6.50       6.50
  clock network delay (ideal)              0.40       6.90
  clock uncertainty                       -0.05       6.85
  output external delay                   -2.00       4.85
  data required time                                  4.85
  -----------------------------------------------------------
  data required time                                  4.85
  data arrival time                                  -4.06
  -----------------------------------------------------------
  slack (MET)                                         0.79


  Startpoint: g31 (input port clocked by ideal_clock1)
  Endpoint: g10457 (output port clocked by ideal_clock1)
  Path Group: ideal_clock1
  Path Type: max

  Point                                    Incr       Path
  -----------------------------------------------------------
  clock ideal_clock1 (rise edge)           0.00       0.00
  clock network delay (ideal)              0.40       0.40
  input external delay                     2.00       2.40 f
  g31 (in)                                 0.00       2.40 f
  U3182/Y (INVX0_RVT)                      0.02 *     2.42 r
  U1852/Y (NAND2X0_RVT)                    0.17 *     2.60 f
  U3184/Y (OAI22X1_RVT)                    0.22 *     2.82 r
  U2333/Y (AND2X1_RVT)                     0.07 *     2.89 r
  U3201/Y (NAND3X0_RVT)                    0.09 *     2.98 f
  U1578/Y (NOR3X0_RVT)                     0.14 *     3.12 r
  U3204/Y (NAND2X0_RVT)                    0.11 *     3.23 f
  U3205/Y (AND4X1_RVT)                     0.18 *     3.41 f
  U3083/Y (AND4X1_RVT)                     0.12 *     3.53 f
  U1620/Y (NAND3X0_RVT)                    0.06 *     3.59 r
  U3075/Y (NOR3X0_RVT)                     0.10 *     3.70 f
  U1912/Y (AOI221X1_RVT)                   0.10 *     3.79 r
  U1913/Y (AND4X1_RVT)                     0.12 *     3.92 r
  U3375/Y (NAND2X0_RVT)                    0.12 *     4.04 f
  g10457 (out)                             0.00 *     4.04 f
  data arrival time                                   4.04

  clock ideal_clock1 (rise edge)           6.50       6.50
  clock network delay (ideal)              0.40       6.90
  clock uncertainty                       -0.05       6.85
  output external delay                   -2.00       4.85
  data required time                                  4.85
  -----------------------------------------------------------
  data required time                                  4.85
  data arrival time                                  -4.04
  -----------------------------------------------------------
  slack (MET)                                         0.81


  Startpoint: g31 (input port clocked by ideal_clock1)
  Endpoint: g10459 (output port clocked by ideal_clock1)
  Path Group: ideal_clock1
  Path Type: max

  Point                                    Incr       Path
  -----------------------------------------------------------
  clock ideal_clock1 (rise edge)           0.00       0.00
  clock network delay (ideal)              0.40       0.40
  input external delay                     2.00       2.40 f
  g31 (in)                                 0.00       2.40 f
  U3182/Y (INVX0_RVT)                      0.02 *     2.42 r
  U1852/Y (NAND2X0_RVT)                    0.17 *     2.60 f
  U3184/Y (OAI22X1_RVT)                    0.22 *     2.82 r
  U2333/Y (AND2X1_RVT)                     0.07 *     2.89 r
  U3201/Y (NAND3X0_RVT)                    0.09 *     2.98 f
  U1578/Y (NOR3X0_RVT)                     0.14 *     3.12 r
  U3204/Y (NAND2X0_RVT)                    0.11 *     3.23 f
  U3205/Y (AND4X1_RVT)                     0.18 *     3.41 f
  U3083/Y (AND4X1_RVT)                     0.12 *     3.53 f
  U1620/Y (NAND3X0_RVT)                    0.06 *     3.59 r
  U3075/Y (NOR3X0_RVT)                     0.10 *     3.70 f
  U3043/Y (INVX0_RVT)                      0.04 *     3.74 r
  U3253/Y (OA221X1_RVT)                    0.08 *     3.82 r
  U1580/Y (AND3X1_RVT)                     0.10 *     3.92 r
  U3374/Y (NAND2X0_RVT)                    0.10 *     4.02 f
  g10459 (out)                             0.00 *     4.02 f
  data arrival time                                   4.02

  clock ideal_clock1 (rise edge)           6.50       6.50
  clock network delay (ideal)              0.40       6.90
  clock uncertainty                       -0.05       6.85
  output external delay                   -2.00       4.85
  data required time                                  4.85
  -----------------------------------------------------------
  data required time                                  4.85
  data arrival time                                  -4.02
  -----------------------------------------------------------
  slack (MET)                                         0.83


  Startpoint: g31 (input port clocked by ideal_clock1)
  Endpoint: DFF_263/q_reg
            (rising edge-triggered flip-flop clocked by ideal_clock1)
  Path Group: ideal_clock1
  Path Type: max

  Point                                    Incr       Path
  -----------------------------------------------------------
  clock ideal_clock1 (rise edge)           0.00       0.00
  clock network delay (ideal)              0.40       0.40
  input external delay                     2.00       2.40 f
  g31 (in)                                 0.00       2.40 f
  U3182/Y (INVX0_RVT)                      0.02 *     2.42 r
  U1852/Y (NAND2X0_RVT)                    0.17 *     2.60 f
  U3184/Y (OAI22X1_RVT)                    0.22 *     2.82 r
  U2333/Y (AND2X1_RVT)                     0.07 *     2.89 r
  U3201/Y (NAND3X0_RVT)                    0.09 *     2.98 f
  U1578/Y (NOR3X0_RVT)                     0.14 *     3.12 r
  U3204/Y (NAND2X0_RVT)                    0.11 *     3.23 f
  U3205/Y (AND4X1_RVT)                     0.18 *     3.41 f
  U3083/Y (AND4X1_RVT)                     0.12 *     3.53 f
  U1620/Y (NAND3X0_RVT)                    0.06 *     3.59 r
  U3075/Y (NOR3X0_RVT)                     0.10 *     3.70 f
  U3043/Y (INVX0_RVT)                      0.04 *     3.74 r
  U1960/Y (AND2X1_RVT)                     0.06 *     3.80 r
  U1987/Y (NAND4X0_RVT)                    0.16 *     3.96 f
  U3315/Y (NAND2X0_RVT)                    0.24 *     4.20 r
  U3044/Y (NAND4X0_RVT)                    0.25 *     4.45 f
  U1576/Y (AND4X1_RVT)                     0.42 *     4.87 f
  U2315/Y (AO22X1_RVT)                     0.21 *     5.08 f
  U1989/Y (XOR3X1_RVT)                     0.22 *     5.30 f
  U1988/Y (XOR3X1_RVT)                     0.19 *     5.49 r
  U2331/Y (AO22X1_RVT)                     0.08 *     5.57 r
  U1745/Y (AO22X1_RVT)                     0.08 *     5.64 r
  DFF_263/d (dff_271)                      0.00       5.64 r
  DFF_263/q_reg/D (DFFX1_RVT)              0.00 *     5.64 r
  data arrival time                                   5.64

  clock ideal_clock1 (rise edge)           6.50       6.50
  clock network delay (propagated)         0.09       6.59
  clock uncertainty                       -0.05       6.54
  DFF_263/q_reg/CLK (DFFX1_RVT)            0.00       6.54 r
  library setup time                      -0.05       6.49
  data required time                                  6.49
  -----------------------------------------------------------
  data required time                                  6.49
  data arrival time                                  -5.64
  -----------------------------------------------------------
  slack (MET)                                         0.84


  Startpoint: g31 (input port clocked by ideal_clock1)
  Endpoint: g10455 (output port clocked by ideal_clock1)
  Path Group: ideal_clock1
  Path Type: max

  Point                                    Incr       Path
  -----------------------------------------------------------
  clock ideal_clock1 (rise edge)           0.00       0.00
  clock network delay (ideal)              0.40       0.40
  input external delay                     2.00       2.40 f
  g31 (in)                                 0.00       2.40 f
  U3182/Y (INVX0_RVT)                      0.02 *     2.42 r
  U1852/Y (NAND2X0_RVT)                    0.17 *     2.60 f
  U3184/Y (OAI22X1_RVT)                    0.22 *     2.82 r
  U2333/Y (AND2X1_RVT)                     0.07 *     2.89 r
  U3201/Y (NAND3X0_RVT)                    0.09 *     2.98 f
  U1578/Y (NOR3X0_RVT)                     0.14 *     3.12 r
  U3204/Y (NAND2X0_RVT)                    0.11 *     3.23 f
  U3205/Y (AND4X1_RVT)                     0.18 *     3.41 f
  U3083/Y (AND4X1_RVT)                     0.12 *     3.53 f
  U1620/Y (NAND3X0_RVT)                    0.06 *     3.59 r
  U3075/Y (NOR3X0_RVT)                     0.10 *     3.70 f
  U3043/Y (INVX0_RVT)                      0.04 *     3.74 r
  U1960/Y (AND2X1_RVT)                     0.06 *     3.80 r
  U1559/Y (AND2X1_RVT)                     0.09 *     3.89 r
  U3376/Y (NAND2X0_RVT)                    0.09 *     3.97 f
  g10455 (out)                             0.00 *     3.97 f
  data arrival time                                   3.97

  clock ideal_clock1 (rise edge)           6.50       6.50
  clock network delay (ideal)              0.40       6.90
  clock uncertainty                       -0.05       6.85
  output external delay                   -2.00       4.85
  data required time                                  4.85
  -----------------------------------------------------------
  data required time                                  4.85
  data arrival time                                  -3.97
  -----------------------------------------------------------
  slack (MET)                                         0.88


  Startpoint: g31 (input port clocked by ideal_clock1)
  Endpoint: g10465 (output port clocked by ideal_clock1)
  Path Group: ideal_clock1
  Path Type: max

  Point                                    Incr       Path
  -----------------------------------------------------------
  clock ideal_clock1 (rise edge)           0.00       0.00
  clock network delay (ideal)              0.40       0.40
  input external delay                     2.00       2.40 f
  g31 (in)                                 0.00       2.40 f
  U3182/Y (INVX0_RVT)                      0.02 *     2.42 r
  U1852/Y (NAND2X0_RVT)                    0.17 *     2.60 f
  U3184/Y (OAI22X1_RVT)                    0.22 *     2.82 r
  U2333/Y (AND2X1_RVT)                     0.07 *     2.89 r
  U3201/Y (NAND3X0_RVT)                    0.09 *     2.98 f
  U1578/Y (NOR3X0_RVT)                     0.14 *     3.12 r
  U3204/Y (NAND2X0_RVT)                    0.11 *     3.23 f
  U3205/Y (AND4X1_RVT)                     0.18 *     3.41 f
  U1597/Y (AND4X1_RVT)                     0.09 *     3.50 f
  U3331/Y (NAND2X0_RVT)                    0.07 *     3.57 r
  U2302/Y (AND4X1_RVT)                     0.10 *     3.66 r
  U1941/Y (AND3X1_RVT)                     0.14 *     3.80 r
  U3371/Y (NAND2X0_RVT)                    0.12 *     3.92 f
  g10465 (out)                             0.00 *     3.92 f
  data arrival time                                   3.92

  clock ideal_clock1 (rise edge)           6.50       6.50
  clock network delay (ideal)              0.40       6.90
  clock uncertainty                       -0.05       6.85
  output external delay                   -2.00       4.85
  data required time                                  4.85
  -----------------------------------------------------------
  data required time                                  4.85
  data arrival time                                  -3.92
  -----------------------------------------------------------
  slack (MET)                                         0.93


  Startpoint: g31 (input port clocked by ideal_clock1)
  Endpoint: g10379 (output port clocked by ideal_clock1)
  Path Group: ideal_clock1
  Path Type: max

  Point                                    Incr       Path
  -----------------------------------------------------------
  clock ideal_clock1 (rise edge)           0.00       0.00
  clock network delay (ideal)              0.40       0.40
  input external delay                     2.00       2.40 f
  g31 (in)                                 0.00       2.40 f
  U3182/Y (INVX0_RVT)                      0.02 *     2.42 r
  U1852/Y (NAND2X0_RVT)                    0.17 *     2.60 f
  U3184/Y (OAI22X1_RVT)                    0.22 *     2.82 r
  U2333/Y (AND2X1_RVT)                     0.07 *     2.89 r
  U3201/Y (NAND3X0_RVT)                    0.09 *     2.98 f
  U1578/Y (NOR3X0_RVT)                     0.14 *     3.12 r
  U3204/Y (NAND2X0_RVT)                    0.11 *     3.23 f
  U3205/Y (AND4X1_RVT)                     0.18 *     3.41 f
  U3083/Y (AND4X1_RVT)                     0.12 *     3.53 f
  U3057/Y (NAND4X0_RVT)                    0.07 *     3.60 r
  U1662/Y (AO21X1_RVT)                     0.08 *     3.67 r
  U1940/Y (AND4X1_RVT)                     0.14 *     3.82 r
  U3377/Y (NAND2X0_RVT)                    0.10 *     3.92 f
  g10379 (out)                             0.00 *     3.92 f
  data arrival time                                   3.92

  clock ideal_clock1 (rise edge)           6.50       6.50
  clock network delay (ideal)              0.40       6.90
  clock uncertainty                       -0.05       6.85
  output external delay                   -2.00       4.85
  data required time                                  4.85
  -----------------------------------------------------------
  data required time                                  4.85
  data arrival time                                  -3.92
  -----------------------------------------------------------
  slack (MET)                                         0.93


  Startpoint: g31 (input port clocked by ideal_clock1)
  Endpoint: DFF_458/q_reg
            (rising edge-triggered flip-flop clocked by ideal_clock1)
  Path Group: ideal_clock1
  Path Type: max

  Point                                    Incr       Path
  -----------------------------------------------------------
  clock ideal_clock1 (rise edge)           0.00       0.00
  clock network delay (ideal)              0.40       0.40
  input external delay                     2.00       2.40 f
  g31 (in)                                 0.00       2.40 f
  U3182/Y (INVX0_RVT)                      0.02 *     2.42 r
  U1852/Y (NAND2X0_RVT)                    0.17 *     2.60 f
  U3184/Y (OAI22X1_RVT)                    0.22 *     2.82 r
  U2333/Y (AND2X1_RVT)                     0.07 *     2.89 r
  U3201/Y (NAND3X0_RVT)                    0.09 *     2.98 f
  U1578/Y (NOR3X0_RVT)                     0.14 *     3.12 r
  U3204/Y (NAND2X0_RVT)                    0.11 *     3.23 f
  U3205/Y (AND4X1_RVT)                     0.18 *     3.41 f
  U1597/Y (AND4X1_RVT)                     0.09 *     3.50 f
  U3331/Y (NAND2X0_RVT)                    0.07 *     3.57 r
  U3071/Y (INVX0_RVT)                      0.03 *     3.60 f
  U3347/Y (AOI222X1_RVT)                   0.15 *     3.75 r
  U1567/Y (AND4X1_RVT)                     0.13 *     3.88 r
  U3362/Y (NAND2X0_RVT)                    0.15 *     4.02 f
  U2010/Y (NAND2X0_RVT)                    0.14 *     4.16 r
  U2009/Y (XOR2X1_RVT)                     0.16 *     4.33 f
  U2425/Y (AO22X1_RVT)                     0.11 *     4.43 f
  U2419/Y (XNOR2X1_RVT)                    0.11 *     4.55 r
  U2416/Y (AND3X1_RVT)                     0.08 *     4.62 r
  U2409/Y (NAND4X0_RVT)                    0.08 *     4.70 f
  U2408/Y (AND3X1_RVT)                     0.19 *     4.89 f
  U3153/Y (NAND2X0_RVT)                    0.21 *     5.10 r
  U1932/Y (INVX1_RVT)                      0.10 *     5.21 f
  U3125/Y (AO22X1_RVT)                     0.13 *     5.34 f
  DFF_458/d (dff_76)                       0.00       5.34 f
  DFF_458/q_reg/D (DFFX1_RVT)              0.00 *     5.34 f
  data arrival time                                   5.34

  clock ideal_clock1 (rise edge)           6.50       6.50
  clock network delay (propagated)         0.07       6.57
  clock uncertainty                       -0.05       6.52
  DFF_458/q_reg/CLK (DFFX1_RVT)            0.00       6.52 r
  library setup time                      -0.04       6.48
  data required time                                  6.48
  -----------------------------------------------------------
  data required time                                  6.48
  data arrival time                                  -5.34
  -----------------------------------------------------------
  slack (MET)                                         1.14


  Startpoint: g31 (input port clocked by ideal_clock1)
  Endpoint: DFF_448/q_reg
            (rising edge-triggered flip-flop clocked by ideal_clock1)
  Path Group: ideal_clock1
  Path Type: max

  Point                                    Incr       Path
  -----------------------------------------------------------
  clock ideal_clock1 (rise edge)           0.00       0.00
  clock network delay (ideal)              0.40       0.40
  input external delay                     2.00       2.40 f
  g31 (in)                                 0.00       2.40 f
  U3182/Y (INVX0_RVT)                      0.02 *     2.42 r
  U1852/Y (NAND2X0_RVT)                    0.17 *     2.60 f
  U3184/Y (OAI22X1_RVT)                    0.22 *     2.82 r
  U2333/Y (AND2X1_RVT)                     0.07 *     2.89 r
  U3201/Y (NAND3X0_RVT)                    0.09 *     2.98 f
  U1578/Y (NOR3X0_RVT)                     0.14 *     3.12 r
  U3204/Y (NAND2X0_RVT)                    0.11 *     3.23 f
  U3205/Y (AND4X1_RVT)                     0.18 *     3.41 f
  U1597/Y (AND4X1_RVT)                     0.09 *     3.50 f
  U3331/Y (NAND2X0_RVT)                    0.07 *     3.57 r
  U3071/Y (INVX0_RVT)                      0.03 *     3.60 f
  U3347/Y (AOI222X1_RVT)                   0.15 *     3.75 r
  U1567/Y (AND4X1_RVT)                     0.13 *     3.88 r
  U3362/Y (NAND2X0_RVT)                    0.15 *     4.02 f
  U2010/Y (NAND2X0_RVT)                    0.14 *     4.16 r
  U2009/Y (XOR2X1_RVT)                     0.16 *     4.33 f
  U2425/Y (AO22X1_RVT)                     0.11 *     4.43 f
  U2419/Y (XNOR2X1_RVT)                    0.11 *     4.55 r
  U2416/Y (AND3X1_RVT)                     0.08 *     4.62 r
  U2409/Y (NAND4X0_RVT)                    0.08 *     4.70 f
  U2408/Y (AND3X1_RVT)                     0.19 *     4.89 f
  U3153/Y (NAND2X0_RVT)                    0.21 *     5.10 r
  U1932/Y (INVX1_RVT)                      0.10 *     5.21 f
  U3129/Y (AO22X1_RVT)                     0.13 *     5.34 f
  DFF_448/d (dff_86)                       0.00       5.34 f
  DFF_448/q_reg/D (DFFX1_RVT)              0.00 *     5.34 f
  data arrival time                                   5.34

  clock ideal_clock1 (rise edge)           6.50       6.50
  clock network delay (propagated)         0.10       6.60
  clock uncertainty                       -0.05       6.55
  DFF_448/q_reg/CLK (DFFX1_RVT)            0.00       6.55 r
  library setup time                      -0.05       6.49
  data required time                                  6.49
  -----------------------------------------------------------
  data required time                                  6.49
  data arrival time                                  -5.34
  -----------------------------------------------------------
  slack (MET)                                         1.16


  Startpoint: g31 (input port clocked by ideal_clock1)
  Endpoint: DFF_481/q_reg
            (rising edge-triggered flip-flop clocked by ideal_clock1)
  Path Group: ideal_clock1
  Path Type: max

  Point                                    Incr       Path
  -----------------------------------------------------------
  clock ideal_clock1 (rise edge)           0.00       0.00
  clock network delay (ideal)              0.40       0.40
  input external delay                     2.00       2.40 f
  g31 (in)                                 0.00       2.40 f
  U3182/Y (INVX0_RVT)                      0.02 *     2.42 r
  U1852/Y (NAND2X0_RVT)                    0.17 *     2.60 f
  U3184/Y (OAI22X1_RVT)                    0.22 *     2.82 r
  U2333/Y (AND2X1_RVT)                     0.07 *     2.89 r
  U3201/Y (NAND3X0_RVT)                    0.09 *     2.98 f
  U1578/Y (NOR3X0_RVT)                     0.14 *     3.12 r
  U3204/Y (NAND2X0_RVT)                    0.11 *     3.23 f
  U3205/Y (AND4X1_RVT)                     0.18 *     3.41 f
  U1597/Y (AND4X1_RVT)                     0.09 *     3.50 f
  U3331/Y (NAND2X0_RVT)                    0.07 *     3.57 r
  U3071/Y (INVX0_RVT)                      0.03 *     3.60 f
  U3347/Y (AOI222X1_RVT)                   0.15 *     3.75 r
  U1567/Y (AND4X1_RVT)                     0.13 *     3.88 r
  U3362/Y (NAND2X0_RVT)                    0.15 *     4.02 f
  U2010/Y (NAND2X0_RVT)                    0.14 *     4.16 r
  U2009/Y (XOR2X1_RVT)                     0.16 *     4.33 f
  U2425/Y (AO22X1_RVT)                     0.11 *     4.43 f
  U2419/Y (XNOR2X1_RVT)                    0.11 *     4.55 r
  U2416/Y (AND3X1_RVT)                     0.08 *     4.62 r
  U2409/Y (NAND4X0_RVT)                    0.08 *     4.70 f
  U2408/Y (AND3X1_RVT)                     0.19 *     4.89 f
  U3153/Y (NAND2X0_RVT)                    0.21 *     5.10 r
  U1932/Y (INVX1_RVT)                      0.10 *     5.21 f
  U3131/Y (AO22X1_RVT)                     0.14 *     5.34 f
  DFF_481/d (dff_53)                       0.00       5.34 f
  DFF_481/q_reg/D (DFFX1_RVT)              0.00 *     5.34 f
  data arrival time                                   5.34

  clock ideal_clock1 (rise edge)           6.50       6.50
  clock network delay (propagated)         0.09       6.59
  clock uncertainty                       -0.05       6.54
  DFF_481/q_reg/CLK (DFFX1_RVT)            0.00       6.54 r
  library setup time                      -0.03       6.51
  data required time                                  6.51
  -----------------------------------------------------------
  data required time                                  6.51
  data arrival time                                  -5.34
  -----------------------------------------------------------
  slack (MET)                                         1.17


  Startpoint: g31 (input port clocked by ideal_clock1)
  Endpoint: DFF_342/q_reg
            (rising edge-triggered flip-flop clocked by ideal_clock1)
  Path Group: ideal_clock1
  Path Type: max

  Point                                    Incr       Path
  -----------------------------------------------------------
  clock ideal_clock1 (rise edge)           0.00       0.00
  clock network delay (ideal)              0.40       0.40
  input external delay                     2.00       2.40 f
  g31 (in)                                 0.00       2.40 f
  U3182/Y (INVX0_RVT)                      0.02 *     2.42 r
  U1852/Y (NAND2X0_RVT)                    0.17 *     2.60 f
  U3184/Y (OAI22X1_RVT)                    0.22 *     2.82 r
  U2333/Y (AND2X1_RVT)                     0.07 *     2.89 r
  U3201/Y (NAND3X0_RVT)                    0.09 *     2.98 f
  U1578/Y (NOR3X0_RVT)                     0.14 *     3.12 r
  U3204/Y (NAND2X0_RVT)                    0.11 *     3.23 f
  U3205/Y (AND4X1_RVT)                     0.18 *     3.41 f
  U1597/Y (AND4X1_RVT)                     0.09 *     3.50 f
  U3331/Y (NAND2X0_RVT)                    0.07 *     3.57 r
  U3071/Y (INVX0_RVT)                      0.03 *     3.60 f
  U3347/Y (AOI222X1_RVT)                   0.15 *     3.75 r
  U1567/Y (AND4X1_RVT)                     0.13 *     3.88 r
  U3362/Y (NAND2X0_RVT)                    0.15 *     4.02 f
  U2010/Y (NAND2X0_RVT)                    0.14 *     4.16 r
  U2009/Y (XOR2X1_RVT)                     0.16 *     4.33 f
  U2425/Y (AO22X1_RVT)                     0.11 *     4.43 f
  U2419/Y (XNOR2X1_RVT)                    0.11 *     4.55 r
  U2416/Y (AND3X1_RVT)                     0.08 *     4.62 r
  U2409/Y (NAND4X0_RVT)                    0.08 *     4.70 f
  U2408/Y (AND3X1_RVT)                     0.19 *     4.89 f
  U3153/Y (NAND2X0_RVT)                    0.21 *     5.10 r
  U1932/Y (INVX1_RVT)                      0.10 *     5.21 f
  U3130/Y (AO22X1_RVT)                     0.13 *     5.34 f
  DFF_342/d (dff_192)                      0.00       5.34 f
  DFF_342/q_reg/D (DFFX1_RVT)              0.00 *     5.34 f
  data arrival time                                   5.34

  clock ideal_clock1 (rise edge)           6.50       6.50
  clock network delay (propagated)         0.09       6.59
  clock uncertainty                       -0.05       6.54
  DFF_342/q_reg/CLK (DFFX1_RVT)            0.00       6.54 r
  library setup time                      -0.03       6.51
  data required time                                  6.51
  -----------------------------------------------------------
  data required time                                  6.51
  data arrival time                                  -5.34
  -----------------------------------------------------------
  slack (MET)                                         1.17


  Startpoint: g31 (input port clocked by ideal_clock1)
  Endpoint: DFF_146/q_reg
            (rising edge-triggered flip-flop clocked by ideal_clock1)
  Path Group: ideal_clock1
  Path Type: max

  Point                                    Incr       Path
  -----------------------------------------------------------
  clock ideal_clock1 (rise edge)           0.00       0.00
  clock network delay (ideal)              0.40       0.40
  input external delay                     2.00       2.40 f
  g31 (in)                                 0.00       2.40 f
  U3182/Y (INVX0_RVT)                      0.02 *     2.42 r
  U1852/Y (NAND2X0_RVT)                    0.17 *     2.60 f
  U3184/Y (OAI22X1_RVT)                    0.22 *     2.82 r
  U2333/Y (AND2X1_RVT)                     0.07 *     2.89 r
  U3201/Y (NAND3X0_RVT)                    0.09 *     2.98 f
  U1578/Y (NOR3X0_RVT)                     0.14 *     3.12 r
  U3204/Y (NAND2X0_RVT)                    0.11 *     3.23 f
  U3205/Y (AND4X1_RVT)                     0.18 *     3.41 f
  U1597/Y (AND4X1_RVT)                     0.09 *     3.50 f
  U3331/Y (NAND2X0_RVT)                    0.07 *     3.57 r
  U3071/Y (INVX0_RVT)                      0.03 *     3.60 f
  U3347/Y (AOI222X1_RVT)                   0.15 *     3.75 r
  U1567/Y (AND4X1_RVT)                     0.13 *     3.88 r
  U3362/Y (NAND2X0_RVT)                    0.15 *     4.02 f
  U2010/Y (NAND2X0_RVT)                    0.14 *     4.16 r
  U2009/Y (XOR2X1_RVT)                     0.16 *     4.33 f
  U2425/Y (AO22X1_RVT)                     0.11 *     4.43 f
  U2419/Y (XNOR2X1_RVT)                    0.11 *     4.55 r
  U2416/Y (AND3X1_RVT)                     0.08 *     4.62 r
  U2409/Y (NAND4X0_RVT)                    0.08 *     4.70 f
  U2408/Y (AND3X1_RVT)                     0.19 *     4.89 f
  U3153/Y (NAND2X0_RVT)                    0.21 *     5.10 r
  U1932/Y (INVX1_RVT)                      0.10 *     5.21 f
  U3122/Y (AO22X1_RVT)                     0.13 *     5.34 f
  DFF_146/d (dff_388)                      0.00       5.34 f
  DFF_146/q_reg/D (DFFX1_RVT)              0.00 *     5.34 f
  data arrival time                                   5.34

  clock ideal_clock1 (rise edge)           6.50       6.50
  clock network delay (propagated)         0.09       6.59
  clock uncertainty                       -0.05       6.54
  DFF_146/q_reg/CLK (DFFX1_RVT)            0.00       6.54 r
  library setup time                      -0.03       6.51
  data required time                                  6.51
  -----------------------------------------------------------
  data required time                                  6.51
  data arrival time                                  -5.34
  -----------------------------------------------------------
  slack (MET)                                         1.17


  Startpoint: g31 (input port clocked by ideal_clock1)
  Endpoint: DFF_195/q_reg
            (rising edge-triggered flip-flop clocked by ideal_clock1)
  Path Group: ideal_clock1
  Path Type: max

  Point                                    Incr       Path
  -----------------------------------------------------------
  clock ideal_clock1 (rise edge)           0.00       0.00
  clock network delay (ideal)              0.40       0.40
  input external delay                     2.00       2.40 f
  g31 (in)                                 0.00       2.40 f
  U3182/Y (INVX0_RVT)                      0.02 *     2.42 r
  U1852/Y (NAND2X0_RVT)                    0.17 *     2.60 f
  U3184/Y (OAI22X1_RVT)                    0.22 *     2.82 r
  U2333/Y (AND2X1_RVT)                     0.07 *     2.89 r
  U3201/Y (NAND3X0_RVT)                    0.09 *     2.98 f
  U1578/Y (NOR3X0_RVT)                     0.14 *     3.12 r
  U3204/Y (NAND2X0_RVT)                    0.11 *     3.23 f
  U3205/Y (AND4X1_RVT)                     0.18 *     3.41 f
  U1597/Y (AND4X1_RVT)                     0.09 *     3.50 f
  U3331/Y (NAND2X0_RVT)                    0.07 *     3.57 r
  U3071/Y (INVX0_RVT)                      0.03 *     3.60 f
  U3347/Y (AOI222X1_RVT)                   0.15 *     3.75 r
  U1567/Y (AND4X1_RVT)                     0.13 *     3.88 r
  U3362/Y (NAND2X0_RVT)                    0.15 *     4.02 f
  U2010/Y (NAND2X0_RVT)                    0.14 *     4.16 r
  U2009/Y (XOR2X1_RVT)                     0.16 *     4.33 f
  U2425/Y (AO22X1_RVT)                     0.11 *     4.43 f
  U2419/Y (XNOR2X1_RVT)                    0.11 *     4.55 r
  U2416/Y (AND3X1_RVT)                     0.08 *     4.62 r
  U2409/Y (NAND4X0_RVT)                    0.08 *     4.70 f
  U2408/Y (AND3X1_RVT)                     0.19 *     4.89 f
  U3153/Y (NAND2X0_RVT)                    0.21 *     5.10 r
  U1932/Y (INVX1_RVT)                      0.10 *     5.21 f
  U3126/Y (AO22X1_RVT)                     0.13 *     5.34 f
  DFF_195/d (dff_339)                      0.00       5.34 f
  DFF_195/q_reg/D (DFFX1_RVT)              0.00 *     5.34 f
  data arrival time                                   5.34

  clock ideal_clock1 (rise edge)           6.50       6.50
  clock network delay (propagated)         0.09       6.59
  clock uncertainty                       -0.05       6.54
  DFF_195/q_reg/CLK (DFFX1_RVT)            0.00       6.54 r
  library setup time                      -0.03       6.51
  data required time                                  6.51
  -----------------------------------------------------------
  data required time                                  6.51
  data arrival time                                  -5.34
  -----------------------------------------------------------
  slack (MET)                                         1.17


1
