 
****************************************
Report : timing
        -path full
        -delay max
        -max_paths 50
Design : s35932
Version: L-2016.03-SP5-1
Date   : Sun Mar 10 01:36:42 2019
****************************************

 * Some/all delay information is back-annotated.

Operating Conditions: ss0p95v25c   Library: saed32rvt_ss0p95v25c
	Parasitic source    : LPE
	Parasitic mode      : RealRC
	Extraction mode     : MIN_MAX
	Extraction derating : 125/125/125

Information: Percent of Arnoldi-based delays = 28.58%

Information: Percent of CCS-based delays = 27.42%

  Startpoint: TM1 (input port clocked by ideal_clock1)
  Endpoint: DATA_9_24 (output port clocked by ideal_clock1)
  Path Group: ideal_clock1
  Path Type: max

  Point                                    Incr       Path
  -----------------------------------------------------------
  clock ideal_clock1 (rise edge)           0.00       0.00
  clock network delay (ideal)              0.40       0.40
  input external delay                     2.00       2.40 f
  TM1 (in)                                 0.00 @     2.40 f
  U3011/Y (INVX1_RVT)                      0.21 c     2.61 r
  U6061/Y (XNOR3X1_RVT)                    0.37 c     2.98 r
  U6027/Y (XNOR2X1_RVT)                    0.21 &     3.19 r
  DATA_9_24 (out)                          0.00 &     3.19 r
  data arrival time                                   3.19

  clock ideal_clock1 (rise edge)          10.00      10.00
  clock network delay (ideal)              0.40      10.40
  clock uncertainty                       -0.05      10.35
  output external delay                   -2.00       8.35
  data required time                                  8.35
  -----------------------------------------------------------
  data required time                                  8.35
  data arrival time                                  -3.19
  -----------------------------------------------------------
  slack (MET)                                         5.16


  Startpoint: TM1 (input port clocked by ideal_clock1)
  Endpoint: DATA_9_21 (output port clocked by ideal_clock1)
  Path Group: ideal_clock1
  Path Type: max

  Point                                    Incr       Path
  -----------------------------------------------------------
  clock ideal_clock1 (rise edge)           0.00       0.00
  clock network delay (ideal)              0.40       0.40
  input external delay                     2.00       2.40 f
  TM1 (in)                                 0.00 @     2.40 f
  U3011/Y (INVX1_RVT)                      0.21 c     2.61 r
  U6077/Y (XNOR3X1_RVT)                    0.38 c     2.99 r
  U6029/Y (XNOR2X1_RVT)                    0.19 &     3.18 r
  DATA_9_21 (out)                          0.00 &     3.18 r
  data arrival time                                   3.18

  clock ideal_clock1 (rise edge)          10.00      10.00
  clock network delay (ideal)              0.40      10.40
  clock uncertainty                       -0.05      10.35
  output external delay                   -2.00       8.35
  data required time                                  8.35
  -----------------------------------------------------------
  data required time                                  8.35
  data arrival time                                  -3.18
  -----------------------------------------------------------
  slack (MET)                                         5.17


  Startpoint: TM1 (input port clocked by ideal_clock1)
  Endpoint: DATA_9_25 (output port clocked by ideal_clock1)
  Path Group: ideal_clock1
  Path Type: max

  Point                                    Incr       Path
  -----------------------------------------------------------
  clock ideal_clock1 (rise edge)           0.00       0.00
  clock network delay (ideal)              0.40       0.40
  input external delay                     2.00       2.40 f
  TM1 (in)                                 0.00 @     2.40 f
  U3011/Y (INVX1_RVT)                      0.21 c     2.61 r
  U6059/Y (XNOR3X1_RVT)                    0.37 c     2.98 r
  U6206/Y (XNOR2X1_RVT)                    0.20 &     3.18 r
  DATA_9_25 (out)                          0.00 &     3.18 r
  data arrival time                                   3.18

  clock ideal_clock1 (rise edge)          10.00      10.00
  clock network delay (ideal)              0.40      10.40
  clock uncertainty                       -0.05      10.35
  output external delay                   -2.00       8.35
  data required time                                  8.35
  -----------------------------------------------------------
  data required time                                  8.35
  data arrival time                                  -3.18
  -----------------------------------------------------------
  slack (MET)                                         5.17


  Startpoint: TM1 (input port clocked by ideal_clock1)
  Endpoint: DATA_9_23 (output port clocked by ideal_clock1)
  Path Group: ideal_clock1
  Path Type: max

  Point                                    Incr       Path
  -----------------------------------------------------------
  clock ideal_clock1 (rise edge)           0.00       0.00
  clock network delay (ideal)              0.40       0.40
  input external delay                     2.00       2.40 f
  TM1 (in)                                 0.00 @     2.40 f
  U3011/Y (INVX1_RVT)                      0.21 c     2.61 r
  U6063/Y (XNOR3X1_RVT)                    0.37 c     2.98 r
  U6207/Y (XNOR2X1_RVT)                    0.20 &     3.17 r
  DATA_9_23 (out)                          0.00 &     3.17 r
  data arrival time                                   3.17

  clock ideal_clock1 (rise edge)          10.00      10.00
  clock network delay (ideal)              0.40      10.40
  clock uncertainty                       -0.05      10.35
  output external delay                   -2.00       8.35
  data required time                                  8.35
  -----------------------------------------------------------
  data required time                                  8.35
  data arrival time                                  -3.17
  -----------------------------------------------------------
  slack (MET)                                         5.18


  Startpoint: TM1 (input port clocked by ideal_clock1)
  Endpoint: DATA_9_26 (output port clocked by ideal_clock1)
  Path Group: ideal_clock1
  Path Type: max

  Point                                    Incr       Path
  -----------------------------------------------------------
  clock ideal_clock1 (rise edge)           0.00       0.00
  clock network delay (ideal)              0.40       0.40
  input external delay                     2.00       2.40 f
  TM1 (in)                                 0.00 @     2.40 f
  U3011/Y (INVX1_RVT)                      0.21 c     2.61 r
  U6071/Y (XNOR3X1_RVT)                    0.36 c     2.97 r
  U6205/Y (XNOR2X1_RVT)                    0.20 &     3.17 r
  DATA_9_26 (out)                          0.00 &     3.17 r
  data arrival time                                   3.17

  clock ideal_clock1 (rise edge)          10.00      10.00
  clock network delay (ideal)              0.40      10.40
  clock uncertainty                       -0.05      10.35
  output external delay                   -2.00       8.35
  data required time                                  8.35
  -----------------------------------------------------------
  data required time                                  8.35
  data arrival time                                  -3.17
  -----------------------------------------------------------
  slack (MET)                                         5.18


  Startpoint: TM1 (input port clocked by ideal_clock1)
  Endpoint: DATA_9_28 (output port clocked by ideal_clock1)
  Path Group: ideal_clock1
  Path Type: max

  Point                                    Incr       Path
  -----------------------------------------------------------
  clock ideal_clock1 (rise edge)           0.00       0.00
  clock network delay (ideal)              0.40       0.40
  input external delay                     2.00       2.40 f
  TM1 (in)                                 0.00 @     2.40 f
  U3011/Y (INVX1_RVT)                      0.21 c     2.61 r
  U6075/Y (XNOR3X1_RVT)                    0.37 c     2.97 r
  U6203/Y (XNOR2X1_RVT)                    0.19 &     3.17 r
  DATA_9_28 (out)                          0.00 &     3.17 r
  data arrival time                                   3.17

  clock ideal_clock1 (rise edge)          10.00      10.00
  clock network delay (ideal)              0.40      10.40
  clock uncertainty                       -0.05      10.35
  output external delay                   -2.00       8.35
  data required time                                  8.35
  -----------------------------------------------------------
  data required time                                  8.35
  data arrival time                                  -3.17
  -----------------------------------------------------------
  slack (MET)                                         5.18


  Startpoint: TM1 (input port clocked by ideal_clock1)
  Endpoint: DATA_9_27 (output port clocked by ideal_clock1)
  Path Group: ideal_clock1
  Path Type: max

  Point                                    Incr       Path
  -----------------------------------------------------------
  clock ideal_clock1 (rise edge)           0.00       0.00
  clock network delay (ideal)              0.40       0.40
  input external delay                     2.00       2.40 f
  TM1 (in)                                 0.00 @     2.40 f
  U3011/Y (INVX1_RVT)                      0.21 c     2.61 r
  U6057/Y (XNOR3X1_RVT)                    0.37 c     2.97 r
  U6204/Y (XNOR2X1_RVT)                    0.19 &     3.17 r
  DATA_9_27 (out)                          0.00 &     3.17 r
  data arrival time                                   3.17

  clock ideal_clock1 (rise edge)          10.00      10.00
  clock network delay (ideal)              0.40      10.40
  clock uncertainty                       -0.05      10.35
  output external delay                   -2.00       8.35
  data required time                                  8.35
  -----------------------------------------------------------
  data required time                                  8.35
  data arrival time                                  -3.17
  -----------------------------------------------------------
  slack (MET)                                         5.18


  Startpoint: TM1 (input port clocked by ideal_clock1)
  Endpoint: DATA_9_29 (output port clocked by ideal_clock1)
  Path Group: ideal_clock1
  Path Type: max

  Point                                    Incr       Path
  -----------------------------------------------------------
  clock ideal_clock1 (rise edge)           0.00       0.00
  clock network delay (ideal)              0.40       0.40
  input external delay                     2.00       2.40 f
  TM1 (in)                                 0.00 @     2.40 f
  U3011/Y (INVX1_RVT)                      0.21 c     2.61 r
  U6069/Y (XNOR3X1_RVT)                    0.37 c     2.97 r
  U6202/Y (XNOR2X1_RVT)                    0.19 &     3.17 r
  DATA_9_29 (out)                          0.00 &     3.17 r
  data arrival time                                   3.17

  clock ideal_clock1 (rise edge)          10.00      10.00
  clock network delay (ideal)              0.40      10.40
  clock uncertainty                       -0.05      10.35
  output external delay                   -2.00       8.35
  data required time                                  8.35
  -----------------------------------------------------------
  data required time                                  8.35
  data arrival time                                  -3.17
  -----------------------------------------------------------
  slack (MET)                                         5.18


  Startpoint: TM0 (input port clocked by ideal_clock1)
  Endpoint: DATA_9_11 (output port clocked by ideal_clock1)
  Path Group: ideal_clock1
  Path Type: max

  Point                                    Incr       Path
  -----------------------------------------------------------
  clock ideal_clock1 (rise edge)           0.00       0.00
  clock network delay (ideal)              0.40       0.40
  input external delay                     2.00       2.40 f
  TM0 (in)                                 0.00 @     2.40 f
  U3008/Y (INVX1_RVT)                      0.21 @     2.61 r
  U6465/Y (XNOR3X1_RVT)                    0.36 &     2.97 r
  U6049/Y (XNOR2X1_RVT)                    0.19 &     3.16 r
  DATA_9_11 (out)                          0.00 &     3.16 r
  data arrival time                                   3.16

  clock ideal_clock1 (rise edge)          10.00      10.00
  clock network delay (ideal)              0.40      10.40
  clock uncertainty                       -0.05      10.35
  output external delay                   -2.00       8.35
  data required time                                  8.35
  -----------------------------------------------------------
  data required time                                  8.35
  data arrival time                                  -3.16
  -----------------------------------------------------------
  slack (MET)                                         5.19


  Startpoint: TM1 (input port clocked by ideal_clock1)
  Endpoint: DATA_9_22 (output port clocked by ideal_clock1)
  Path Group: ideal_clock1
  Path Type: max

  Point                                    Incr       Path
  -----------------------------------------------------------
  clock ideal_clock1 (rise edge)           0.00       0.00
  clock network delay (ideal)              0.40       0.40
  input external delay                     2.00       2.40 f
  TM1 (in)                                 0.00 @     2.40 f
  U3011/Y (INVX1_RVT)                      0.21 c     2.61 r
  U6065/Y (XNOR3X1_RVT)                    0.36 c     2.97 r
  U6208/Y (XNOR2X1_RVT)                    0.19 &     3.16 r
  DATA_9_22 (out)                          0.00 &     3.16 r
  data arrival time                                   3.16

  clock ideal_clock1 (rise edge)          10.00      10.00
  clock network delay (ideal)              0.40      10.40
  clock uncertainty                       -0.05      10.35
  output external delay                   -2.00       8.35
  data required time                                  8.35
  -----------------------------------------------------------
  data required time                                  8.35
  data arrival time                                  -3.16
  -----------------------------------------------------------
  slack (MET)                                         5.19


  Startpoint: TM1 (input port clocked by ideal_clock1)
  Endpoint: DATA_9_20 (output port clocked by ideal_clock1)
  Path Group: ideal_clock1
  Path Type: max

  Point                                    Incr       Path
  -----------------------------------------------------------
  clock ideal_clock1 (rise edge)           0.00       0.00
  clock network delay (ideal)              0.40       0.40
  input external delay                     2.00       2.40 f
  TM1 (in)                                 0.00 @     2.40 f
  U3011/Y (INVX1_RVT)                      0.21 c     2.61 r
  U6073/Y (XNOR3X1_RVT)                    0.37 c     2.98 r
  U6031/Y (XNOR2X1_RVT)                    0.19 &     3.16 r
  DATA_9_20 (out)                          0.00 &     3.16 r
  data arrival time                                   3.16

  clock ideal_clock1 (rise edge)          10.00      10.00
  clock network delay (ideal)              0.40      10.40
  clock uncertainty                       -0.05      10.35
  output external delay                   -2.00       8.35
  data required time                                  8.35
  -----------------------------------------------------------
  data required time                                  8.35
  data arrival time                                  -3.16
  -----------------------------------------------------------
  slack (MET)                                         5.19


  Startpoint: TM1 (input port clocked by ideal_clock1)
  Endpoint: DATA_9_30 (output port clocked by ideal_clock1)
  Path Group: ideal_clock1
  Path Type: max

  Point                                    Incr       Path
  -----------------------------------------------------------
  clock ideal_clock1 (rise edge)           0.00       0.00
  clock network delay (ideal)              0.40       0.40
  input external delay                     2.00       2.40 f
  TM1 (in)                                 0.00 @     2.40 f
  U3011/Y (INVX1_RVT)                      0.21 c     2.61 r
  U6067/Y (XNOR3X1_RVT)                    0.36 c     2.97 r
  U6201/Y (XNOR2X1_RVT)                    0.19 &     3.16 r
  DATA_9_30 (out)                          0.00 &     3.16 r
  data arrival time                                   3.16

  clock ideal_clock1 (rise edge)          10.00      10.00
  clock network delay (ideal)              0.40      10.40
  clock uncertainty                       -0.05      10.35
  output external delay                   -2.00       8.35
  data required time                                  8.35
  -----------------------------------------------------------
  data required time                                  8.35
  data arrival time                                  -3.16
  -----------------------------------------------------------
  slack (MET)                                         5.19


  Startpoint: TM0 (input port clocked by ideal_clock1)
  Endpoint: DATA_9_10 (output port clocked by ideal_clock1)
  Path Group: ideal_clock1
  Path Type: max

  Point                                    Incr       Path
  -----------------------------------------------------------
  clock ideal_clock1 (rise edge)           0.00       0.00
  clock network delay (ideal)              0.40       0.40
  input external delay                     2.00       2.40 f
  TM0 (in)                                 0.00 @     2.40 f
  U3008/Y (INVX1_RVT)                      0.21 @     2.61 r
  U6473/Y (XNOR3X1_RVT)                    0.35 &     2.96 r
  U6051/Y (XNOR2X1_RVT)                    0.19 &     3.15 r
  DATA_9_10 (out)                          0.00 &     3.15 r
  data arrival time                                   3.15

  clock ideal_clock1 (rise edge)          10.00      10.00
  clock network delay (ideal)              0.40      10.40
  clock uncertainty                       -0.05      10.35
  output external delay                   -2.00       8.35
  data required time                                  8.35
  -----------------------------------------------------------
  data required time                                  8.35
  data arrival time                                  -3.15
  -----------------------------------------------------------
  slack (MET)                                         5.20


  Startpoint: TM1 (input port clocked by ideal_clock1)
  Endpoint: DATA_9_31 (output port clocked by ideal_clock1)
  Path Group: ideal_clock1
  Path Type: max

  Point                                    Incr       Path
  -----------------------------------------------------------
  clock ideal_clock1 (rise edge)           0.00       0.00
  clock network delay (ideal)              0.40       0.40
  input external delay                     2.00       2.40 f
  TM1 (in)                                 0.00 @     2.40 f
  U3011/Y (INVX1_RVT)                      0.21 c     2.61 r
  U6209/Y (XNOR3X1_RVT)                    0.35 c     2.96 r
  U6023/Y (XNOR2X1_RVT)                    0.19 &     3.15 r
  DATA_9_31 (out)                          0.00 &     3.15 r
  data arrival time                                   3.15

  clock ideal_clock1 (rise edge)          10.00      10.00
  clock network delay (ideal)              0.40      10.40
  clock uncertainty                       -0.05      10.35
  output external delay                   -2.00       8.35
  data required time                                  8.35
  -----------------------------------------------------------
  data required time                                  8.35
  data arrival time                                  -3.15
  -----------------------------------------------------------
  slack (MET)                                         5.20


  Startpoint: TM1 (input port clocked by ideal_clock1)
  Endpoint: DATA_9_18 (output port clocked by ideal_clock1)
  Path Group: ideal_clock1
  Path Type: max

  Point                                    Incr       Path
  -----------------------------------------------------------
  clock ideal_clock1 (rise edge)           0.00       0.00
  clock network delay (ideal)              0.40       0.40
  input external delay                     2.00       2.40 f
  TM1 (in)                                 0.00 @     2.40 f
  U3011/Y (INVX1_RVT)                      0.21 c     2.61 r
  U6213/Y (XNOR3X1_RVT)                    0.36 c     2.97 r
  U6037/Y (XNOR2X1_RVT)                    0.17 &     3.14 r
  DATA_9_18 (out)                          0.00 &     3.14 r
  data arrival time                                   3.14

  clock ideal_clock1 (rise edge)          10.00      10.00
  clock network delay (ideal)              0.40      10.40
  clock uncertainty                       -0.05      10.35
  output external delay                   -2.00       8.35
  data required time                                  8.35
  -----------------------------------------------------------
  data required time                                  8.35
  data arrival time                                  -3.14
  -----------------------------------------------------------
  slack (MET)                                         5.21


  Startpoint: TM1 (input port clocked by ideal_clock1)
  Endpoint: DATA_9_19 (output port clocked by ideal_clock1)
  Path Group: ideal_clock1
  Path Type: max

  Point                                    Incr       Path
  -----------------------------------------------------------
  clock ideal_clock1 (rise edge)           0.00       0.00
  clock network delay (ideal)              0.40       0.40
  input external delay                     2.00       2.40 f
  TM1 (in)                                 0.00 @     2.40 f
  U3011/Y (INVX1_RVT)                      0.21 c     2.61 r
  U6211/Y (XNOR3X1_RVT)                    0.36 c     2.97 r
  U6035/Y (XNOR2X1_RVT)                    0.17 &     3.14 r
  DATA_9_19 (out)                          0.00 &     3.14 r
  data arrival time                                   3.14

  clock ideal_clock1 (rise edge)          10.00      10.00
  clock network delay (ideal)              0.40      10.40
  clock uncertainty                       -0.05      10.35
  output external delay                   -2.00       8.35
  data required time                                  8.35
  -----------------------------------------------------------
  data required time                                  8.35
  data arrival time                                  -3.14
  -----------------------------------------------------------
  slack (MET)                                         5.21


  Startpoint: TM0 (input port clocked by ideal_clock1)
  Endpoint: DATA_9_0 (output port clocked by ideal_clock1)
  Path Group: ideal_clock1
  Path Type: max

  Point                                    Incr       Path
  -----------------------------------------------------------
  clock ideal_clock1 (rise edge)           0.00       0.00
  clock network delay (ideal)              0.40       0.40
  input external delay                     2.00       2.40 f
  TM0 (in)                                 0.00 @     2.40 f
  U3008/Y (INVX1_RVT)                      0.21 @     2.61 r
  U6227/Y (XNOR3X1_RVT)                    0.35 &     2.96 r
  U6055/Y (XNOR2X1_RVT)                    0.18 &     3.14 r
  DATA_9_0 (out)                           0.00 &     3.14 r
  data arrival time                                   3.14

  clock ideal_clock1 (rise edge)          10.00      10.00
  clock network delay (ideal)              0.40      10.40
  clock uncertainty                       -0.05      10.35
  output external delay                   -2.00       8.35
  data required time                                  8.35
  -----------------------------------------------------------
  data required time                                  8.35
  data arrival time                                  -3.14
  -----------------------------------------------------------
  slack (MET)                                         5.21


  Startpoint: TM1 (input port clocked by ideal_clock1)
  Endpoint: DATA_9_17 (output port clocked by ideal_clock1)
  Path Group: ideal_clock1
  Path Type: max

  Point                                    Incr       Path
  -----------------------------------------------------------
  clock ideal_clock1 (rise edge)           0.00       0.00
  clock network delay (ideal)              0.40       0.40
  input external delay                     2.00       2.40 f
  TM1 (in)                                 0.00 @     2.40 f
  U3011/Y (INVX1_RVT)                      0.21 c     2.61 r
  U6215/Y (XNOR3X1_RVT)                    0.36 c     2.97 r
  U6039/Y (XNOR2X1_RVT)                    0.17 &     3.14 r
  DATA_9_17 (out)                          0.00 &     3.14 r
  data arrival time                                   3.14

  clock ideal_clock1 (rise edge)          10.00      10.00
  clock network delay (ideal)              0.40      10.40
  clock uncertainty                       -0.05      10.35
  output external delay                   -2.00       8.35
  data required time                                  8.35
  -----------------------------------------------------------
  data required time                                  8.35
  data arrival time                                  -3.14
  -----------------------------------------------------------
  slack (MET)                                         5.21


  Startpoint: TM0 (input port clocked by ideal_clock1)
  Endpoint: DATA_9_12 (output port clocked by ideal_clock1)
  Path Group: ideal_clock1
  Path Type: max

  Point                                    Incr       Path
  -----------------------------------------------------------
  clock ideal_clock1 (rise edge)           0.00       0.00
  clock network delay (ideal)              0.40       0.40
  input external delay                     2.00       2.40 f
  TM0 (in)                                 0.00 @     2.40 f
  U3008/Y (INVX1_RVT)                      0.21 @     2.61 r
  U6479/Y (XNOR3X1_RVT)                    0.34 &     2.96 r
  U6047/Y (XNOR2X1_RVT)                    0.18 &     3.14 r
  DATA_9_12 (out)                          0.00 &     3.14 r
  data arrival time                                   3.14

  clock ideal_clock1 (rise edge)          10.00      10.00
  clock network delay (ideal)              0.40      10.40
  clock uncertainty                       -0.05      10.35
  output external delay                   -2.00       8.35
  data required time                                  8.35
  -----------------------------------------------------------
  data required time                                  8.35
  data arrival time                                  -3.14
  -----------------------------------------------------------
  slack (MET)                                         5.21


  Startpoint: TM0 (input port clocked by ideal_clock1)
  Endpoint: DATA_9_13 (output port clocked by ideal_clock1)
  Path Group: ideal_clock1
  Path Type: max

  Point                                    Incr       Path
  -----------------------------------------------------------
  clock ideal_clock1 (rise edge)           0.00       0.00
  clock network delay (ideal)              0.40       0.40
  input external delay                     2.00       2.40 f
  TM0 (in)                                 0.00 @     2.40 f
  U3008/Y (INVX1_RVT)                      0.21 @     2.61 r
  U3950/Y (XNOR3X1_RVT)                    0.34 &     2.95 r
  U6045/Y (XNOR2X1_RVT)                    0.18 &     3.13 r
  DATA_9_13 (out)                          0.00 &     3.14 r
  data arrival time                                   3.14

  clock ideal_clock1 (rise edge)          10.00      10.00
  clock network delay (ideal)              0.40      10.40
  clock uncertainty                       -0.05      10.35
  output external delay                   -2.00       8.35
  data required time                                  8.35
  -----------------------------------------------------------
  data required time                                  8.35
  data arrival time                                  -3.14
  -----------------------------------------------------------
  slack (MET)                                         5.21


  Startpoint: TM0 (input port clocked by ideal_clock1)
  Endpoint: DATA_9_14 (output port clocked by ideal_clock1)
  Path Group: ideal_clock1
  Path Type: max

  Point                                    Incr       Path
  -----------------------------------------------------------
  clock ideal_clock1 (rise edge)           0.00       0.00
  clock network delay (ideal)              0.40       0.40
  input external delay                     2.00       2.40 f
  TM0 (in)                                 0.00 @     2.40 f
  U3008/Y (INVX1_RVT)                      0.21 @     2.61 r
  U6471/Y (XNOR3X1_RVT)                    0.34 &     2.96 r
  U6043/Y (XNOR2X1_RVT)                    0.17 &     3.13 r
  DATA_9_14 (out)                          0.00 &     3.13 r
  data arrival time                                   3.13

  clock ideal_clock1 (rise edge)          10.00      10.00
  clock network delay (ideal)              0.40      10.40
  clock uncertainty                       -0.05      10.35
  output external delay                   -2.00       8.35
  data required time                                  8.35
  -----------------------------------------------------------
  data required time                                  8.35
  data arrival time                                  -3.13
  -----------------------------------------------------------
  slack (MET)                                         5.22


  Startpoint: TM1 (input port clocked by ideal_clock1)
  Endpoint: DATA_9_16 (output port clocked by ideal_clock1)
  Path Group: ideal_clock1
  Path Type: max

  Point                                    Incr       Path
  -----------------------------------------------------------
  clock ideal_clock1 (rise edge)           0.00       0.00
  clock network delay (ideal)              0.40       0.40
  input external delay                     2.00       2.40 f
  TM1 (in)                                 0.00 @     2.40 f
  U3011/Y (INVX1_RVT)                      0.21 c     2.61 r
  U6217/Y (XNOR3X1_RVT)                    0.36 c     2.97 r
  U6041/Y (XNOR2X1_RVT)                    0.16 &     3.13 r
  DATA_9_16 (out)                          0.00 &     3.13 r
  data arrival time                                   3.13

  clock ideal_clock1 (rise edge)          10.00      10.00
  clock network delay (ideal)              0.40      10.40
  clock uncertainty                       -0.05      10.35
  output external delay                   -2.00       8.35
  data required time                                  8.35
  -----------------------------------------------------------
  data required time                                  8.35
  data arrival time                                  -3.13
  -----------------------------------------------------------
  slack (MET)                                         5.22


  Startpoint: TM0 (input port clocked by ideal_clock1)
  Endpoint: DATA_9_5 (output port clocked by ideal_clock1)
  Path Group: ideal_clock1
  Path Type: max

  Point                                    Incr       Path
  -----------------------------------------------------------
  clock ideal_clock1 (rise edge)           0.00       0.00
  clock network delay (ideal)              0.40       0.40
  input external delay                     2.00       2.40 f
  TM0 (in)                                 0.00 @     2.40 f
  U3008/Y (INVX1_RVT)                      0.21 @     2.61 r
  U6224/Y (XNOR3X1_RVT)                    0.34 &     2.95 r
  U6019/Y (XNOR2X1_RVT)                    0.16 &     3.12 r
  DATA_9_5 (out)                           0.00 &     3.12 r
  data arrival time                                   3.12

  clock ideal_clock1 (rise edge)          10.00      10.00
  clock network delay (ideal)              0.40      10.40
  clock uncertainty                       -0.05      10.35
  output external delay                   -2.00       8.35
  data required time                                  8.35
  -----------------------------------------------------------
  data required time                                  8.35
  data arrival time                                  -3.12
  -----------------------------------------------------------
  slack (MET)                                         5.23


  Startpoint: TM0 (input port clocked by ideal_clock1)
  Endpoint: DATA_9_6 (output port clocked by ideal_clock1)
  Path Group: ideal_clock1
  Path Type: max

  Point                                    Incr       Path
  -----------------------------------------------------------
  clock ideal_clock1 (rise edge)           0.00       0.00
  clock network delay (ideal)              0.40       0.40
  input external delay                     2.00       2.40 f
  TM0 (in)                                 0.00 @     2.40 f
  U3008/Y (INVX1_RVT)                      0.21 @     2.61 r
  U6481/Y (XNOR3X1_RVT)                    0.34 &     2.95 r
  U6017/Y (XNOR2X1_RVT)                    0.16 &     3.12 r
  DATA_9_6 (out)                           0.00 &     3.12 r
  data arrival time                                   3.12

  clock ideal_clock1 (rise edge)          10.00      10.00
  clock network delay (ideal)              0.40      10.40
  clock uncertainty                       -0.05      10.35
  output external delay                   -2.00       8.35
  data required time                                  8.35
  -----------------------------------------------------------
  data required time                                  8.35
  data arrival time                                  -3.12
  -----------------------------------------------------------
  slack (MET)                                         5.23


  Startpoint: TM0 (input port clocked by ideal_clock1)
  Endpoint: DATA_9_15 (output port clocked by ideal_clock1)
  Path Group: ideal_clock1
  Path Type: max

  Point                                    Incr       Path
  -----------------------------------------------------------
  clock ideal_clock1 (rise edge)           0.00       0.00
  clock network delay (ideal)              0.40       0.40
  input external delay                     2.00       2.40 f
  TM0 (in)                                 0.00 @     2.40 f
  U3008/Y (INVX1_RVT)                      0.21 @     2.61 r
  U6222/Y (XNOR3X1_RVT)                    0.34 &     2.95 r
  U6009/Y (XNOR2X1_RVT)                    0.16 &     3.11 r
  DATA_9_15 (out)                          0.00 &     3.11 r
  data arrival time                                   3.11

  clock ideal_clock1 (rise edge)          10.00      10.00
  clock network delay (ideal)              0.40      10.40
  clock uncertainty                       -0.05      10.35
  output external delay                   -2.00       8.35
  data required time                                  8.35
  -----------------------------------------------------------
  data required time                                  8.35
  data arrival time                                  -3.11
  -----------------------------------------------------------
  slack (MET)                                         5.24


  Startpoint: TM0 (input port clocked by ideal_clock1)
  Endpoint: DATA_9_3 (output port clocked by ideal_clock1)
  Path Group: ideal_clock1
  Path Type: max

  Point                                    Incr       Path
  -----------------------------------------------------------
  clock ideal_clock1 (rise edge)           0.00       0.00
  clock network delay (ideal)              0.40       0.40
  input external delay                     2.00       2.40 f
  TM0 (in)                                 0.00 @     2.40 f
  U3008/Y (INVX1_RVT)                      0.21 @     2.61 r
  U6477/Y (XNOR3X1_RVT)                    0.34 &     2.95 r
  U6025/Y (XNOR2X1_RVT)                    0.16 &     3.11 r
  DATA_9_3 (out)                           0.00 &     3.11 r
  data arrival time                                   3.11

  clock ideal_clock1 (rise edge)          10.00      10.00
  clock network delay (ideal)              0.40      10.40
  clock uncertainty                       -0.05      10.35
  output external delay                   -2.00       8.35
  data required time                                  8.35
  -----------------------------------------------------------
  data required time                                  8.35
  data arrival time                                  -3.11
  -----------------------------------------------------------
  slack (MET)                                         5.24


  Startpoint: TM0 (input port clocked by ideal_clock1)
  Endpoint: DATA_9_9 (output port clocked by ideal_clock1)
  Path Group: ideal_clock1
  Path Type: max

  Point                                    Incr       Path
  -----------------------------------------------------------
  clock ideal_clock1 (rise edge)           0.00       0.00
  clock network delay (ideal)              0.40       0.40
  input external delay                     2.00       2.40 f
  TM0 (in)                                 0.00 @     2.40 f
  U3008/Y (INVX1_RVT)                      0.21 @     2.61 r
  U6475/Y (XNOR3X1_RVT)                    0.34 &     2.96 r
  U6011/Y (XNOR2X1_RVT)                    0.15 &     3.11 r
  DATA_9_9 (out)                           0.00 &     3.11 r
  data arrival time                                   3.11

  clock ideal_clock1 (rise edge)          10.00      10.00
  clock network delay (ideal)              0.40      10.40
  clock uncertainty                       -0.05      10.35
  output external delay                   -2.00       8.35
  data required time                                  8.35
  -----------------------------------------------------------
  data required time                                  8.35
  data arrival time                                  -3.11
  -----------------------------------------------------------
  slack (MET)                                         5.24


  Startpoint: TM0 (input port clocked by ideal_clock1)
  Endpoint: DATA_9_7 (output port clocked by ideal_clock1)
  Path Group: ideal_clock1
  Path Type: max

  Point                                    Incr       Path
  -----------------------------------------------------------
  clock ideal_clock1 (rise edge)           0.00       0.00
  clock network delay (ideal)              0.40       0.40
  input external delay                     2.00       2.40 f
  TM0 (in)                                 0.00 @     2.40 f
  U3008/Y (INVX1_RVT)                      0.21 @     2.61 r
  U6229/Y (XNOR3X1_RVT)                    0.34 &     2.95 r
  U6015/Y (XNOR2X1_RVT)                    0.16 &     3.11 r
  DATA_9_7 (out)                           0.00 &     3.11 r
  data arrival time                                   3.11

  clock ideal_clock1 (rise edge)          10.00      10.00
  clock network delay (ideal)              0.40      10.40
  clock uncertainty                       -0.05      10.35
  output external delay                   -2.00       8.35
  data required time                                  8.35
  -----------------------------------------------------------
  data required time                                  8.35
  data arrival time                                  -3.11
  -----------------------------------------------------------
  slack (MET)                                         5.24


  Startpoint: TM0 (input port clocked by ideal_clock1)
  Endpoint: DATA_9_4 (output port clocked by ideal_clock1)
  Path Group: ideal_clock1
  Path Type: max

  Point                                    Incr       Path
  -----------------------------------------------------------
  clock ideal_clock1 (rise edge)           0.00       0.00
  clock network delay (ideal)              0.40       0.40
  input external delay                     2.00       2.40 f
  TM0 (in)                                 0.00 @     2.40 f
  U3008/Y (INVX1_RVT)                      0.21 @     2.61 r
  U6467/Y (XNOR3X1_RVT)                    0.33 &     2.95 r
  U6021/Y (XNOR2X1_RVT)                    0.16 &     3.11 r
  DATA_9_4 (out)                           0.00 &     3.11 r
  data arrival time                                   3.11

  clock ideal_clock1 (rise edge)          10.00      10.00
  clock network delay (ideal)              0.40      10.40
  clock uncertainty                       -0.05      10.35
  output external delay                   -2.00       8.35
  data required time                                  8.35
  -----------------------------------------------------------
  data required time                                  8.35
  data arrival time                                  -3.11
  -----------------------------------------------------------
  slack (MET)                                         5.24


  Startpoint: TM0 (input port clocked by ideal_clock1)
  Endpoint: DATA_9_1 (output port clocked by ideal_clock1)
  Path Group: ideal_clock1
  Path Type: max

  Point                                    Incr       Path
  -----------------------------------------------------------
  clock ideal_clock1 (rise edge)           0.00       0.00
  clock network delay (ideal)              0.40       0.40
  input external delay                     2.00       2.40 f
  TM0 (in)                                 0.00 @     2.40 f
  U3008/Y (INVX1_RVT)                      0.21 @     2.61 r
  U6231/Y (XNOR3X1_RVT)                    0.33 &     2.95 r
  U6053/Y (XNOR2X1_RVT)                    0.16 &     3.11 r
  DATA_9_1 (out)                           0.00 &     3.11 r
  data arrival time                                   3.11

  clock ideal_clock1 (rise edge)          10.00      10.00
  clock network delay (ideal)              0.40      10.40
  clock uncertainty                       -0.05      10.35
  output external delay                   -2.00       8.35
  data required time                                  8.35
  -----------------------------------------------------------
  data required time                                  8.35
  data arrival time                                  -3.11
  -----------------------------------------------------------
  slack (MET)                                         5.24


  Startpoint: TM0 (input port clocked by ideal_clock1)
  Endpoint: DATA_9_8 (output port clocked by ideal_clock1)
  Path Group: ideal_clock1
  Path Type: max

  Point                                    Incr       Path
  -----------------------------------------------------------
  clock ideal_clock1 (rise edge)           0.00       0.00
  clock network delay (ideal)              0.40       0.40
  input external delay                     2.00       2.40 f
  TM0 (in)                                 0.00 @     2.40 f
  U3008/Y (INVX1_RVT)                      0.21 @     2.61 r
  U6463/Y (XNOR3X1_RVT)                    0.34 &     2.96 r
  U6013/Y (XNOR2X1_RVT)                    0.15 &     3.11 r
  DATA_9_8 (out)                           0.00 &     3.11 r
  data arrival time                                   3.11

  clock ideal_clock1 (rise edge)          10.00      10.00
  clock network delay (ideal)              0.40      10.40
  clock uncertainty                       -0.05      10.35
  output external delay                   -2.00       8.35
  data required time                                  8.35
  -----------------------------------------------------------
  data required time                                  8.35
  data arrival time                                  -3.11
  -----------------------------------------------------------
  slack (MET)                                         5.24


  Startpoint: TM0 (input port clocked by ideal_clock1)
  Endpoint: DATA_9_2 (output port clocked by ideal_clock1)
  Path Group: ideal_clock1
  Path Type: max

  Point                                    Incr       Path
  -----------------------------------------------------------
  clock ideal_clock1 (rise edge)           0.00       0.00
  clock network delay (ideal)              0.40       0.40
  input external delay                     2.00       2.40 f
  TM0 (in)                                 0.00 @     2.40 f
  U3008/Y (INVX1_RVT)                      0.21 @     2.61 r
  U6469/Y (XNOR3X1_RVT)                    0.33 &     2.95 r
  U6033/Y (XNOR2X1_RVT)                    0.16 &     3.11 r
  DATA_9_2 (out)                           0.00 &     3.11 r
  data arrival time                                   3.11

  clock ideal_clock1 (rise edge)          10.00      10.00
  clock network delay (ideal)              0.40      10.40
  clock uncertainty                       -0.05      10.35
  output external delay                   -2.00       8.35
  data required time                                  8.35
  -----------------------------------------------------------
  data required time                                  8.35
  data arrival time                                  -3.11
  -----------------------------------------------------------
  slack (MET)                                         5.24


  Startpoint: TM1 (input port clocked by ideal_clock1)
  Endpoint: DFF_1191/q_reg
            (rising edge-triggered flip-flop clocked by ideal_clock1)
  Path Group: ideal_clock1
  Path Type: max

  Point                                    Incr       Path
  -----------------------------------------------------------
  clock ideal_clock1 (rise edge)           0.00       0.00
  clock network delay (ideal)              0.40       0.40
  input external delay                     2.00       2.40 f
  TM1 (in)                                 0.00 @     2.40 f
  U3013/Y (INVX1_RVT)                      0.43 @     2.83 r
  U6251/Y (XNOR3X1_RVT)                    0.61 &     3.44 r
  U7022/Y (AO22X1_RVT)                     0.17 &     3.62 r
  U7021/Y (AO221X1_RVT)                    0.11 &     3.72 r
  DFF_1191/d (dff_537)                     0.00       3.72 r
  DFF_1191/q_reg/D (DFFX1_RVT)             0.00 &     3.72 r
  data arrival time                                   3.72

  clock ideal_clock1 (rise edge)          10.00      10.00
  clock network delay (propagated)         0.14      10.14
  clock uncertainty                       -0.05      10.09
  DFF_1191/q_reg/CLK (DFFX1_RVT)           0.00      10.09 r
  library setup time                      -0.06      10.03
  data required time                                 10.03
  -----------------------------------------------------------
  data required time                                 10.03
  data arrival time                                  -3.72
  -----------------------------------------------------------
  slack (MET)                                         6.31


  Startpoint: TM1 (input port clocked by ideal_clock1)
  Endpoint: DFF_1192/q_reg
            (rising edge-triggered flip-flop clocked by ideal_clock1)
  Path Group: ideal_clock1
  Path Type: max

  Point                                    Incr       Path
  -----------------------------------------------------------
  clock ideal_clock1 (rise edge)           0.00       0.00
  clock network delay (ideal)              0.40       0.40
  input external delay                     2.00       2.40 f
  TM1 (in)                                 0.00 @     2.40 f
  U3013/Y (INVX1_RVT)                      0.43 @     2.83 r
  U6353/Y (XNOR3X1_RVT)                    0.59 &     3.42 r
  U5053/Y (AO22X1_RVT)                     0.17 &     3.59 r
  U5052/Y (AO221X1_RVT)                    0.11 &     3.70 r
  DFF_1192/d (dff_536)                     0.00       3.70 r
  DFF_1192/q_reg/D (DFFX1_RVT)             0.00 &     3.70 r
  data arrival time                                   3.70

  clock ideal_clock1 (rise edge)          10.00      10.00
  clock network delay (propagated)         0.14      10.14
  clock uncertainty                       -0.05      10.09
  DFF_1192/q_reg/CLK (DFFX1_RVT)           0.00      10.09 r
  library setup time                      -0.07      10.03
  data required time                                 10.03
  -----------------------------------------------------------
  data required time                                 10.03
  data arrival time                                  -3.70
  -----------------------------------------------------------
  slack (MET)                                         6.32


  Startpoint: TM1 (input port clocked by ideal_clock1)
  Endpoint: DFF_1189/q_reg
            (rising edge-triggered flip-flop clocked by ideal_clock1)
  Path Group: ideal_clock1
  Path Type: max

  Point                                    Incr       Path
  -----------------------------------------------------------
  clock ideal_clock1 (rise edge)           0.00       0.00
  clock network delay (ideal)              0.40       0.40
  input external delay                     2.00       2.40 f
  TM1 (in)                                 0.00 @     2.40 f
  U3013/Y (INVX1_RVT)                      0.43 @     2.83 r
  U6351/Y (XNOR3X1_RVT)                    0.59 &     3.42 r
  U5013/Y (AO22X1_RVT)                     0.17 &     3.59 r
  U5012/Y (AO221X1_RVT)                    0.10 &     3.70 r
  DFF_1189/d (dff_539)                     0.00       3.70 r
  DFF_1189/q_reg/D (DFFX1_RVT)             0.00 &     3.70 r
  data arrival time                                   3.70

  clock ideal_clock1 (rise edge)          10.00      10.00
  clock network delay (propagated)         0.14      10.14
  clock uncertainty                       -0.05      10.09
  DFF_1189/q_reg/CLK (DFFX1_RVT)           0.00      10.09 r
  library setup time                      -0.06      10.03
  data required time                                 10.03
  -----------------------------------------------------------
  data required time                                 10.03
  data arrival time                                  -3.70
  -----------------------------------------------------------
  slack (MET)                                         6.33


  Startpoint: TM1 (input port clocked by ideal_clock1)
  Endpoint: DFF_1190/q_reg
            (rising edge-triggered flip-flop clocked by ideal_clock1)
  Path Group: ideal_clock1
  Path Type: max

  Point                                    Incr       Path
  -----------------------------------------------------------
  clock ideal_clock1 (rise edge)           0.00       0.00
  clock network delay (ideal)              0.40       0.40
  input external delay                     2.00       2.40 f
  TM1 (in)                                 0.00 @     2.40 f
  U3013/Y (INVX1_RVT)                      0.43 @     2.83 r
  U6249/Y (XNOR3X1_RVT)                    0.59 &     3.42 r
  U7001/Y (AO22X1_RVT)                     0.16 &     3.58 r
  U7000/Y (AO221X1_RVT)                    0.10 &     3.68 r
  DFF_1190/d (dff_538)                     0.00       3.68 r
  DFF_1190/q_reg/D (DFFX1_RVT)             0.00 &     3.68 r
  data arrival time                                   3.68

  clock ideal_clock1 (rise edge)          10.00      10.00
  clock network delay (propagated)         0.14      10.14
  clock uncertainty                       -0.05      10.09
  DFF_1190/q_reg/CLK (DFFX1_RVT)           0.00      10.09 r
  library setup time                      -0.06      10.03
  data required time                                 10.03
  -----------------------------------------------------------
  data required time                                 10.03
  data arrival time                                  -3.68
  -----------------------------------------------------------
  slack (MET)                                         6.35


  Startpoint: TM1 (input port clocked by ideal_clock1)
  Endpoint: DFF_1193/q_reg
            (rising edge-triggered flip-flop clocked by ideal_clock1)
  Path Group: ideal_clock1
  Path Type: max

  Point                                    Incr       Path
  -----------------------------------------------------------
  clock ideal_clock1 (rise edge)           0.00       0.00
  clock network delay (ideal)              0.40       0.40
  input external delay                     2.00       2.40 f
  TM1 (in)                                 0.00 @     2.40 f
  U3013/Y (INVX1_RVT)                      0.43 @     2.83 r
  U6253/Y (XNOR3X1_RVT)                    0.57 &     3.40 r
  U7014/Y (AO22X1_RVT)                     0.17 &     3.56 r
  U7013/Y (AO221X1_RVT)                    0.11 &     3.67 r
  DFF_1193/d (dff_535)                     0.00       3.67 r
  DFF_1193/q_reg/D (DFFX1_RVT)             0.00 &     3.67 r
  data arrival time                                   3.67

  clock ideal_clock1 (rise edge)          10.00      10.00
  clock network delay (propagated)         0.14      10.14
  clock uncertainty                       -0.05      10.09
  DFF_1193/q_reg/CLK (DFFX1_RVT)           0.00      10.09 r
  library setup time                      -0.06      10.03
  data required time                                 10.03
  -----------------------------------------------------------
  data required time                                 10.03
  data arrival time                                  -3.67
  -----------------------------------------------------------
  slack (MET)                                         6.35


  Startpoint: TM1 (input port clocked by ideal_clock1)
  Endpoint: DFF_1194/q_reg
            (rising edge-triggered flip-flop clocked by ideal_clock1)
  Path Group: ideal_clock1
  Path Type: max

  Point                                    Incr       Path
  -----------------------------------------------------------
  clock ideal_clock1 (rise edge)           0.00       0.00
  clock network delay (ideal)              0.40       0.40
  input external delay                     2.00       2.40 f
  TM1 (in)                                 0.00 @     2.40 f
  U3013/Y (INVX1_RVT)                      0.43 @     2.83 r
  U6241/Y (XNOR3X1_RVT)                    0.55 &     3.38 r
  U5055/Y (AO22X1_RVT)                     0.16 &     3.54 r
  U5054/Y (AO221X1_RVT)                    0.10 &     3.64 r
  DFF_1194/d (dff_534)                     0.00       3.64 r
  DFF_1194/q_reg/D (DFFX1_RVT)             0.00 &     3.64 r
  data arrival time                                   3.64

  clock ideal_clock1 (rise edge)          10.00      10.00
  clock network delay (propagated)         0.14      10.14
  clock uncertainty                       -0.05      10.09
  DFF_1194/q_reg/CLK (DFFX1_RVT)           0.00      10.09 r
  library setup time                      -0.06      10.03
  data required time                                 10.03
  -----------------------------------------------------------
  data required time                                 10.03
  data arrival time                                  -3.64
  -----------------------------------------------------------
  slack (MET)                                         6.39


  Startpoint: TM1 (input port clocked by ideal_clock1)
  Endpoint: DFF_1188/q_reg
            (rising edge-triggered flip-flop clocked by ideal_clock1)
  Path Group: ideal_clock1
  Path Type: max

  Point                                    Incr       Path
  -----------------------------------------------------------
  clock ideal_clock1 (rise edge)           0.00       0.00
  clock network delay (ideal)              0.40       0.40
  input external delay                     2.00       2.40 f
  TM1 (in)                                 0.00 @     2.40 f
  U3013/Y (INVX1_RVT)                      0.43 @     2.83 r
  U6291/Y (XNOR3X1_RVT)                    0.56 &     3.39 r
  U7082/Y (AO22X1_RVT)                     0.15 &     3.54 r
  U7081/Y (AO221X1_RVT)                    0.09 &     3.63 r
  DFF_1188/d (dff_540)                     0.00       3.63 r
  DFF_1188/q_reg/D (DFFX1_RVT)             0.00 &     3.63 r
  data arrival time                                   3.63

  clock ideal_clock1 (rise edge)          10.00      10.00
  clock network delay (propagated)         0.16      10.16
  clock uncertainty                       -0.05      10.11
  DFF_1188/q_reg/CLK (DFFX1_RVT)           0.00      10.11 r
  library setup time                      -0.06      10.05
  data required time                                 10.05
  -----------------------------------------------------------
  data required time                                 10.05
  data arrival time                                  -3.63
  -----------------------------------------------------------
  slack (MET)                                         6.42


  Startpoint: TM1 (input port clocked by ideal_clock1)
  Endpoint: DFF_999/q_reg
            (rising edge-triggered flip-flop clocked by ideal_clock1)
  Path Group: ideal_clock1
  Path Type: max

  Point                                    Incr       Path
  -----------------------------------------------------------
  clock ideal_clock1 (rise edge)           0.00       0.00
  clock network delay (ideal)              0.40       0.40
  input external delay                     2.00       2.40 f
  TM1 (in)                                 0.00 @     2.40 f
  U3013/Y (INVX1_RVT)                      0.43 @     2.83 r
  U6251/Y (XNOR3X1_RVT)                    0.61 &     3.44 r
  U5043/Y (AO221X1_RVT)                    0.19 &     3.63 r
  DFF_999/d (dff_729)                      0.00       3.63 r
  DFF_999/q_reg/D (DFFX1_RVT)              0.00 &     3.63 r
  data arrival time                                   3.63

  clock ideal_clock1 (rise edge)          10.00      10.00
  clock network delay (propagated)         0.16      10.16
  clock uncertainty                       -0.05      10.11
  DFF_999/q_reg/CLK (DFFX1_RVT)            0.00      10.11 r
  library setup time                      -0.06      10.05
  data required time                                 10.05
  -----------------------------------------------------------
  data required time                                 10.05
  data arrival time                                  -3.63
  -----------------------------------------------------------
  slack (MET)                                         6.42


  Startpoint: TM1 (input port clocked by ideal_clock1)
  Endpoint: DFF_1000/q_reg
            (rising edge-triggered flip-flop clocked by ideal_clock1)
  Path Group: ideal_clock1
  Path Type: max

  Point                                    Incr       Path
  -----------------------------------------------------------
  clock ideal_clock1 (rise edge)           0.00       0.00
  clock network delay (ideal)              0.40       0.40
  input external delay                     2.00       2.40 f
  TM1 (in)                                 0.00 @     2.40 f
  U3013/Y (INVX1_RVT)                      0.43 @     2.83 r
  U6353/Y (XNOR3X1_RVT)                    0.59 &     3.42 r
  U6797/Y (AO221X1_RVT)                    0.20 &     3.62 r
  DFF_1000/d (dff_728)                     0.00       3.62 r
  DFF_1000/q_reg/D (DFFX1_RVT)             0.00 &     3.62 r
  data arrival time                                   3.62

  clock ideal_clock1 (rise edge)          10.00      10.00
  clock network delay (propagated)         0.16      10.16
  clock uncertainty                       -0.05      10.11
  DFF_1000/q_reg/CLK (DFFX1_RVT)           0.00      10.11 r
  library setup time                      -0.06      10.05
  data required time                                 10.05
  -----------------------------------------------------------
  data required time                                 10.05
  data arrival time                                  -3.62
  -----------------------------------------------------------
  slack (MET)                                         6.43


  Startpoint: TM1 (input port clocked by ideal_clock1)
  Endpoint: DFF_1187/q_reg
            (rising edge-triggered flip-flop clocked by ideal_clock1)
  Path Group: ideal_clock1
  Path Type: max

  Point                                    Incr       Path
  -----------------------------------------------------------
  clock ideal_clock1 (rise edge)           0.00       0.00
  clock network delay (ideal)              0.40       0.40
  input external delay                     2.00       2.40 f
  TM1 (in)                                 0.00 @     2.40 f
  U3013/Y (INVX1_RVT)                      0.43 @     2.83 r
  U6389/Y (XNOR3X1_RVT)                    0.55 &     3.38 r
  U7091/Y (AO22X1_RVT)                     0.15 &     3.52 r
  U7090/Y (AO221X1_RVT)                    0.09 &     3.61 r
  DFF_1187/d (dff_541)                     0.00       3.61 r
  DFF_1187/q_reg/D (DFFX1_RVT)             0.00 &     3.61 r
  data arrival time                                   3.61

  clock ideal_clock1 (rise edge)          10.00      10.00
  clock network delay (propagated)         0.16      10.16
  clock uncertainty                       -0.05      10.11
  DFF_1187/q_reg/CLK (DFFX1_RVT)           0.00      10.11 r
  library setup time                      -0.06      10.05
  data required time                                 10.05
  -----------------------------------------------------------
  data required time                                 10.05
  data arrival time                                  -3.61
  -----------------------------------------------------------
  slack (MET)                                         6.43


  Startpoint: TM1 (input port clocked by ideal_clock1)
  Endpoint: DFF_810/q_reg
            (rising edge-triggered flip-flop clocked by ideal_clock1)
  Path Group: ideal_clock1
  Path Type: max

  Point                                    Incr       Path
  -----------------------------------------------------------
  clock ideal_clock1 (rise edge)           0.00       0.00
  clock network delay (ideal)              0.40       0.40
  input external delay                     2.00       2.40 f
  TM1 (in)                                 0.00 @     2.40 f
  U3009/Y (INVX1_RVT)                      0.43 @     2.83 r
  U6383/Y (XNOR3X1_RVT)                    0.53 &     3.36 r
  U7103/Y (AO22X1_RVT)                     0.16 &     3.53 r
  U7102/Y (AO221X1_RVT)                    0.10 &     3.63 r
  DFF_810/d (dff_918)                      0.00       3.63 r
  DFF_810/q_reg/D (DFFX1_RVT)              0.00 &     3.63 r
  data arrival time                                   3.63

  clock ideal_clock1 (rise edge)          10.00      10.00
  clock network delay (propagated)         0.16      10.16
  clock uncertainty                       -0.05      10.11
  DFF_810/q_reg/CLK (DFFX1_RVT)            0.00      10.11 r
  library setup time                      -0.06      10.06
  data required time                                 10.06
  -----------------------------------------------------------
  data required time                                 10.06
  data arrival time                                  -3.63
  -----------------------------------------------------------
  slack (MET)                                         6.43


  Startpoint: TM1 (input port clocked by ideal_clock1)
  Endpoint: DFF_1384/q_reg
            (rising edge-triggered flip-flop clocked by ideal_clock1)
  Path Group: ideal_clock1
  Path Type: max

  Point                                    Incr       Path
  -----------------------------------------------------------
  clock ideal_clock1 (rise edge)           0.00       0.00
  clock network delay (ideal)              0.40       0.40
  input external delay                     2.00       2.40 f
  TM1 (in)                                 0.00 @     2.40 f
  U3013/Y (INVX1_RVT)                      0.43 @     2.83 r
  U6243/Y (XNOR3X1_RVT)                    0.51 &     3.34 r
  U5999/Y (AO22X1_RVT)                     0.17 &     3.51 r
  U6834/Y (AO221X1_RVT)                    0.11 &     3.62 r
  DFF_1384/d (dff_344)                     0.00       3.62 r
  DFF_1384/q_reg/D (DFFX1_RVT)             0.00 &     3.62 r
  data arrival time                                   3.62

  clock ideal_clock1 (rise edge)          10.00      10.00
  clock network delay (propagated)         0.17      10.17
  clock uncertainty                       -0.05      10.12
  DFF_1384/q_reg/CLK (DFFX1_RVT)           0.00      10.12 r
  library setup time                      -0.06      10.06
  data required time                                 10.06
  -----------------------------------------------------------
  data required time                                 10.06
  data arrival time                                  -3.62
  -----------------------------------------------------------
  slack (MET)                                         6.44


  Startpoint: TM1 (input port clocked by ideal_clock1)
  Endpoint: DFF_997/q_reg
            (rising edge-triggered flip-flop clocked by ideal_clock1)
  Path Group: ideal_clock1
  Path Type: max

  Point                                    Incr       Path
  -----------------------------------------------------------
  clock ideal_clock1 (rise edge)           0.00       0.00
  clock network delay (ideal)              0.40       0.40
  input external delay                     2.00       2.40 f
  TM1 (in)                                 0.00 @     2.40 f
  U3013/Y (INVX1_RVT)                      0.43 @     2.83 r
  U6351/Y (XNOR3X1_RVT)                    0.59 &     3.42 r
  U6925/Y (AO221X1_RVT)                    0.19 &     3.61 r
  DFF_997/d (dff_731)                      0.00       3.61 r
  DFF_997/q_reg/D (DFFX1_RVT)              0.00 &     3.61 r
  data arrival time                                   3.61

  clock ideal_clock1 (rise edge)          10.00      10.00
  clock network delay (propagated)         0.17      10.17
  clock uncertainty                       -0.05      10.12
  DFF_997/q_reg/CLK (DFFX1_RVT)            0.00      10.12 r
  library setup time                      -0.06      10.06
  data required time                                 10.06
  -----------------------------------------------------------
  data required time                                 10.06
  data arrival time                                  -3.61
  -----------------------------------------------------------
  slack (MET)                                         6.45


  Startpoint: TM1 (input port clocked by ideal_clock1)
  Endpoint: DFF_1196/q_reg
            (rising edge-triggered flip-flop clocked by ideal_clock1)
  Path Group: ideal_clock1
  Path Type: max

  Point                                    Incr       Path
  -----------------------------------------------------------
  clock ideal_clock1 (rise edge)           0.00       0.00
  clock network delay (ideal)              0.40       0.40
  input external delay                     2.00       2.40 f
  TM1 (in)                                 0.00 @     2.40 f
  U3013/Y (INVX1_RVT)                      0.43 @     2.83 r
  U6257/Y (XNOR3X1_RVT)                    0.51 &     3.34 r
  U7089/Y (AO22X1_RVT)                     0.15 &     3.48 r
  U7088/Y (AO221X1_RVT)                    0.09 &     3.58 r
  DFF_1196/d (dff_532)                     0.00       3.58 r
  DFF_1196/q_reg/D (DFFX1_RVT)             0.00 &     3.58 r
  data arrival time                                   3.58

  clock ideal_clock1 (rise edge)          10.00      10.00
  clock network delay (propagated)         0.14      10.14
  clock uncertainty                       -0.05      10.09
  DFF_1196/q_reg/CLK (DFFX1_RVT)           0.00      10.09 r
  library setup time                      -0.06      10.03
  data required time                                 10.03
  -----------------------------------------------------------
  data required time                                 10.03
  data arrival time                                  -3.58
  -----------------------------------------------------------
  slack (MET)                                         6.45


  Startpoint: TM1 (input port clocked by ideal_clock1)
  Endpoint: DFF_1195/q_reg
            (rising edge-triggered flip-flop clocked by ideal_clock1)
  Path Group: ideal_clock1
  Path Type: max

  Point                                    Incr       Path
  -----------------------------------------------------------
  clock ideal_clock1 (rise edge)           0.00       0.00
  clock network delay (ideal)              0.40       0.40
  input external delay                     2.00       2.40 f
  TM1 (in)                                 0.00 @     2.40 f
  U3013/Y (INVX1_RVT)                      0.43 @     2.83 r
  U6255/Y (XNOR3X1_RVT)                    0.51 &     3.34 r
  U7080/Y (AO22X1_RVT)                     0.15 &     3.49 r
  U7079/Y (AO221X1_RVT)                    0.09 &     3.58 r
  DFF_1195/d (dff_533)                     0.00       3.58 r
  DFF_1195/q_reg/D (DFFX1_RVT)             0.00 &     3.58 r
  data arrival time                                   3.58

  clock ideal_clock1 (rise edge)          10.00      10.00
  clock network delay (propagated)         0.14      10.14
  clock uncertainty                       -0.05      10.09
  DFF_1195/q_reg/CLK (DFFX1_RVT)           0.00      10.09 r
  library setup time                      -0.06      10.03
  data required time                                 10.03
  -----------------------------------------------------------
  data required time                                 10.03
  data arrival time                                  -3.58
  -----------------------------------------------------------
  slack (MET)                                         6.45


  Startpoint: TM1 (input port clocked by ideal_clock1)
  Endpoint: DFF_809/q_reg
            (rising edge-triggered flip-flop clocked by ideal_clock1)
  Path Group: ideal_clock1
  Path Type: max

  Point                                    Incr       Path
  -----------------------------------------------------------
  clock ideal_clock1 (rise edge)           0.00       0.00
  clock network delay (ideal)              0.40       0.40
  input external delay                     2.00       2.40 f
  TM1 (in)                                 0.00 @     2.40 f
  U3009/Y (INVX1_RVT)                      0.43 @     2.83 r
  U6287/Y (XNOR3X1_RVT)                    0.52 &     3.35 r
  U7093/Y (AO22X1_RVT)                     0.16 &     3.51 r
  U7092/Y (AO221X1_RVT)                    0.10 &     3.61 r
  DFF_809/d (dff_919)                      0.00       3.61 r
  DFF_809/q_reg/D (DFFX1_RVT)              0.00 &     3.61 r
  data arrival time                                   3.61

  clock ideal_clock1 (rise edge)          10.00      10.00
  clock network delay (propagated)         0.16      10.16
  clock uncertainty                       -0.05      10.11
  DFF_809/q_reg/CLK (DFFX1_RVT)            0.00      10.11 r
  library setup time                      -0.06      10.06
  data required time                                 10.06
  -----------------------------------------------------------
  data required time                                 10.06
  data arrival time                                  -3.61
  -----------------------------------------------------------
  slack (MET)                                         6.45


  Startpoint: TM1 (input port clocked by ideal_clock1)
  Endpoint: DFF_998/q_reg
            (rising edge-triggered flip-flop clocked by ideal_clock1)
  Path Group: ideal_clock1
  Path Type: max

  Point                                    Incr       Path
  -----------------------------------------------------------
  clock ideal_clock1 (rise edge)           0.00       0.00
  clock network delay (ideal)              0.40       0.40
  input external delay                     2.00       2.40 f
  TM1 (in)                                 0.00 @     2.40 f
  U3013/Y (INVX1_RVT)                      0.43 @     2.83 r
  U6249/Y (XNOR3X1_RVT)                    0.59 &     3.42 r
  U5041/Y (AO221X1_RVT)                    0.18 &     3.60 r
  DFF_998/d (dff_730)                      0.00       3.60 r
  DFF_998/q_reg/D (DFFX1_RVT)              0.00 &     3.60 r
  data arrival time                                   3.60

  clock ideal_clock1 (rise edge)          10.00      10.00
  clock network delay (propagated)         0.16      10.16
  clock uncertainty                       -0.05      10.11
  DFF_998/q_reg/CLK (DFFX1_RVT)            0.00      10.11 r
  library setup time                      -0.06      10.05
  data required time                                 10.05
  -----------------------------------------------------------
  data required time                                 10.05
  data arrival time                                  -3.60
  -----------------------------------------------------------
  slack (MET)                                         6.45


  Startpoint: TM1 (input port clocked by ideal_clock1)
  Endpoint: DFF_1572/q_reg
            (rising edge-triggered flip-flop clocked by ideal_clock1)
  Path Group: ideal_clock1
  Path Type: max

  Point                                    Incr       Path
  -----------------------------------------------------------
  clock ideal_clock1 (rise edge)           0.00       0.00
  clock network delay (ideal)              0.40       0.40
  input external delay                     2.00       2.40 f
  TM1 (in)                                 0.00 @     2.40 f
  U3013/Y (INVX1_RVT)                      0.43 @     2.83 r
  U6437/Y (XNOR3X1_RVT)                    0.49 &     3.32 r
  U4869/Y (AO22X1_RVT)                     0.12 &     3.44 r
  U4868/Y (AO221X1_RVT)                    0.12 &     3.56 r
  DFF_1572/d (dff_156)                     0.00       3.56 r
  DFF_1572/q_reg/D (DFFX1_RVT)             0.00 &     3.56 r
  data arrival time                                   3.56

  clock ideal_clock1 (rise edge)          10.00      10.00
  clock network delay (propagated)         0.16      10.16
  clock uncertainty                       -0.05      10.11
  DFF_1572/q_reg/CLK (DFFX1_RVT)           0.00      10.11 r
  library setup time                      -0.07      10.03
  data required time                                 10.03
  -----------------------------------------------------------
  data required time                                 10.03
  data arrival time                                  -3.56
  -----------------------------------------------------------
  slack (MET)                                         6.47


1
