 
****************************************
  Report : Chip Summary
  Design : s35932
  Version: L-2016.03-SP5-1
  Date   : Tue Mar  5 21:09:07 2019
****************************************
Std cell utilization: 50.20%  (83852/(167034-0))
(Non-fixed + Fixed)
Std cell utilization: 49.92%  (82924/(167034-930))
(Non-fixed only)
Chip area:            167034   sites, bbox (5.00 5.00 211.42 210.66) um
Std cell area:        83852    sites, (non-fixed:82924  fixed:928)
                      4876     cells, (non-fixed:4777   fixed:99)
Macro cell area:      0        sites
                      0        cells
Placement blockages:  0        sites, (excluding fixed std cells)
                      930      sites, (include fixed std cells & chimney area)
                      0        sites, (complete p/g net blockages)
Routing blockages:    0        sites, (partial p/g net blockages)
                      0        sites, (routing blockages and signal pre-route)
Lib cell count:       16 
Avg. std cell width:  1.90 um 
Site array:           unit     (width: 0.152 um, height: 1.672 um, rows: 123)
Physical DB scale:    1000 db_unit = 1 um 

 
****************************************
  Report : pnet options
  Design : s35932
  Version: L-2016.03-SP5-1
  Date   : Tue Mar  5 21:09:07 2019
****************************************


--------------------------------------------------------------------
Layer      Blockage   Min_width   Min_height   Via_additive     Density
--------------------------------------------------------------------
M1         none          ---         ---       via additive      ---
M2         none          ---         ---       via additive      ---
M3         none          ---         ---       via additive      ---
M4         none          ---         ---       via additive      ---
M5         none          ---         ---       via additive      ---
M6         none          ---         ---       via additive      ---
M7         none          ---         ---       via additive      ---
M8         none          ---         ---       via additive      ---
M9         none          ---         ---       via additive      ---
MRDL       none          ---         ---       via additive      ---

**********************************
      Sub-Region Utilization      
**********************************
Number of regions with placement utilization 0 - 0.125 is 0 (0.00%)
Number of regions with placement utilization 0.125 - 0.25 is 0 (0.00%)
Number of regions with placement utilization 0.25 - 0.375 is 17 (2.72%)
Number of regions with placement utilization 0.375 - 0.5 is 288 (46.08%)
Number of regions with placement utilization 0.5 - 0.625 is 301 (48.16%)
Number of regions with placement utilization 0.625 - 0.75 is 19 (3.04%)
Number of regions with placement utilization 0.75 - 0.875 is 0 (0.00%)
Number of regions with placement utilization 0.875 - 1 is 0 (0.00%)
1
