 
****************************************
Report : timing
        -path full
        -delay max
        -max_paths 50
Design : s386
Version: L-2016.03-SP5-1
Date   : Thu Mar  7 14:02:06 2019
****************************************

 * Some/all delay information is back-annotated.

Operating Conditions: ss0p95v25c   Library: saed32rvt_ss0p95v25c
	Parasitic source    : LPE
	Parasitic mode      : RealRC
	Extraction mode     : MIN_MAX
	Extraction derating : 125/125/125

Information: Percent of Arnoldi-based delays = 13.29%

  Startpoint: v1 (input port clocked by ideal_clock1)
  Endpoint: v13_D_6 (output port clocked by ideal_clock1)
  Path Group: ideal_clock1
  Path Type: max

  Point                                    Incr       Path
  -----------------------------------------------------------
  clock ideal_clock1 (rise edge)           0.00       0.00
  clock network delay (ideal)              0.40       0.40
  input external delay                     2.00       2.40 f
  v1 (in)                                  0.00 @     2.40 f
  U98/Y (INVX1_RVT)                        0.02 @     2.42 r
  U92/Y (NAND2X0_RVT)                      0.05 &     2.48 f
  U91/Y (NOR3X0_RVT)                       0.12 &     2.59 r
  U105/Y (NAND3X0_RVT)                     0.08 &     2.67 f
  U80/Y (INVX1_RVT)                        0.06 &     2.73 r
  U87/Y (AO22X1_RVT)                       0.10 &     2.83 r
  v13_D_6 (out)                            0.00 &     2.83 r
  data arrival time                                   2.83

  clock ideal_clock1 (rise edge)           6.50       6.50
  clock network delay (ideal)              0.40       6.90
  clock uncertainty                       -0.05       6.85
  output external delay                   -2.00       4.85
  data required time                                  4.85
  -----------------------------------------------------------
  data required time                                  4.85
  data arrival time                                  -2.83
  -----------------------------------------------------------
  slack (MET)                                         2.02


  Startpoint: v3 (input port clocked by ideal_clock1)
  Endpoint: v13_D_11 (output port clocked by ideal_clock1)
  Path Group: ideal_clock1
  Path Type: max

  Point                                    Incr       Path
  -----------------------------------------------------------
  clock ideal_clock1 (rise edge)           0.00       0.00
  clock network delay (ideal)              0.40       0.40
  input external delay                     2.00       2.40 f
  v3 (in)                                  0.00 @     2.40 f
  U97/Y (INVX1_RVT)                        0.02 @     2.42 r
  U96/Y (AND3X1_RVT)                       0.08 &     2.50 r
  U84/Y (NAND2X0_RVT)                      0.07 &     2.57 f
  U74/Y (INVX1_RVT)                        0.06 &     2.63 r
  U110/Y (AO21X1_RVT)                      0.06 &     2.69 r
  U109/Y (NAND3X0_RVT)                     0.04 &     2.74 f
  U108/Y (NAND3X0_RVT)                     0.06 &     2.80 r
  v13_D_11 (out)                           0.00 &     2.80 r
  data arrival time                                   2.80

  clock ideal_clock1 (rise edge)           6.50       6.50
  clock network delay (ideal)              0.40       6.90
  clock uncertainty                       -0.05       6.85
  output external delay                   -2.00       4.85
  data required time                                  4.85
  -----------------------------------------------------------
  data required time                                  4.85
  data arrival time                                  -2.80
  -----------------------------------------------------------
  slack (MET)                                         2.05


  Startpoint: v3 (input port clocked by ideal_clock1)
  Endpoint: v13_D_7 (output port clocked by ideal_clock1)
  Path Group: ideal_clock1
  Path Type: max

  Point                                    Incr       Path
  -----------------------------------------------------------
  clock ideal_clock1 (rise edge)           0.00       0.00
  clock network delay (ideal)              0.40       0.40
  input external delay                     2.00       2.40 f
  v3 (in)                                  0.00 @     2.40 f
  U97/Y (INVX1_RVT)                        0.02 @     2.42 r
  U96/Y (AND3X1_RVT)                       0.08 &     2.50 r
  U84/Y (NAND2X0_RVT)                      0.07 &     2.57 f
  U74/Y (INVX1_RVT)                        0.06 &     2.63 r
  U77/Y (AO21X1_RVT)                       0.06 &     2.69 r
  U76/Y (AND2X1_RVT)                       0.06 &     2.75 r
  v13_D_7 (out)                            0.00 &     2.75 r
  data arrival time                                   2.75

  clock ideal_clock1 (rise edge)           6.50       6.50
  clock network delay (ideal)              0.40       6.90
  clock uncertainty                       -0.05       6.85
  output external delay                   -2.00       4.85
  data required time                                  4.85
  -----------------------------------------------------------
  data required time                                  4.85
  data arrival time                                  -2.75
  -----------------------------------------------------------
  slack (MET)                                         2.10


  Startpoint: v1 (input port clocked by ideal_clock1)
  Endpoint: v13_D_9 (output port clocked by ideal_clock1)
  Path Group: ideal_clock1
  Path Type: max

  Point                                    Incr       Path
  -----------------------------------------------------------
  clock ideal_clock1 (rise edge)           0.00       0.00
  clock network delay (ideal)              0.40       0.40
  input external delay                     2.00       2.40 f
  v1 (in)                                  0.00 @     2.40 f
  U98/Y (INVX1_RVT)                        0.02 @     2.42 r
  U115/Y (AND3X1_RVT)                      0.08 &     2.50 r
  U114/Y (NAND4X0_RVT)                     0.09 &     2.59 f
  U113/Y (NAND2X0_RVT)                     0.09 &     2.69 r
  v13_D_9 (out)                            0.00 &     2.69 r
  data arrival time                                   2.69

  clock ideal_clock1 (rise edge)           6.50       6.50
  clock network delay (ideal)              0.40       6.90
  clock uncertainty                       -0.05       6.85
  output external delay                   -2.00       4.85
  data required time                                  4.85
  -----------------------------------------------------------
  data required time                                  4.85
  data arrival time                                  -2.69
  -----------------------------------------------------------
  slack (MET)                                         2.16


  Startpoint: v0 (input port clocked by ideal_clock1)
  Endpoint: v13_D_8 (output port clocked by ideal_clock1)
  Path Group: ideal_clock1
  Path Type: max

  Point                                    Incr       Path
  -----------------------------------------------------------
  clock ideal_clock1 (rise edge)           0.00       0.00
  clock network delay (ideal)              0.40       0.40
  input external delay                     2.00       2.40 r
  v0 (in)                                  0.00 @     2.40 r
  U107/Y (NAND4X0_RVT)                     0.12 @     2.52 f
  U111/Y (NOR2X0_RVT)                      0.13 &     2.64 r
  v13_D_8 (out)                            0.00 &     2.64 r
  data arrival time                                   2.64

  clock ideal_clock1 (rise edge)           6.50       6.50
  clock network delay (ideal)              0.40       6.90
  clock uncertainty                       -0.05       6.85
  output external delay                   -2.00       4.85
  data required time                                  4.85
  -----------------------------------------------------------
  data required time                                  4.85
  data arrival time                                  -2.64
  -----------------------------------------------------------
  slack (MET)                                         2.21


  Startpoint: v0 (input port clocked by ideal_clock1)
  Endpoint: v13_D_10 (output port clocked by ideal_clock1)
  Path Group: ideal_clock1
  Path Type: max

  Point                                    Incr       Path
  -----------------------------------------------------------
  clock ideal_clock1 (rise edge)           0.00       0.00
  clock network delay (ideal)              0.40       0.40
  input external delay                     2.00       2.40 r
  v0 (in)                                  0.00 @     2.40 r
  U100/Y (AO21X1_RVT)                      0.07 @     2.47 r
  U99/Y (AND3X1_RVT)                       0.09 &     2.56 r
  v13_D_10 (out)                           0.00 &     2.56 r
  data arrival time                                   2.56

  clock ideal_clock1 (rise edge)           6.50       6.50
  clock network delay (ideal)              0.40       6.90
  clock uncertainty                       -0.05       6.85
  output external delay                   -2.00       4.85
  data required time                                  4.85
  -----------------------------------------------------------
  data required time                                  4.85
  data arrival time                                  -2.56
  -----------------------------------------------------------
  slack (MET)                                         2.29


  Startpoint: v0 (input port clocked by ideal_clock1)
  Endpoint: v13_D_12 (output port clocked by ideal_clock1)
  Path Group: ideal_clock1
  Path Type: max

  Point                                    Incr       Path
  -----------------------------------------------------------
  clock ideal_clock1 (rise edge)           0.00       0.00
  clock network delay (ideal)              0.40       0.40
  input external delay                     2.00       2.40 f
  v0 (in)                                  0.00 @     2.40 f
  U102/Y (INVX1_RVT)                       0.02 @     2.42 r
  U116/Y (AND4X1_RVT)                      0.11 &     2.53 r
  v13_D_12 (out)                           0.00 &     2.53 r
  data arrival time                                   2.53

  clock ideal_clock1 (rise edge)           6.50       6.50
  clock network delay (ideal)              0.40       6.90
  clock uncertainty                       -0.05       6.85
  output external delay                   -2.00       4.85
  data required time                                  4.85
  -----------------------------------------------------------
  data required time                                  4.85
  data arrival time                                  -2.53
  -----------------------------------------------------------
  slack (MET)                                         2.32


  Startpoint: v1 (input port clocked by ideal_clock1)
  Endpoint: DFF_0/q_reg
            (rising edge-triggered flip-flop clocked by ideal_clock1)
  Path Group: ideal_clock1
  Path Type: max

  Point                                    Incr       Path
  -----------------------------------------------------------
  clock ideal_clock1 (rise edge)           0.00       0.00
  clock network delay (ideal)              0.40       0.40
  input external delay                     2.00       2.40 f
  v1 (in)                                  0.00 @     2.40 f
  U98/Y (INVX1_RVT)                        0.02 @     2.42 r
  U92/Y (NAND2X0_RVT)                      0.05 &     2.48 f
  U91/Y (NOR3X0_RVT)                       0.12 &     2.59 r
  U75/Y (AND2X1_RVT)                       0.08 &     2.67 r
  U123/Y (NAND3X0_RVT)                     0.06 &     2.73 f
  U122/Y (NAND2X0_RVT)                     0.07 &     2.80 r
  DFF_0/d (dff_0)                          0.00       2.80 r
  DFF_0/q_reg/D (DFFX1_RVT)                0.00 &     2.80 r
  data arrival time                                   2.80

  clock ideal_clock1 (rise edge)           6.50       6.50
  clock network delay (propagated)         0.00       6.50
  clock uncertainty                       -0.05       6.45
  DFF_0/q_reg/CLK (DFFX1_RVT)              0.00       6.45 r
  library setup time                      -0.07       6.38
  data required time                                  6.38
  -----------------------------------------------------------
  data required time                                  6.38
  data arrival time                                  -2.80
  -----------------------------------------------------------
  slack (MET)                                         3.58


  Startpoint: v1 (input port clocked by ideal_clock1)
  Endpoint: DFF_1/q_reg
            (rising edge-triggered flip-flop clocked by ideal_clock1)
  Path Group: ideal_clock1
  Path Type: max

  Point                                    Incr       Path
  -----------------------------------------------------------
  clock ideal_clock1 (rise edge)           0.00       0.00
  clock network delay (ideal)              0.40       0.40
  input external delay                     2.00       2.40 f
  v1 (in)                                  0.00 @     2.40 f
  U98/Y (INVX1_RVT)                        0.02 @     2.42 r
  U92/Y (NAND2X0_RVT)                      0.05 &     2.48 f
  U91/Y (NOR3X0_RVT)                       0.12 &     2.59 r
  U105/Y (NAND3X0_RVT)                     0.08 &     2.67 f
  U80/Y (INVX1_RVT)                        0.06 &     2.73 r
  U117/Y (AO22X1_RVT)                      0.07 &     2.81 r
  DFF_1/d (dff_5)                          0.00       2.81 r
  DFF_1/q_reg/D (DFFX1_RVT)                0.00 &     2.81 r
  data arrival time                                   2.81

  clock ideal_clock1 (rise edge)           6.50       6.50
  clock network delay (propagated)         0.00       6.50
  clock uncertainty                       -0.05       6.45
  DFF_1/q_reg/CLK (DFFX1_RVT)              0.00       6.45 r
  library setup time                      -0.06       6.39
  data required time                                  6.39
  -----------------------------------------------------------
  data required time                                  6.39
  data arrival time                                  -2.81
  -----------------------------------------------------------
  slack (MET)                                         3.58


  Startpoint: v2 (input port clocked by ideal_clock1)
  Endpoint: DFF_4/q_reg
            (rising edge-triggered flip-flop clocked by ideal_clock1)
  Path Group: ideal_clock1
  Path Type: max

  Point                                    Incr       Path
  -----------------------------------------------------------
  clock ideal_clock1 (rise edge)           0.00       0.00
  clock network delay (ideal)              0.40       0.40
  input external delay                     2.00       2.40 f
  v2 (in)                                  0.00 @     2.40 f
  U133/Y (NAND2X0_RVT)                     0.04 @     2.44 r
  U146/Y (NAND2X0_RVT)                     0.05 &     2.49 f
  U137/Y (OA22X1_RVT)                      0.09 &     2.58 f
  U136/Y (OA22X1_RVT)                      0.07 &     2.66 f
  U135/Y (OAI22X1_RVT)                     0.09 &     2.75 r
  U134/Y (AND2X1_RVT)                      0.06 &     2.80 r
  DFF_4/d (dff_2)                          0.00       2.80 r
  DFF_4/q_reg/D (DFFX1_RVT)                0.00 &     2.80 r
  data arrival time                                   2.80

  clock ideal_clock1 (rise edge)           6.50       6.50
  clock network delay (propagated)         0.00       6.50
  clock uncertainty                       -0.05       6.45
  DFF_4/q_reg/CLK (DFFX1_RVT)              0.00       6.45 r
  library setup time                      -0.06       6.39
  data required time                                  6.39
  -----------------------------------------------------------
  data required time                                  6.39
  data arrival time                                  -2.80
  -----------------------------------------------------------
  slack (MET)                                         3.59


  Startpoint: v1 (input port clocked by ideal_clock1)
  Endpoint: DFF_2/q_reg
            (rising edge-triggered flip-flop clocked by ideal_clock1)
  Path Group: ideal_clock1
  Path Type: max

  Point                                    Incr       Path
  -----------------------------------------------------------
  clock ideal_clock1 (rise edge)           0.00       0.00
  clock network delay (ideal)              0.40       0.40
  input external delay                     2.00       2.40 r
  v1 (in)                                  0.00 @     2.40 r
  U98/Y (INVX1_RVT)                        0.02 @     2.42 f
  U104/Y (OA21X1_RVT)                      0.09 &     2.51 f
  U83/Y (INVX1_RVT)                        0.03 &     2.54 r
  U82/Y (AO22X1_RVT)                       0.07 &     2.61 r
  U81/Y (NAND2X0_RVT)                      0.08 &     2.68 f
  U144/Y (INVX1_RVT)                       0.05 &     2.73 r
  U142/Y (AO21X1_RVT)                      0.06 &     2.79 r
  DFF_2/d (dff_4)                          0.00       2.79 r
  DFF_2/q_reg/D (DFFX1_RVT)                0.00 &     2.79 r
  data arrival time                                   2.79

  clock ideal_clock1 (rise edge)           6.50       6.50
  clock network delay (propagated)         0.00       6.50
  clock uncertainty                       -0.05       6.45
  DFF_2/q_reg/CLK (DFFX1_RVT)              0.00       6.45 r
  library setup time                      -0.06       6.39
  data required time                                  6.39
  -----------------------------------------------------------
  data required time                                  6.39
  data arrival time                                  -2.79
  -----------------------------------------------------------
  slack (MET)                                         3.59


  Startpoint: v1 (input port clocked by ideal_clock1)
  Endpoint: DFF_3/q_reg
            (rising edge-triggered flip-flop clocked by ideal_clock1)
  Path Group: ideal_clock1
  Path Type: max

  Point                                    Incr       Path
  -----------------------------------------------------------
  clock ideal_clock1 (rise edge)           0.00       0.00
  clock network delay (ideal)              0.40       0.40
  input external delay                     2.00       2.40 f
  v1 (in)                                  0.00 @     2.40 f
  U98/Y (INVX1_RVT)                        0.02 @     2.42 r
  U104/Y (OA21X1_RVT)                      0.09 &     2.51 r
  U83/Y (INVX1_RVT)                        0.02 &     2.54 f
  U82/Y (AO22X1_RVT)                       0.06 &     2.59 f
  U81/Y (NAND2X0_RVT)                      0.08 &     2.67 r
  U138/Y (NAND3X0_RVT)                     0.09 &     2.77 f
  DFF_3/d (dff_3)                          0.00       2.77 f
  DFF_3/q_reg/D (DFFX1_RVT)                0.00 &     2.77 f
  data arrival time                                   2.77

  clock ideal_clock1 (rise edge)           6.50       6.50
  clock network delay (propagated)         0.00       6.50
  clock uncertainty                       -0.05       6.45
  DFF_3/q_reg/CLK (DFFX1_RVT)              0.00       6.45 r
  library setup time                      -0.09       6.36
  data required time                                  6.36
  -----------------------------------------------------------
  data required time                                  6.36
  data arrival time                                  -2.77
  -----------------------------------------------------------
  slack (MET)                                         3.60


  Startpoint: v1 (input port clocked by ideal_clock1)
  Endpoint: DFF_5/q_reg
            (rising edge-triggered flip-flop clocked by ideal_clock1)
  Path Group: ideal_clock1
  Path Type: max

  Point                                    Incr       Path
  -----------------------------------------------------------
  clock ideal_clock1 (rise edge)           0.00       0.00
  clock network delay (ideal)              0.40       0.40
  input external delay                     2.00       2.40 f
  v1 (in)                                  0.00 @     2.40 f
  U98/Y (INVX1_RVT)                        0.02 @     2.42 r
  U92/Y (NAND2X0_RVT)                      0.05 &     2.48 f
  U91/Y (NOR3X0_RVT)                       0.12 &     2.59 r
  U75/Y (AND2X1_RVT)                       0.08 &     2.67 r
  U120/Y (OA21X1_RVT)                      0.08 &     2.76 r
  DFF_5/d (dff_1)                          0.00       2.76 r
  DFF_5/q_reg/D (DFFX1_RVT)                0.00 &     2.76 r
  data arrival time                                   2.76

  clock ideal_clock1 (rise edge)           6.50       6.50
  clock network delay (propagated)         0.00       6.50
  clock uncertainty                       -0.05       6.45
  DFF_5/q_reg/CLK (DFFX1_RVT)              0.00       6.45 r
  library setup time                      -0.07       6.38
  data required time                                  6.38
  -----------------------------------------------------------
  data required time                                  6.38
  data arrival time                                  -2.76
  -----------------------------------------------------------
  slack (MET)                                         3.63


1
