 
****************************************
Report : timing
        -path full
        -delay min
        -max_paths 50
Design : s9234
Version: L-2016.03-SP5-1
Date   : Sat Mar  9 16:38:34 2019
****************************************

 * Some/all delay information is back-annotated.

Operating Conditions: ss0p95v25c   Library: saed32rvt_ss0p95v25c
	Parasitic source    : LPE
	Parasitic mode      : RealRC
	Extraction mode     : MIN_MAX
	Extraction derating : 125/125/125

Information: Percent of Arnoldi-based delays =  9.38%

  Startpoint: DFF_143/q_reg
              (rising edge-triggered flip-flop clocked by ideal_clock1)
  Endpoint: DFF_85/q_reg
            (rising edge-triggered flip-flop clocked by ideal_clock1)
  Path Group: ideal_clock1
  Path Type: min

  Point                                    Incr       Path
  -----------------------------------------------------------
  clock ideal_clock1 (rise edge)           0.00       0.00
  clock network delay (propagated)         0.01       0.01
  DFF_143/q_reg/CLK (DFFX1_RVT)            0.00       0.01 r
  DFF_143/q_reg/Q (DFFX1_RVT)              0.16       0.16 f
  DFF_143/q (dff_68)                       0.00       0.16 f
  DFF_85/d (dff_126)                       0.00       0.16 f
  DFF_85/q_reg/D (DFFX1_RVT)               0.00 &     0.16 f
  data arrival time                                   0.16

  clock ideal_clock1 (rise edge)           0.00       0.00
  clock network delay (propagated)         0.01       0.01
  clock uncertainty                        0.05       0.06
  DFF_85/q_reg/CLK (DFFX1_RVT)             0.00       0.06 r
  library hold time                       -0.01       0.05
  data required time                                  0.05
  -----------------------------------------------------------
  data required time                                  0.05
  data arrival time                                  -0.16
  -----------------------------------------------------------
  slack (MET)                                         0.12


  Startpoint: DFF_132/q_reg
              (rising edge-triggered flip-flop clocked by ideal_clock1)
  Endpoint: DFF_139/q_reg
            (rising edge-triggered flip-flop clocked by ideal_clock1)
  Path Group: ideal_clock1
  Path Type: min

  Point                                    Incr       Path
  -----------------------------------------------------------
  clock ideal_clock1 (rise edge)           0.00       0.00
  clock network delay (propagated)         0.01       0.01
  DFF_132/q_reg/CLK (DFFX1_RVT)            0.00       0.01 r
  DFF_132/q_reg/Q (DFFX1_RVT)              0.16       0.17 f
  DFF_132/q (dff_79)                       0.00       0.17 f
  DFF_139/d (dff_72)                       0.00       0.17 f
  DFF_139/q_reg/D (DFFX1_RVT)              0.00 &     0.17 f
  data arrival time                                   0.17

  clock ideal_clock1 (rise edge)           0.00       0.00
  clock network delay (propagated)         0.01       0.01
  clock uncertainty                        0.05       0.06
  DFF_139/q_reg/CLK (DFFX1_RVT)            0.00       0.06 r
  library hold time                       -0.01       0.04
  data required time                                  0.04
  -----------------------------------------------------------
  data required time                                  0.04
  data arrival time                                  -0.17
  -----------------------------------------------------------
  slack (MET)                                         0.12


  Startpoint: DFF_103/q_reg
              (rising edge-triggered flip-flop clocked by ideal_clock1)
  Endpoint: DFF_148/q_reg
            (rising edge-triggered flip-flop clocked by ideal_clock1)
  Path Group: ideal_clock1
  Path Type: min

  Point                                    Incr       Path
  -----------------------------------------------------------
  clock ideal_clock1 (rise edge)           0.00       0.00
  clock network delay (propagated)         0.01       0.01
  DFF_103/q_reg/CLK (DFFX1_RVT)            0.00       0.01 r
  DFF_103/q_reg/Q (DFFX1_RVT)              0.16       0.17 f
  DFF_103/q (dff_108)                      0.00       0.17 f
  DFF_148/d (dff_63)                       0.00       0.17 f
  DFF_148/q_reg/D (DFFX1_RVT)              0.00 &     0.17 f
  data arrival time                                   0.17

  clock ideal_clock1 (rise edge)           0.00       0.00
  clock network delay (propagated)         0.01       0.01
  clock uncertainty                        0.05       0.06
  DFF_148/q_reg/CLK (DFFX1_RVT)            0.00       0.06 r
  library hold time                       -0.01       0.05
  data required time                                  0.05
  -----------------------------------------------------------
  data required time                                  0.05
  data arrival time                                  -0.17
  -----------------------------------------------------------
  slack (MET)                                         0.12


  Startpoint: DFF_85/q_reg
              (rising edge-triggered flip-flop clocked by ideal_clock1)
  Endpoint: DFF_70/q_reg
            (rising edge-triggered flip-flop clocked by ideal_clock1)
  Path Group: ideal_clock1
  Path Type: min

  Point                                    Incr       Path
  -----------------------------------------------------------
  clock ideal_clock1 (rise edge)           0.00       0.00
  clock network delay (propagated)         0.01       0.01
  DFF_85/q_reg/CLK (DFFX1_RVT)             0.00       0.01 r
  DFF_85/q_reg/Q (DFFX1_RVT)               0.16       0.17 f
  DFF_85/q (dff_126)                       0.00       0.17 f
  DFF_70/d (dff_141)                       0.00       0.17 f
  DFF_70/q_reg/D (DFFX1_RVT)               0.00 &     0.17 f
  data arrival time                                   0.17

  clock ideal_clock1 (rise edge)           0.00       0.00
  clock network delay (propagated)         0.01       0.01
  clock uncertainty                        0.05       0.06
  DFF_70/q_reg/CLK (DFFX1_RVT)             0.00       0.06 r
  library hold time                       -0.01       0.04
  data required time                                  0.04
  -----------------------------------------------------------
  data required time                                  0.04
  data arrival time                                  -0.17
  -----------------------------------------------------------
  slack (MET)                                         0.13


  Startpoint: DFF_128/q_reg
              (rising edge-triggered flip-flop clocked by ideal_clock1)
  Endpoint: DFF_207/q_reg
            (rising edge-triggered flip-flop clocked by ideal_clock1)
  Path Group: ideal_clock1
  Path Type: min

  Point                                    Incr       Path
  -----------------------------------------------------------
  clock ideal_clock1 (rise edge)           0.00       0.00
  clock network delay (propagated)         0.01       0.01
  DFF_128/q_reg/CLK (DFFX1_RVT)            0.00       0.01 r
  DFF_128/q_reg/Q (DFFX1_RVT)              0.17       0.18 f
  DFF_128/q (dff_83)                       0.00       0.18 f
  DFF_207/d (dff_4)                        0.00       0.18 f
  DFF_207/q_reg/D (DFFX1_RVT)              0.00 &     0.18 f
  data arrival time                                   0.18

  clock ideal_clock1 (rise edge)           0.00       0.00
  clock network delay (propagated)         0.01       0.01
  clock uncertainty                        0.05       0.06
  DFF_207/q_reg/CLK (DFFX1_RVT)            0.00       0.06 r
  library hold time                       -0.02       0.04
  data required time                                  0.04
  -----------------------------------------------------------
  data required time                                  0.04
  data arrival time                                  -0.18
  -----------------------------------------------------------
  slack (MET)                                         0.14


  Startpoint: DFF_128/q_reg
              (rising edge-triggered flip-flop clocked by ideal_clock1)
  Endpoint: DFF_41/q_reg
            (rising edge-triggered flip-flop clocked by ideal_clock1)
  Path Group: ideal_clock1
  Path Type: min

  Point                                    Incr       Path
  -----------------------------------------------------------
  clock ideal_clock1 (rise edge)           0.00       0.00
  clock network delay (propagated)         0.01       0.01
  DFF_128/q_reg/CLK (DFFX1_RVT)            0.00       0.01 r
  DFF_128/q_reg/Q (DFFX1_RVT)              0.17       0.18 f
  DFF_128/q (dff_83)                       0.00       0.18 f
  DFF_41/d (dff_170)                       0.00       0.18 f
  DFF_41/q_reg/D (DFFX1_RVT)               0.00 &     0.18 f
  data arrival time                                   0.18

  clock ideal_clock1 (rise edge)           0.00       0.00
  clock network delay (propagated)         0.01       0.01
  clock uncertainty                        0.05       0.06
  DFF_41/q_reg/CLK (DFFX1_RVT)             0.00       0.06 r
  library hold time                       -0.02       0.04
  data required time                                  0.04
  -----------------------------------------------------------
  data required time                                  0.04
  data arrival time                                  -0.18
  -----------------------------------------------------------
  slack (MET)                                         0.14


  Startpoint: DFF_123/q_reg
              (rising edge-triggered flip-flop clocked by ideal_clock1)
  Endpoint: DFF_51/q_reg
            (rising edge-triggered flip-flop clocked by ideal_clock1)
  Path Group: ideal_clock1
  Path Type: min

  Point                                    Incr       Path
  -----------------------------------------------------------
  clock ideal_clock1 (rise edge)           0.00       0.00
  clock network delay (propagated)         0.01       0.01
  DFF_123/q_reg/CLK (DFFX1_RVT)            0.00       0.01 r
  DFF_123/q_reg/Q (DFFX1_RVT)              0.17       0.18 f
  DFF_123/q (dff_88)                       0.00       0.18 f
  DFF_51/d (dff_160)                       0.00       0.18 f
  DFF_51/q_reg/D (DFFX1_RVT)               0.00 &     0.18 f
  data arrival time                                   0.18

  clock ideal_clock1 (rise edge)           0.00       0.00
  clock network delay (propagated)         0.01       0.01
  clock uncertainty                        0.05       0.06
  DFF_51/q_reg/CLK (DFFX1_RVT)             0.00       0.06 r
  library hold time                       -0.02       0.04
  data required time                                  0.04
  -----------------------------------------------------------
  data required time                                  0.04
  data arrival time                                  -0.18
  -----------------------------------------------------------
  slack (MET)                                         0.15


  Startpoint: DFF_98/q_reg
              (rising edge-triggered flip-flop clocked by ideal_clock1)
  Endpoint: DFF_200/q_reg
            (rising edge-triggered flip-flop clocked by ideal_clock1)
  Path Group: ideal_clock1
  Path Type: min

  Point                                    Incr       Path
  -----------------------------------------------------------
  clock ideal_clock1 (rise edge)           0.00       0.00
  clock network delay (propagated)         0.01       0.01
  DFF_98/q_reg/CLK (DFFX1_RVT)             0.00       0.01 r
  DFF_98/q_reg/Q (DFFX1_RVT)               0.17       0.18 f
  DFF_98/q (dff_113)                       0.00       0.18 f
  DFF_200/d (dff_11)                       0.00       0.18 f
  DFF_200/q_reg/D (DFFX1_RVT)              0.00 &     0.18 f
  data arrival time                                   0.18

  clock ideal_clock1 (rise edge)           0.00       0.00
  clock network delay (propagated)         0.01       0.01
  clock uncertainty                        0.05       0.06
  DFF_200/q_reg/CLK (DFFX1_RVT)            0.00       0.06 r
  library hold time                       -0.02       0.04
  data required time                                  0.04
  -----------------------------------------------------------
  data required time                                  0.04
  data arrival time                                  -0.18
  -----------------------------------------------------------
  slack (MET)                                         0.15


  Startpoint: DFF_123/q_reg
              (rising edge-triggered flip-flop clocked by ideal_clock1)
  Endpoint: DFF_35/q_reg
            (rising edge-triggered flip-flop clocked by ideal_clock1)
  Path Group: ideal_clock1
  Path Type: min

  Point                                    Incr       Path
  -----------------------------------------------------------
  clock ideal_clock1 (rise edge)           0.00       0.00
  clock network delay (propagated)         0.01       0.01
  DFF_123/q_reg/CLK (DFFX1_RVT)            0.00       0.01 r
  DFF_123/q_reg/Q (DFFX1_RVT)              0.17       0.18 f
  DFF_123/q (dff_88)                       0.00       0.18 f
  DFF_35/d (dff_176)                       0.00       0.18 f
  DFF_35/q_reg/D (DFFX1_RVT)               0.00 &     0.18 f
  data arrival time                                   0.18

  clock ideal_clock1 (rise edge)           0.00       0.00
  clock network delay (propagated)         0.01       0.01
  clock uncertainty                        0.05       0.06
  DFF_35/q_reg/CLK (DFFX1_RVT)             0.00       0.06 r
  library hold time                       -0.02       0.04
  data required time                                  0.04
  -----------------------------------------------------------
  data required time                                  0.04
  data arrival time                                  -0.18
  -----------------------------------------------------------
  slack (MET)                                         0.15


  Startpoint: DFF_98/q_reg
              (rising edge-triggered flip-flop clocked by ideal_clock1)
  Endpoint: DFF_122/q_reg
            (rising edge-triggered flip-flop clocked by ideal_clock1)
  Path Group: ideal_clock1
  Path Type: min

  Point                                    Incr       Path
  -----------------------------------------------------------
  clock ideal_clock1 (rise edge)           0.00       0.00
  clock network delay (propagated)         0.01       0.01
  DFF_98/q_reg/CLK (DFFX1_RVT)             0.00       0.01 r
  DFF_98/q_reg/Q (DFFX1_RVT)               0.17       0.18 f
  DFF_98/q (dff_113)                       0.00       0.18 f
  DFF_122/d (dff_89)                       0.00       0.18 f
  DFF_122/q_reg/D (DFFX1_RVT)              0.00 &     0.18 f
  data arrival time                                   0.18

  clock ideal_clock1 (rise edge)           0.00       0.00
  clock network delay (propagated)         0.01       0.01
  clock uncertainty                        0.05       0.06
  DFF_122/q_reg/CLK (DFFX1_RVT)            0.00       0.06 r
  library hold time                       -0.02       0.04
  data required time                                  0.04
  -----------------------------------------------------------
  data required time                                  0.04
  data arrival time                                  -0.18
  -----------------------------------------------------------
  slack (MET)                                         0.15


  Startpoint: DFF_10/q_reg
              (rising edge-triggered flip-flop clocked by ideal_clock1)
  Endpoint: DFF_108/q_reg
            (rising edge-triggered flip-flop clocked by ideal_clock1)
  Path Group: ideal_clock1
  Path Type: min

  Point                                    Incr       Path
  -----------------------------------------------------------
  clock ideal_clock1 (rise edge)           0.00       0.00
  clock network delay (propagated)         0.01       0.01
  DFF_10/q_reg/CLK (DFFX1_RVT)             0.00       0.01 r
  DFF_10/q_reg/Q (DFFX1_RVT)               0.17       0.18 f
  DFF_10/q (dff_201)                       0.00       0.18 f
  DFF_108/d (dff_103)                      0.00       0.18 f
  DFF_108/q_reg/D (DFFX1_RVT)              0.00 &     0.18 f
  data arrival time                                   0.18

  clock ideal_clock1 (rise edge)           0.00       0.00
  clock network delay (propagated)         0.01       0.01
  clock uncertainty                        0.05       0.06
  DFF_108/q_reg/CLK (DFFX1_RVT)            0.00       0.06 r
  library hold time                       -0.02       0.04
  data required time                                  0.04
  -----------------------------------------------------------
  data required time                                  0.04
  data arrival time                                  -0.18
  -----------------------------------------------------------
  slack (MET)                                         0.15


  Startpoint: DFF_117/q_reg
              (rising edge-triggered flip-flop clocked by ideal_clock1)
  Endpoint: DFF_208/q_reg
            (rising edge-triggered flip-flop clocked by ideal_clock1)
  Path Group: ideal_clock1
  Path Type: min

  Point                                    Incr       Path
  -----------------------------------------------------------
  clock ideal_clock1 (rise edge)           0.00       0.00
  clock network delay (propagated)         0.01       0.01
  DFF_117/q_reg/CLK (DFFX1_RVT)            0.00       0.01 r
  DFF_117/q_reg/Q (DFFX1_RVT)              0.17       0.18 f
  DFF_117/q (dff_94)                       0.00       0.18 f
  DFF_208/d (dff_3)                        0.00       0.18 f
  DFF_208/q_reg/D (DFFX1_RVT)              0.00 &     0.18 f
  data arrival time                                   0.18

  clock ideal_clock1 (rise edge)           0.00       0.00
  clock network delay (propagated)         0.01       0.01
  clock uncertainty                        0.05       0.06
  DFF_208/q_reg/CLK (DFFX1_RVT)            0.00       0.06 r
  library hold time                       -0.02       0.04
  data required time                                  0.04
  -----------------------------------------------------------
  data required time                                  0.04
  data arrival time                                  -0.18
  -----------------------------------------------------------
  slack (MET)                                         0.15


  Startpoint: DFF_10/q_reg
              (rising edge-triggered flip-flop clocked by ideal_clock1)
  Endpoint: DFF_111/q_reg
            (rising edge-triggered flip-flop clocked by ideal_clock1)
  Path Group: ideal_clock1
  Path Type: min

  Point                                    Incr       Path
  -----------------------------------------------------------
  clock ideal_clock1 (rise edge)           0.00       0.00
  clock network delay (propagated)         0.01       0.01
  DFF_10/q_reg/CLK (DFFX1_RVT)             0.00       0.01 r
  DFF_10/q_reg/Q (DFFX1_RVT)               0.17       0.18 f
  DFF_10/q (dff_201)                       0.00       0.18 f
  DFF_111/d (dff_100)                      0.00       0.18 f
  DFF_111/q_reg/D (DFFX1_RVT)              0.00 &     0.18 f
  data arrival time                                   0.18

  clock ideal_clock1 (rise edge)           0.00       0.00
  clock network delay (propagated)         0.01       0.01
  clock uncertainty                        0.05       0.06
  DFF_111/q_reg/CLK (DFFX1_RVT)            0.00       0.06 r
  library hold time                       -0.02       0.04
  data required time                                  0.04
  -----------------------------------------------------------
  data required time                                  0.04
  data arrival time                                  -0.18
  -----------------------------------------------------------
  slack (MET)                                         0.15


  Startpoint: DFF_117/q_reg
              (rising edge-triggered flip-flop clocked by ideal_clock1)
  Endpoint: DFF_0/q_reg
            (rising edge-triggered flip-flop clocked by ideal_clock1)
  Path Group: ideal_clock1
  Path Type: min

  Point                                    Incr       Path
  -----------------------------------------------------------
  clock ideal_clock1 (rise edge)           0.00       0.00
  clock network delay (propagated)         0.01       0.01
  DFF_117/q_reg/CLK (DFFX1_RVT)            0.00       0.01 r
  DFF_117/q_reg/Q (DFFX1_RVT)              0.17       0.18 f
  DFF_117/q (dff_94)                       0.00       0.18 f
  DFF_0/d (dff_0)                          0.00       0.18 f
  DFF_0/q_reg/D (DFFX1_RVT)                0.00 &     0.18 f
  data arrival time                                   0.18

  clock ideal_clock1 (rise edge)           0.00       0.00
  clock network delay (propagated)         0.01       0.01
  clock uncertainty                        0.05       0.06
  DFF_0/q_reg/CLK (DFFX1_RVT)              0.00       0.06 r
  library hold time                       -0.02       0.03
  data required time                                  0.03
  -----------------------------------------------------------
  data required time                                  0.03
  data arrival time                                  -0.18
  -----------------------------------------------------------
  slack (MET)                                         0.15


  Startpoint: DFF_167/q_reg
              (rising edge-triggered flip-flop clocked by ideal_clock1)
  Endpoint: DFF_6/q_reg
            (rising edge-triggered flip-flop clocked by ideal_clock1)
  Path Group: ideal_clock1
  Path Type: min

  Point                                    Incr       Path
  -----------------------------------------------------------
  clock ideal_clock1 (rise edge)           0.00       0.00
  clock network delay (propagated)         0.01       0.01
  DFF_167/q_reg/CLK (DFFX1_RVT)            0.00       0.01 r
  DFF_167/q_reg/Q (DFFX1_RVT)              0.17       0.18 f
  DFF_167/q (dff_44)                       0.00       0.18 f
  DFF_6/d (dff_205)                        0.00       0.18 f
  DFF_6/q_reg/D (DFFX1_RVT)                0.00 &     0.18 f
  data arrival time                                   0.18

  clock ideal_clock1 (rise edge)           0.00       0.00
  clock network delay (propagated)         0.01       0.01
  clock uncertainty                        0.05       0.06
  DFF_6/q_reg/CLK (DFFX1_RVT)              0.00       0.06 r
  library hold time                       -0.02       0.04
  data required time                                  0.04
  -----------------------------------------------------------
  data required time                                  0.04
  data arrival time                                  -0.18
  -----------------------------------------------------------
  slack (MET)                                         0.15


  Startpoint: DFF_187/q_reg
              (rising edge-triggered flip-flop clocked by ideal_clock1)
  Endpoint: DFF_128/q_reg
            (rising edge-triggered flip-flop clocked by ideal_clock1)
  Path Group: ideal_clock1
  Path Type: min

  Point                                    Incr       Path
  -----------------------------------------------------------
  clock ideal_clock1 (rise edge)           0.00       0.00
  clock network delay (propagated)         0.01       0.01
  DFF_187/q_reg/CLK (DFFX1_RVT)            0.00       0.01 r
  DFF_187/q_reg/Q (DFFX1_RVT)              0.18       0.19 f
  DFF_187/q (dff_24)                       0.00       0.19 f
  DFF_128/d (dff_83)                       0.00       0.19 f
  DFF_128/q_reg/D (DFFX1_RVT)              0.00 &     0.19 f
  data arrival time                                   0.19

  clock ideal_clock1 (rise edge)           0.00       0.00
  clock network delay (propagated)         0.01       0.01
  clock uncertainty                        0.05       0.06
  DFF_128/q_reg/CLK (DFFX1_RVT)            0.00       0.06 r
  library hold time                       -0.02       0.03
  data required time                                  0.03
  -----------------------------------------------------------
  data required time                                  0.03
  data arrival time                                  -0.19
  -----------------------------------------------------------
  slack (MET)                                         0.15


  Startpoint: DFF_6/q_reg
              (rising edge-triggered flip-flop clocked by ideal_clock1)
  Endpoint: DFF_4/q_reg
            (rising edge-triggered flip-flop clocked by ideal_clock1)
  Path Group: ideal_clock1
  Path Type: min

  Point                                    Incr       Path
  -----------------------------------------------------------
  clock ideal_clock1 (rise edge)           0.00       0.00
  clock network delay (propagated)         0.01       0.01
  DFF_6/q_reg/CLK (DFFX1_RVT)              0.00       0.01 r
  DFF_6/q_reg/Q (DFFX1_RVT)                0.18       0.19 f
  DFF_6/q (dff_205)                        0.00       0.19 f
  DFF_4/d (dff_207)                        0.00       0.19 f
  DFF_4/q_reg/D (DFFX1_RVT)                0.00 &     0.19 f
  data arrival time                                   0.19

  clock ideal_clock1 (rise edge)           0.00       0.00
  clock network delay (propagated)         0.01       0.01
  clock uncertainty                        0.05       0.06
  DFF_4/q_reg/CLK (DFFX1_RVT)              0.00       0.06 r
  library hold time                       -0.03       0.03
  data required time                                  0.03
  -----------------------------------------------------------
  data required time                                  0.03
  data arrival time                                  -0.19
  -----------------------------------------------------------
  slack (MET)                                         0.15


  Startpoint: DFF_197/q_reg
              (rising edge-triggered flip-flop clocked by ideal_clock1)
  Endpoint: DFF_80/q_reg
            (rising edge-triggered flip-flop clocked by ideal_clock1)
  Path Group: ideal_clock1
  Path Type: min

  Point                                    Incr       Path
  -----------------------------------------------------------
  clock ideal_clock1 (rise edge)           0.00       0.00
  clock network delay (propagated)         0.01       0.01
  DFF_197/q_reg/CLK (DFFX1_RVT)            0.00       0.01 r
  DFF_197/q_reg/Q (DFFX1_RVT)              0.16       0.17 r
  DFF_197/q (dff_14)                       0.00       0.17 r
  U1568/Y (INVX1_RVT)                      0.03 &     0.19 f
  DFF_80/d (dff_131)                       0.00       0.19 f
  DFF_80/q_reg/D (DFFX1_RVT)               0.00 &     0.19 f
  data arrival time                                   0.19

  clock ideal_clock1 (rise edge)           0.00       0.00
  clock network delay (propagated)         0.01       0.01
  clock uncertainty                        0.05       0.06
  DFF_80/q_reg/CLK (DFFX1_RVT)             0.00       0.06 r
  library hold time                       -0.01       0.04
  data required time                                  0.04
  -----------------------------------------------------------
  data required time                                  0.04
  data arrival time                                  -0.19
  -----------------------------------------------------------
  slack (MET)                                         0.15


  Startpoint: DFF_93/q_reg
              (rising edge-triggered flip-flop clocked by ideal_clock1)
  Endpoint: DFF_114/q_reg
            (rising edge-triggered flip-flop clocked by ideal_clock1)
  Path Group: ideal_clock1
  Path Type: min

  Point                                    Incr       Path
  -----------------------------------------------------------
  clock ideal_clock1 (rise edge)           0.00       0.00
  clock network delay (propagated)         0.01       0.01
  DFF_93/q_reg/CLK (DFFX1_RVT)             0.00       0.01 r
  DFF_93/q_reg/Q (DFFX1_RVT)               0.18       0.18 f
  DFF_93/q (dff_118)                       0.00       0.18 f
  DFF_114/d (dff_97)                       0.00       0.18 f
  DFF_114/q_reg/D (DFFX1_RVT)              0.00 &     0.18 f
  data arrival time                                   0.18

  clock ideal_clock1 (rise edge)           0.00       0.00
  clock network delay (propagated)         0.01       0.01
  clock uncertainty                        0.05       0.06
  DFF_114/q_reg/CLK (DFFX1_RVT)            0.00       0.06 r
  library hold time                       -0.03       0.03
  data required time                                  0.03
  -----------------------------------------------------------
  data required time                                  0.03
  data arrival time                                  -0.18
  -----------------------------------------------------------
  slack (MET)                                         0.15


  Startpoint: DFF_170/q_reg
              (rising edge-triggered flip-flop clocked by ideal_clock1)
  Endpoint: DFF_38/q_reg
            (rising edge-triggered flip-flop clocked by ideal_clock1)
  Path Group: ideal_clock1
  Path Type: min

  Point                                    Incr       Path
  -----------------------------------------------------------
  clock ideal_clock1 (rise edge)           0.00       0.00
  clock network delay (propagated)         0.00       0.00
  DFF_170/q_reg/CLK (DFFX1_RVT)            0.00       0.00 r
  DFF_170/q_reg/Q (DFFX1_RVT)              0.18       0.18 f
  DFF_170/q (dff_41)                       0.00       0.18 f
  DFF_38/d (dff_173)                       0.00       0.18 f
  DFF_38/q_reg/D (DFFX1_RVT)               0.00 &     0.18 f
  data arrival time                                   0.18

  clock ideal_clock1 (rise edge)           0.00       0.00
  clock network delay (propagated)         0.01       0.01
  clock uncertainty                        0.05       0.06
  DFF_38/q_reg/CLK (DFFX1_RVT)             0.00       0.06 r
  library hold time                       -0.03       0.03
  data required time                                  0.03
  -----------------------------------------------------------
  data required time                                  0.03
  data arrival time                                  -0.18
  -----------------------------------------------------------
  slack (MET)                                         0.15


  Startpoint: DFF_170/q_reg
              (rising edge-triggered flip-flop clocked by ideal_clock1)
  Endpoint: DFF_116/q_reg
            (rising edge-triggered flip-flop clocked by ideal_clock1)
  Path Group: ideal_clock1
  Path Type: min

  Point                                    Incr       Path
  -----------------------------------------------------------
  clock ideal_clock1 (rise edge)           0.00       0.00
  clock network delay (propagated)         0.00       0.00
  DFF_170/q_reg/CLK (DFFX1_RVT)            0.00       0.00 r
  DFF_170/q_reg/Q (DFFX1_RVT)              0.18       0.18 f
  DFF_170/q (dff_41)                       0.00       0.18 f
  DFF_116/d (dff_95)                       0.00       0.18 f
  DFF_116/q_reg/D (DFFX1_RVT)              0.00 &     0.18 f
  data arrival time                                   0.18

  clock ideal_clock1 (rise edge)           0.00       0.00
  clock network delay (propagated)         0.01       0.01
  clock uncertainty                        0.05       0.06
  DFF_116/q_reg/CLK (DFFX1_RVT)            0.00       0.06 r
  library hold time                       -0.03       0.03
  data required time                                  0.03
  -----------------------------------------------------------
  data required time                                  0.03
  data arrival time                                  -0.18
  -----------------------------------------------------------
  slack (MET)                                         0.15


  Startpoint: DFF_44/q_reg
              (rising edge-triggered flip-flop clocked by ideal_clock1)
  Endpoint: DFF_209/q_reg
            (rising edge-triggered flip-flop clocked by ideal_clock1)
  Path Group: ideal_clock1
  Path Type: min

  Point                                    Incr       Path
  -----------------------------------------------------------
  clock ideal_clock1 (rise edge)           0.00       0.00
  clock network delay (propagated)         0.01       0.01
  DFF_44/q_reg/CLK (DFFX1_RVT)             0.00       0.01 r
  DFF_44/q_reg/Q (DFFX1_RVT)               0.18       0.19 f
  DFF_44/q (dff_167)                       0.00       0.19 f
  DFF_209/d (dff_2)                        0.00       0.19 f
  DFF_209/q_reg/D (DFFX1_RVT)              0.00 &     0.19 f
  data arrival time                                   0.19

  clock ideal_clock1 (rise edge)           0.00       0.00
  clock network delay (propagated)         0.01       0.01
  clock uncertainty                        0.05       0.06
  DFF_209/q_reg/CLK (DFFX1_RVT)            0.00       0.06 r
  library hold time                       -0.03       0.03
  data required time                                  0.03
  -----------------------------------------------------------
  data required time                                  0.03
  data arrival time                                  -0.19
  -----------------------------------------------------------
  slack (MET)                                         0.15


  Startpoint: DFF_127/q_reg
              (rising edge-triggered flip-flop clocked by ideal_clock1)
  Endpoint: DFF_66/q_reg
            (rising edge-triggered flip-flop clocked by ideal_clock1)
  Path Group: ideal_clock1
  Path Type: min

  Point                                    Incr       Path
  -----------------------------------------------------------
  clock ideal_clock1 (rise edge)           0.00       0.00
  clock network delay (propagated)         0.01       0.01
  DFF_127/q_reg/CLK (DFFX1_RVT)            0.00       0.01 r
  DFF_127/q_reg/Q (DFFX1_RVT)              0.18       0.19 f
  DFF_127/q (dff_84)                       0.00       0.19 f
  DFF_66/d (dff_145)                       0.00       0.19 f
  DFF_66/q_reg/D (DFFX1_RVT)               0.00 &     0.19 f
  data arrival time                                   0.19

  clock ideal_clock1 (rise edge)           0.00       0.00
  clock network delay (propagated)         0.01       0.01
  clock uncertainty                        0.05       0.06
  DFF_66/q_reg/CLK (DFFX1_RVT)             0.00       0.06 r
  library hold time                       -0.03       0.03
  data required time                                  0.03
  -----------------------------------------------------------
  data required time                                  0.03
  data arrival time                                  -0.19
  -----------------------------------------------------------
  slack (MET)                                         0.15


  Startpoint: DFF_93/q_reg
              (rising edge-triggered flip-flop clocked by ideal_clock1)
  Endpoint: DFF_13/q_reg
            (rising edge-triggered flip-flop clocked by ideal_clock1)
  Path Group: ideal_clock1
  Path Type: min

  Point                                    Incr       Path
  -----------------------------------------------------------
  clock ideal_clock1 (rise edge)           0.00       0.00
  clock network delay (propagated)         0.01       0.01
  DFF_93/q_reg/CLK (DFFX1_RVT)             0.00       0.01 r
  DFF_93/q_reg/Q (DFFX1_RVT)               0.18       0.18 f
  DFF_93/q (dff_118)                       0.00       0.18 f
  DFF_13/d (dff_198)                       0.00       0.18 f
  DFF_13/q_reg/D (DFFX1_RVT)               0.00 &     0.18 f
  data arrival time                                   0.18

  clock ideal_clock1 (rise edge)           0.00       0.00
  clock network delay (propagated)         0.00       0.00
  clock uncertainty                        0.05       0.05
  DFF_13/q_reg/CLK (DFFX1_RVT)             0.00       0.05 r
  library hold time                       -0.03       0.03
  data required time                                  0.03
  -----------------------------------------------------------
  data required time                                  0.03
  data arrival time                                  -0.18
  -----------------------------------------------------------
  slack (MET)                                         0.15


  Startpoint: DFF_6/q_reg
              (rising edge-triggered flip-flop clocked by ideal_clock1)
  Endpoint: DFF_26/q_reg
            (rising edge-triggered flip-flop clocked by ideal_clock1)
  Path Group: ideal_clock1
  Path Type: min

  Point                                    Incr       Path
  -----------------------------------------------------------
  clock ideal_clock1 (rise edge)           0.00       0.00
  clock network delay (propagated)         0.01       0.01
  DFF_6/q_reg/CLK (DFFX1_RVT)              0.00       0.01 r
  DFF_6/q_reg/Q (DFFX1_RVT)                0.18       0.19 f
  DFF_6/q (dff_205)                        0.00       0.19 f
  DFF_26/d (dff_185)                       0.00       0.19 f
  DFF_26/q_reg/D (DFFX1_RVT)               0.00 &     0.19 f
  data arrival time                                   0.19

  clock ideal_clock1 (rise edge)           0.00       0.00
  clock network delay (propagated)         0.01       0.01
  clock uncertainty                        0.05       0.06
  DFF_26/q_reg/CLK (DFFX1_RVT)             0.00       0.06 r
  library hold time                       -0.03       0.03
  data required time                                  0.03
  -----------------------------------------------------------
  data required time                                  0.03
  data arrival time                                  -0.19
  -----------------------------------------------------------
  slack (MET)                                         0.15


  Startpoint: DFF_209/q_reg
              (rising edge-triggered flip-flop clocked by ideal_clock1)
  Endpoint: DFF_95/q_reg
            (rising edge-triggered flip-flop clocked by ideal_clock1)
  Path Group: ideal_clock1
  Path Type: min

  Point                                    Incr       Path
  -----------------------------------------------------------
  clock ideal_clock1 (rise edge)           0.00       0.00
  clock network delay (propagated)         0.01       0.01
  DFF_209/q_reg/CLK (DFFX1_RVT)            0.00       0.01 r
  DFF_209/q_reg/Q (DFFX1_RVT)              0.18       0.19 f
  DFF_209/q (dff_2)                        0.00       0.19 f
  DFF_95/d (dff_116)                       0.00       0.19 f
  DFF_95/q_reg/D (DFFX1_RVT)               0.00 &     0.19 f
  data arrival time                                   0.19

  clock ideal_clock1 (rise edge)           0.00       0.00
  clock network delay (propagated)         0.01       0.01
  clock uncertainty                        0.05       0.06
  DFF_95/q_reg/CLK (DFFX1_RVT)             0.00       0.06 r
  library hold time                       -0.03       0.03
  data required time                                  0.03
  -----------------------------------------------------------
  data required time                                  0.03
  data arrival time                                  -0.19
  -----------------------------------------------------------
  slack (MET)                                         0.15


  Startpoint: DFF_209/q_reg
              (rising edge-triggered flip-flop clocked by ideal_clock1)
  Endpoint: DFF_188/q_reg
            (rising edge-triggered flip-flop clocked by ideal_clock1)
  Path Group: ideal_clock1
  Path Type: min

  Point                                    Incr       Path
  -----------------------------------------------------------
  clock ideal_clock1 (rise edge)           0.00       0.00
  clock network delay (propagated)         0.01       0.01
  DFF_209/q_reg/CLK (DFFX1_RVT)            0.00       0.01 r
  DFF_209/q_reg/Q (DFFX1_RVT)              0.18       0.19 f
  DFF_209/q (dff_2)                        0.00       0.19 f
  DFF_188/d (dff_23)                       0.00       0.19 f
  DFF_188/q_reg/D (DFFX1_RVT)              0.00 &     0.19 f
  data arrival time                                   0.19

  clock ideal_clock1 (rise edge)           0.00       0.00
  clock network delay (propagated)         0.01       0.01
  clock uncertainty                        0.05       0.06
  DFF_188/q_reg/CLK (DFFX1_RVT)            0.00       0.06 r
  library hold time                       -0.03       0.03
  data required time                                  0.03
  -----------------------------------------------------------
  data required time                                  0.03
  data arrival time                                  -0.19
  -----------------------------------------------------------
  slack (MET)                                         0.15


  Startpoint: DFF_127/q_reg
              (rising edge-triggered flip-flop clocked by ideal_clock1)
  Endpoint: DFF_129/q_reg
            (rising edge-triggered flip-flop clocked by ideal_clock1)
  Path Group: ideal_clock1
  Path Type: min

  Point                                    Incr       Path
  -----------------------------------------------------------
  clock ideal_clock1 (rise edge)           0.00       0.00
  clock network delay (propagated)         0.01       0.01
  DFF_127/q_reg/CLK (DFFX1_RVT)            0.00       0.01 r
  DFF_127/q_reg/Q (DFFX1_RVT)              0.18       0.19 f
  DFF_127/q (dff_84)                       0.00       0.19 f
  DFF_129/d (dff_82)                       0.00       0.19 f
  DFF_129/q_reg/D (DFFX1_RVT)              0.00 &     0.19 f
  data arrival time                                   0.19

  clock ideal_clock1 (rise edge)           0.00       0.00
  clock network delay (propagated)         0.01       0.01
  clock uncertainty                        0.05       0.06
  DFF_129/q_reg/CLK (DFFX1_RVT)            0.00       0.06 r
  library hold time                       -0.03       0.03
  data required time                                  0.03
  -----------------------------------------------------------
  data required time                                  0.03
  data arrival time                                  -0.19
  -----------------------------------------------------------
  slack (MET)                                         0.15


  Startpoint: DFF_63/q_reg
              (rising edge-triggered flip-flop clocked by ideal_clock1)
  Endpoint: DFF_127/q_reg
            (rising edge-triggered flip-flop clocked by ideal_clock1)
  Path Group: ideal_clock1
  Path Type: min

  Point                                    Incr       Path
  -----------------------------------------------------------
  clock ideal_clock1 (rise edge)           0.00       0.00
  clock network delay (propagated)         0.01       0.01
  DFF_63/q_reg/CLK (DFFX1_RVT)             0.00       0.01 r
  DFF_63/q_reg/Q (DFFX1_RVT)               0.18       0.19 f
  DFF_63/q (dff_148)                       0.00       0.19 f
  DFF_127/d (dff_84)                       0.00       0.19 f
  DFF_127/q_reg/D (DFFX1_RVT)              0.00 &     0.19 f
  data arrival time                                   0.19

  clock ideal_clock1 (rise edge)           0.00       0.00
  clock network delay (propagated)         0.01       0.01
  clock uncertainty                        0.05       0.06
  DFF_127/q_reg/CLK (DFFX1_RVT)            0.00       0.06 r
  library hold time                       -0.03       0.03
  data required time                                  0.03
  -----------------------------------------------------------
  data required time                                  0.03
  data arrival time                                  -0.19
  -----------------------------------------------------------
  slack (MET)                                         0.16


  Startpoint: DFF_89/q_reg
              (rising edge-triggered flip-flop clocked by ideal_clock1)
  Endpoint: DFF_183/q_reg
            (rising edge-triggered flip-flop clocked by ideal_clock1)
  Path Group: ideal_clock1
  Path Type: min

  Point                                    Incr       Path
  -----------------------------------------------------------
  clock ideal_clock1 (rise edge)           0.00       0.00
  clock network delay (propagated)         0.01       0.01
  DFF_89/q_reg/CLK (DFFX1_RVT)             0.00       0.01 r
  DFF_89/q_reg/Q (DFFX1_RVT)               0.18       0.18 f
  DFF_89/q (dff_122)                       0.00       0.18 f
  DFF_183/d (dff_28)                       0.00       0.18 f
  DFF_183/q_reg/D (DFFX1_RVT)              0.00 &     0.18 f
  data arrival time                                   0.18

  clock ideal_clock1 (rise edge)           0.00       0.00
  clock network delay (propagated)         0.01       0.01
  clock uncertainty                        0.05       0.06
  DFF_183/q_reg/CLK (DFFX1_RVT)            0.00       0.06 r
  library hold time                       -0.03       0.03
  data required time                                  0.03
  -----------------------------------------------------------
  data required time                                  0.03
  data arrival time                                  -0.18
  -----------------------------------------------------------
  slack (MET)                                         0.16


  Startpoint: DFF_90/q_reg
              (rising edge-triggered flip-flop clocked by ideal_clock1)
  Endpoint: DFF_10/q_reg
            (rising edge-triggered flip-flop clocked by ideal_clock1)
  Path Group: ideal_clock1
  Path Type: min

  Point                                    Incr       Path
  -----------------------------------------------------------
  clock ideal_clock1 (rise edge)           0.00       0.00
  clock network delay (propagated)         0.01       0.01
  DFF_90/q_reg/CLK (DFFX1_RVT)             0.00       0.01 r
  DFF_90/q_reg/Q (DFFX1_RVT)               0.18       0.19 f
  DFF_90/q (dff_121)                       0.00       0.19 f
  DFF_10/d (dff_201)                       0.00       0.19 f
  DFF_10/q_reg/D (DFFX1_RVT)               0.00 &     0.19 f
  data arrival time                                   0.19

  clock ideal_clock1 (rise edge)           0.00       0.00
  clock network delay (propagated)         0.01       0.01
  clock uncertainty                        0.05       0.06
  DFF_10/q_reg/CLK (DFFX1_RVT)             0.00       0.06 r
  library hold time                       -0.03       0.03
  data required time                                  0.03
  -----------------------------------------------------------
  data required time                                  0.03
  data arrival time                                  -0.19
  -----------------------------------------------------------
  slack (MET)                                         0.16


  Startpoint: DFF_30/q_reg
              (rising edge-triggered flip-flop clocked by ideal_clock1)
  Endpoint: DFF_157/q_reg
            (rising edge-triggered flip-flop clocked by ideal_clock1)
  Path Group: ideal_clock1
  Path Type: min

  Point                                    Incr       Path
  -----------------------------------------------------------
  clock ideal_clock1 (rise edge)           0.00       0.00
  clock network delay (propagated)         0.01       0.01
  DFF_30/q_reg/CLK (DFFX1_RVT)             0.00       0.01 r
  DFF_30/q_reg/Q (DFFX1_RVT)               0.18       0.19 f
  DFF_30/q (dff_181)                       0.00       0.19 f
  DFF_157/d (dff_54)                       0.00       0.19 f
  DFF_157/q_reg/D (DFFX1_RVT)              0.00 &     0.19 f
  data arrival time                                   0.19

  clock ideal_clock1 (rise edge)           0.00       0.00
  clock network delay (propagated)         0.01       0.01
  clock uncertainty                        0.05       0.06
  DFF_157/q_reg/CLK (DFFX1_RVT)            0.00       0.06 r
  library hold time                       -0.03       0.03
  data required time                                  0.03
  -----------------------------------------------------------
  data required time                                  0.03
  data arrival time                                  -0.19
  -----------------------------------------------------------
  slack (MET)                                         0.16


  Startpoint: DFF_89/q_reg
              (rising edge-triggered flip-flop clocked by ideal_clock1)
  Endpoint: DFF_7/q_reg
            (rising edge-triggered flip-flop clocked by ideal_clock1)
  Path Group: ideal_clock1
  Path Type: min

  Point                                    Incr       Path
  -----------------------------------------------------------
  clock ideal_clock1 (rise edge)           0.00       0.00
  clock network delay (propagated)         0.01       0.01
  DFF_89/q_reg/CLK (DFFX1_RVT)             0.00       0.01 r
  DFF_89/q_reg/Q (DFFX1_RVT)               0.18       0.18 f
  DFF_89/q (dff_122)                       0.00       0.18 f
  DFF_7/d (dff_204)                        0.00       0.18 f
  DFF_7/q_reg/D (DFFX1_RVT)                0.00 &     0.18 f
  data arrival time                                   0.18

  clock ideal_clock1 (rise edge)           0.00       0.00
  clock network delay (propagated)         0.00       0.00
  clock uncertainty                        0.05       0.05
  DFF_7/q_reg/CLK (DFFX1_RVT)              0.00       0.05 r
  library hold time                       -0.03       0.03
  data required time                                  0.03
  -----------------------------------------------------------
  data required time                                  0.03
  data arrival time                                  -0.18
  -----------------------------------------------------------
  slack (MET)                                         0.16


  Startpoint: DFF_30/q_reg
              (rising edge-triggered flip-flop clocked by ideal_clock1)
  Endpoint: DFF_33/q_reg
            (rising edge-triggered flip-flop clocked by ideal_clock1)
  Path Group: ideal_clock1
  Path Type: min

  Point                                    Incr       Path
  -----------------------------------------------------------
  clock ideal_clock1 (rise edge)           0.00       0.00
  clock network delay (propagated)         0.01       0.01
  DFF_30/q_reg/CLK (DFFX1_RVT)             0.00       0.01 r
  DFF_30/q_reg/Q (DFFX1_RVT)               0.18       0.19 f
  DFF_30/q (dff_181)                       0.00       0.19 f
  DFF_33/d (dff_178)                       0.00       0.19 f
  DFF_33/q_reg/D (DFFX1_RVT)               0.00 &     0.19 f
  data arrival time                                   0.19

  clock ideal_clock1 (rise edge)           0.00       0.00
  clock network delay (propagated)         0.01       0.01
  clock uncertainty                        0.05       0.06
  DFF_33/q_reg/CLK (DFFX1_RVT)             0.00       0.06 r
  library hold time                       -0.03       0.03
  data required time                                  0.03
  -----------------------------------------------------------
  data required time                                  0.03
  data arrival time                                  -0.19
  -----------------------------------------------------------
  slack (MET)                                         0.16


  Startpoint: DFF_79/q_reg
              (rising edge-triggered flip-flop clocked by ideal_clock1)
  Endpoint: DFF_123/q_reg
            (rising edge-triggered flip-flop clocked by ideal_clock1)
  Path Group: ideal_clock1
  Path Type: min

  Point                                    Incr       Path
  -----------------------------------------------------------
  clock ideal_clock1 (rise edge)           0.00       0.00
  clock network delay (propagated)         0.01       0.01
  DFF_79/q_reg/CLK (DFFX1_RVT)             0.00       0.01 r
  DFF_79/q_reg/Q (DFFX1_RVT)               0.18       0.19 f
  DFF_79/q (dff_132)                       0.00       0.19 f
  DFF_123/d (dff_88)                       0.00       0.19 f
  DFF_123/q_reg/D (DFFX1_RVT)              0.00 &     0.19 f
  data arrival time                                   0.19

  clock ideal_clock1 (rise edge)           0.00       0.00
  clock network delay (propagated)         0.01       0.01
  clock uncertainty                        0.05       0.06
  DFF_123/q_reg/CLK (DFFX1_RVT)            0.00       0.06 r
  library hold time                       -0.03       0.03
  data required time                                  0.03
  -----------------------------------------------------------
  data required time                                  0.03
  data arrival time                                  -0.19
  -----------------------------------------------------------
  slack (MET)                                         0.16


  Startpoint: DFF_186/q_reg
              (rising edge-triggered flip-flop clocked by ideal_clock1)
  Endpoint: DFF_117/q_reg
            (rising edge-triggered flip-flop clocked by ideal_clock1)
  Path Group: ideal_clock1
  Path Type: min

  Point                                    Incr       Path
  -----------------------------------------------------------
  clock ideal_clock1 (rise edge)           0.00       0.00
  clock network delay (propagated)         0.01       0.01
  DFF_186/q_reg/CLK (DFFX1_RVT)            0.00       0.01 r
  DFF_186/q_reg/Q (DFFX1_RVT)              0.18       0.19 f
  DFF_186/q (dff_25)                       0.00       0.19 f
  DFF_117/d (dff_94)                       0.00       0.19 f
  DFF_117/q_reg/D (DFFX1_RVT)              0.00 &     0.19 f
  data arrival time                                   0.19

  clock ideal_clock1 (rise edge)           0.00       0.00
  clock network delay (propagated)         0.01       0.01
  clock uncertainty                        0.05       0.06
  DFF_117/q_reg/CLK (DFFX1_RVT)            0.00       0.06 r
  library hold time                       -0.03       0.03
  data required time                                  0.03
  -----------------------------------------------------------
  data required time                                  0.03
  data arrival time                                  -0.19
  -----------------------------------------------------------
  slack (MET)                                         0.17


  Startpoint: DFF_27/q_reg
              (rising edge-triggered flip-flop clocked by ideal_clock1)
  Endpoint: DFF_98/q_reg
            (rising edge-triggered flip-flop clocked by ideal_clock1)
  Path Group: ideal_clock1
  Path Type: min

  Point                                    Incr       Path
  -----------------------------------------------------------
  clock ideal_clock1 (rise edge)           0.00       0.00
  clock network delay (propagated)         0.01       0.01
  DFF_27/q_reg/CLK (DFFX1_RVT)             0.00       0.01 r
  DFF_27/q_reg/Q (DFFX1_RVT)               0.19       0.19 f
  DFF_27/q (dff_184)                       0.00       0.19 f
  DFF_98/d (dff_113)                       0.00       0.19 f
  DFF_98/q_reg/D (DFFX1_RVT)               0.00 &     0.20 f
  data arrival time                                   0.20

  clock ideal_clock1 (rise edge)           0.00       0.00
  clock network delay (propagated)         0.01       0.01
  clock uncertainty                        0.05       0.06
  DFF_98/q_reg/CLK (DFFX1_RVT)             0.00       0.06 r
  library hold time                       -0.03       0.03
  data required time                                  0.03
  -----------------------------------------------------------
  data required time                                  0.03
  data arrival time                                  -0.20
  -----------------------------------------------------------
  slack (MET)                                         0.17


  Startpoint: DFF_16/q_reg
              (rising edge-triggered flip-flop clocked by ideal_clock1)
  Endpoint: DFF_54/q_reg
            (rising edge-triggered flip-flop clocked by ideal_clock1)
  Path Group: ideal_clock1
  Path Type: min

  Point                                    Incr       Path
  -----------------------------------------------------------
  clock ideal_clock1 (rise edge)           0.00       0.00
  clock network delay (propagated)         0.00       0.00
  DFF_16/q_reg/CLK (DFFX1_RVT)             0.00       0.00 r
  DFF_16/q_reg/Q (DFFX1_RVT)               0.15       0.16 f
  DFF_16/q (dff_195)                       0.00       0.16 f
  U1368/Y (AND2X1_RVT)                     0.05 &     0.21 f
  DFF_54/d (dff_157)                       0.00       0.21 f
  DFF_54/q_reg/D (DFFX1_RVT)               0.00 &     0.21 f
  data arrival time                                   0.21

  clock ideal_clock1 (rise edge)           0.00       0.00
  clock network delay (propagated)         0.00       0.00
  clock uncertainty                        0.05       0.05
  DFF_54/q_reg/CLK (DFFX1_RVT)             0.00       0.05 r
  library hold time                       -0.01       0.04
  data required time                                  0.04
  -----------------------------------------------------------
  data required time                                  0.04
  data arrival time                                  -0.21
  -----------------------------------------------------------
  slack (MET)                                         0.17


  Startpoint: DFF_149/q_reg
              (rising edge-triggered flip-flop clocked by ideal_clock1)
  Endpoint: DFF_181/q_reg
            (rising edge-triggered flip-flop clocked by ideal_clock1)
  Path Group: ideal_clock1
  Path Type: min

  Point                                    Incr       Path
  -----------------------------------------------------------
  clock ideal_clock1 (rise edge)           0.00       0.00
  clock network delay (propagated)         0.00       0.00
  DFF_149/q_reg/CLK (DFFX1_RVT)            0.00       0.00 r
  DFF_149/q_reg/Q (DFFX1_RVT)              0.15       0.16 f
  DFF_149/q (dff_62)                       0.00       0.16 f
  U1372/Y (AND2X1_RVT)                     0.05 &     0.21 f
  DFF_181/d (dff_30)                       0.00       0.21 f
  DFF_181/q_reg/D (DFFX1_RVT)              0.00 &     0.21 f
  data arrival time                                   0.21

  clock ideal_clock1 (rise edge)           0.00       0.00
  clock network delay (propagated)         0.00       0.00
  clock uncertainty                        0.05       0.05
  DFF_181/q_reg/CLK (DFFX1_RVT)            0.00       0.05 r
  library hold time                       -0.01       0.04
  data required time                                  0.04
  -----------------------------------------------------------
  data required time                                  0.04
  data arrival time                                  -0.21
  -----------------------------------------------------------
  slack (MET)                                         0.17


  Startpoint: DFF_31/q_reg
              (rising edge-triggered flip-flop clocked by ideal_clock1)
  Endpoint: DFF_71/q_reg
            (rising edge-triggered flip-flop clocked by ideal_clock1)
  Path Group: ideal_clock1
  Path Type: min

  Point                                    Incr       Path
  -----------------------------------------------------------
  clock ideal_clock1 (rise edge)           0.00       0.00
  clock network delay (propagated)         0.00       0.00
  DFF_31/q_reg/CLK (DFFX1_RVT)             0.00       0.00 r
  DFF_31/q_reg/Q (DFFX1_RVT)               0.15       0.16 f
  DFF_31/q (dff_180)                       0.00       0.16 f
  U1369/Y (AND2X1_RVT)                     0.05 &     0.21 f
  DFF_71/d (dff_140)                       0.00       0.21 f
  DFF_71/q_reg/D (DFFX1_RVT)               0.00 &     0.21 f
  data arrival time                                   0.21

  clock ideal_clock1 (rise edge)           0.00       0.00
  clock network delay (propagated)         0.00       0.00
  clock uncertainty                        0.05       0.05
  DFF_71/q_reg/CLK (DFFX1_RVT)             0.00       0.05 r
  library hold time                       -0.01       0.04
  data required time                                  0.04
  -----------------------------------------------------------
  data required time                                  0.04
  data arrival time                                  -0.21
  -----------------------------------------------------------
  slack (MET)                                         0.17


  Startpoint: DFF_8/q_reg
              (rising edge-triggered flip-flop clocked by ideal_clock1)
  Endpoint: DFF_45/q_reg
            (rising edge-triggered flip-flop clocked by ideal_clock1)
  Path Group: ideal_clock1
  Path Type: min

  Point                                    Incr       Path
  -----------------------------------------------------------
  clock ideal_clock1 (rise edge)           0.00       0.00
  clock network delay (propagated)         0.00       0.00
  DFF_8/q_reg/CLK (DFFX1_RVT)              0.00       0.00 r
  DFF_8/q_reg/Q (DFFX1_RVT)                0.15       0.16 f
  DFF_8/q (dff_203)                        0.00       0.16 f
  U1367/Y (AND2X1_RVT)                     0.05 &     0.21 f
  DFF_45/d (dff_166)                       0.00       0.21 f
  DFF_45/q_reg/D (DFFX1_RVT)               0.00 &     0.21 f
  data arrival time                                   0.21

  clock ideal_clock1 (rise edge)           0.00       0.00
  clock network delay (propagated)         0.00       0.00
  clock uncertainty                        0.05       0.05
  DFF_45/q_reg/CLK (DFFX1_RVT)             0.00       0.05 r
  library hold time                       -0.01       0.04
  data required time                                  0.04
  -----------------------------------------------------------
  data required time                                  0.04
  data arrival time                                  -0.21
  -----------------------------------------------------------
  slack (MET)                                         0.17


  Startpoint: DFF_141/q_reg
              (rising edge-triggered flip-flop clocked by ideal_clock1)
  Endpoint: DFF_166/q_reg
            (rising edge-triggered flip-flop clocked by ideal_clock1)
  Path Group: ideal_clock1
  Path Type: min

  Point                                    Incr       Path
  -----------------------------------------------------------
  clock ideal_clock1 (rise edge)           0.00       0.00
  clock network delay (propagated)         0.01       0.01
  DFF_141/q_reg/CLK (DFFX1_RVT)            0.00       0.01 r
  DFF_141/q_reg/Q (DFFX1_RVT)              0.19       0.19 f
  DFF_141/q (dff_70)                       0.00       0.19 f
  DFF_166/d (dff_45)                       0.00       0.19 f
  DFF_166/q_reg/D (DFFX1_RVT)              0.00 &     0.19 f
  data arrival time                                   0.19

  clock ideal_clock1 (rise edge)           0.00       0.00
  clock network delay (propagated)         0.01       0.01
  clock uncertainty                        0.05       0.06
  DFF_166/q_reg/CLK (DFFX1_RVT)            0.00       0.06 r
  library hold time                       -0.03       0.02
  data required time                                  0.02
  -----------------------------------------------------------
  data required time                                  0.02
  data arrival time                                  -0.19
  -----------------------------------------------------------
  slack (MET)                                         0.17


  Startpoint: DFF_28/q_reg
              (rising edge-triggered flip-flop clocked by ideal_clock1)
  Endpoint: DFF_138/q_reg
            (rising edge-triggered flip-flop clocked by ideal_clock1)
  Path Group: ideal_clock1
  Path Type: min

  Point                                    Incr       Path
  -----------------------------------------------------------
  clock ideal_clock1 (rise edge)           0.00       0.00
  clock network delay (propagated)         0.01       0.01
  DFF_28/q_reg/CLK (DFFX1_RVT)             0.00       0.01 r
  DFF_28/q_reg/Q (DFFX1_RVT)               0.19       0.19 f
  DFF_28/q (dff_183)                       0.00       0.19 f
  DFF_138/d (dff_73)                       0.00       0.19 f
  DFF_138/q_reg/D (DFFX1_RVT)              0.00 &     0.19 f
  data arrival time                                   0.19

  clock ideal_clock1 (rise edge)           0.00       0.00
  clock network delay (propagated)         0.01       0.01
  clock uncertainty                        0.05       0.06
  DFF_138/q_reg/CLK (DFFX1_RVT)            0.00       0.06 r
  library hold time                       -0.03       0.02
  data required time                                  0.02
  -----------------------------------------------------------
  data required time                                  0.02
  data arrival time                                  -0.19
  -----------------------------------------------------------
  slack (MET)                                         0.17


  Startpoint: DFF_141/q_reg
              (rising edge-triggered flip-flop clocked by ideal_clock1)
  Endpoint: DFF_118/q_reg
            (rising edge-triggered flip-flop clocked by ideal_clock1)
  Path Group: ideal_clock1
  Path Type: min

  Point                                    Incr       Path
  -----------------------------------------------------------
  clock ideal_clock1 (rise edge)           0.00       0.00
  clock network delay (propagated)         0.01       0.01
  DFF_141/q_reg/CLK (DFFX1_RVT)            0.00       0.01 r
  DFF_141/q_reg/Q (DFFX1_RVT)              0.19       0.19 f
  DFF_141/q (dff_70)                       0.00       0.19 f
  DFF_118/d (dff_93)                       0.00       0.19 f
  DFF_118/q_reg/D (DFFX1_RVT)              0.00 &     0.19 f
  data arrival time                                   0.19

  clock ideal_clock1 (rise edge)           0.00       0.00
  clock network delay (propagated)         0.00       0.00
  clock uncertainty                        0.05       0.05
  DFF_118/q_reg/CLK (DFFX1_RVT)            0.00       0.05 r
  library hold time                       -0.03       0.02
  data required time                                  0.02
  -----------------------------------------------------------
  data required time                                  0.02
  data arrival time                                  -0.19
  -----------------------------------------------------------
  slack (MET)                                         0.17


  Startpoint: DFF_28/q_reg
              (rising edge-triggered flip-flop clocked by ideal_clock1)
  Endpoint: DFF_176/q_reg
            (rising edge-triggered flip-flop clocked by ideal_clock1)
  Path Group: ideal_clock1
  Path Type: min

  Point                                    Incr       Path
  -----------------------------------------------------------
  clock ideal_clock1 (rise edge)           0.00       0.00
  clock network delay (propagated)         0.01       0.01
  DFF_28/q_reg/CLK (DFFX1_RVT)             0.00       0.01 r
  DFF_28/q_reg/Q (DFFX1_RVT)               0.19       0.19 f
  DFF_28/q (dff_183)                       0.00       0.19 f
  DFF_176/d (dff_35)                       0.00       0.19 f
  DFF_176/q_reg/D (DFFX1_RVT)              0.00 &     0.19 f
  data arrival time                                   0.19

  clock ideal_clock1 (rise edge)           0.00       0.00
  clock network delay (propagated)         0.00       0.00
  clock uncertainty                        0.05       0.05
  DFF_176/q_reg/CLK (DFFX1_RVT)            0.00       0.05 r
  library hold time                       -0.03       0.02
  data required time                                  0.02
  -----------------------------------------------------------
  data required time                                  0.02
  data arrival time                                  -0.19
  -----------------------------------------------------------
  slack (MET)                                         0.17


  Startpoint: DFF_19/q_reg
              (rising edge-triggered flip-flop clocked by ideal_clock1)
  Endpoint: DFF_156/q_reg
            (rising edge-triggered flip-flop clocked by ideal_clock1)
  Path Group: ideal_clock1
  Path Type: min

  Point                                    Incr       Path
  -----------------------------------------------------------
  clock ideal_clock1 (rise edge)           0.00       0.00
  clock network delay (propagated)         0.01       0.01
  DFF_19/q_reg/CLK (DFFX1_RVT)             0.00       0.01 r
  DFF_19/q_reg/Q (DFFX1_RVT)               0.18       0.19 r
  DFF_19/q (dff_192)                       0.00       0.19 r
  DFF_156/d (dff_55)                       0.00       0.19 r
  DFF_156/q_reg/D (DFFX1_RVT)              0.00 &     0.19 r
  data arrival time                                   0.19

  clock ideal_clock1 (rise edge)           0.00       0.00
  clock network delay (propagated)         0.01       0.01
  clock uncertainty                        0.05       0.06
  DFF_156/q_reg/CLK (DFFX1_RVT)            0.00       0.06 r
  library hold time                       -0.04       0.02
  data required time                                  0.02
  -----------------------------------------------------------
  data required time                                  0.02
  data arrival time                                  -0.19
  -----------------------------------------------------------
  slack (MET)                                         0.17


  Startpoint: DFF_19/q_reg
              (rising edge-triggered flip-flop clocked by ideal_clock1)
  Endpoint: DFF_72/q_reg
            (rising edge-triggered flip-flop clocked by ideal_clock1)
  Path Group: ideal_clock1
  Path Type: min

  Point                                    Incr       Path
  -----------------------------------------------------------
  clock ideal_clock1 (rise edge)           0.00       0.00
  clock network delay (propagated)         0.01       0.01
  DFF_19/q_reg/CLK (DFFX1_RVT)             0.00       0.01 r
  DFF_19/q_reg/Q (DFFX1_RVT)               0.18       0.19 r
  DFF_19/q (dff_192)                       0.00       0.19 r
  DFF_72/d (dff_139)                       0.00       0.19 r
  DFF_72/q_reg/D (DFFX1_RVT)               0.00 &     0.19 r
  data arrival time                                   0.19

  clock ideal_clock1 (rise edge)           0.00       0.00
  clock network delay (propagated)         0.01       0.01
  clock uncertainty                        0.05       0.06
  DFF_72/q_reg/CLK (DFFX1_RVT)             0.00       0.06 r
  library hold time                       -0.04       0.02
  data required time                                  0.02
  -----------------------------------------------------------
  data required time                                  0.02
  data arrival time                                  -0.19
  -----------------------------------------------------------
  slack (MET)                                         0.17


  Startpoint: DFF_54/q_reg
              (rising edge-triggered flip-flop clocked by ideal_clock1)
  Endpoint: DFF_160/q_reg
            (rising edge-triggered flip-flop clocked by ideal_clock1)
  Path Group: ideal_clock1
  Path Type: min

  Point                                    Incr       Path
  -----------------------------------------------------------
  clock ideal_clock1 (rise edge)           0.00       0.00
  clock network delay (propagated)         0.00       0.00
  DFF_54/q_reg/CLK (DFFX1_RVT)             0.00       0.00 r
  DFF_54/q_reg/Q (DFFX1_RVT)               0.15       0.16 f
  DFF_54/q (dff_157)                       0.00       0.16 f
  U1371/Y (AND2X1_RVT)                     0.06 &     0.22 f
  DFF_160/d (dff_51)                       0.00       0.22 f
  DFF_160/q_reg/D (DFFX1_RVT)              0.00 &     0.22 f
  data arrival time                                   0.22

  clock ideal_clock1 (rise edge)           0.00       0.00
  clock network delay (propagated)         0.00       0.00
  clock uncertainty                        0.05       0.05
  DFF_160/q_reg/CLK (DFFX1_RVT)            0.00       0.05 r
  library hold time                       -0.01       0.04
  data required time                                  0.04
  -----------------------------------------------------------
  data required time                                  0.04
  data arrival time                                  -0.22
  -----------------------------------------------------------
  slack (MET)                                         0.17


  Startpoint: DFF_91/q_reg
              (rising edge-triggered flip-flop clocked by ideal_clock1)
  Endpoint: DFF_31/q_reg
            (rising edge-triggered flip-flop clocked by ideal_clock1)
  Path Group: ideal_clock1
  Path Type: min

  Point                                    Incr       Path
  -----------------------------------------------------------
  clock ideal_clock1 (rise edge)           0.00       0.00
  clock network delay (propagated)         0.00       0.00
  DFF_91/q_reg/CLK (DFFX1_RVT)             0.00       0.00 r
  DFF_91/q_reg/Q (DFFX1_RVT)               0.16       0.16 f
  DFF_91/q (dff_120)                       0.00       0.16 f
  U1366/Y (AND2X1_RVT)                     0.06 &     0.22 f
  DFF_31/d (dff_180)                       0.00       0.22 f
  DFF_31/q_reg/D (DFFX1_RVT)               0.00 &     0.22 f
  data arrival time                                   0.22

  clock ideal_clock1 (rise edge)           0.00       0.00
  clock network delay (propagated)         0.00       0.00
  clock uncertainty                        0.05       0.05
  DFF_31/q_reg/CLK (DFFX1_RVT)             0.00       0.05 r
  library hold time                       -0.01       0.04
  data required time                                  0.04
  -----------------------------------------------------------
  data required time                                  0.04
  data arrival time                                  -0.22
  -----------------------------------------------------------
  slack (MET)                                         0.17


  Startpoint: DFF_160/q_reg
              (rising edge-triggered flip-flop clocked by ideal_clock1)
  Endpoint: DFF_149/q_reg
            (rising edge-triggered flip-flop clocked by ideal_clock1)
  Path Group: ideal_clock1
  Path Type: min

  Point                                    Incr       Path
  -----------------------------------------------------------
  clock ideal_clock1 (rise edge)           0.00       0.00
  clock network delay (propagated)         0.00       0.00
  DFF_160/q_reg/CLK (DFFX1_RVT)            0.00       0.00 r
  DFF_160/q_reg/Q (DFFX1_RVT)              0.16       0.17 f
  DFF_160/q (dff_51)                       0.00       0.17 f
  U1370/Y (AND2X1_RVT)                     0.06 &     0.22 f
  DFF_149/d (dff_62)                       0.00       0.22 f
  DFF_149/q_reg/D (DFFX1_RVT)              0.00 &     0.22 f
  data arrival time                                   0.22

  clock ideal_clock1 (rise edge)           0.00       0.00
  clock network delay (propagated)         0.00       0.00
  clock uncertainty                        0.05       0.05
  DFF_149/q_reg/CLK (DFFX1_RVT)            0.00       0.05 r
  library hold time                       -0.01       0.04
  data required time                                  0.04
  -----------------------------------------------------------
  data required time                                  0.04
  data arrival time                                  -0.22
  -----------------------------------------------------------
  slack (MET)                                         0.18


1
