 
****************************************
Report : timing
        -path full
        -delay max
        -max_paths 50
Design : s1238
Version: L-2016.03-SP5-1
Date   : Sun Mar 10 20:41:05 2019
****************************************

 * Some/all delay information is back-annotated.

Operating Conditions: ss0p95v25c   Library: saed32rvt_ss0p95v25c
	Parasitic source    : LPE
	Parasitic mode      : RealRC
	Extraction mode     : MIN_MAX
	Extraction derating : 125/125/125

Information: Percent of Arnoldi-based delays = 13.79%

  Startpoint: G4 (input port clocked by ideal_clock1)
  Endpoint: G532 (output port clocked by ideal_clock1)
  Path Group: ideal_clock1
  Path Type: max

  Point                                    Incr       Path
  -----------------------------------------------------------
  clock ideal_clock1 (rise edge)           0.00       0.00
  clock network delay (ideal)              0.40       0.40
  input external delay                     2.00       2.40 r
  G4 (in)                                  0.00 @     2.40 r
  U480/Y (NAND2X0_RVT)                     0.14 @     2.54 f
  U384/Y (INVX0_RVT)                       0.14 &     2.68 r
  U601/Y (NAND2X0_RVT)                     0.09 &     2.77 f
  U551/Y (INVX0_RVT)                       0.07 &     2.85 r
  U600/Y (AOI22X1_RVT)                     0.12 &     2.97 f
  U611/Y (OA22X1_RVT)                      0.08 &     3.05 f
  U612/Y (OAI222X1_RVT)                    0.14 &     3.20 r
  U369/Y (NAND3X0_RVT)                     0.07 &     3.26 f
  U590/Y (NAND2X0_RVT)                     0.07 &     3.34 r
  U615/Y (AND2X1_RVT)                      0.07 &     3.41 r
  U584/Y (NAND2X0_RVT)                     0.08 &     3.49 f
  U585/Y (NAND2X0_RVT)                     0.09 &     3.58 r
  U560/Y (NAND3X0_RVT)                     0.06 &     3.64 f
  U501/Y (AND3X1_RVT)                      0.09 &     3.73 f
  U608/Y (NAND2X0_RVT)                     0.06 &     3.79 r
  G532 (out)                               0.00 &     3.79 r
  data arrival time                                   3.79

  clock ideal_clock1 (rise edge)           6.50       6.50
  clock network delay (ideal)              0.40       6.90
  clock uncertainty                       -0.05       6.85
  output external delay                   -2.00       4.85
  data required time                                  4.85
  -----------------------------------------------------------
  data required time                                  4.85
  data arrival time                                  -3.79
  -----------------------------------------------------------
  slack (MET)                                         1.06


  Startpoint: G4 (input port clocked by ideal_clock1)
  Endpoint: G537 (output port clocked by ideal_clock1)
  Path Group: ideal_clock1
  Path Type: max

  Point                                    Incr       Path
  -----------------------------------------------------------
  clock ideal_clock1 (rise edge)           0.00       0.00
  clock network delay (ideal)              0.40       0.40
  input external delay                     2.00       2.40 r
  G4 (in)                                  0.00 @     2.40 r
  U480/Y (NAND2X0_RVT)                     0.14 @     2.54 f
  U384/Y (INVX0_RVT)                       0.14 &     2.68 r
  U601/Y (NAND2X0_RVT)                     0.09 &     2.77 f
  U551/Y (INVX0_RVT)                       0.07 &     2.85 r
  U600/Y (AOI22X1_RVT)                     0.12 &     2.97 f
  U611/Y (OA22X1_RVT)                      0.08 &     3.05 f
  U612/Y (OAI222X1_RVT)                    0.14 &     3.20 r
  U369/Y (NAND3X0_RVT)                     0.07 &     3.26 f
  U590/Y (NAND2X0_RVT)                     0.07 &     3.34 r
  U615/Y (AND2X1_RVT)                      0.07 &     3.41 r
  U584/Y (NAND2X0_RVT)                     0.08 &     3.49 f
  U429/Y (AO21X1_RVT)                      0.12 &     3.61 f
  U619/Y (OA222X1_RVT)                     0.10 &     3.72 f
  U618/Y (NAND3X0_RVT)                     0.06 &     3.78 r
  G537 (out)                               0.00 &     3.78 r
  data arrival time                                   3.78

  clock ideal_clock1 (rise edge)           6.50       6.50
  clock network delay (ideal)              0.40       6.90
  clock uncertainty                       -0.05       6.85
  output external delay                   -2.00       4.85
  data required time                                  4.85
  -----------------------------------------------------------
  data required time                                  4.85
  data arrival time                                  -3.78
  -----------------------------------------------------------
  slack (MET)                                         1.07


  Startpoint: G10 (input port clocked by ideal_clock1)
  Endpoint: G535 (output port clocked by ideal_clock1)
  Path Group: ideal_clock1
  Path Type: max

  Point                                    Incr       Path
  -----------------------------------------------------------
  clock ideal_clock1 (rise edge)           0.00       0.00
  clock network delay (ideal)              0.40       0.40
  input external delay                     2.00       2.40 r
  G10 (in)                                 0.00 @     2.40 r
  U364/Y (INVX1_RVT)                       0.07 @     2.47 f
  U459/Y (NAND3X0_RVT)                     0.09 &     2.56 r
  U548/Y (INVX0_RVT)                       0.05 &     2.61 f
  U434/Y (NAND2X0_RVT)                     0.12 &     2.74 r
  U462/Y (NAND2X0_RVT)                     0.14 &     2.88 f
  U472/Y (AND4X1_RVT)                      0.17 &     3.04 f
  U471/Y (OR2X1_RVT)                       0.08 &     3.13 f
  U413/Y (INVX1_RVT)                       0.03 &     3.16 r
  U535/Y (AND2X1_RVT)                      0.05 &     3.21 r
  U455/Y (OR2X1_RVT)                       0.07 &     3.28 r
  U387/Y (NAND3X0_RVT)                     0.06 &     3.33 f
  U567/Y (NAND2X0_RVT)                     0.10 &     3.43 r
  U399/Y (INVX1_RVT)                       0.06 &     3.49 f
  U622/Y (NAND2X0_RVT)                     0.08 &     3.57 r
  U299/Y (OA22X1_RVT)                      0.10 &     3.68 r
  U486/Y (NAND3X0_RVT)                     0.06 &     3.74 f
  G535 (out)                               0.00 &     3.74 f
  data arrival time                                   3.74

  clock ideal_clock1 (rise edge)           6.50       6.50
  clock network delay (ideal)              0.40       6.90
  clock uncertainty                       -0.05       6.85
  output external delay                   -2.00       4.85
  data required time                                  4.85
  -----------------------------------------------------------
  data required time                                  4.85
  data arrival time                                  -3.74
  -----------------------------------------------------------
  slack (MET)                                         1.11


  Startpoint: G10 (input port clocked by ideal_clock1)
  Endpoint: G530 (output port clocked by ideal_clock1)
  Path Group: ideal_clock1
  Path Type: max

  Point                                    Incr       Path
  -----------------------------------------------------------
  clock ideal_clock1 (rise edge)           0.00       0.00
  clock network delay (ideal)              0.40       0.40
  input external delay                     2.00       2.40 r
  G10 (in)                                 0.00 @     2.40 r
  U364/Y (INVX1_RVT)                       0.07 @     2.47 f
  U459/Y (NAND3X0_RVT)                     0.09 &     2.56 r
  U548/Y (INVX0_RVT)                       0.05 &     2.61 f
  U434/Y (NAND2X0_RVT)                     0.12 &     2.74 r
  U462/Y (NAND2X0_RVT)                     0.14 &     2.88 f
  U472/Y (AND4X1_RVT)                      0.17 &     3.04 f
  U471/Y (OR2X1_RVT)                       0.08 &     3.13 f
  U413/Y (INVX1_RVT)                       0.03 &     3.16 r
  U535/Y (AND2X1_RVT)                      0.05 &     3.21 r
  U455/Y (OR2X1_RVT)                       0.07 &     3.28 r
  U387/Y (NAND3X0_RVT)                     0.06 &     3.33 f
  U567/Y (NAND2X0_RVT)                     0.10 &     3.43 r
  U399/Y (INVX1_RVT)                       0.06 &     3.49 f
  U443/Y (AO22X1_RVT)                      0.11 &     3.61 f
  G530 (out)                               0.00 &     3.61 f
  data arrival time                                   3.61

  clock ideal_clock1 (rise edge)           6.50       6.50
  clock network delay (ideal)              0.40       6.90
  clock uncertainty                       -0.05       6.85
  output external delay                   -2.00       4.85
  data required time                                  4.85
  -----------------------------------------------------------
  data required time                                  4.85
  data arrival time                                  -3.61
  -----------------------------------------------------------
  slack (MET)                                         1.24


  Startpoint: G4 (input port clocked by ideal_clock1)
  Endpoint: G539 (output port clocked by ideal_clock1)
  Path Group: ideal_clock1
  Path Type: max

  Point                                    Incr       Path
  -----------------------------------------------------------
  clock ideal_clock1 (rise edge)           0.00       0.00
  clock network delay (ideal)              0.40       0.40
  input external delay                     2.00       2.40 r
  G4 (in)                                  0.00 @     2.40 r
  U480/Y (NAND2X0_RVT)                     0.14 @     2.54 f
  U384/Y (INVX0_RVT)                       0.14 &     2.68 r
  U601/Y (NAND2X0_RVT)                     0.09 &     2.77 f
  U551/Y (INVX0_RVT)                       0.07 &     2.85 r
  U600/Y (AOI22X1_RVT)                     0.12 &     2.97 f
  U611/Y (OA22X1_RVT)                      0.08 &     3.05 f
  U612/Y (OAI222X1_RVT)                    0.14 &     3.20 r
  U369/Y (NAND3X0_RVT)                     0.07 &     3.26 f
  U589/Y (NAND2X0_RVT)                     0.09 &     3.36 r
  U617/Y (OAI222X1_RVT)                    0.16 &     3.52 f
  G539 (out)                               0.00 &     3.52 f
  data arrival time                                   3.52

  clock ideal_clock1 (rise edge)           6.50       6.50
  clock network delay (ideal)              0.40       6.90
  clock uncertainty                       -0.05       6.85
  output external delay                   -2.00       4.85
  data required time                                  4.85
  -----------------------------------------------------------
  data required time                                  4.85
  data arrival time                                  -3.52
  -----------------------------------------------------------
  slack (MET)                                         1.33


  Startpoint: G5 (input port clocked by ideal_clock1)
  Endpoint: G550 (output port clocked by ideal_clock1)
  Path Group: ideal_clock1
  Path Type: max

  Point                                    Incr       Path
  -----------------------------------------------------------
  clock ideal_clock1 (rise edge)           0.00       0.00
  clock network delay (ideal)              0.40       0.40
  input external delay                     2.00       2.40 r
  G5 (in)                                  0.00 @     2.40 r
  U326/Y (INVX1_RVT)                       0.07 @     2.47 f
  U564/Y (NAND2X0_RVT)                     0.20 &     2.66 r
  U388/Y (INVX0_RVT)                       0.11 &     2.78 f
  U644/Y (AO221X1_RVT)                     0.15 &     2.92 f
  U645/Y (AO221X1_RVT)                     0.13 &     3.06 f
  U373/Y (AND2X1_RVT)                      0.07 &     3.12 f
  U634/Y (NAND2X0_RVT)                     0.09 &     3.22 r
  U636/Y (OR3X2_RVT)                       0.11 &     3.33 r
  U630/Y (NAND4X0_RVT)                     0.12 &     3.44 f
  G550 (out)                               0.00 &     3.44 f
  data arrival time                                   3.44

  clock ideal_clock1 (rise edge)           6.50       6.50
  clock network delay (ideal)              0.40       6.90
  clock uncertainty                       -0.05       6.85
  output external delay                   -2.00       4.85
  data required time                                  4.85
  -----------------------------------------------------------
  data required time                                  4.85
  data arrival time                                  -3.44
  -----------------------------------------------------------
  slack (MET)                                         1.41


  Startpoint: G5 (input port clocked by ideal_clock1)
  Endpoint: G549 (output port clocked by ideal_clock1)
  Path Group: ideal_clock1
  Path Type: max

  Point                                    Incr       Path
  -----------------------------------------------------------
  clock ideal_clock1 (rise edge)           0.00       0.00
  clock network delay (ideal)              0.40       0.40
  input external delay                     2.00       2.40 r
  G5 (in)                                  0.00 @     2.40 r
  U326/Y (INVX1_RVT)                       0.07 @     2.47 f
  U564/Y (NAND2X0_RVT)                     0.20 &     2.66 r
  U388/Y (INVX0_RVT)                       0.11 &     2.78 f
  U514/Y (NAND2X0_RVT)                     0.12 &     2.90 r
  U513/Y (INVX0_RVT)                       0.05 &     2.95 f
  U421/Y (AO21X1_RVT)                      0.08 &     3.03 f
  U458/Y (AOI21X1_RVT)                     0.09 &     3.11 r
  U457/Y (NAND4X0_RVT)                     0.08 &     3.19 f
  U375/Y (AND2X1_RVT)                      0.08 &     3.28 f
  U378/Y (NAND2X0_RVT)                     0.05 &     3.32 r
  U581/Y (NAND3X0_RVT)                     0.08 &     3.41 f
  G549 (out)                               0.00 &     3.41 f
  data arrival time                                   3.41

  clock ideal_clock1 (rise edge)           6.50       6.50
  clock network delay (ideal)              0.40       6.90
  clock uncertainty                       -0.05       6.85
  output external delay                   -2.00       4.85
  data required time                                  4.85
  -----------------------------------------------------------
  data required time                                  4.85
  data arrival time                                  -3.41
  -----------------------------------------------------------
  slack (MET)                                         1.44


  Startpoint: G5 (input port clocked by ideal_clock1)
  Endpoint: G551 (output port clocked by ideal_clock1)
  Path Group: ideal_clock1
  Path Type: max

  Point                                    Incr       Path
  -----------------------------------------------------------
  clock ideal_clock1 (rise edge)           0.00       0.00
  clock network delay (ideal)              0.40       0.40
  input external delay                     2.00       2.40 r
  G5 (in)                                  0.00 @     2.40 r
  U326/Y (INVX1_RVT)                       0.07 @     2.47 f
  U564/Y (NAND2X0_RVT)                     0.20 &     2.66 r
  U388/Y (INVX0_RVT)                       0.11 &     2.78 f
  U644/Y (AO221X1_RVT)                     0.15 &     2.92 f
  U645/Y (AO221X1_RVT)                     0.13 &     3.06 f
  U373/Y (AND2X1_RVT)                      0.07 &     3.12 f
  U638/Y (NAND2X0_RVT)                     0.08 &     3.20 r
  U635/Y (INVX1_RVT)                       0.04 &     3.24 f
  U574/Y (AND2X1_RVT)                      0.07 &     3.30 f
  U580/Y (OR3X1_RVT)                       0.10 &     3.40 f
  G551 (out)                               0.00 &     3.40 f
  data arrival time                                   3.40

  clock ideal_clock1 (rise edge)           6.50       6.50
  clock network delay (ideal)              0.40       6.90
  clock uncertainty                       -0.05       6.85
  output external delay                   -2.00       4.85
  data required time                                  4.85
  -----------------------------------------------------------
  data required time                                  4.85
  data arrival time                                  -3.40
  -----------------------------------------------------------
  slack (MET)                                         1.45


  Startpoint: G5 (input port clocked by ideal_clock1)
  Endpoint: G552 (output port clocked by ideal_clock1)
  Path Group: ideal_clock1
  Path Type: max

  Point                                    Incr       Path
  -----------------------------------------------------------
  clock ideal_clock1 (rise edge)           0.00       0.00
  clock network delay (ideal)              0.40       0.40
  input external delay                     2.00       2.40 r
  G5 (in)                                  0.00 @     2.40 r
  U326/Y (INVX1_RVT)                       0.07 @     2.47 f
  U564/Y (NAND2X0_RVT)                     0.20 &     2.66 r
  U388/Y (INVX0_RVT)                       0.11 &     2.78 f
  U644/Y (AO221X1_RVT)                     0.15 &     2.92 f
  U645/Y (AO221X1_RVT)                     0.13 &     3.06 f
  U373/Y (AND2X1_RVT)                      0.07 &     3.12 f
  U634/Y (NAND2X0_RVT)                     0.09 &     3.22 r
  U658/Y (OAI222X1_RVT)                    0.17 &     3.39 f
  G552 (out)                               0.00 &     3.39 f
  data arrival time                                   3.39

  clock ideal_clock1 (rise edge)           6.50       6.50
  clock network delay (ideal)              0.40       6.90
  clock uncertainty                       -0.05       6.85
  output external delay                   -2.00       4.85
  data required time                                  4.85
  -----------------------------------------------------------
  data required time                                  4.85
  data arrival time                                  -3.39
  -----------------------------------------------------------
  slack (MET)                                         1.46


  Startpoint: G10 (input port clocked by ideal_clock1)
  Endpoint: G547 (output port clocked by ideal_clock1)
  Path Group: ideal_clock1
  Path Type: max

  Point                                    Incr       Path
  -----------------------------------------------------------
  clock ideal_clock1 (rise edge)           0.00       0.00
  clock network delay (ideal)              0.40       0.40
  input external delay                     2.00       2.40 r
  G10 (in)                                 0.00 @     2.40 r
  U364/Y (INVX1_RVT)                       0.07 @     2.47 f
  U318/Y (OR2X1_RVT)                       0.12 &     2.59 f
  U587/Y (NAND2X0_RVT)                     0.06 &     2.65 r
  U593/Y (AND2X1_RVT)                      0.06 &     2.71 r
  U527/Y (NAND3X0_RVT)                     0.06 &     2.77 f
  U510/Y (AND2X1_RVT)                      0.09 &     2.86 f
  U393/Y (OA221X1_RVT)                     0.13 &     2.99 f
  U503/Y (AND2X1_RVT)                      0.10 &     3.09 f
  U660/Y (NAND2X0_RVT)                     0.06 &     3.15 r
  U449/Y (OA22X1_RVT)                      0.10 &     3.25 r
  U448/Y (OAI22X1_RVT)                     0.10 &     3.35 f
  G547 (out)                               0.00 &     3.35 f
  data arrival time                                   3.35

  clock ideal_clock1 (rise edge)           6.50       6.50
  clock network delay (ideal)              0.40       6.90
  clock uncertainty                       -0.05       6.85
  output external delay                   -2.00       4.85
  data required time                                  4.85
  -----------------------------------------------------------
  data required time                                  4.85
  data arrival time                                  -3.35
  -----------------------------------------------------------
  slack (MET)                                         1.50


  Startpoint: G10 (input port clocked by ideal_clock1)
  Endpoint: G542 (output port clocked by ideal_clock1)
  Path Group: ideal_clock1
  Path Type: max

  Point                                    Incr       Path
  -----------------------------------------------------------
  clock ideal_clock1 (rise edge)           0.00       0.00
  clock network delay (ideal)              0.40       0.40
  input external delay                     2.00       2.40 r
  G10 (in)                                 0.00 @     2.40 r
  U364/Y (INVX1_RVT)                       0.07 @     2.47 f
  U318/Y (OR2X1_RVT)                       0.12 &     2.59 f
  U587/Y (NAND2X0_RVT)                     0.06 &     2.65 r
  U593/Y (AND2X1_RVT)                      0.06 &     2.71 r
  U527/Y (NAND3X0_RVT)                     0.06 &     2.77 f
  U510/Y (AND2X1_RVT)                      0.09 &     2.86 f
  U393/Y (OA221X1_RVT)                     0.13 &     2.99 f
  U555/Y (AND2X1_RVT)                      0.09 &     3.08 f
  U401/Y (AND2X1_RVT)                      0.08 &     3.16 f
  U404/Y (AND3X1_RVT)                      0.08 &     3.25 f
  U477/Y (OR3X1_RVT)                       0.09 &     3.34 f
  G542 (out)                               0.00 &     3.34 f
  data arrival time                                   3.34

  clock ideal_clock1 (rise edge)           6.50       6.50
  clock network delay (ideal)              0.40       6.90
  clock uncertainty                       -0.05       6.85
  output external delay                   -2.00       4.85
  data required time                                  4.85
  -----------------------------------------------------------
  data required time                                  4.85
  data arrival time                                  -3.34
  -----------------------------------------------------------
  slack (MET)                                         1.51


  Startpoint: G10 (input port clocked by ideal_clock1)
  Endpoint: G548 (output port clocked by ideal_clock1)
  Path Group: ideal_clock1
  Path Type: max

  Point                                    Incr       Path
  -----------------------------------------------------------
  clock ideal_clock1 (rise edge)           0.00       0.00
  clock network delay (ideal)              0.40       0.40
  input external delay                     2.00       2.40 r
  G10 (in)                                 0.00 @     2.40 r
  U364/Y (INVX1_RVT)                       0.07 @     2.47 f
  U318/Y (OR2X1_RVT)                       0.12 &     2.59 f
  U587/Y (NAND2X0_RVT)                     0.06 &     2.65 r
  U593/Y (AND2X1_RVT)                      0.06 &     2.71 r
  U527/Y (NAND3X0_RVT)                     0.06 &     2.77 f
  U510/Y (AND2X1_RVT)                      0.09 &     2.86 f
  U393/Y (OA221X1_RVT)                     0.13 &     2.99 f
  U555/Y (AND2X1_RVT)                      0.09 &     3.08 f
  U626/Y (NAND2X0_RVT)                     0.12 &     3.19 r
  U657/Y (OAI22X1_RVT)                     0.14 &     3.34 f
  G548 (out)                               0.00 &     3.34 f
  data arrival time                                   3.34

  clock ideal_clock1 (rise edge)           6.50       6.50
  clock network delay (ideal)              0.40       6.90
  clock uncertainty                       -0.05       6.85
  output external delay                   -2.00       4.85
  data required time                                  4.85
  -----------------------------------------------------------
  data required time                                  4.85
  data arrival time                                  -3.34
  -----------------------------------------------------------
  slack (MET)                                         1.51


  Startpoint: G9 (input port clocked by ideal_clock1)
  Endpoint: DFF_16/q_reg
            (rising edge-triggered flip-flop clocked by ideal_clock1)
  Path Group: ideal_clock1
  Path Type: max

  Point                                    Incr       Path
  -----------------------------------------------------------
  clock ideal_clock1 (rise edge)           0.00       0.00
  clock network delay (ideal)              0.40       0.40
  input external delay                     2.00       2.40 f
  G9 (in)                                  0.00 @     2.40 f
  U308/Y (INVX1_RVT)                       0.07 @     2.47 r
  U459/Y (NAND3X0_RVT)                     0.11 &     2.58 f
  U548/Y (INVX0_RVT)                       0.08 &     2.66 r
  U434/Y (NAND2X0_RVT)                     0.12 &     2.78 f
  U462/Y (NAND2X0_RVT)                     0.16 &     2.94 r
  U472/Y (AND4X1_RVT)                      0.13 &     3.07 r
  U471/Y (OR2X1_RVT)                       0.08 &     3.15 r
  U413/Y (INVX1_RVT)                       0.02 &     3.18 f
  U535/Y (AND2X1_RVT)                      0.05 &     3.23 f
  U455/Y (OR2X1_RVT)                       0.07 &     3.30 f
  U387/Y (NAND3X0_RVT)                     0.04 &     3.34 r
  U567/Y (NAND2X0_RVT)                     0.08 &     3.42 f
  U399/Y (INVX1_RVT)                       0.08 &     3.50 r
  U624/Y (AO221X1_RVT)                     0.11 &     3.61 r
  DFF_16/d (dff_2)                         0.00       3.61 r
  DFF_16/q_reg/D (DFFX1_RVT)               0.00 &     3.61 r
  data arrival time                                   3.61

  clock ideal_clock1 (rise edge)           6.50       6.50
  clock network delay (propagated)         0.00       6.50
  clock uncertainty                       -0.05       6.45
  DFF_16/q_reg/CLK (DFFX1_RVT)             0.00       6.45 r
  library setup time                      -0.07       6.38
  data required time                                  6.38
  -----------------------------------------------------------
  data required time                                  6.38
  data arrival time                                  -3.61
  -----------------------------------------------------------
  slack (MET)                                         2.77


  Startpoint: G10 (input port clocked by ideal_clock1)
  Endpoint: DFF_12/q_reg
            (rising edge-triggered flip-flop clocked by ideal_clock1)
  Path Group: ideal_clock1
  Path Type: max

  Point                                    Incr       Path
  -----------------------------------------------------------
  clock ideal_clock1 (rise edge)           0.00       0.00
  clock network delay (ideal)              0.40       0.40
  input external delay                     2.00       2.40 r
  G10 (in)                                 0.00 @     2.40 r
  U364/Y (INVX1_RVT)                       0.07 @     2.47 f
  U318/Y (OR2X1_RVT)                       0.12 &     2.59 f
  U587/Y (NAND2X0_RVT)                     0.06 &     2.65 r
  U593/Y (AND2X1_RVT)                      0.06 &     2.71 r
  U527/Y (NAND3X0_RVT)                     0.06 &     2.77 f
  U510/Y (AND2X1_RVT)                      0.09 &     2.86 f
  U393/Y (OA221X1_RVT)                     0.13 &     2.99 f
  U555/Y (AND2X1_RVT)                      0.09 &     3.08 f
  U626/Y (NAND2X0_RVT)                     0.12 &     3.19 r
  U350/Y (AO21X1_RVT)                      0.09 &     3.28 r
  U586/Y (OA221X1_RVT)                     0.11 &     3.39 r
  DFF_12/d (dff_6)                         0.00       3.39 r
  DFF_12/q_reg/D (DFFX1_RVT)               0.00 &     3.39 r
  data arrival time                                   3.39

  clock ideal_clock1 (rise edge)           6.50       6.50
  clock network delay (propagated)         0.00       6.50
  clock uncertainty                       -0.05       6.45
  DFF_12/q_reg/CLK (DFFX1_RVT)             0.00       6.45 r
  library setup time                      -0.07       6.38
  data required time                                  6.38
  -----------------------------------------------------------
  data required time                                  6.38
  data arrival time                                  -3.39
  -----------------------------------------------------------
  slack (MET)                                         2.99


  Startpoint: G5 (input port clocked by ideal_clock1)
  Endpoint: DFF_5/q_reg
            (rising edge-triggered flip-flop clocked by ideal_clock1)
  Path Group: ideal_clock1
  Path Type: max

  Point                                    Incr       Path
  -----------------------------------------------------------
  clock ideal_clock1 (rise edge)           0.00       0.00
  clock network delay (ideal)              0.40       0.40
  input external delay                     2.00       2.40 f
  G5 (in)                                  0.00 @     2.40 f
  U326/Y (INVX1_RVT)                       0.07 @     2.47 r
  U564/Y (NAND2X0_RVT)                     0.18 &     2.65 f
  U388/Y (INVX0_RVT)                       0.14 &     2.80 r
  U644/Y (AO221X1_RVT)                     0.12 &     2.92 r
  U645/Y (AO221X1_RVT)                     0.12 &     3.04 r
  U373/Y (AND2X1_RVT)                      0.07 &     3.11 r
  U634/Y (NAND2X0_RVT)                     0.09 &     3.20 f
  U633/Y (NAND2X0_RVT)                     0.10 &     3.29 r
  DFF_5/d (dff_13)                         0.00       3.29 r
  DFF_5/q_reg/D (DFFX1_RVT)                0.00 &     3.29 r
  data arrival time                                   3.29

  clock ideal_clock1 (rise edge)           6.50       6.50
  clock network delay (propagated)         0.00       6.50
  clock uncertainty                       -0.05       6.45
  DFF_5/q_reg/CLK (DFFX1_RVT)              0.00       6.45 r
  library setup time                      -0.08       6.37
  data required time                                  6.37
  -----------------------------------------------------------
  data required time                                  6.37
  data arrival time                                  -3.29
  -----------------------------------------------------------
  slack (MET)                                         3.08


  Startpoint: G10 (input port clocked by ideal_clock1)
  Endpoint: DFF_4/q_reg
            (rising edge-triggered flip-flop clocked by ideal_clock1)
  Path Group: ideal_clock1
  Path Type: max

  Point                                    Incr       Path
  -----------------------------------------------------------
  clock ideal_clock1 (rise edge)           0.00       0.00
  clock network delay (ideal)              0.40       0.40
  input external delay                     2.00       2.40 r
  G10 (in)                                 0.00 @     2.40 r
  U364/Y (INVX1_RVT)                       0.07 @     2.47 f
  U318/Y (OR2X1_RVT)                       0.12 &     2.59 f
  U587/Y (NAND2X0_RVT)                     0.06 &     2.65 r
  U593/Y (AND2X1_RVT)                      0.06 &     2.71 r
  U527/Y (NAND3X0_RVT)                     0.06 &     2.77 f
  U510/Y (AND2X1_RVT)                      0.09 &     2.86 f
  U393/Y (OA221X1_RVT)                     0.13 &     2.99 f
  U555/Y (AND2X1_RVT)                      0.09 &     3.08 f
  U345/Y (NAND3X0_RVT)                     0.05 &     3.13 r
  U495/Y (OA21X1_RVT)                      0.09 &     3.22 r
  DFF_4/d (dff_14)                         0.00       3.22 r
  DFF_4/q_reg/D (DFFX1_RVT)                0.00 &     3.22 r
  data arrival time                                   3.22

  clock ideal_clock1 (rise edge)           6.50       6.50
  clock network delay (propagated)         0.00       6.50
  clock uncertainty                       -0.05       6.45
  DFF_4/q_reg/CLK (DFFX1_RVT)              0.00       6.45 r
  library setup time                      -0.06       6.39
  data required time                                  6.39
  -----------------------------------------------------------
  data required time                                  6.39
  data arrival time                                  -3.22
  -----------------------------------------------------------
  slack (MET)                                         3.17


  Startpoint: G9 (input port clocked by ideal_clock1)
  Endpoint: DFF_6/q_reg
            (rising edge-triggered flip-flop clocked by ideal_clock1)
  Path Group: ideal_clock1
  Path Type: max

  Point                                    Incr       Path
  -----------------------------------------------------------
  clock ideal_clock1 (rise edge)           0.00       0.00
  clock network delay (ideal)              0.40       0.40
  input external delay                     2.00       2.40 f
  G9 (in)                                  0.00 @     2.40 f
  U308/Y (INVX1_RVT)                       0.07 @     2.47 r
  U459/Y (NAND3X0_RVT)                     0.11 &     2.58 f
  U548/Y (INVX0_RVT)                       0.08 &     2.66 r
  U434/Y (NAND2X0_RVT)                     0.12 &     2.78 f
  U462/Y (NAND2X0_RVT)                     0.16 &     2.94 r
  U324/Y (INVX1_RVT)                       0.08 &     3.03 f
  U346/Y (OAI22X1_RVT)                     0.15 &     3.17 r
  DFF_6/d (dff_12)                         0.00       3.17 r
  DFF_6/q_reg/D (DFFX1_RVT)                0.00 &     3.17 r
  data arrival time                                   3.17

  clock ideal_clock1 (rise edge)           6.50       6.50
  clock network delay (propagated)         0.00       6.50
  clock uncertainty                       -0.05       6.45
  DFF_6/q_reg/CLK (DFFX1_RVT)              0.00       6.45 r
  library setup time                      -0.06       6.39
  data required time                                  6.39
  -----------------------------------------------------------
  data required time                                  6.39
  data arrival time                                  -3.17
  -----------------------------------------------------------
  slack (MET)                                         3.22


  Startpoint: G5 (input port clocked by ideal_clock1)
  Endpoint: DFF_3/q_reg
            (rising edge-triggered flip-flop clocked by ideal_clock1)
  Path Group: ideal_clock1
  Path Type: max

  Point                                    Incr       Path
  -----------------------------------------------------------
  clock ideal_clock1 (rise edge)           0.00       0.00
  clock network delay (ideal)              0.40       0.40
  input external delay                     2.00       2.40 f
  G5 (in)                                  0.00 @     2.40 f
  U326/Y (INVX1_RVT)                       0.07 @     2.47 r
  U564/Y (NAND2X0_RVT)                     0.18 &     2.65 f
  U388/Y (INVX0_RVT)                       0.14 &     2.80 r
  U514/Y (NAND2X0_RVT)                     0.09 &     2.88 f
  U513/Y (INVX0_RVT)                       0.07 &     2.95 r
  U421/Y (AO21X1_RVT)                      0.07 &     3.03 r
  U466/Y (AO221X1_RVT)                     0.10 &     3.13 r
  DFF_3/d (dff_15)                         0.00       3.13 r
  DFF_3/q_reg/D (DFFX1_RVT)                0.00 &     3.13 r
  data arrival time                                   3.13

  clock ideal_clock1 (rise edge)           6.50       6.50
  clock network delay (propagated)         0.00       6.50
  clock uncertainty                       -0.05       6.45
  DFF_3/q_reg/CLK (DFFX1_RVT)              0.00       6.45 r
  library setup time                      -0.07       6.38
  data required time                                  6.38
  -----------------------------------------------------------
  data required time                                  6.38
  data arrival time                                  -3.13
  -----------------------------------------------------------
  slack (MET)                                         3.26


  Startpoint: G3 (input port clocked by ideal_clock1)
  Endpoint: DFF_17/q_reg
            (rising edge-triggered flip-flop clocked by ideal_clock1)
  Path Group: ideal_clock1
  Path Type: max

  Point                                    Incr       Path
  -----------------------------------------------------------
  clock ideal_clock1 (rise edge)           0.00       0.00
  clock network delay (ideal)              0.40       0.40
  input external delay                     2.00       2.40 f
  G3 (in)                                  0.00 @     2.40 f
  U592/Y (NAND2X0_RVT)                     0.08 @     2.48 r
  U383/Y (INVX1_RVT)                       0.13 &     2.60 f
  U436/Y (NAND2X0_RVT)                     0.11 &     2.71 r
  U337/Y (AO21X1_RVT)                      0.10 &     2.81 r
  U336/Y (AO21X1_RVT)                      0.08 &     2.89 r
  U357/Y (OA22X1_RVT)                      0.08 &     2.98 r
  U469/Y (OA221X1_RVT)                     0.08 &     3.06 r
  DFF_17/d (dff_1)                         0.00       3.06 r
  DFF_17/q_reg/D (DFFX1_RVT)               0.00 &     3.06 r
  data arrival time                                   3.06

  clock ideal_clock1 (rise edge)           6.50       6.50
  clock network delay (propagated)         0.00       6.50
  clock uncertainty                       -0.05       6.45
  DFF_17/q_reg/CLK (DFFX1_RVT)             0.00       6.45 r
  library setup time                      -0.06       6.39
  data required time                                  6.39
  -----------------------------------------------------------
  data required time                                  6.39
  data arrival time                                  -3.06
  -----------------------------------------------------------
  slack (MET)                                         3.33


  Startpoint: G8 (input port clocked by ideal_clock1)
  Endpoint: DFF_15/q_reg
            (rising edge-triggered flip-flop clocked by ideal_clock1)
  Path Group: ideal_clock1
  Path Type: max

  Point                                    Incr       Path
  -----------------------------------------------------------
  clock ideal_clock1 (rise edge)           0.00       0.00
  clock network delay (ideal)              0.40       0.40
  input external delay                     2.00       2.40 f
  G8 (in)                                  0.00 @     2.40 f
  U307/Y (INVX1_RVT)                       0.06 @     2.46 r
  U360/Y (AND2X1_RVT)                      0.10 &     2.56 r
  U573/Y (NAND2X0_RVT)                     0.07 &     2.63 f
  U566/Y (INVX0_RVT)                       0.07 &     2.70 r
  U400/Y (NAND3X0_RVT)                     0.10 &     2.79 f
  U419/Y (INVX1_RVT)                       0.07 &     2.86 r
  U355/Y (AND3X1_RVT)                      0.09 &     2.95 r
  U426/Y (NOR3X0_RVT)                      0.11 &     3.06 f
  DFF_15/d (dff_3)                         0.00       3.06 f
  DFF_15/q_reg/D (DFFX1_RVT)               0.00 &     3.06 f
  data arrival time                                   3.06

  clock ideal_clock1 (rise edge)           6.50       6.50
  clock network delay (propagated)         0.00       6.50
  clock uncertainty                       -0.05       6.45
  DFF_15/q_reg/CLK (DFFX1_RVT)             0.00       6.45 r
  library setup time                      -0.06       6.39
  data required time                                  6.39
  -----------------------------------------------------------
  data required time                                  6.39
  data arrival time                                  -3.06
  -----------------------------------------------------------
  slack (MET)                                         3.34


  Startpoint: G4 (input port clocked by ideal_clock1)
  Endpoint: DFF_14/q_reg
            (rising edge-triggered flip-flop clocked by ideal_clock1)
  Path Group: ideal_clock1
  Path Type: max

  Point                                    Incr       Path
  -----------------------------------------------------------
  clock ideal_clock1 (rise edge)           0.00       0.00
  clock network delay (ideal)              0.40       0.40
  input external delay                     2.00       2.40 f
  G4 (in)                                  0.00 @     2.40 f
  U325/Y (INVX1_RVT)                       0.06 @     2.46 r
  U602/Y (NAND2X0_RVT)                     0.12 &     2.58 f
  U605/Y (OAI21X1_RVT)                     0.18 &     2.76 r
  U583/Y (NAND2X0_RVT)                     0.06 &     2.81 f
  U468/Y (OAI221X1_RVT)                    0.13 &     2.94 r
  U467/Y (NOR3X0_RVT)                      0.08 &     3.02 f
  DFF_14/d (dff_4)                         0.00       3.02 f
  DFF_14/q_reg/D (DFFX1_RVT)               0.00 &     3.02 f
  data arrival time                                   3.02

  clock ideal_clock1 (rise edge)           6.50       6.50
  clock network delay (propagated)         0.00       6.50
  clock uncertainty                       -0.05       6.45
  DFF_14/q_reg/CLK (DFFX1_RVT)             0.00       6.45 r
  library setup time                      -0.05       6.40
  data required time                                  6.40
  -----------------------------------------------------------
  data required time                                  6.40
  data arrival time                                  -3.02
  -----------------------------------------------------------
  slack (MET)                                         3.37


  Startpoint: G5 (input port clocked by ideal_clock1)
  Endpoint: DFF_0/q_reg
            (rising edge-triggered flip-flop clocked by ideal_clock1)
  Path Group: ideal_clock1
  Path Type: max

  Point                                    Incr       Path
  -----------------------------------------------------------
  clock ideal_clock1 (rise edge)           0.00       0.00
  clock network delay (ideal)              0.40       0.40
  input external delay                     2.00       2.40 r
  G5 (in)                                  0.00 @     2.40 r
  U326/Y (INVX1_RVT)                       0.07 @     2.47 f
  U564/Y (NAND2X0_RVT)                     0.20 &     2.66 r
  U388/Y (INVX0_RVT)                       0.11 &     2.78 f
  U640/Y (OA221X1_RVT)                     0.18 &     2.96 f
  DFF_0/d (dff_0)                          0.00       2.96 f
  DFF_0/q_reg/D (DFFX1_RVT)                0.00 &     2.96 f
  data arrival time                                   2.96

  clock ideal_clock1 (rise edge)           6.50       6.50
  clock network delay (propagated)         0.00       6.50
  clock uncertainty                       -0.05       6.45
  DFF_0/q_reg/CLK (DFFX1_RVT)              0.00       6.45 r
  library setup time                      -0.07       6.38
  data required time                                  6.38
  -----------------------------------------------------------
  data required time                                  6.38
  data arrival time                                  -2.96
  -----------------------------------------------------------
  slack (MET)                                         3.42


  Startpoint: G7 (input port clocked by ideal_clock1)
  Endpoint: DFF_7/q_reg
            (rising edge-triggered flip-flop clocked by ideal_clock1)
  Path Group: ideal_clock1
  Path Type: max

  Point                                    Incr       Path
  -----------------------------------------------------------
  clock ideal_clock1 (rise edge)           0.00       0.00
  clock network delay (ideal)              0.40       0.40
  input external delay                     2.00       2.40 r
  G7 (in)                                  0.00 @     2.40 r
  U461/Y (NAND2X0_RVT)                     0.07 @     2.47 f
  U409/Y (INVX0_RVT)                       0.11 &     2.58 r
  U403/Y (NAND3X0_RVT)                     0.12 &     2.70 f
  U532/Y (INVX0_RVT)                       0.13 &     2.83 r
  U347/Y (AO21X1_RVT)                      0.11 &     2.93 r
  DFF_7/d (dff_11)                         0.00       2.93 r
  DFF_7/q_reg/D (DFFX1_RVT)                0.00 &     2.93 r
  data arrival time                                   2.93

  clock ideal_clock1 (rise edge)           6.50       6.50
  clock network delay (propagated)         0.00       6.50
  clock uncertainty                       -0.05       6.45
  DFF_7/q_reg/CLK (DFFX1_RVT)              0.00       6.45 r
  library setup time                      -0.06       6.39
  data required time                                  6.39
  -----------------------------------------------------------
  data required time                                  6.39
  data arrival time                                  -2.93
  -----------------------------------------------------------
  slack (MET)                                         3.45


  Startpoint: G6 (input port clocked by ideal_clock1)
  Endpoint: DFF_11/q_reg
            (rising edge-triggered flip-flop clocked by ideal_clock1)
  Path Group: ideal_clock1
  Path Type: max

  Point                                    Incr       Path
  -----------------------------------------------------------
  clock ideal_clock1 (rise edge)           0.00       0.00
  clock network delay (ideal)              0.40       0.40
  input external delay                     2.00       2.40 f
  G6 (in)                                  0.00 @     2.40 f
  U329/Y (INVX1_RVT)                       0.10 @     2.50 r
  U568/Y (NAND3X0_RVT)                     0.14 &     2.64 f
  U348/Y (OA21X1_RVT)                      0.12 &     2.76 f
  U470/Y (OA22X1_RVT)                      0.10 &     2.86 f
  DFF_11/d (dff_7)                         0.00       2.86 f
  DFF_11/q_reg/D (DFFX1_RVT)               0.00 &     2.86 f
  data arrival time                                   2.86

  clock ideal_clock1 (rise edge)           6.50       6.50
  clock network delay (propagated)         0.00       6.50
  clock uncertainty                       -0.05       6.45
  DFF_11/q_reg/CLK (DFFX1_RVT)             0.00       6.45 r
  library setup time                      -0.07       6.38
  data required time                                  6.38
  -----------------------------------------------------------
  data required time                                  6.38
  data arrival time                                  -2.86
  -----------------------------------------------------------
  slack (MET)                                         3.52


  Startpoint: G10 (input port clocked by ideal_clock1)
  Endpoint: DFF_13/q_reg
            (rising edge-triggered flip-flop clocked by ideal_clock1)
  Path Group: ideal_clock1
  Path Type: max

  Point                                    Incr       Path
  -----------------------------------------------------------
  clock ideal_clock1 (rise edge)           0.00       0.00
  clock network delay (ideal)              0.40       0.40
  input external delay                     2.00       2.40 r
  G10 (in)                                 0.00 @     2.40 r
  U364/Y (INVX1_RVT)                       0.07 @     2.47 f
  U543/Y (NAND2X0_RVT)                     0.12 &     2.59 r
  U651/Y (NAND2X0_RVT)                     0.06 &     2.65 f
  U352/Y (OA22X1_RVT)                      0.10 &     2.75 f
  U351/Y (OA222X1_RVT)                     0.10 &     2.85 f
  DFF_13/d (dff_5)                         0.00       2.85 f
  DFF_13/q_reg/D (DFFX1_RVT)               0.00 &     2.85 f
  data arrival time                                   2.85

  clock ideal_clock1 (rise edge)           6.50       6.50
  clock network delay (propagated)         0.00       6.50
  clock uncertainty                       -0.05       6.45
  DFF_13/q_reg/CLK (DFFX1_RVT)             0.00       6.45 r
  library setup time                      -0.07       6.38
  data required time                                  6.38
  -----------------------------------------------------------
  data required time                                  6.38
  data arrival time                                  -2.85
  -----------------------------------------------------------
  slack (MET)                                         3.54


  Startpoint: G3 (input port clocked by ideal_clock1)
  Endpoint: DFF_10/q_reg
            (rising edge-triggered flip-flop clocked by ideal_clock1)
  Path Group: ideal_clock1
  Path Type: max

  Point                                    Incr       Path
  -----------------------------------------------------------
  clock ideal_clock1 (rise edge)           0.00       0.00
  clock network delay (ideal)              0.40       0.40
  input external delay                     2.00       2.40 r
  G3 (in)                                  0.00 @     2.40 r
  U592/Y (NAND2X0_RVT)                     0.08 @     2.48 f
  U383/Y (INVX1_RVT)                       0.14 &     2.61 r
  U439/Y (XOR2X1_RVT)                      0.17 &     2.78 f
  DFF_10/d (dff_8)                         0.00       2.78 f
  DFF_10/q_reg/D (DFFX1_RVT)               0.00 &     2.78 f
  data arrival time                                   2.78

  clock ideal_clock1 (rise edge)           6.50       6.50
  clock network delay (propagated)         0.00       6.50
  clock uncertainty                       -0.05       6.45
  DFF_10/q_reg/CLK (DFFX1_RVT)             0.00       6.45 r
  library setup time                      -0.06       6.39
  data required time                                  6.39
  -----------------------------------------------------------
  data required time                                  6.39
  data arrival time                                  -2.78
  -----------------------------------------------------------
  slack (MET)                                         3.61


  Startpoint: G9 (input port clocked by ideal_clock1)
  Endpoint: DFF_1/q_reg
            (rising edge-triggered flip-flop clocked by ideal_clock1)
  Path Group: ideal_clock1
  Path Type: max

  Point                                    Incr       Path
  -----------------------------------------------------------
  clock ideal_clock1 (rise edge)           0.00       0.00
  clock network delay (ideal)              0.40       0.40
  input external delay                     2.00       2.40 f
  G9 (in)                                  0.00 @     2.40 f
  U308/Y (INVX1_RVT)                       0.07 @     2.47 r
  U460/Y (NAND2X0_RVT)                     0.12 &     2.59 f
  U544/Y (NAND2X0_RVT)                     0.10 &     2.69 r
  DFF_1/d (dff_17)                         0.00       2.69 r
  DFF_1/q_reg/D (DFFX1_RVT)                0.00 &     2.69 r
  data arrival time                                   2.69

  clock ideal_clock1 (rise edge)           6.50       6.50
  clock network delay (propagated)         0.00       6.50
  clock uncertainty                       -0.05       6.45
  DFF_1/q_reg/CLK (DFFX1_RVT)              0.00       6.45 r
  library setup time                      -0.08       6.37
  data required time                                  6.37
  -----------------------------------------------------------
  data required time                                  6.37
  data arrival time                                  -2.69
  -----------------------------------------------------------
  slack (MET)                                         3.68


  Startpoint: G4 (input port clocked by ideal_clock1)
  Endpoint: DFF_9/q_reg
            (rising edge-triggered flip-flop clocked by ideal_clock1)
  Path Group: ideal_clock1
  Path Type: max

  Point                                    Incr       Path
  -----------------------------------------------------------
  clock ideal_clock1 (rise edge)           0.00       0.00
  clock network delay (ideal)              0.40       0.40
  input external delay                     2.00       2.40 r
  G4 (in)                                  0.00 @     2.40 r
  U325/Y (INVX1_RVT)                       0.06 @     2.46 f
  U528/Y (AND2X1_RVT)                      0.10 &     2.56 f
  U305/Y (AND3X1_RVT)                      0.10 &     2.66 f
  DFF_9/d (dff_9)                          0.00       2.66 f
  DFF_9/q_reg/D (DFFX1_RVT)                0.00 &     2.66 f
  data arrival time                                   2.66

  clock ideal_clock1 (rise edge)           6.50       6.50
  clock network delay (propagated)         0.00       6.50
  clock uncertainty                       -0.05       6.45
  DFF_9/q_reg/CLK (DFFX1_RVT)              0.00       6.45 r
  library setup time                      -0.07       6.38
  data required time                                  6.38
  -----------------------------------------------------------
  data required time                                  6.38
  data arrival time                                  -2.66
  -----------------------------------------------------------
  slack (MET)                                         3.72


  Startpoint: G7 (input port clocked by ideal_clock1)
  Endpoint: DFF_2/q_reg
            (rising edge-triggered flip-flop clocked by ideal_clock1)
  Path Group: ideal_clock1
  Path Type: max

  Point                                    Incr       Path
  -----------------------------------------------------------
  clock ideal_clock1 (rise edge)           0.00       0.00
  clock network delay (ideal)              0.40       0.40
  input external delay                     2.00       2.40 f
  G7 (in)                                  0.00 @     2.40 f
  U359/Y (INVX1_RVT)                       0.05 @     2.45 r
  U344/Y (AO22X1_RVT)                      0.12 &     2.57 r
  DFF_2/d (dff_16)                         0.00       2.57 r
  DFF_2/q_reg/D (DFFX1_RVT)                0.00 &     2.57 r
  data arrival time                                   2.57

  clock ideal_clock1 (rise edge)           6.50       6.50
  clock network delay (propagated)         0.00       6.50
  clock uncertainty                       -0.05       6.45
  DFF_2/q_reg/CLK (DFFX1_RVT)              0.00       6.45 r
  library setup time                      -0.07       6.38
  data required time                                  6.38
  -----------------------------------------------------------
  data required time                                  6.38
  data arrival time                                  -2.57
  -----------------------------------------------------------
  slack (MET)                                         3.81


  Startpoint: G6 (input port clocked by ideal_clock1)
  Endpoint: DFF_8/q_reg
            (rising edge-triggered flip-flop clocked by ideal_clock1)
  Path Group: ideal_clock1
  Path Type: max

  Point                                    Incr       Path
  -----------------------------------------------------------
  clock ideal_clock1 (rise edge)           0.00       0.00
  clock network delay (ideal)              0.40       0.40
  input external delay                     2.00       2.40 r
  G6 (in)                                  0.00 @     2.40 r
  U515/Y (XOR2X1_RVT)                      0.12 @     2.52 f
  DFF_8/d (dff_10)                         0.00       2.52 f
  DFF_8/q_reg/D (DFFX1_RVT)                0.00 &     2.52 f
  data arrival time                                   2.52

  clock ideal_clock1 (rise edge)           6.50       6.50
  clock network delay (propagated)         0.00       6.50
  clock uncertainty                       -0.05       6.45
  DFF_8/q_reg/CLK (DFFX1_RVT)              0.00       6.45 r
  library setup time                      -0.06       6.39
  data required time                                  6.39
  -----------------------------------------------------------
  data required time                                  6.39
  data arrival time                                  -2.52
  -----------------------------------------------------------
  slack (MET)                                         3.87


  Startpoint: DFF_12/q_reg
              (rising edge-triggered flip-flop clocked by ideal_clock1)
  Endpoint: G546 (output port clocked by ideal_clock1)
  Path Group: ideal_clock1
  Path Type: max

  Point                                    Incr       Path
  -----------------------------------------------------------
  clock ideal_clock1 (rise edge)           0.00       0.00
  clock network delay (propagated)         0.00       0.00
  DFF_12/q_reg/CLK (DFFX1_RVT)             0.00       0.00 r
  DFF_12/q_reg/Q (DFFX1_RVT)               0.15       0.15 f
  DFF_12/q (dff_6)                         0.00       0.15 f
  U498/Y (INVX1_RVT)                       0.02 &     0.18 r
  G546 (out)                               0.00 &     0.18 r
  data arrival time                                   0.18

  clock ideal_clock1 (rise edge)           6.50       6.50
  clock network delay (ideal)              0.40       6.90
  clock uncertainty                       -0.05       6.85
  output external delay                   -2.00       4.85
  data required time                                  4.85
  -----------------------------------------------------------
  data required time                                  4.85
  data arrival time                                  -0.18
  -----------------------------------------------------------
  slack (MET)                                         4.67


  Startpoint: DFF_16/q_reg
              (rising edge-triggered flip-flop clocked by ideal_clock1)
  Endpoint: G45 (output port clocked by ideal_clock1)
  Path Group: ideal_clock1
  Path Type: max

  Point                                    Incr       Path
  -----------------------------------------------------------
  clock ideal_clock1 (rise edge)           0.00       0.00
  clock network delay (propagated)         0.00       0.00
  DFF_16/q_reg/CLK (DFFX1_RVT)             0.00       0.00 r
  DFF_16/q_reg/Q (DFFX1_RVT)               0.15       0.15 f
  DFF_16/q (dff_2)                         0.00       0.15 f
  G45 (out)                                0.00 &     0.15 f
  data arrival time                                   0.15

  clock ideal_clock1 (rise edge)           6.50       6.50
  clock network delay (ideal)              0.40       6.90
  clock uncertainty                       -0.05       6.85
  output external delay                   -2.00       4.85
  data required time                                  4.85
  -----------------------------------------------------------
  data required time                                  4.85
  data arrival time                                  -0.15
  -----------------------------------------------------------
  slack (MET)                                         4.70


1
