 
****************************************
Report : area
Design : s1238
Version: L-2016.03-SP5-1
Date   : Sun Mar 10 20:44:51 2019
****************************************

Library(s) Used:

    saed32rvt_ss0p95v25c (File: /mnt/class_data/ecec574-w2019/PDKs/SAED32nm/lib/stdcell_rvt/db_ccs/saed32rvt_ss0p95v25c.db)

Number of ports:                           33
Number of nets:                           387
Number of cells:                          370
Number of combinational cells:            352
Number of sequential cells:                 0
Number of macros/black boxes:               0
Number of buf/inv:                         54
Number of references:                      47

Combinational area:                698.641860
Buf/Inv area:                       69.889600
Noncombinational area:             118.939396
Macro/Black Box area:                0.000000
Net Interconnect area:             191.576647

Total cell area:                   817.581256
Total area:                       1009.157902
1
