 
****************************************
Report : qor
Design : s1238
Version: L-2016.03-SP5-1
Date   : Sun Mar 10 20:41:05 2019
****************************************


  Timing Path Group 'ideal_clock1'
  -----------------------------------
  Levels of Logic:              15.00
  Critical Path Length:          1.39
  Critical Path Slack:           1.06
  Critical Path Clk Period:      6.50
  Total Negative Slack:          0.00
  No. of Violating Paths:        0.00
  Worst Hold Violation:          0.00
  Total Hold Violation:          0.00
  No. of Hold Violations:        0.00
  -----------------------------------


  Cell Count
  -----------------------------------
  Hierarchical Cell Count:         18
  Hierarchical Port Count:         90
  Leaf Cell Count:                371
  Buf/Inv Cell Count:              55
  Buf Cell Count:                   0
  Inv Cell Count:                  55
  CT Buf/Inv Cell Count:            0
  Combinational Cell Count:       353
  Sequential Cell Count:           18
  Macro Count:                      0
  -----------------------------------


  Area
  -----------------------------------
  Combinational Area:      698.641860
  Noncombinational Area:   118.939396
  Buf/Inv Area:             69.889600
  Total Buffer Area:             0.00
  Total Inverter Area:          69.89
  Macro/Black Box Area:      0.000000
  Net Area:                191.576647
  Net XLength        :        2721.98
  Net YLength        :        2786.58
  -----------------------------------
  Cell Area:               817.581256
  Design Area:            1009.157902
  Net Length        :         5508.55


  Design Rules
  -----------------------------------
  Total Number of Nets:           388
  Nets With Violations:             0
  Max Trans Violations:             0
  Max Cap Violations:               0
  -----------------------------------


  Hostname: xunil-03.coe.drexel.edu

  Compile CPU Statistics
  -----------------------------------------
  Resource Sharing:                    0.00
  Logic Optimization:                  2.43
  Mapping Optimization:                7.92
  -----------------------------------------
  Overall Compile Time:               11.99
  Overall Compile Wall Clock Time:    13.00

  --------------------------------------------------------------------

  Design  WNS: 0.00  TNS: 0.00  Number of Violating Paths: 0


  Design (Hold)  WNS: 0.00  TNS: 0.00  Number of Violating Paths: 0

  --------------------------------------------------------------------


1
