 
****************************************
  Report : Chip Summary
  Design : s15850
  Version: L-2016.03-SP5-1
  Date   : Sun Mar 10 17:11:00 2019
****************************************
Std cell utilization: 58.92%  (29372/(49848-0))
(Non-fixed + Fixed)
Std cell utilization: 58.27%  (28586/(49848-790))
(Non-fixed only)
Chip area:            49848    sites, bbox (5.00 5.00 118.09 117.02) um
Std cell area:        29372    sites, (non-fixed:28586  fixed:786)
                      2304     cells, (non-fixed:2210   fixed:94)
Macro cell area:      0        sites
                      0        cells
Placement blockages:  0        sites, (excluding fixed std cells)
                      790      sites, (include fixed std cells & chimney area)
                      0        sites, (complete p/g net blockages)
Routing blockages:    0        sites, (partial p/g net blockages)
                      0        sites, (routing blockages and signal pre-route)
Lib cell count:       35 
Avg. std cell width:  1.82 um 
Site array:           unit     (width: 0.152 um, height: 1.672 um, rows: 67)
Physical DB scale:    1000 db_unit = 1 um 

 
****************************************
  Report : pnet options
  Design : s15850
  Version: L-2016.03-SP5-1
  Date   : Sun Mar 10 17:11:00 2019
****************************************


--------------------------------------------------------------------
Layer      Blockage   Min_width   Min_height   Via_additive     Density
--------------------------------------------------------------------
M1         none          ---         ---       via additive      ---
M2         none          ---         ---       via additive      ---
M3         none          ---         ---       via additive      ---
M4         none          ---         ---       via additive      ---
M5         none          ---         ---       via additive      ---
M6         none          ---         ---       via additive      ---
M7         none          ---         ---       via additive      ---
M8         none          ---         ---       via additive      ---
M9         none          ---         ---       via additive      ---
MRDL       none          ---         ---       via additive      ---

**********************************
      Sub-Region Utilization      
**********************************
Number of regions with placement utilization 0 - 0.125 is 0 (0.00%)
Number of regions with placement utilization 0.125 - 0.25 is 1 (0.51%)
Number of regions with placement utilization 0.25 - 0.375 is 8 (4.08%)
Number of regions with placement utilization 0.375 - 0.5 is 20 (10.20%)
Number of regions with placement utilization 0.5 - 0.625 is 91 (46.43%)
Number of regions with placement utilization 0.625 - 0.75 is 67 (34.18%)
Number of regions with placement utilization 0.75 - 0.875 is 9 (4.59%)
Number of regions with placement utilization 0.875 - 1 is 0 (0.00%)
1
