 
****************************************
Report : timing
        -path full
        -delay min
        -max_paths 20
Design : s35932
Version: L-2016.03-SP5-1
Date   : Tue Mar  5 21:09:08 2019
****************************************

 * Some/all delay information is back-annotated.

Operating Conditions: ss0p95v25c   Library: saed32rvt_ss0p95v25c
	Parasitic source    : LPE
	Parasitic mode      : RealRVirtualC
	Extraction mode     : MIN_MAX
	Extraction derating : 125/125/125

Information: Percent of Arnoldi-based delays = 11.53%

Information: Percent of CCS-based delays = 11.22%

  Startpoint: DFF_204/q_reg
              (rising edge-triggered flip-flop clocked by ideal_clock1)
  Endpoint: DFF_203/q_reg
            (rising edge-triggered flip-flop clocked by ideal_clock1)
  Path Group: ideal_clock1
  Path Type: min

  Point                                    Incr       Path
  -----------------------------------------------------------
  clock ideal_clock1 (rise edge)           0.00       0.00
  clock network delay (propagated)         0.14       0.14
  DFF_204/q_reg/CLK (DFFX1_RVT)            0.00       0.14 r
  DFF_204/q_reg/Q (DFFX1_RVT)              0.16       0.30 f
  DFF_204/q (dff_1524)                     0.00       0.30 f
  U5438/Y (AND2X1_RVT)                     0.06 *     0.36 f
  DFF_203/d (dff_1525)                     0.00       0.36 f
  DFF_203/q_reg/D (DFFX1_RVT)              0.00 *     0.36 f
  data arrival time                                   0.36

  clock ideal_clock1 (rise edge)           0.00       0.00
  clock network delay (propagated)         0.16       0.16
  clock uncertainty                        0.05       0.21
  DFF_203/q_reg/CLK (DFFX1_RVT)            0.00       0.21 r
  library hold time                        0.02       0.23
  data required time                                  0.23
  -----------------------------------------------------------
  data required time                                  0.23
  data arrival time                                  -0.36
  -----------------------------------------------------------
  slack (MET)                                         0.13


  Startpoint: DFF_812/q_reg
              (rising edge-triggered flip-flop clocked by ideal_clock1)
  Endpoint: DFF_844/q_reg
            (rising edge-triggered flip-flop clocked by ideal_clock1)
  Path Group: ideal_clock1
  Path Type: min

  Point                                    Incr       Path
  -----------------------------------------------------------
  clock ideal_clock1 (rise edge)           0.00       0.00
  clock network delay (propagated)         0.14       0.14
  DFF_812/q_reg/CLK (DFFX1_RVT)            0.00       0.14 r
  DFF_812/q_reg/Q (DFFX1_RVT)              0.17       0.30 f
  DFF_812/q (dff_916)                      0.00       0.30 f
  U4646/Y (AND2X1_RVT)                     0.06 *     0.36 f
  DFF_844/d (dff_884)                      0.00       0.36 f
  DFF_844/q_reg/D (DFFX1_RVT)              0.00 *     0.36 f
  data arrival time                                   0.36

  clock ideal_clock1 (rise edge)           0.00       0.00
  clock network delay (propagated)         0.16       0.16
  clock uncertainty                        0.05       0.21
  DFF_844/q_reg/CLK (DFFX1_RVT)            0.00       0.21 r
  library hold time                        0.02       0.23
  data required time                                  0.23
  -----------------------------------------------------------
  data required time                                  0.23
  data arrival time                                  -0.36
  -----------------------------------------------------------
  slack (MET)                                         0.13


  Startpoint: DFF_648/q_reg
              (rising edge-triggered flip-flop clocked by ideal_clock1)
  Endpoint: DFF_680/q_reg
            (rising edge-triggered flip-flop clocked by ideal_clock1)
  Path Group: ideal_clock1
  Path Type: min

  Point                                    Incr       Path
  -----------------------------------------------------------
  clock ideal_clock1 (rise edge)           0.00       0.00
  clock network delay (propagated)         0.13       0.13
  DFF_648/q_reg/CLK (DFFX1_RVT)            0.00       0.13 r
  DFF_648/q_reg/Q (DFFX1_RVT)              0.17       0.30 f
  DFF_648/q (dff_1080)                     0.00       0.30 f
  U5375/Y (AND2X1_RVT)                     0.06 *     0.36 f
  DFF_680/d (dff_1048)                     0.00       0.36 f
  DFF_680/q_reg/D (DFFX1_RVT)              0.00 *     0.36 f
  data arrival time                                   0.36

  clock ideal_clock1 (rise edge)           0.00       0.00
  clock network delay (propagated)         0.16       0.16
  clock uncertainty                        0.05       0.21
  DFF_680/q_reg/CLK (DFFX1_RVT)            0.00       0.21 r
  library hold time                        0.02       0.23
  data required time                                  0.23
  -----------------------------------------------------------
  data required time                                  0.23
  data arrival time                                  -0.36
  -----------------------------------------------------------
  slack (MET)                                         0.13


  Startpoint: DFF_808/q_reg
              (rising edge-triggered flip-flop clocked by ideal_clock1)
  Endpoint: DFF_840/q_reg
            (rising edge-triggered flip-flop clocked by ideal_clock1)
  Path Group: ideal_clock1
  Path Type: min

  Point                                    Incr       Path
  -----------------------------------------------------------
  clock ideal_clock1 (rise edge)           0.00       0.00
  clock network delay (propagated)         0.13       0.13
  DFF_808/q_reg/CLK (DFFX1_RVT)            0.00       0.13 r
  DFF_808/q_reg/Q (DFFX1_RVT)              0.17       0.30 f
  DFF_808/q (dff_920)                      0.00       0.30 f
  U6151/Y (AND2X1_RVT)                     0.06 *     0.36 f
  DFF_840/d (dff_888)                      0.00       0.36 f
  DFF_840/q_reg/D (DFFX1_RVT)              0.00 *     0.36 f
  data arrival time                                   0.36

  clock ideal_clock1 (rise edge)           0.00       0.00
  clock network delay (propagated)         0.15       0.15
  clock uncertainty                        0.05       0.20
  DFF_840/q_reg/CLK (DFFX1_RVT)            0.00       0.20 r
  library hold time                        0.02       0.22
  data required time                                  0.22
  -----------------------------------------------------------
  data required time                                  0.22
  data arrival time                                  -0.36
  -----------------------------------------------------------
  slack (MET)                                         0.13


  Startpoint: DFF_293/q_reg
              (rising edge-triggered flip-flop clocked by ideal_clock1)
  Endpoint: DFF_325/q_reg
            (rising edge-triggered flip-flop clocked by ideal_clock1)
  Path Group: ideal_clock1
  Path Type: min

  Point                                    Incr       Path
  -----------------------------------------------------------
  clock ideal_clock1 (rise edge)           0.00       0.00
  clock network delay (propagated)         0.13       0.13
  DFF_293/q_reg/CLK (DFFX1_RVT)            0.00       0.13 r
  DFF_293/q_reg/Q (DFFX1_RVT)              0.17       0.31 f
  DFF_293/q (dff_1435)                     0.00       0.31 f
  U5700/Y (AND2X1_RVT)                     0.06 *     0.36 f
  DFF_325/d (dff_1403)                     0.00       0.36 f
  DFF_325/q_reg/D (DFFX1_RVT)              0.00 *     0.36 f
  data arrival time                                   0.36

  clock ideal_clock1 (rise edge)           0.00       0.00
  clock network delay (propagated)         0.15       0.15
  clock uncertainty                        0.05       0.20
  DFF_325/q_reg/CLK (DFFX1_RVT)            0.00       0.20 r
  library hold time                        0.02       0.22
  data required time                                  0.22
  -----------------------------------------------------------
  data required time                                  0.22
  data arrival time                                  -0.36
  -----------------------------------------------------------
  slack (MET)                                         0.14


  Startpoint: DFF_1270/q_reg
              (rising edge-triggered flip-flop clocked by ideal_clock1)
  Endpoint: DFF_1302/q_reg
            (rising edge-triggered flip-flop clocked by ideal_clock1)
  Path Group: ideal_clock1
  Path Type: min

  Point                                    Incr       Path
  -----------------------------------------------------------
  clock ideal_clock1 (rise edge)           0.00       0.00
  clock network delay (propagated)         0.14       0.14
  DFF_1270/q_reg/CLK (DFFX1_RVT)           0.00       0.14 r
  DFF_1270/q_reg/Q (DFFX1_RVT)             0.17       0.30 f
  DFF_1270/q (dff_458)                     0.00       0.30 f
  U5718/Y (AND2X1_RVT)                     0.06 *     0.36 f
  DFF_1302/d (dff_426)                     0.00       0.36 f
  DFF_1302/q_reg/D (DFFX1_RVT)             0.00 *     0.36 f
  data arrival time                                   0.36

  clock ideal_clock1 (rise edge)           0.00       0.00
  clock network delay (propagated)         0.14       0.14
  clock uncertainty                        0.05       0.19
  DFF_1302/q_reg/CLK (DFFX1_RVT)           0.00       0.19 r
  library hold time                        0.02       0.21
  data required time                                  0.21
  -----------------------------------------------------------
  data required time                                  0.21
  data arrival time                                  -0.36
  -----------------------------------------------------------
  slack (MET)                                         0.15


  Startpoint: DFF_1542/q_reg
              (rising edge-triggered flip-flop clocked by ideal_clock1)
  Endpoint: DFF_1541/q_reg
            (rising edge-triggered flip-flop clocked by ideal_clock1)
  Path Group: ideal_clock1
  Path Type: min

  Point                                    Incr       Path
  -----------------------------------------------------------
  clock ideal_clock1 (rise edge)           0.00       0.00
  clock network delay (propagated)         0.13       0.13
  DFF_1542/q_reg/CLK (DFFX1_RVT)           0.00       0.13 r
  DFF_1542/q_reg/Q (DFFX1_RVT)             0.16       0.29 f
  DFF_1542/q (dff_186)                     0.00       0.29 f
  U6774/Y (AND2X1_RVT)                     0.06 *     0.34 f
  DFF_1541/d (dff_187)                     0.00       0.34 f
  DFF_1541/q_reg/D (DFFX1_RVT)             0.00 *     0.34 f
  data arrival time                                   0.34

  clock ideal_clock1 (rise edge)           0.00       0.00
  clock network delay (propagated)         0.13       0.13
  clock uncertainty                        0.05       0.18
  DFF_1541/q_reg/CLK (DFFX1_RVT)           0.00       0.18 r
  library hold time                        0.02       0.19
  data required time                                  0.19
  -----------------------------------------------------------
  data required time                                  0.19
  data arrival time                                  -0.34
  -----------------------------------------------------------
  slack (MET)                                         0.15


  Startpoint: DFF_49/q_reg
              (rising edge-triggered flip-flop clocked by ideal_clock1)
  Endpoint: DFF_81/q_reg
            (rising edge-triggered flip-flop clocked by ideal_clock1)
  Path Group: ideal_clock1
  Path Type: min

  Point                                    Incr       Path
  -----------------------------------------------------------
  clock ideal_clock1 (rise edge)           0.00       0.00
  clock network delay (propagated)         0.13       0.13
  DFF_49/q_reg/CLK (DFFX1_RVT)             0.00       0.13 r
  DFF_49/q_reg/Q (DFFX1_RVT)               0.18       0.32 f
  DFF_49/q (dff_1679)                      0.00       0.32 f
  U5687/Y (AND2X1_RVT)                     0.06 *     0.38 f
  DFF_81/d (dff_1647)                      0.00       0.38 f
  DFF_81/q_reg/D (DFFX1_RVT)               0.00 *     0.38 f
  data arrival time                                   0.38

  clock ideal_clock1 (rise edge)           0.00       0.00
  clock network delay (propagated)         0.15       0.15
  clock uncertainty                        0.05       0.20
  DFF_81/q_reg/CLK (DFFX1_RVT)             0.00       0.20 r
  library hold time                        0.02       0.22
  data required time                                  0.22
  -----------------------------------------------------------
  data required time                                  0.22
  data arrival time                                  -0.38
  -----------------------------------------------------------
  slack (MET)                                         0.15


  Startpoint: DFF_982/q_reg
              (rising edge-triggered flip-flop clocked by ideal_clock1)
  Endpoint: DFF_981/q_reg
            (rising edge-triggered flip-flop clocked by ideal_clock1)
  Path Group: ideal_clock1
  Path Type: min

  Point                                    Incr       Path
  -----------------------------------------------------------
  clock ideal_clock1 (rise edge)           0.00       0.00
  clock network delay (propagated)         0.13       0.13
  DFF_982/q_reg/CLK (DFFX1_RVT)            0.00       0.13 r
  DFF_982/q_reg/Q (DFFX1_RVT)              0.16       0.29 f
  DFF_982/q (dff_746)                      0.00       0.29 f
  U5470/Y (AND2X1_RVT)                     0.07 *     0.36 f
  DFF_981/d (dff_747)                      0.00       0.36 f
  DFF_981/q_reg/D (DFFX1_RVT)              0.00 *     0.36 f
  data arrival time                                   0.36

  clock ideal_clock1 (rise edge)           0.00       0.00
  clock network delay (propagated)         0.15       0.15
  clock uncertainty                        0.05       0.20
  DFF_981/q_reg/CLK (DFFX1_RVT)            0.00       0.20 r
  library hold time                        0.01       0.21
  data required time                                  0.21
  -----------------------------------------------------------
  data required time                                  0.21
  data arrival time                                  -0.36
  -----------------------------------------------------------
  slack (MET)                                         0.15


  Startpoint: DFF_193/q_reg
              (rising edge-triggered flip-flop clocked by ideal_clock1)
  Endpoint: DFF_192/q_reg
            (rising edge-triggered flip-flop clocked by ideal_clock1)
  Path Group: ideal_clock1
  Path Type: min

  Point                                    Incr       Path
  -----------------------------------------------------------
  clock ideal_clock1 (rise edge)           0.00       0.00
  clock network delay (propagated)         0.14       0.14
  DFF_193/q_reg/CLK (DFFX1_RVT)            0.00       0.14 r
  DFF_193/q_reg/Q (DFFX1_RVT)              0.18       0.32 f
  DFF_193/q (dff_1535)                     0.00       0.32 f
  U6978/Y (AND2X1_RVT)                     0.06 *     0.38 f
  DFF_192/d (dff_1536)                     0.00       0.38 f
  DFF_192/q_reg/D (DFFX1_RVT)              0.00 *     0.38 f
  data arrival time                                   0.38

  clock ideal_clock1 (rise edge)           0.00       0.00
  clock network delay (propagated)         0.16       0.16
  clock uncertainty                        0.05       0.21
  DFF_192/q_reg/CLK (DFFX1_RVT)            0.00       0.21 r
  library hold time                        0.02       0.23
  data required time                                  0.23
  -----------------------------------------------------------
  data required time                                  0.23
  data arrival time                                  -0.38
  -----------------------------------------------------------
  slack (MET)                                         0.15


  Startpoint: DFF_1580/q_reg
              (rising edge-triggered flip-flop clocked by ideal_clock1)
  Endpoint: DFF_1612/q_reg
            (rising edge-triggered flip-flop clocked by ideal_clock1)
  Path Group: ideal_clock1
  Path Type: min

  Point                                    Incr       Path
  -----------------------------------------------------------
  clock ideal_clock1 (rise edge)           0.00       0.00
  clock network delay (propagated)         0.14       0.14
  DFF_1580/q_reg/CLK (DFFX1_RVT)           0.00       0.14 r
  DFF_1580/q_reg/Q (DFFX1_RVT)             0.17       0.31 f
  DFF_1580/q (dff_148)                     0.00       0.31 f
  U4936/Y (AND2X1_RVT)                     0.06 *     0.36 f
  DFF_1612/d (dff_116)                     0.00       0.36 f
  DFF_1612/q_reg/D (DFFX1_RVT)             0.00 *     0.36 f
  data arrival time                                   0.36

  clock ideal_clock1 (rise edge)           0.00       0.00
  clock network delay (propagated)         0.14       0.14
  clock uncertainty                        0.05       0.19
  DFF_1612/q_reg/CLK (DFFX1_RVT)           0.00       0.19 r
  library hold time                        0.02       0.21
  data required time                                  0.21
  -----------------------------------------------------------
  data required time                                  0.21
  data arrival time                                  -0.36
  -----------------------------------------------------------
  slack (MET)                                         0.16


  Startpoint: DFF_1405/q_reg
              (rising edge-triggered flip-flop clocked by ideal_clock1)
  Endpoint: DFF_1437/q_reg
            (rising edge-triggered flip-flop clocked by ideal_clock1)
  Path Group: ideal_clock1
  Path Type: min

  Point                                    Incr       Path
  -----------------------------------------------------------
  clock ideal_clock1 (rise edge)           0.00       0.00
  clock network delay (propagated)         0.13       0.13
  DFF_1405/q_reg/CLK (DFFX1_RVT)           0.00       0.13 r
  DFF_1405/q_reg/Q (DFFX1_RVT)             0.16       0.29 f
  DFF_1405/q (dff_323)                     0.00       0.29 f
  U5126/Y (AND2X1_RVT)                     0.06 *     0.35 f
  DFF_1437/d (dff_291)                     0.00       0.35 f
  DFF_1437/q_reg/D (DFFX1_RVT)             0.00 *     0.35 f
  data arrival time                                   0.35

  clock ideal_clock1 (rise edge)           0.00       0.00
  clock network delay (propagated)         0.13       0.13
  clock uncertainty                        0.05       0.18
  DFF_1437/q_reg/CLK (DFFX1_RVT)           0.00       0.18 r
  library hold time                        0.02       0.20
  data required time                                  0.20
  -----------------------------------------------------------
  data required time                                  0.20
  data arrival time                                  -0.35
  -----------------------------------------------------------
  slack (MET)                                         0.16


  Startpoint: DFF_407/q_reg
              (rising edge-triggered flip-flop clocked by ideal_clock1)
  Endpoint: DFF_406/q_reg
            (rising edge-triggered flip-flop clocked by ideal_clock1)
  Path Group: ideal_clock1
  Path Type: min

  Point                                    Incr       Path
  -----------------------------------------------------------
  clock ideal_clock1 (rise edge)           0.00       0.00
  clock network delay (propagated)         0.13       0.13
  DFF_407/q_reg/CLK (DFFX1_RVT)            0.00       0.13 r
  DFF_407/q_reg/Q (DFFX1_RVT)              0.17       0.30 f
  DFF_407/q (dff_1321)                     0.00       0.30 f
  U4163/Y (AND2X1_RVT)                     0.06 *     0.36 f
  DFF_406/d (dff_1322)                     0.00       0.36 f
  DFF_406/q_reg/D (DFFX1_RVT)              0.00 *     0.36 f
  data arrival time                                   0.36

  clock ideal_clock1 (rise edge)           0.00       0.00
  clock network delay (propagated)         0.14       0.14
  clock uncertainty                        0.05       0.19
  DFF_406/q_reg/CLK (DFFX1_RVT)            0.00       0.19 r
  library hold time                        0.02       0.21
  data required time                                  0.21
  -----------------------------------------------------------
  data required time                                  0.21
  data arrival time                                  -0.36
  -----------------------------------------------------------
  slack (MET)                                         0.16


  Startpoint: DFF_1369/q_reg
              (rising edge-triggered flip-flop clocked by ideal_clock1)
  Endpoint: DFF_1368/q_reg
            (rising edge-triggered flip-flop clocked by ideal_clock1)
  Path Group: ideal_clock1
  Path Type: min

  Point                                    Incr       Path
  -----------------------------------------------------------
  clock ideal_clock1 (rise edge)           0.00       0.00
  clock network delay (propagated)         0.14       0.14
  DFF_1369/q_reg/CLK (DFFX1_RVT)           0.00       0.14 r
  DFF_1369/q_reg/Q (DFFX1_RVT)             0.16       0.30 f
  DFF_1369/q (dff_359)                     0.00       0.30 f
  U5400/Y (AND2X1_RVT)                     0.06 *     0.35 f
  DFF_1368/d (dff_360)                     0.00       0.35 f
  DFF_1368/q_reg/D (DFFX1_RVT)             0.00 *     0.35 f
  data arrival time                                   0.35

  clock ideal_clock1 (rise edge)           0.00       0.00
  clock network delay (propagated)         0.13       0.13
  clock uncertainty                        0.05       0.18
  DFF_1368/q_reg/CLK (DFFX1_RVT)           0.00       0.18 r
  library hold time                        0.02       0.20
  data required time                                  0.20
  -----------------------------------------------------------
  data required time                                  0.20
  data arrival time                                  -0.35
  -----------------------------------------------------------
  slack (MET)                                         0.16


  Startpoint: DFF_487/q_reg
              (rising edge-triggered flip-flop clocked by ideal_clock1)
  Endpoint: DFF_519/q_reg
            (rising edge-triggered flip-flop clocked by ideal_clock1)
  Path Group: ideal_clock1
  Path Type: min

  Point                                    Incr       Path
  -----------------------------------------------------------
  clock ideal_clock1 (rise edge)           0.00       0.00
  clock network delay (propagated)         0.14       0.14
  DFF_487/q_reg/CLK (DFFX1_RVT)            0.00       0.14 r
  DFF_487/q_reg/Q (DFFX1_RVT)              0.17       0.31 f
  DFF_487/q (dff_1241)                     0.00       0.31 f
  U5209/Y (AND2X1_RVT)                     0.06 *     0.37 f
  DFF_519/d (dff_1209)                     0.00       0.37 f
  DFF_519/q_reg/D (DFFX1_RVT)              0.00 *     0.37 f
  data arrival time                                   0.37

  clock ideal_clock1 (rise edge)           0.00       0.00
  clock network delay (propagated)         0.14       0.14
  clock uncertainty                        0.05       0.19
  DFF_519/q_reg/CLK (DFFX1_RVT)            0.00       0.19 r
  library hold time                        0.02       0.21
  data required time                                  0.21
  -----------------------------------------------------------
  data required time                                  0.21
  data arrival time                                  -0.37
  -----------------------------------------------------------
  slack (MET)                                         0.16


  Startpoint: DFF_1611/q_reg
              (rising edge-triggered flip-flop clocked by ideal_clock1)
  Endpoint: DFF_1643/q_reg
            (rising edge-triggered flip-flop clocked by ideal_clock1)
  Path Group: ideal_clock1
  Path Type: min

  Point                                    Incr       Path
  -----------------------------------------------------------
  clock ideal_clock1 (rise edge)           0.00       0.00
  clock network delay (propagated)         0.14       0.14
  DFF_1611/q_reg/CLK (DFFX1_RVT)           0.00       0.14 r
  DFF_1611/q_reg/Q (DFFX1_RVT)             0.17       0.31 f
  DFF_1611/q (dff_117)                     0.00       0.31 f
  U5516/Y (AND2X1_RVT)                     0.06 *     0.36 f
  DFF_1643/d (dff_85)                      0.00       0.36 f
  DFF_1643/q_reg/D (DFFX1_RVT)             0.00 *     0.36 f
  data arrival time                                   0.36

  clock ideal_clock1 (rise edge)           0.00       0.00
  clock network delay (propagated)         0.13       0.13
  clock uncertainty                        0.05       0.18
  DFF_1643/q_reg/CLK (DFFX1_RVT)           0.00       0.18 r
  library hold time                        0.02       0.20
  data required time                                  0.20
  -----------------------------------------------------------
  data required time                                  0.20
  data arrival time                                  -0.36
  -----------------------------------------------------------
  slack (MET)                                         0.16


  Startpoint: DFF_795/q_reg
              (rising edge-triggered flip-flop clocked by ideal_clock1)
  Endpoint: DFF_794/q_reg
            (rising edge-triggered flip-flop clocked by ideal_clock1)
  Path Group: ideal_clock1
  Path Type: min

  Point                                    Incr       Path
  -----------------------------------------------------------
  clock ideal_clock1 (rise edge)           0.00       0.00
  clock network delay (propagated)         0.13       0.13
  DFF_795/q_reg/CLK (DFFX1_RVT)            0.00       0.13 r
  DFF_795/q_reg/Q (DFFX1_RVT)              0.20       0.33 f
  DFF_795/q (dff_933)                      0.00       0.33 f
  U4183/Y (AND2X1_RVT)                     0.06 *     0.38 f
  DFF_794/d (dff_934)                      0.00       0.38 f
  DFF_794/q_reg/D (DFFX1_RVT)              0.00 *     0.38 f
  data arrival time                                   0.38

  clock ideal_clock1 (rise edge)           0.00       0.00
  clock network delay (propagated)         0.15       0.15
  clock uncertainty                        0.05       0.20
  DFF_794/q_reg/CLK (DFFX1_RVT)            0.00       0.20 r
  library hold time                        0.02       0.22
  data required time                                  0.22
  -----------------------------------------------------------
  data required time                                  0.22
  data arrival time                                  -0.38
  -----------------------------------------------------------
  slack (MET)                                         0.16


  Startpoint: DFF_226/q_reg
              (rising edge-triggered flip-flop clocked by ideal_clock1)
  Endpoint: DFF_258/q_reg
            (rising edge-triggered flip-flop clocked by ideal_clock1)
  Path Group: ideal_clock1
  Path Type: min

  Point                                    Incr       Path
  -----------------------------------------------------------
  clock ideal_clock1 (rise edge)           0.00       0.00
  clock network delay (propagated)         0.13       0.13
  DFF_226/q_reg/CLK (DFFX1_RVT)            0.00       0.13 r
  DFF_226/q_reg/Q (DFFX1_RVT)              0.21       0.34 f
  DFF_226/q (dff_1502)                     0.00       0.34 f
  U5771/Y (AND2X1_RVT)                     0.06 *     0.39 f
  DFF_258/d (dff_1470)                     0.00       0.39 f
  DFF_258/q_reg/D (DFFX1_RVT)              0.00 *     0.39 f
  data arrival time                                   0.39

  clock ideal_clock1 (rise edge)           0.00       0.00
  clock network delay (propagated)         0.16       0.16
  clock uncertainty                        0.05       0.21
  DFF_258/q_reg/CLK (DFFX1_RVT)            0.00       0.21 r
  library hold time                        0.02       0.23
  data required time                                  0.23
  -----------------------------------------------------------
  data required time                                  0.23
  data arrival time                                  -0.39
  -----------------------------------------------------------
  slack (MET)                                         0.16


  Startpoint: DFF_992/q_reg
              (rising edge-triggered flip-flop clocked by ideal_clock1)
  Endpoint: DFF_1024/q_reg
            (rising edge-triggered flip-flop clocked by ideal_clock1)
  Path Group: ideal_clock1
  Path Type: min

  Point                                    Incr       Path
  -----------------------------------------------------------
  clock ideal_clock1 (rise edge)           0.00       0.00
  clock network delay (propagated)         0.15       0.15
  DFF_992/q_reg/CLK (DFFX1_RVT)            0.00       0.15 r
  DFF_992/q_reg/Q (DFFX1_RVT)              0.18       0.33 f
  DFF_992/q (dff_736)                      0.00       0.33 f
  U5790/Y (AND2X1_RVT)                     0.06 *     0.39 f
  DFF_1024/d (dff_704)                     0.00       0.39 f
  DFF_1024/q_reg/D (DFFX1_RVT)             0.00 *     0.39 f
  data arrival time                                   0.39

  clock ideal_clock1 (rise edge)           0.00       0.00
  clock network delay (propagated)         0.16       0.16
  clock uncertainty                        0.05       0.21
  DFF_1024/q_reg/CLK (DFFX1_RVT)           0.00       0.21 r
  library hold time                        0.02       0.23
  data required time                                  0.23
  -----------------------------------------------------------
  data required time                                  0.23
  data arrival time                                  -0.39
  -----------------------------------------------------------
  slack (MET)                                         0.16


  Startpoint: DFF_847/q_reg
              (rising edge-triggered flip-flop clocked by ideal_clock1)
  Endpoint: DFF_879/q_reg
            (rising edge-triggered flip-flop clocked by ideal_clock1)
  Path Group: ideal_clock1
  Path Type: min

  Point                                    Incr       Path
  -----------------------------------------------------------
  clock ideal_clock1 (rise edge)           0.00       0.00
  clock network delay (propagated)         0.15       0.15
  DFF_847/q_reg/CLK (DFFX1_RVT)            0.00       0.15 r
  DFF_847/q_reg/Q (DFFX1_RVT)              0.18       0.32 f
  DFF_847/q (dff_881)                      0.00       0.32 f
  U4898/Y (AND2X1_RVT)                     0.06 *     0.38 f
  DFF_879/d (dff_849)                      0.00       0.38 f
  DFF_879/q_reg/D (DFFX1_RVT)              0.00 *     0.38 f
  data arrival time                                   0.38

  clock ideal_clock1 (rise edge)           0.00       0.00
  clock network delay (propagated)         0.14       0.14
  clock uncertainty                        0.05       0.19
  DFF_879/q_reg/CLK (DFFX1_RVT)            0.00       0.19 r
  library hold time                        0.02       0.21
  data required time                                  0.21
  -----------------------------------------------------------
  data required time                                  0.21
  data arrival time                                  -0.38
  -----------------------------------------------------------
  slack (MET)                                         0.17


1
