 
****************************************
Report : timing
        -path full
        -delay min
        -max_paths 50
Design : s35932
Version: L-2016.03-SP5-1
Date   : Sun Mar 10 14:16:14 2019
****************************************

 * Some/all delay information is back-annotated.

Operating Conditions: ss0p95v25c   Library: saed32rvt_ss0p95v25c
	Parasitic source    : LPE
	Parasitic mode      : RealRC
	Extraction mode     : MIN_MAX
	Extraction derating : 125/125/125

Information: Percent of Arnoldi-based delays = 28.20%

Information: Percent of CCS-based delays = 27.09%

  Startpoint: DFF_1020/q_reg
              (rising edge-triggered flip-flop clocked by ideal_clock1)
  Endpoint: DFF_1052/q_reg
            (rising edge-triggered flip-flop clocked by ideal_clock1)
  Path Group: ideal_clock1
  Path Type: min

  Point                                    Incr       Path
  -----------------------------------------------------------
  clock ideal_clock1 (rise edge)           0.00       0.00
  clock network delay (propagated)         0.14       0.14
  DFF_1020/q_reg/CLK (DFFX1_RVT)           0.00       0.14 r
  DFF_1020/q_reg/Q (DFFX1_RVT)             0.17       0.31 f
  DFF_1020/q (dff_708)                     0.00       0.31 f
  U4385/Y (AND2X1_RVT)                     0.06 &     0.37 f
  DFF_1052/d (dff_676)                     0.00       0.37 f
  DFF_1052/q_reg/D (DFFX1_RVT)             0.00 &     0.37 f
  data arrival time                                   0.37

  clock ideal_clock1 (rise edge)           0.00       0.00
  clock network delay (propagated)         0.16       0.16
  clock uncertainty                        0.05       0.21
  DFF_1052/q_reg/CLK (DFFX1_RVT)           0.00       0.21 r
  library hold time                        0.03       0.24
  data required time                                  0.24
  -----------------------------------------------------------
  data required time                                  0.24
  data arrival time                                  -0.37
  -----------------------------------------------------------
  slack (MET)                                         0.13


  Startpoint: DFF_438/q_reg
              (rising edge-triggered flip-flop clocked by ideal_clock1)
  Endpoint: DFF_470/q_reg
            (rising edge-triggered flip-flop clocked by ideal_clock1)
  Path Group: ideal_clock1
  Path Type: min

  Point                                    Incr       Path
  -----------------------------------------------------------
  clock ideal_clock1 (rise edge)           0.00       0.00
  clock network delay (propagated)         0.14       0.14
  DFF_438/q_reg/CLK (DFFX1_RVT)            0.00       0.14 r
  DFF_438/q_reg/Q (DFFX1_RVT)              0.17       0.31 f
  DFF_438/q (dff_1290)                     0.00       0.31 f
  U5310/Y (AND2X1_RVT)                     0.06 &     0.37 f
  DFF_470/d (dff_1258)                     0.00       0.37 f
  DFF_470/q_reg/D (DFFX1_RVT)              0.00 &     0.37 f
  data arrival time                                   0.37

  clock ideal_clock1 (rise edge)           0.00       0.00
  clock network delay (propagated)         0.16       0.16
  clock uncertainty                        0.05       0.21
  DFF_470/q_reg/CLK (DFFX1_RVT)            0.00       0.21 r
  library hold time                        0.02       0.24
  data required time                                  0.24
  -----------------------------------------------------------
  data required time                                  0.24
  data arrival time                                  -0.37
  -----------------------------------------------------------
  slack (MET)                                         0.14


  Startpoint: DFF_845/q_reg
              (rising edge-triggered flip-flop clocked by ideal_clock1)
  Endpoint: DFF_877/q_reg
            (rising edge-triggered flip-flop clocked by ideal_clock1)
  Path Group: ideal_clock1
  Path Type: min

  Point                                    Incr       Path
  -----------------------------------------------------------
  clock ideal_clock1 (rise edge)           0.00       0.00
  clock network delay (propagated)         0.14       0.14
  DFF_845/q_reg/CLK (DFFX1_RVT)            0.00       0.14 r
  DFF_845/q_reg/Q (DFFX1_RVT)              0.17       0.31 f
  DFF_845/q (dff_883)                      0.00       0.31 f
  U5788/Y (AND2X1_RVT)                     0.06 &     0.37 f
  DFF_877/d (dff_851)                      0.00       0.37 f
  DFF_877/q_reg/D (DFFX1_RVT)              0.00 &     0.37 f
  data arrival time                                   0.37

  clock ideal_clock1 (rise edge)           0.00       0.00
  clock network delay (propagated)         0.16       0.16
  clock uncertainty                        0.05       0.21
  DFF_877/q_reg/CLK (DFFX1_RVT)            0.00       0.21 r
  library hold time                        0.02       0.23
  data required time                                  0.23
  -----------------------------------------------------------
  data required time                                  0.23
  data arrival time                                  -0.37
  -----------------------------------------------------------
  slack (MET)                                         0.14


  Startpoint: DFF_846/q_reg
              (rising edge-triggered flip-flop clocked by ideal_clock1)
  Endpoint: DFF_878/q_reg
            (rising edge-triggered flip-flop clocked by ideal_clock1)
  Path Group: ideal_clock1
  Path Type: min

  Point                                    Incr       Path
  -----------------------------------------------------------
  clock ideal_clock1 (rise edge)           0.00       0.00
  clock network delay (propagated)         0.14       0.14
  DFF_846/q_reg/CLK (DFFX1_RVT)            0.00       0.14 r
  DFF_846/q_reg/Q (DFFX1_RVT)              0.17       0.31 f
  DFF_846/q (dff_882)                      0.00       0.31 f
  U5789/Y (AND2X1_RVT)                     0.06 &     0.37 f
  DFF_878/d (dff_850)                      0.00       0.37 f
  DFF_878/q_reg/D (DFFX1_RVT)              0.00 &     0.37 f
  data arrival time                                   0.37

  clock ideal_clock1 (rise edge)           0.00       0.00
  clock network delay (propagated)         0.16       0.16
  clock uncertainty                        0.05       0.21
  DFF_878/q_reg/CLK (DFFX1_RVT)            0.00       0.21 r
  library hold time                        0.02       0.23
  data required time                                  0.23
  -----------------------------------------------------------
  data required time                                  0.23
  data arrival time                                  -0.37
  -----------------------------------------------------------
  slack (MET)                                         0.14


  Startpoint: DFF_810/q_reg
              (rising edge-triggered flip-flop clocked by ideal_clock1)
  Endpoint: DFF_842/q_reg
            (rising edge-triggered flip-flop clocked by ideal_clock1)
  Path Group: ideal_clock1
  Path Type: min

  Point                                    Incr       Path
  -----------------------------------------------------------
  clock ideal_clock1 (rise edge)           0.00       0.00
  clock network delay (propagated)         0.15       0.15
  DFF_810/q_reg/CLK (DFFX1_RVT)            0.00       0.15 r
  DFF_810/q_reg/Q (DFFX1_RVT)              0.17       0.32 f
  DFF_810/q (dff_918)                      0.00       0.32 f
  U4378/Y (AND2X1_RVT)                     0.06 &     0.38 f
  DFF_842/d (dff_886)                      0.00       0.38 f
  DFF_842/q_reg/D (DFFX1_RVT)              0.00 &     0.38 f
  data arrival time                                   0.38

  clock ideal_clock1 (rise edge)           0.00       0.00
  clock network delay (propagated)         0.16       0.16
  clock uncertainty                        0.05       0.21
  DFF_842/q_reg/CLK (DFFX1_RVT)            0.00       0.21 r
  library hold time                        0.02       0.23
  data required time                                  0.23
  -----------------------------------------------------------
  data required time                                  0.23
  data arrival time                                  -0.38
  -----------------------------------------------------------
  slack (MET)                                         0.15


  Startpoint: DFF_1018/q_reg
              (rising edge-triggered flip-flop clocked by ideal_clock1)
  Endpoint: DFF_1050/q_reg
            (rising edge-triggered flip-flop clocked by ideal_clock1)
  Path Group: ideal_clock1
  Path Type: min

  Point                                    Incr       Path
  -----------------------------------------------------------
  clock ideal_clock1 (rise edge)           0.00       0.00
  clock network delay (propagated)         0.15       0.15
  DFF_1018/q_reg/CLK (DFFX1_RVT)           0.00       0.15 r
  DFF_1018/q_reg/Q (DFFX1_RVT)             0.18       0.32 f
  DFF_1018/q (dff_710)                     0.00       0.32 f
  U4383/Y (AND2X1_RVT)                     0.06 &     0.38 f
  DFF_1050/d (dff_678)                     0.00       0.38 f
  DFF_1050/q_reg/D (DFFX1_RVT)             0.00 &     0.38 f
  data arrival time                                   0.38

  clock ideal_clock1 (rise edge)           0.00       0.00
  clock network delay (propagated)         0.16       0.16
  clock uncertainty                        0.05       0.21
  DFF_1050/q_reg/CLK (DFFX1_RVT)           0.00       0.21 r
  library hold time                        0.02       0.23
  data required time                                  0.23
  -----------------------------------------------------------
  data required time                                  0.23
  data arrival time                                  -0.38
  -----------------------------------------------------------
  slack (MET)                                         0.15


  Startpoint: DFF_629/q_reg
              (rising edge-triggered flip-flop clocked by ideal_clock1)
  Endpoint: DFF_661/q_reg
            (rising edge-triggered flip-flop clocked by ideal_clock1)
  Path Group: ideal_clock1
  Path Type: min

  Point                                    Incr       Path
  -----------------------------------------------------------
  clock ideal_clock1 (rise edge)           0.00       0.00
  clock network delay (propagated)         0.14       0.14
  DFF_629/q_reg/CLK (DFFX1_RVT)            0.00       0.14 r
  DFF_629/q_reg/Q (DFFX1_RVT)              0.17       0.32 f
  DFF_629/q (dff_1099)                     0.00       0.32 f
  U4643/Y (AND2X1_RVT)                     0.06 &     0.38 f
  DFF_661/d (dff_1067)                     0.00       0.38 f
  DFF_661/q_reg/D (DFFX1_RVT)              0.00 &     0.38 f
  data arrival time                                   0.38

  clock ideal_clock1 (rise edge)           0.00       0.00
  clock network delay (propagated)         0.15       0.15
  clock uncertainty                        0.05       0.20
  DFF_661/q_reg/CLK (DFFX1_RVT)            0.00       0.20 r
  library hold time                        0.02       0.23
  data required time                                  0.23
  -----------------------------------------------------------
  data required time                                  0.23
  data arrival time                                  -0.38
  -----------------------------------------------------------
  slack (MET)                                         0.15


  Startpoint: DFF_1430/q_reg
              (rising edge-triggered flip-flop clocked by ideal_clock1)
  Endpoint: DFF_1462/q_reg
            (rising edge-triggered flip-flop clocked by ideal_clock1)
  Path Group: ideal_clock1
  Path Type: min

  Point                                    Incr       Path
  -----------------------------------------------------------
  clock ideal_clock1 (rise edge)           0.00       0.00
  clock network delay (propagated)         0.14       0.14
  DFF_1430/q_reg/CLK (DFFX1_RVT)           0.00       0.14 r
  DFF_1430/q_reg/Q (DFFX1_RVT)             0.17       0.32 f
  DFF_1430/q (dff_298)                     0.00       0.32 f
  U5139/Y (AND2X1_RVT)                     0.06 &     0.37 f
  DFF_1462/d (dff_266)                     0.00       0.37 f
  DFF_1462/q_reg/D (DFFX1_RVT)             0.00 &     0.37 f
  data arrival time                                   0.37

  clock ideal_clock1 (rise edge)           0.00       0.00
  clock network delay (propagated)         0.14       0.14
  clock uncertainty                        0.05       0.19
  DFF_1462/q_reg/CLK (DFFX1_RVT)           0.00       0.19 r
  library hold time                        0.02       0.22
  data required time                                  0.22
  -----------------------------------------------------------
  data required time                                  0.22
  data arrival time                                  -0.37
  -----------------------------------------------------------
  slack (MET)                                         0.16


  Startpoint: DFF_1648/q_reg
              (rising edge-triggered flip-flop clocked by ideal_clock1)
  Endpoint: DFF_1680/q_reg
            (rising edge-triggered flip-flop clocked by ideal_clock1)
  Path Group: ideal_clock1
  Path Type: min

  Point                                    Incr       Path
  -----------------------------------------------------------
  clock ideal_clock1 (rise edge)           0.00       0.00
  clock network delay (propagated)         0.15       0.15
  DFF_1648/q_reg/CLK (DFFX1_RVT)           0.00       0.15 r
  DFF_1648/q_reg/Q (DFFX1_RVT)             0.17       0.32 f
  DFF_1648/q (dff_80)                      0.00       0.32 f
  U5529/Y (AND2X1_RVT)                     0.06 &     0.38 f
  DFF_1680/d (dff_48)                      0.00       0.38 f
  DFF_1680/q_reg/D (DFFX1_RVT)             0.00 &     0.38 f
  data arrival time                                   0.38

  clock ideal_clock1 (rise edge)           0.00       0.00
  clock network delay (propagated)         0.15       0.15
  clock uncertainty                        0.05       0.20
  DFF_1680/q_reg/CLK (DFFX1_RVT)           0.00       0.20 r
  library hold time                        0.02       0.22
  data required time                                  0.22
  -----------------------------------------------------------
  data required time                                  0.22
  data arrival time                                  -0.38
  -----------------------------------------------------------
  slack (MET)                                         0.16


  Startpoint: DFF_23/q_reg
              (rising edge-triggered flip-flop clocked by ideal_clock1)
  Endpoint: DFF_22/q_reg
            (rising edge-triggered flip-flop clocked by ideal_clock1)
  Path Group: ideal_clock1
  Path Type: min

  Point                                    Incr       Path
  -----------------------------------------------------------
  clock ideal_clock1 (rise edge)           0.00       0.00
  clock network delay (propagated)         0.14       0.14
  DFF_23/q_reg/CLK (DFFX1_RVT)             0.00       0.14 r
  DFF_23/q_reg/Q (DFFX1_RVT)               0.17       0.31 f
  DFF_23/q (dff_1705)                      0.00       0.31 f
  U5468/Y (AND2X1_RVT)                     0.06 &     0.37 f
  DFF_22/d (dff_1706)                      0.00       0.37 f
  DFF_22/q_reg/D (DFFX1_RVT)               0.00 &     0.37 f
  data arrival time                                   0.37

  clock ideal_clock1 (rise edge)           0.00       0.00
  clock network delay (propagated)         0.14       0.14
  clock uncertainty                        0.05       0.19
  DFF_22/q_reg/CLK (DFFX1_RVT)             0.00       0.19 r
  library hold time                        0.02       0.21
  data required time                                  0.21
  -----------------------------------------------------------
  data required time                                  0.21
  data arrival time                                  -0.37
  -----------------------------------------------------------
  slack (MET)                                         0.16


  Startpoint: DFF_692/q_reg
              (rising edge-triggered flip-flop clocked by ideal_clock1)
  Endpoint: DFF_724/q_reg
            (rising edge-triggered flip-flop clocked by ideal_clock1)
  Path Group: ideal_clock1
  Path Type: min

  Point                                    Incr       Path
  -----------------------------------------------------------
  clock ideal_clock1 (rise edge)           0.00       0.00
  clock network delay (propagated)         0.16       0.16
  DFF_692/q_reg/CLK (DFFX1_RVT)            0.00       0.16 r
  DFF_692/q_reg/Q (DFFX1_RVT)              0.18       0.33 f
  DFF_692/q (dff_1036)                     0.00       0.33 f
  U5228/Y (AND2X1_RVT)                     0.06 &     0.39 f
  DFF_724/d (dff_1004)                     0.00       0.39 f
  DFF_724/q_reg/D (DFFX1_RVT)              0.00 &     0.39 f
  data arrival time                                   0.39

  clock ideal_clock1 (rise edge)           0.00       0.00
  clock network delay (propagated)         0.15       0.15
  clock uncertainty                        0.05       0.20
  DFF_724/q_reg/CLK (DFFX1_RVT)            0.00       0.20 r
  library hold time                        0.02       0.23
  data required time                                  0.23
  -----------------------------------------------------------
  data required time                                  0.23
  data arrival time                                  -0.39
  -----------------------------------------------------------
  slack (MET)                                         0.16


  Startpoint: DFF_885/q_reg
              (rising edge-triggered flip-flop clocked by ideal_clock1)
  Endpoint: DFF_917/q_reg
            (rising edge-triggered flip-flop clocked by ideal_clock1)
  Path Group: ideal_clock1
  Path Type: min

  Point                                    Incr       Path
  -----------------------------------------------------------
  clock ideal_clock1 (rise edge)           0.00       0.00
  clock network delay (propagated)         0.16       0.16
  DFF_885/q_reg/CLK (DFFX1_RVT)            0.00       0.16 r
  DFF_885/q_reg/Q (DFFX1_RVT)              0.18       0.34 f
  DFF_885/q (dff_843)                      0.00       0.34 f
  U5241/Y (AND2X1_RVT)                     0.06 &     0.39 f
  DFF_917/d (dff_811)                      0.00       0.39 f
  DFF_917/q_reg/D (DFFX1_RVT)              0.00 &     0.39 f
  data arrival time                                   0.39

  clock ideal_clock1 (rise edge)           0.00       0.00
  clock network delay (propagated)         0.15       0.15
  clock uncertainty                        0.05       0.20
  DFF_917/q_reg/CLK (DFFX1_RVT)            0.00       0.20 r
  library hold time                        0.02       0.23
  data required time                                  0.23
  -----------------------------------------------------------
  data required time                                  0.23
  data arrival time                                  -0.39
  -----------------------------------------------------------
  slack (MET)                                         0.17


  Startpoint: DFF_217/q_reg
              (rising edge-triggered flip-flop clocked by ideal_clock1)
  Endpoint: DFF_216/q_reg
            (rising edge-triggered flip-flop clocked by ideal_clock1)
  Path Group: ideal_clock1
  Path Type: min

  Point                                    Incr       Path
  -----------------------------------------------------------
  clock ideal_clock1 (rise edge)           0.00       0.00
  clock network delay (propagated)         0.16       0.16
  DFF_217/q_reg/CLK (DFFX1_RVT)            0.00       0.16 r
  DFF_217/q_reg/Q (DFFX1_RVT)              0.17       0.33 f
  DFF_217/q (dff_1511)                     0.00       0.33 f
  U4726/Y (AND2X1_RVT)                     0.06 &     0.39 f
  DFF_216/d (dff_1512)                     0.00       0.39 f
  DFF_216/q_reg/D (DFFX1_RVT)              0.00 &     0.39 f
  data arrival time                                   0.39

  clock ideal_clock1 (rise edge)           0.00       0.00
  clock network delay (propagated)         0.15       0.15
  clock uncertainty                        0.05       0.20
  DFF_216/q_reg/CLK (DFFX1_RVT)            0.00       0.20 r
  library hold time                        0.02       0.22
  data required time                                  0.22
  -----------------------------------------------------------
  data required time                                  0.22
  data arrival time                                  -0.39
  -----------------------------------------------------------
  slack (MET)                                         0.17


  Startpoint: DFF_50/q_reg
              (rising edge-triggered flip-flop clocked by ideal_clock1)
  Endpoint: DFF_82/q_reg
            (rising edge-triggered flip-flop clocked by ideal_clock1)
  Path Group: ideal_clock1
  Path Type: min

  Point                                    Incr       Path
  -----------------------------------------------------------
  clock ideal_clock1 (rise edge)           0.00       0.00
  clock network delay (propagated)         0.14       0.14
  DFF_50/q_reg/CLK (DFFX1_RVT)             0.00       0.14 r
  DFF_50/q_reg/Q (DFFX1_RVT)               0.17       0.32 f
  DFF_50/q (dff_1678)                      0.00       0.32 f
  U5688/Y (AND2X1_RVT)                     0.06 &     0.37 f
  DFF_82/d (dff_1646)                      0.00       0.37 f
  DFF_82/q_reg/D (DFFX1_RVT)               0.00 &     0.37 f
  data arrival time                                   0.37

  clock ideal_clock1 (rise edge)           0.00       0.00
  clock network delay (propagated)         0.14       0.14
  clock uncertainty                        0.05       0.19
  DFF_82/q_reg/CLK (DFFX1_RVT)             0.00       0.19 r
  library hold time                        0.02       0.21
  data required time                                  0.21
  -----------------------------------------------------------
  data required time                                  0.21
  data arrival time                                  -0.37
  -----------------------------------------------------------
  slack (MET)                                         0.17


  Startpoint: DFF_1541/q_reg
              (rising edge-triggered flip-flop clocked by ideal_clock1)
  Endpoint: DFF_1540/q_reg
            (rising edge-triggered flip-flop clocked by ideal_clock1)
  Path Group: ideal_clock1
  Path Type: min

  Point                                    Incr       Path
  -----------------------------------------------------------
  clock ideal_clock1 (rise edge)           0.00       0.00
  clock network delay (propagated)         0.15       0.15
  DFF_1541/q_reg/CLK (DFFX1_RVT)           0.00       0.15 r
  DFF_1541/q_reg/Q (DFFX1_RVT)             0.17       0.32 f
  DFF_1541/q (dff_187)                     0.00       0.32 f
  U6786/Y (AND2X1_RVT)                     0.06 &     0.38 f
  DFF_1540/d (dff_188)                     0.00       0.38 f
  DFF_1540/q_reg/D (DFFX1_RVT)             0.00 &     0.38 f
  data arrival time                                   0.38

  clock ideal_clock1 (rise edge)           0.00       0.00
  clock network delay (propagated)         0.15       0.15
  clock uncertainty                        0.05       0.20
  DFF_1540/q_reg/CLK (DFFX1_RVT)           0.00       0.20 r
  library hold time                        0.02       0.21
  data required time                                  0.21
  -----------------------------------------------------------
  data required time                                  0.21
  data arrival time                                  -0.38
  -----------------------------------------------------------
  slack (MET)                                         0.17


  Startpoint: DFF_299/q_reg
              (rising edge-triggered flip-flop clocked by ideal_clock1)
  Endpoint: DFF_331/q_reg
            (rising edge-triggered flip-flop clocked by ideal_clock1)
  Path Group: ideal_clock1
  Path Type: min

  Point                                    Incr       Path
  -----------------------------------------------------------
  clock ideal_clock1 (rise edge)           0.00       0.00
  clock network delay (propagated)         0.16       0.16
  DFF_299/q_reg/CLK (DFFX1_RVT)            0.00       0.16 r
  DFF_299/q_reg/Q (DFFX1_RVT)              0.18       0.34 f
  DFF_299/q (dff_1429)                     0.00       0.34 f
  U5706/Y (AND2X1_RVT)                     0.06 &     0.40 f
  DFF_331/d (dff_1397)                     0.00       0.40 f
  DFF_331/q_reg/D (DFFX1_RVT)              0.00 &     0.40 f
  data arrival time                                   0.40

  clock ideal_clock1 (rise edge)           0.00       0.00
  clock network delay (propagated)         0.16       0.16
  clock uncertainty                        0.05       0.21
  DFF_331/q_reg/CLK (DFFX1_RVT)            0.00       0.21 r
  library hold time                        0.02       0.23
  data required time                                  0.23
  -----------------------------------------------------------
  data required time                                  0.23
  data arrival time                                  -0.40
  -----------------------------------------------------------
  slack (MET)                                         0.17


  Startpoint: DFF_1049/q_reg
              (rising edge-triggered flip-flop clocked by ideal_clock1)
  Endpoint: DFF_1081/q_reg
            (rising edge-triggered flip-flop clocked by ideal_clock1)
  Path Group: ideal_clock1
  Path Type: min

  Point                                    Incr       Path
  -----------------------------------------------------------
  clock ideal_clock1 (rise edge)           0.00       0.00
  clock network delay (propagated)         0.13       0.13
  DFF_1049/q_reg/CLK (DFFX1_RVT)           0.00       0.13 r
  DFF_1049/q_reg/Q (DFFX1_RVT)             0.21       0.35 f
  DFF_1049/q (dff_679)                     0.00       0.35 f
  U4915/Y (AND2X1_RVT)                     0.06 &     0.41 f
  DFF_1081/d (dff_647)                     0.00       0.41 f
  DFF_1081/q_reg/D (DFFX1_RVT)             0.00 &     0.41 f
  data arrival time                                   0.41

  clock ideal_clock1 (rise edge)           0.00       0.00
  clock network delay (propagated)         0.16       0.16
  clock uncertainty                        0.05       0.21
  DFF_1081/q_reg/CLK (DFFX1_RVT)           0.00       0.21 r
  library hold time                        0.02       0.23
  data required time                                  0.23
  -----------------------------------------------------------
  data required time                                  0.23
  data arrival time                                  -0.41
  -----------------------------------------------------------
  slack (MET)                                         0.17


  Startpoint: DFF_579/q_reg
              (rising edge-triggered flip-flop clocked by ideal_clock1)
  Endpoint: DFF_578/q_reg
            (rising edge-triggered flip-flop clocked by ideal_clock1)
  Path Group: ideal_clock1
  Path Type: min

  Point                                    Incr       Path
  -----------------------------------------------------------
  clock ideal_clock1 (rise edge)           0.00       0.00
  clock network delay (propagated)         0.13       0.13
  DFF_579/q_reg/CLK (DFFX1_RVT)            0.00       0.13 r
  DFF_579/q_reg/Q (DFFX1_RVT)              0.20       0.34 f
  DFF_579/q (dff_1149)                     0.00       0.34 f
  U5488/Y (AND2X1_RVT)                     0.06 &     0.40 f
  DFF_578/d (dff_1150)                     0.00       0.40 f
  DFF_578/q_reg/D (DFFX1_RVT)              0.00 &     0.40 f
  data arrival time                                   0.40

  clock ideal_clock1 (rise edge)           0.00       0.00
  clock network delay (propagated)         0.15       0.15
  clock uncertainty                        0.05       0.20
  DFF_578/q_reg/CLK (DFFX1_RVT)            0.00       0.20 r
  library hold time                        0.02       0.22
  data required time                                  0.22
  -----------------------------------------------------------
  data required time                                  0.22
  data arrival time                                  -0.40
  -----------------------------------------------------------
  slack (MET)                                         0.18


  Startpoint: DFF_70/q_reg
              (rising edge-triggered flip-flop clocked by ideal_clock1)
  Endpoint: DFF_102/q_reg
            (rising edge-triggered flip-flop clocked by ideal_clock1)
  Path Group: ideal_clock1
  Path Type: min

  Point                                    Incr       Path
  -----------------------------------------------------------
  clock ideal_clock1 (rise edge)           0.00       0.00
  clock network delay (propagated)         0.13       0.13
  DFF_70/q_reg/CLK (DFFX1_RVT)             0.00       0.13 r
  DFF_70/q_reg/Q (DFFX1_RVT)               0.21       0.34 f
  DFF_70/q (dff_1658)                      0.00       0.34 f
  U5565/Y (AND2X1_RVT)                     0.06 &     0.40 f
  DFF_102/d (dff_1626)                     0.00       0.40 f
  DFF_102/q_reg/D (DFFX1_RVT)              0.00 &     0.40 f
  data arrival time                                   0.40

  clock ideal_clock1 (rise edge)           0.00       0.00
  clock network delay (propagated)         0.15       0.15
  clock uncertainty                        0.05       0.20
  DFF_102/q_reg/CLK (DFFX1_RVT)            0.00       0.20 r
  library hold time                        0.02       0.22
  data required time                                  0.22
  -----------------------------------------------------------
  data required time                                  0.22
  data arrival time                                  -0.40
  -----------------------------------------------------------
  slack (MET)                                         0.18


  Startpoint: DFF_245/q_reg
              (rising edge-triggered flip-flop clocked by ideal_clock1)
  Endpoint: DFF_277/q_reg
            (rising edge-triggered flip-flop clocked by ideal_clock1)
  Path Group: ideal_clock1
  Path Type: min

  Point                                    Incr       Path
  -----------------------------------------------------------
  clock ideal_clock1 (rise edge)           0.00       0.00
  clock network delay (propagated)         0.13       0.13
  DFF_245/q_reg/CLK (DFFX1_RVT)            0.00       0.13 r
  DFF_245/q_reg/Q (DFFX1_RVT)              0.21       0.35 f
  DFF_245/q (dff_1483)                     0.00       0.35 f
  U4741/Y (AND2X1_RVT)                     0.06 &     0.40 f
  DFF_277/d (dff_1451)                     0.00       0.40 f
  DFF_277/q_reg/D (DFFX1_RVT)              0.00 &     0.40 f
  data arrival time                                   0.40

  clock ideal_clock1 (rise edge)           0.00       0.00
  clock network delay (propagated)         0.15       0.15
  clock uncertainty                        0.05       0.20
  DFF_277/q_reg/CLK (DFFX1_RVT)            0.00       0.20 r
  library hold time                        0.02       0.22
  data required time                                  0.22
  -----------------------------------------------------------
  data required time                                  0.22
  data arrival time                                  -0.40
  -----------------------------------------------------------
  slack (MET)                                         0.18


  Startpoint: DFF_1463/q_reg
              (rising edge-triggered flip-flop clocked by ideal_clock1)
  Endpoint: DFF_1495/q_reg
            (rising edge-triggered flip-flop clocked by ideal_clock1)
  Path Group: ideal_clock1
  Path Type: min

  Point                                    Incr       Path
  -----------------------------------------------------------
  clock ideal_clock1 (rise edge)           0.00       0.00
  clock network delay (propagated)         0.16       0.16
  DFF_1463/q_reg/CLK (DFFX1_RVT)           0.00       0.16 r
  DFF_1463/q_reg/Q (DFFX1_RVT)             0.18       0.34 f
  DFF_1463/q (dff_265)                     0.00       0.34 f
  U6184/Y (AND2X1_RVT)                     0.06 &     0.40 f
  DFF_1495/d (dff_233)                     0.00       0.40 f
  DFF_1495/q_reg/D (DFFX1_RVT)             0.00 &     0.40 f
  data arrival time                                   0.40

  clock ideal_clock1 (rise edge)           0.00       0.00
  clock network delay (propagated)         0.15       0.15
  clock uncertainty                        0.05       0.20
  DFF_1495/q_reg/CLK (DFFX1_RVT)           0.00       0.20 r
  library hold time                        0.02       0.22
  data required time                                  0.22
  -----------------------------------------------------------
  data required time                                  0.22
  data arrival time                                  -0.40
  -----------------------------------------------------------
  slack (MET)                                         0.18


  Startpoint: DFF_310/q_reg
              (rising edge-triggered flip-flop clocked by ideal_clock1)
  Endpoint: DFF_342/q_reg
            (rising edge-triggered flip-flop clocked by ideal_clock1)
  Path Group: ideal_clock1
  Path Type: min

  Point                                    Incr       Path
  -----------------------------------------------------------
  clock ideal_clock1 (rise edge)           0.00       0.00
  clock network delay (propagated)         0.13       0.13
  DFF_310/q_reg/CLK (DFFX1_RVT)            0.00       0.13 r
  DFF_310/q_reg/Q (DFFX1_RVT)              0.21       0.34 f
  DFF_310/q (dff_1418)                     0.00       0.34 f
  U5678/Y (AND2X1_RVT)                     0.06 &     0.40 f
  DFF_342/d (dff_1386)                     0.00       0.40 f
  DFF_342/q_reg/D (DFFX1_RVT)              0.00 &     0.40 f
  data arrival time                                   0.40

  clock ideal_clock1 (rise edge)           0.00       0.00
  clock network delay (propagated)         0.15       0.15
  clock uncertainty                        0.05       0.20
  DFF_342/q_reg/CLK (DFFX1_RVT)            0.00       0.20 r
  library hold time                        0.02       0.22
  data required time                                  0.22
  -----------------------------------------------------------
  data required time                                  0.22
  data arrival time                                  -0.40
  -----------------------------------------------------------
  slack (MET)                                         0.18


  Startpoint: DFF_1002/q_reg
              (rising edge-triggered flip-flop clocked by ideal_clock1)
  Endpoint: DFF_1034/q_reg
            (rising edge-triggered flip-flop clocked by ideal_clock1)
  Path Group: ideal_clock1
  Path Type: min

  Point                                    Incr       Path
  -----------------------------------------------------------
  clock ideal_clock1 (rise edge)           0.00       0.00
  clock network delay (propagated)         0.13       0.13
  DFF_1002/q_reg/CLK (DFFX1_RVT)           0.00       0.13 r
  DFF_1002/q_reg/Q (DFFX1_RVT)             0.22       0.35 f
  DFF_1002/q (dff_726)                     0.00       0.35 f
  U5797/Y (AND2X1_RVT)                     0.06 &     0.41 f
  DFF_1034/d (dff_694)                     0.00       0.41 f
  DFF_1034/q_reg/D (DFFX1_RVT)             0.00 &     0.41 f
  data arrival time                                   0.41

  clock ideal_clock1 (rise edge)           0.00       0.00
  clock network delay (propagated)         0.16       0.16
  clock uncertainty                        0.05       0.21
  DFF_1034/q_reg/CLK (DFFX1_RVT)           0.00       0.21 r
  library hold time                        0.02       0.23
  data required time                                  0.23
  -----------------------------------------------------------
  data required time                                  0.23
  data arrival time                                  -0.41
  -----------------------------------------------------------
  slack (MET)                                         0.18


  Startpoint: DFF_1577/q_reg
              (rising edge-triggered flip-flop clocked by ideal_clock1)
  Endpoint: DFF_1609/q_reg
            (rising edge-triggered flip-flop clocked by ideal_clock1)
  Path Group: ideal_clock1
  Path Type: min

  Point                                    Incr       Path
  -----------------------------------------------------------
  clock ideal_clock1 (rise edge)           0.00       0.00
  clock network delay (propagated)         0.14       0.14
  DFF_1577/q_reg/CLK (DFFX1_RVT)           0.00       0.14 r
  DFF_1577/q_reg/Q (DFFX1_RVT)             0.22       0.35 f
  DFF_1577/q (dff_151)                     0.00       0.35 f
  U4933/Y (AND2X1_RVT)                     0.06 &     0.41 f
  DFF_1609/d (dff_119)                     0.00       0.41 f
  DFF_1609/q_reg/D (DFFX1_RVT)             0.00 &     0.41 f
  data arrival time                                   0.41

  clock ideal_clock1 (rise edge)           0.00       0.00
  clock network delay (propagated)         0.15       0.15
  clock uncertainty                        0.05       0.20
  DFF_1609/q_reg/CLK (DFFX1_RVT)           0.00       0.20 r
  library hold time                        0.02       0.23
  data required time                                  0.23
  -----------------------------------------------------------
  data required time                                  0.23
  data arrival time                                  -0.41
  -----------------------------------------------------------
  slack (MET)                                         0.18


  Startpoint: DFF_1162/q_reg
              (rising edge-triggered flip-flop clocked by ideal_clock1)
  Endpoint: DFF_1161/q_reg
            (rising edge-triggered flip-flop clocked by ideal_clock1)
  Path Group: ideal_clock1
  Path Type: min

  Point                                    Incr       Path
  -----------------------------------------------------------
  clock ideal_clock1 (rise edge)           0.00       0.00
  clock network delay (propagated)         0.15       0.15
  DFF_1162/q_reg/CLK (DFFX1_RVT)           0.00       0.15 r
  DFF_1162/q_reg/Q (DFFX1_RVT)             0.21       0.36 f
  DFF_1162/q (dff_566)                     0.00       0.36 f
  U6959/Y (AND2X1_RVT)                     0.06 &     0.42 f
  DFF_1161/d (dff_567)                     0.00       0.42 f
  DFF_1161/q_reg/D (DFFX1_RVT)             0.00 &     0.42 f
  data arrival time                                   0.42

  clock ideal_clock1 (rise edge)           0.00       0.00
  clock network delay (propagated)         0.16       0.16
  clock uncertainty                        0.05       0.21
  DFF_1161/q_reg/CLK (DFFX1_RVT)           0.00       0.21 r
  library hold time                        0.02       0.23
  data required time                                  0.23
  -----------------------------------------------------------
  data required time                                  0.23
  data arrival time                                  -0.42
  -----------------------------------------------------------
  slack (MET)                                         0.18


  Startpoint: DFF_203/q_reg
              (rising edge-triggered flip-flop clocked by ideal_clock1)
  Endpoint: DFF_202/q_reg
            (rising edge-triggered flip-flop clocked by ideal_clock1)
  Path Group: ideal_clock1
  Path Type: min

  Point                                    Incr       Path
  -----------------------------------------------------------
  clock ideal_clock1 (rise edge)           0.00       0.00
  clock network delay (propagated)         0.14       0.14
  DFF_203/q_reg/CLK (DFFX1_RVT)            0.00       0.14 r
  DFF_203/q_reg/Q (DFFX1_RVT)              0.21       0.35 f
  DFF_203/q (dff_1525)                     0.00       0.35 f
  U5454/Y (AND2X1_RVT)                     0.06 &     0.41 f
  DFF_202/d (dff_1526)                     0.00       0.41 f
  DFF_202/q_reg/D (DFFX1_RVT)              0.00 &     0.41 f
  data arrival time                                   0.41

  clock ideal_clock1 (rise edge)           0.00       0.00
  clock network delay (propagated)         0.15       0.15
  clock uncertainty                        0.05       0.20
  DFF_202/q_reg/CLK (DFFX1_RVT)            0.00       0.20 r
  library hold time                        0.02       0.22
  data required time                                  0.22
  -----------------------------------------------------------
  data required time                                  0.22
  data arrival time                                  -0.41
  -----------------------------------------------------------
  slack (MET)                                         0.18


  Startpoint: DFF_289/q_reg
              (rising edge-triggered flip-flop clocked by ideal_clock1)
  Endpoint: DFF_321/q_reg
            (rising edge-triggered flip-flop clocked by ideal_clock1)
  Path Group: ideal_clock1
  Path Type: min

  Point                                    Incr       Path
  -----------------------------------------------------------
  clock ideal_clock1 (rise edge)           0.00       0.00
  clock network delay (propagated)         0.13       0.13
  DFF_289/q_reg/CLK (DFFX1_RVT)            0.00       0.13 r
  DFF_289/q_reg/Q (DFFX1_RVT)              0.22       0.35 f
  DFF_289/q (dff_1439)                     0.00       0.35 f
  U4470/Y (AND2X1_RVT)                     0.06 &     0.41 f
  DFF_321/d (dff_1407)                     0.00       0.41 f
  DFF_321/q_reg/D (DFFX1_RVT)              0.00 &     0.41 f
  data arrival time                                   0.41

  clock ideal_clock1 (rise edge)           0.00       0.00
  clock network delay (propagated)         0.15       0.15
  clock uncertainty                        0.05       0.20
  DFF_321/q_reg/CLK (DFFX1_RVT)            0.00       0.20 r
  library hold time                        0.02       0.22
  data required time                                  0.22
  -----------------------------------------------------------
  data required time                                  0.22
  data arrival time                                  -0.41
  -----------------------------------------------------------
  slack (MET)                                         0.19


  Startpoint: DFF_196/q_reg
              (rising edge-triggered flip-flop clocked by ideal_clock1)
  Endpoint: DFF_195/q_reg
            (rising edge-triggered flip-flop clocked by ideal_clock1)
  Path Group: ideal_clock1
  Path Type: min

  Point                                    Incr       Path
  -----------------------------------------------------------
  clock ideal_clock1 (rise edge)           0.00       0.00
  clock network delay (propagated)         0.14       0.14
  DFF_196/q_reg/CLK (DFFX1_RVT)            0.00       0.14 r
  DFF_196/q_reg/Q (DFFX1_RVT)              0.21       0.35 f
  DFF_196/q (dff_1532)                     0.00       0.35 f
  U5435/Y (AND2X1_RVT)                     0.06 &     0.41 f
  DFF_195/d (dff_1533)                     0.00       0.41 f
  DFF_195/q_reg/D (DFFX1_RVT)              0.00 &     0.41 f
  data arrival time                                   0.41

  clock ideal_clock1 (rise edge)           0.00       0.00
  clock network delay (propagated)         0.15       0.15
  clock uncertainty                        0.05       0.20
  DFF_195/q_reg/CLK (DFFX1_RVT)            0.00       0.20 r
  library hold time                        0.02       0.22
  data required time                                  0.22
  -----------------------------------------------------------
  data required time                                  0.22
  data arrival time                                  -0.41
  -----------------------------------------------------------
  slack (MET)                                         0.19


  Startpoint: DFF_450/q_reg
              (rising edge-triggered flip-flop clocked by ideal_clock1)
  Endpoint: DFF_482/q_reg
            (rising edge-triggered flip-flop clocked by ideal_clock1)
  Path Group: ideal_clock1
  Path Type: min

  Point                                    Incr       Path
  -----------------------------------------------------------
  clock ideal_clock1 (rise edge)           0.00       0.00
  clock network delay (propagated)         0.14       0.14
  DFF_450/q_reg/CLK (DFFX1_RVT)            0.00       0.14 r
  DFF_450/q_reg/Q (DFFX1_RVT)              0.21       0.36 f
  DFF_450/q (dff_1278)                     0.00       0.36 f
  U4890/Y (AND2X1_RVT)                     0.06 &     0.42 f
  DFF_482/d (dff_1246)                     0.00       0.42 f
  DFF_482/q_reg/D (DFFX1_RVT)              0.00 &     0.42 f
  data arrival time                                   0.42

  clock ideal_clock1 (rise edge)           0.00       0.00
  clock network delay (propagated)         0.16       0.16
  clock uncertainty                        0.05       0.21
  DFF_482/q_reg/CLK (DFFX1_RVT)            0.00       0.21 r
  library hold time                        0.02       0.23
  data required time                                  0.23
  -----------------------------------------------------------
  data required time                                  0.23
  data arrival time                                  -0.42
  -----------------------------------------------------------
  slack (MET)                                         0.19


  Startpoint: DFF_57/q_reg
              (rising edge-triggered flip-flop clocked by ideal_clock1)
  Endpoint: DFF_89/q_reg
            (rising edge-triggered flip-flop clocked by ideal_clock1)
  Path Group: ideal_clock1
  Path Type: min

  Point                                    Incr       Path
  -----------------------------------------------------------
  clock ideal_clock1 (rise edge)           0.00       0.00
  clock network delay (propagated)         0.16       0.16
  DFF_57/q_reg/CLK (DFFX1_RVT)             0.00       0.16 r
  DFF_57/q_reg/Q (DFFX1_RVT)               0.18       0.34 f
  DFF_57/q (dff_1671)                      0.00       0.34 f
  U5695/Y (AND2X1_RVT)                     0.06 &     0.40 f
  DFF_89/d (dff_1639)                      0.00       0.40 f
  DFF_89/q_reg/D (DFFX1_RVT)               0.00 &     0.40 f
  data arrival time                                   0.40

  clock ideal_clock1 (rise edge)           0.00       0.00
  clock network delay (propagated)         0.15       0.15
  clock uncertainty                        0.05       0.20
  DFF_89/q_reg/CLK (DFFX1_RVT)             0.00       0.20 r
  library hold time                        0.02       0.22
  data required time                                  0.22
  -----------------------------------------------------------
  data required time                                  0.22
  data arrival time                                  -0.40
  -----------------------------------------------------------
  slack (MET)                                         0.19


  Startpoint: DFF_1611/q_reg
              (rising edge-triggered flip-flop clocked by ideal_clock1)
  Endpoint: DFF_1643/q_reg
            (rising edge-triggered flip-flop clocked by ideal_clock1)
  Path Group: ideal_clock1
  Path Type: min

  Point                                    Incr       Path
  -----------------------------------------------------------
  clock ideal_clock1 (rise edge)           0.00       0.00
  clock network delay (propagated)         0.14       0.14
  DFF_1611/q_reg/CLK (DFFX1_RVT)           0.00       0.14 r
  DFF_1611/q_reg/Q (DFFX1_RVT)             0.22       0.35 f
  DFF_1611/q (dff_117)                     0.00       0.35 f
  U5516/Y (AND2X1_RVT)                     0.06 &     0.41 f
  DFF_1643/d (dff_85)                      0.00       0.41 f
  DFF_1643/q_reg/D (DFFX1_RVT)             0.00 &     0.41 f
  data arrival time                                   0.41

  clock ideal_clock1 (rise edge)           0.00       0.00
  clock network delay (propagated)         0.15       0.15
  clock uncertainty                        0.05       0.20
  DFF_1643/q_reg/CLK (DFFX1_RVT)           0.00       0.20 r
  library hold time                        0.02       0.23
  data required time                                  0.23
  -----------------------------------------------------------
  data required time                                  0.23
  data arrival time                                  -0.41
  -----------------------------------------------------------
  slack (MET)                                         0.19


  Startpoint: DFF_212/q_reg
              (rising edge-triggered flip-flop clocked by ideal_clock1)
  Endpoint: DFF_211/q_reg
            (rising edge-triggered flip-flop clocked by ideal_clock1)
  Path Group: ideal_clock1
  Path Type: min

  Point                                    Incr       Path
  -----------------------------------------------------------
  clock ideal_clock1 (rise edge)           0.00       0.00
  clock network delay (propagated)         0.13       0.13
  DFF_212/q_reg/CLK (DFFX1_RVT)            0.00       0.13 r
  DFF_212/q_reg/Q (DFFX1_RVT)              0.20       0.34 f
  DFF_212/q (dff_1516)                     0.00       0.34 f
  U4716/Y (AND2X1_RVT)                     0.06 &     0.39 f
  DFF_211/d (dff_1517)                     0.00       0.39 f
  DFF_211/q_reg/D (DFFX1_RVT)              0.00 &     0.39 f
  data arrival time                                   0.39

  clock ideal_clock1 (rise edge)           0.00       0.00
  clock network delay (propagated)         0.14       0.14
  clock uncertainty                        0.05       0.19
  DFF_211/q_reg/CLK (DFFX1_RVT)            0.00       0.19 r
  library hold time                        0.02       0.21
  data required time                                  0.21
  -----------------------------------------------------------
  data required time                                  0.21
  data arrival time                                  -0.39
  -----------------------------------------------------------
  slack (MET)                                         0.19


  Startpoint: DFF_1581/q_reg
              (rising edge-triggered flip-flop clocked by ideal_clock1)
  Endpoint: DFF_1613/q_reg
            (rising edge-triggered flip-flop clocked by ideal_clock1)
  Path Group: ideal_clock1
  Path Type: min

  Point                                    Incr       Path
  -----------------------------------------------------------
  clock ideal_clock1 (rise edge)           0.00       0.00
  clock network delay (propagated)         0.14       0.14
  DFF_1581/q_reg/CLK (DFFX1_RVT)           0.00       0.14 r
  DFF_1581/q_reg/Q (DFFX1_RVT)             0.22       0.36 f
  DFF_1581/q (dff_147)                     0.00       0.36 f
  U4937/Y (AND2X1_RVT)                     0.06 &     0.42 f
  DFF_1613/d (dff_115)                     0.00       0.42 f
  DFF_1613/q_reg/D (DFFX1_RVT)             0.00 &     0.42 f
  data arrival time                                   0.42

  clock ideal_clock1 (rise edge)           0.00       0.00
  clock network delay (propagated)         0.15       0.15
  clock uncertainty                        0.05       0.20
  DFF_1613/q_reg/CLK (DFFX1_RVT)           0.00       0.20 r
  library hold time                        0.02       0.23
  data required time                                  0.23
  -----------------------------------------------------------
  data required time                                  0.23
  data arrival time                                  -0.42
  -----------------------------------------------------------
  slack (MET)                                         0.19


  Startpoint: DFF_494/q_reg
              (rising edge-triggered flip-flop clocked by ideal_clock1)
  Endpoint: DFF_526/q_reg
            (rising edge-triggered flip-flop clocked by ideal_clock1)
  Path Group: ideal_clock1
  Path Type: min

  Point                                    Incr       Path
  -----------------------------------------------------------
  clock ideal_clock1 (rise edge)           0.00       0.00
  clock network delay (propagated)         0.16       0.16
  DFF_494/q_reg/CLK (DFFX1_RVT)            0.00       0.16 r
  DFF_494/q_reg/Q (DFFX1_RVT)              0.19       0.35 f
  DFF_494/q (dff_1234)                     0.00       0.35 f
  U4497/Y (AND2X1_RVT)                     0.06 &     0.41 f
  DFF_526/d (dff_1202)                     0.00       0.41 f
  DFF_526/q_reg/D (DFFX1_RVT)              0.00 &     0.41 f
  data arrival time                                   0.41

  clock ideal_clock1 (rise edge)           0.00       0.00
  clock network delay (propagated)         0.15       0.15
  clock uncertainty                        0.05       0.20
  DFF_526/q_reg/CLK (DFFX1_RVT)            0.00       0.20 r
  library hold time                        0.02       0.22
  data required time                                  0.22
  -----------------------------------------------------------
  data required time                                  0.22
  data arrival time                                  -0.41
  -----------------------------------------------------------
  slack (MET)                                         0.19


  Startpoint: DFF_832/q_reg
              (rising edge-triggered flip-flop clocked by ideal_clock1)
  Endpoint: DFF_864/q_reg
            (rising edge-triggered flip-flop clocked by ideal_clock1)
  Path Group: ideal_clock1
  Path Type: min

  Point                                    Incr       Path
  -----------------------------------------------------------
  clock ideal_clock1 (rise edge)           0.00       0.00
  clock network delay (propagated)         0.15       0.15
  DFF_832/q_reg/CLK (DFFX1_RVT)            0.00       0.15 r
  DFF_832/q_reg/Q (DFFX1_RVT)              0.22       0.36 f
  DFF_832/q (dff_896)                      0.00       0.36 f
  U5197/Y (AND2X1_RVT)                     0.06 &     0.42 f
  DFF_864/d (dff_864)                      0.00       0.42 f
  DFF_864/q_reg/D (DFFX1_RVT)              0.00 &     0.42 f
  data arrival time                                   0.42

  clock ideal_clock1 (rise edge)           0.00       0.00
  clock network delay (propagated)         0.16       0.16
  clock uncertainty                        0.05       0.21
  DFF_864/q_reg/CLK (DFFX1_RVT)            0.00       0.21 r
  library hold time                        0.02       0.23
  data required time                                  0.23
  -----------------------------------------------------------
  data required time                                  0.23
  data arrival time                                  -0.42
  -----------------------------------------------------------
  slack (MET)                                         0.19


  Startpoint: DFF_808/q_reg
              (rising edge-triggered flip-flop clocked by ideal_clock1)
  Endpoint: DFF_840/q_reg
            (rising edge-triggered flip-flop clocked by ideal_clock1)
  Path Group: ideal_clock1
  Path Type: min

  Point                                    Incr       Path
  -----------------------------------------------------------
  clock ideal_clock1 (rise edge)           0.00       0.00
  clock network delay (propagated)         0.15       0.15
  DFF_808/q_reg/CLK (DFFX1_RVT)            0.00       0.15 r
  DFF_808/q_reg/Q (DFFX1_RVT)              0.22       0.37 f
  DFF_808/q (dff_920)                      0.00       0.37 f
  U6151/Y (AND2X1_RVT)                     0.06 &     0.42 f
  DFF_840/d (dff_888)                      0.00       0.42 f
  DFF_840/q_reg/D (DFFX1_RVT)              0.00 &     0.42 f
  data arrival time                                   0.42

  clock ideal_clock1 (rise edge)           0.00       0.00
  clock network delay (propagated)         0.16       0.16
  clock uncertainty                        0.05       0.21
  DFF_840/q_reg/CLK (DFFX1_RVT)            0.00       0.21 r
  library hold time                        0.02       0.23
  data required time                                  0.23
  -----------------------------------------------------------
  data required time                                  0.23
  data arrival time                                  -0.42
  -----------------------------------------------------------
  slack (MET)                                         0.19


  Startpoint: DFF_1083/q_reg
              (rising edge-triggered flip-flop clocked by ideal_clock1)
  Endpoint: DFF_1115/q_reg
            (rising edge-triggered flip-flop clocked by ideal_clock1)
  Path Group: ideal_clock1
  Path Type: min

  Point                                    Incr       Path
  -----------------------------------------------------------
  clock ideal_clock1 (rise edge)           0.00       0.00
  clock network delay (propagated)         0.15       0.15
  DFF_1083/q_reg/CLK (DFFX1_RVT)           0.00       0.15 r
  DFF_1083/q_reg/Q (DFFX1_RVT)             0.22       0.36 f
  DFF_1083/q (dff_645)                     0.00       0.36 f
  U4530/Y (AND2X1_RVT)                     0.06 &     0.42 f
  DFF_1115/d (dff_613)                     0.00       0.42 f
  DFF_1115/q_reg/D (DFFX1_RVT)             0.00 &     0.42 f
  data arrival time                                   0.42

  clock ideal_clock1 (rise edge)           0.00       0.00
  clock network delay (propagated)         0.16       0.16
  clock uncertainty                        0.05       0.21
  DFF_1115/q_reg/CLK (DFFX1_RVT)           0.00       0.21 r
  library hold time                        0.02       0.23
  data required time                                  0.23
  -----------------------------------------------------------
  data required time                                  0.23
  data arrival time                                  -0.42
  -----------------------------------------------------------
  slack (MET)                                         0.19


  Startpoint: DFF_590/q_reg
              (rising edge-triggered flip-flop clocked by ideal_clock1)
  Endpoint: DFF_589/q_reg
            (rising edge-triggered flip-flop clocked by ideal_clock1)
  Path Group: ideal_clock1
  Path Type: min

  Point                                    Incr       Path
  -----------------------------------------------------------
  clock ideal_clock1 (rise edge)           0.00       0.00
  clock network delay (propagated)         0.13       0.13
  DFF_590/q_reg/CLK (DFFX1_RVT)            0.00       0.13 r
  DFF_590/q_reg/Q (DFFX1_RVT)              0.21       0.34 f
  DFF_590/q (dff_1138)                     0.00       0.34 f
  U6943/Y (AND2X1_RVT)                     0.06 &     0.40 f
  DFF_589/d (dff_1139)                     0.00       0.40 f
  DFF_589/q_reg/D (DFFX1_RVT)              0.00 &     0.40 f
  data arrival time                                   0.40

  clock ideal_clock1 (rise edge)           0.00       0.00
  clock network delay (propagated)         0.15       0.15
  clock uncertainty                        0.05       0.20
  DFF_589/q_reg/CLK (DFFX1_RVT)            0.00       0.20 r
  library hold time                        0.02       0.21
  data required time                                  0.21
  -----------------------------------------------------------
  data required time                                  0.21
  data arrival time                                  -0.40
  -----------------------------------------------------------
  slack (MET)                                         0.19


  Startpoint: DFF_501/q_reg
              (rising edge-triggered flip-flop clocked by ideal_clock1)
  Endpoint: DFF_533/q_reg
            (rising edge-triggered flip-flop clocked by ideal_clock1)
  Path Group: ideal_clock1
  Path Type: min

  Point                                    Incr       Path
  -----------------------------------------------------------
  clock ideal_clock1 (rise edge)           0.00       0.00
  clock network delay (propagated)         0.15       0.15
  DFF_501/q_reg/CLK (DFFX1_RVT)            0.00       0.15 r
  DFF_501/q_reg/Q (DFFX1_RVT)              0.22       0.37 f
  DFF_501/q (dff_1227)                     0.00       0.37 f
  U4504/Y (AND2X1_RVT)                     0.06 &     0.43 f
  DFF_533/d (dff_1195)                     0.00       0.43 f
  DFF_533/q_reg/D (DFFX1_RVT)              0.00 &     0.43 f
  data arrival time                                   0.43

  clock ideal_clock1 (rise edge)           0.00       0.00
  clock network delay (propagated)         0.16       0.16
  clock uncertainty                        0.05       0.21
  DFF_533/q_reg/CLK (DFFX1_RVT)            0.00       0.21 r
  library hold time                        0.02       0.24
  data required time                                  0.24
  -----------------------------------------------------------
  data required time                                  0.24
  data arrival time                                  -0.43
  -----------------------------------------------------------
  slack (MET)                                         0.19


  Startpoint: DFF_270/q_reg
              (rising edge-triggered flip-flop clocked by ideal_clock1)
  Endpoint: DFF_302/q_reg
            (rising edge-triggered flip-flop clocked by ideal_clock1)
  Path Group: ideal_clock1
  Path Type: min

  Point                                    Incr       Path
  -----------------------------------------------------------
  clock ideal_clock1 (rise edge)           0.00       0.00
  clock network delay (propagated)         0.14       0.14
  DFF_270/q_reg/CLK (DFFX1_RVT)            0.00       0.14 r
  DFF_270/q_reg/Q (DFFX1_RVT)              0.22       0.36 f
  DFF_270/q (dff_1458)                     0.00       0.36 f
  U5219/Y (AND2X1_RVT)                     0.06 &     0.41 f
  DFF_302/d (dff_1426)                     0.00       0.41 f
  DFF_302/q_reg/D (DFFX1_RVT)              0.00 &     0.41 f
  data arrival time                                   0.41

  clock ideal_clock1 (rise edge)           0.00       0.00
  clock network delay (propagated)         0.15       0.15
  clock uncertainty                        0.05       0.20
  DFF_302/q_reg/CLK (DFFX1_RVT)            0.00       0.20 r
  library hold time                        0.02       0.22
  data required time                                  0.22
  -----------------------------------------------------------
  data required time                                  0.22
  data arrival time                                  -0.41
  -----------------------------------------------------------
  slack (MET)                                         0.19


  Startpoint: DFF_510/q_reg
              (rising edge-triggered flip-flop clocked by ideal_clock1)
  Endpoint: DFF_542/q_reg
            (rising edge-triggered flip-flop clocked by ideal_clock1)
  Path Group: ideal_clock1
  Path Type: min

  Point                                    Incr       Path
  -----------------------------------------------------------
  clock ideal_clock1 (rise edge)           0.00       0.00
  clock network delay (propagated)         0.13       0.13
  DFF_510/q_reg/CLK (DFFX1_RVT)            0.00       0.13 r
  DFF_510/q_reg/Q (DFFX1_RVT)              0.21       0.35 f
  DFF_510/q (dff_1218)                     0.00       0.35 f
  U4513/Y (AND2X1_RVT)                     0.06 &     0.40 f
  DFF_542/d (dff_1186)                     0.00       0.40 f
  DFF_542/q_reg/D (DFFX1_RVT)              0.00 &     0.40 f
  data arrival time                                   0.40

  clock ideal_clock1 (rise edge)           0.00       0.00
  clock network delay (propagated)         0.14       0.14
  clock uncertainty                        0.05       0.19
  DFF_542/q_reg/CLK (DFFX1_RVT)            0.00       0.19 r
  library hold time                        0.02       0.21
  data required time                                  0.21
  -----------------------------------------------------------
  data required time                                  0.21
  data arrival time                                  -0.40
  -----------------------------------------------------------
  slack (MET)                                         0.19


  Startpoint: DFF_772/q_reg
              (rising edge-triggered flip-flop clocked by ideal_clock1)
  Endpoint: DFF_771/q_reg
            (rising edge-triggered flip-flop clocked by ideal_clock1)
  Path Group: ideal_clock1
  Path Type: min

  Point                                    Incr       Path
  -----------------------------------------------------------
  clock ideal_clock1 (rise edge)           0.00       0.00
  clock network delay (propagated)         0.15       0.15
  DFF_772/q_reg/CLK (DFFX1_RVT)            0.00       0.15 r
  DFF_772/q_reg/Q (DFFX1_RVT)              0.21       0.36 f
  DFF_772/q (dff_956)                      0.00       0.36 f
  U5421/Y (AND2X1_RVT)                     0.06 &     0.41 f
  DFF_771/d (dff_957)                      0.00       0.41 f
  DFF_771/q_reg/D (DFFX1_RVT)              0.00 &     0.41 f
  data arrival time                                   0.41

  clock ideal_clock1 (rise edge)           0.00       0.00
  clock network delay (propagated)         0.15       0.15
  clock uncertainty                        0.05       0.20
  DFF_771/q_reg/CLK (DFFX1_RVT)            0.00       0.20 r
  library hold time                        0.02       0.22
  data required time                                  0.22
  -----------------------------------------------------------
  data required time                                  0.22
  data arrival time                                  -0.41
  -----------------------------------------------------------
  slack (MET)                                         0.19


  Startpoint: DFF_6/q_reg
              (rising edge-triggered flip-flop clocked by ideal_clock1)
  Endpoint: DFF_5/q_reg
            (rising edge-triggered flip-flop clocked by ideal_clock1)
  Path Group: ideal_clock1
  Path Type: min

  Point                                    Incr       Path
  -----------------------------------------------------------
  clock ideal_clock1 (rise edge)           0.00       0.00
  clock network delay (propagated)         0.13       0.13
  DFF_6/q_reg/CLK (DFFX1_RVT)              0.00       0.13 r
  DFF_6/q_reg/Q (DFFX1_RVT)                0.21       0.35 f
  DFF_6/q (dff_1722)                       0.00       0.35 f
  U5461/Y (AND2X1_RVT)                     0.07 &     0.41 f
  DFF_5/d (dff_1723)                       0.00       0.41 f
  DFF_5/q_reg/D (DFFX1_RVT)                0.00 &     0.41 f
  data arrival time                                   0.41

  clock ideal_clock1 (rise edge)           0.00       0.00
  clock network delay (propagated)         0.15       0.15
  clock uncertainty                        0.05       0.20
  DFF_5/q_reg/CLK (DFFX1_RVT)              0.00       0.20 r
  library hold time                        0.02       0.22
  data required time                                  0.22
  -----------------------------------------------------------
  data required time                                  0.22
  data arrival time                                  -0.41
  -----------------------------------------------------------
  slack (MET)                                         0.19


  Startpoint: DFF_985/q_reg
              (rising edge-triggered flip-flop clocked by ideal_clock1)
  Endpoint: DFF_984/q_reg
            (rising edge-triggered flip-flop clocked by ideal_clock1)
  Path Group: ideal_clock1
  Path Type: min

  Point                                    Incr       Path
  -----------------------------------------------------------
  clock ideal_clock1 (rise edge)           0.00       0.00
  clock network delay (propagated)         0.15       0.15
  DFF_985/q_reg/CLK (DFFX1_RVT)            0.00       0.15 r
  DFF_985/q_reg/Q (DFFX1_RVT)              0.21       0.36 f
  DFF_985/q (dff_743)                      0.00       0.36 f
  U6982/Y (AND2X1_RVT)                     0.06 &     0.41 f
  DFF_984/d (dff_744)                      0.00       0.41 f
  DFF_984/q_reg/D (DFFX1_RVT)              0.00 &     0.41 f
  data arrival time                                   0.41

  clock ideal_clock1 (rise edge)           0.00       0.00
  clock network delay (propagated)         0.15       0.15
  clock uncertainty                        0.05       0.20
  DFF_984/q_reg/CLK (DFFX1_RVT)            0.00       0.20 r
  library hold time                        0.02       0.22
  data required time                                  0.22
  -----------------------------------------------------------
  data required time                                  0.22
  data arrival time                                  -0.41
  -----------------------------------------------------------
  slack (MET)                                         0.19


  Startpoint: DFF_1548/q_reg
              (rising edge-triggered flip-flop clocked by ideal_clock1)
  Endpoint: DFF_1547/q_reg
            (rising edge-triggered flip-flop clocked by ideal_clock1)
  Path Group: ideal_clock1
  Path Type: min

  Point                                    Incr       Path
  -----------------------------------------------------------
  clock ideal_clock1 (rise edge)           0.00       0.00
  clock network delay (propagated)         0.14       0.14
  DFF_1548/q_reg/CLK (DFFX1_RVT)           0.00       0.14 r
  DFF_1548/q_reg/Q (DFFX1_RVT)             0.21       0.35 f
  DFF_1548/q (dff_180)                     0.00       0.35 f
  U5430/Y (AND2X1_RVT)                     0.06 &     0.41 f
  DFF_1547/d (dff_181)                     0.00       0.41 f
  DFF_1547/q_reg/D (DFFX1_RVT)             0.00 &     0.41 f
  data arrival time                                   0.41

  clock ideal_clock1 (rise edge)           0.00       0.00
  clock network delay (propagated)         0.15       0.15
  clock uncertainty                        0.05       0.20
  DFF_1547/q_reg/CLK (DFFX1_RVT)           0.00       0.20 r
  library hold time                        0.02       0.21
  data required time                                  0.21
  -----------------------------------------------------------
  data required time                                  0.21
  data arrival time                                  -0.41
  -----------------------------------------------------------
  slack (MET)                                         0.19


  Startpoint: DFF_1272/q_reg
              (rising edge-triggered flip-flop clocked by ideal_clock1)
  Endpoint: DFF_1304/q_reg
            (rising edge-triggered flip-flop clocked by ideal_clock1)
  Path Group: ideal_clock1
  Path Type: min

  Point                                    Incr       Path
  -----------------------------------------------------------
  clock ideal_clock1 (rise edge)           0.00       0.00
  clock network delay (propagated)         0.15       0.15
  DFF_1272/q_reg/CLK (DFFX1_RVT)           0.00       0.15 r
  DFF_1272/q_reg/Q (DFFX1_RVT)             0.22       0.37 f
  DFF_1272/q (dff_456)                     0.00       0.37 f
  U5720/Y (AND2X1_RVT)                     0.06 &     0.43 f
  DFF_1304/d (dff_424)                     0.00       0.43 f
  DFF_1304/q_reg/D (DFFX1_RVT)             0.00 &     0.43 f
  data arrival time                                   0.43

  clock ideal_clock1 (rise edge)           0.00       0.00
  clock network delay (propagated)         0.16       0.16
  clock uncertainty                        0.05       0.21
  DFF_1304/q_reg/CLK (DFFX1_RVT)           0.00       0.21 r
  library hold time                        0.02       0.24
  data required time                                  0.24
  -----------------------------------------------------------
  data required time                                  0.24
  data arrival time                                  -0.43
  -----------------------------------------------------------
  slack (MET)                                         0.19


  Startpoint: DFF_1157/q_reg
              (rising edge-triggered flip-flop clocked by ideal_clock1)
  Endpoint: DFF_1156/q_reg
            (rising edge-triggered flip-flop clocked by ideal_clock1)
  Path Group: ideal_clock1
  Path Type: min

  Point                                    Incr       Path
  -----------------------------------------------------------
  clock ideal_clock1 (rise edge)           0.00       0.00
  clock network delay (propagated)         0.14       0.14
  DFF_1157/q_reg/CLK (DFFX1_RVT)           0.00       0.14 r
  DFF_1157/q_reg/Q (DFFX1_RVT)             0.21       0.36 f
  DFF_1157/q (dff_571)                     0.00       0.36 f
  U4451/Y (AND2X1_RVT)                     0.06 &     0.42 f
  DFF_1156/d (dff_572)                     0.00       0.42 f
  DFF_1156/q_reg/D (DFFX1_RVT)             0.00 &     0.42 f
  data arrival time                                   0.42

  clock ideal_clock1 (rise edge)           0.00       0.00
  clock network delay (propagated)         0.16       0.16
  clock uncertainty                        0.05       0.21
  DFF_1156/q_reg/CLK (DFFX1_RVT)           0.00       0.21 r
  library hold time                        0.02       0.23
  data required time                                  0.23
  -----------------------------------------------------------
  data required time                                  0.23
  data arrival time                                  -0.42
  -----------------------------------------------------------
  slack (MET)                                         0.19


  Startpoint: DFF_427/q_reg
              (rising edge-triggered flip-flop clocked by ideal_clock1)
  Endpoint: DFF_459/q_reg
            (rising edge-triggered flip-flop clocked by ideal_clock1)
  Path Group: ideal_clock1
  Path Type: min

  Point                                    Incr       Path
  -----------------------------------------------------------
  clock ideal_clock1 (rise edge)           0.00       0.00
  clock network delay (propagated)         0.14       0.14
  DFF_427/q_reg/CLK (DFFX1_RVT)            0.00       0.14 r
  DFF_427/q_reg/Q (DFFX1_RVT)              0.22       0.36 f
  DFF_427/q (dff_1301)                     0.00       0.36 f
  U4628/Y (AND2X1_RVT)                     0.06 &     0.42 f
  DFF_459/d (dff_1269)                     0.00       0.42 f
  DFF_459/q_reg/D (DFFX1_RVT)              0.00 &     0.42 f
  data arrival time                                   0.42

  clock ideal_clock1 (rise edge)           0.00       0.00
  clock network delay (propagated)         0.16       0.16
  clock uncertainty                        0.05       0.21
  DFF_459/q_reg/CLK (DFFX1_RVT)            0.00       0.21 r
  library hold time                        0.02       0.23
  data required time                                  0.23
  -----------------------------------------------------------
  data required time                                  0.23
  data arrival time                                  -0.42
  -----------------------------------------------------------
  slack (MET)                                         0.19


  Startpoint: DFF_788/q_reg
              (rising edge-triggered flip-flop clocked by ideal_clock1)
  Endpoint: DFF_787/q_reg
            (rising edge-triggered flip-flop clocked by ideal_clock1)
  Path Group: ideal_clock1
  Path Type: min

  Point                                    Incr       Path
  -----------------------------------------------------------
  clock ideal_clock1 (rise edge)           0.00       0.00
  clock network delay (propagated)         0.15       0.15
  DFF_788/q_reg/CLK (DFFX1_RVT)            0.00       0.15 r
  DFF_788/q_reg/Q (DFFX1_RVT)              0.21       0.36 f
  DFF_788/q (dff_940)                      0.00       0.36 f
  U4176/Y (AND2X1_RVT)                     0.06 &     0.42 f
  DFF_787/d (dff_941)                      0.00       0.42 f
  DFF_787/q_reg/D (DFFX1_RVT)              0.00 &     0.42 f
  data arrival time                                   0.42

  clock ideal_clock1 (rise edge)           0.00       0.00
  clock network delay (propagated)         0.16       0.16
  clock uncertainty                        0.05       0.21
  DFF_787/q_reg/CLK (DFFX1_RVT)            0.00       0.21 r
  library hold time                        0.02       0.23
  data required time                                  0.23
  -----------------------------------------------------------
  data required time                                  0.23
  data arrival time                                  -0.42
  -----------------------------------------------------------
  slack (MET)                                         0.19


  Startpoint: DFF_1180/q_reg
              (rising edge-triggered flip-flop clocked by ideal_clock1)
  Endpoint: DFF_1179/q_reg
            (rising edge-triggered flip-flop clocked by ideal_clock1)
  Path Group: ideal_clock1
  Path Type: min

  Point                                    Incr       Path
  -----------------------------------------------------------
  clock ideal_clock1 (rise edge)           0.00       0.00
  clock network delay (propagated)         0.14       0.14
  DFF_1180/q_reg/CLK (DFFX1_RVT)           0.00       0.14 r
  DFF_1180/q_reg/Q (DFFX1_RVT)             0.21       0.34 f
  DFF_1180/q (dff_548)                     0.00       0.34 f
  U5481/Y (AND2X1_RVT)                     0.06 &     0.40 f
  DFF_1179/d (dff_549)                     0.00       0.40 f
  DFF_1179/q_reg/D (DFFX1_RVT)             0.00 &     0.40 f
  data arrival time                                   0.40

  clock ideal_clock1 (rise edge)           0.00       0.00
  clock network delay (propagated)         0.14       0.14
  clock uncertainty                        0.05       0.19
  DFF_1179/q_reg/CLK (DFFX1_RVT)           0.00       0.19 r
  library hold time                        0.02       0.21
  data required time                                  0.21
  -----------------------------------------------------------
  data required time                                  0.21
  data arrival time                                  -0.40
  -----------------------------------------------------------
  slack (MET)                                         0.19


1
