 
****************************************
Report : timing
        -path full
        -delay max
        -max_paths 50
Design : s35932
Version: L-2016.03-SP5-1
Date   : Sun Mar 10 14:16:13 2019
****************************************

 * Some/all delay information is back-annotated.

Operating Conditions: ss0p95v25c   Library: saed32rvt_ss0p95v25c
	Parasitic source    : LPE
	Parasitic mode      : RealRC
	Extraction mode     : MIN_MAX
	Extraction derating : 125/125/125

Information: Percent of Arnoldi-based delays = 28.20%

Information: Percent of CCS-based delays = 27.09%

  Startpoint: TM1 (input port clocked by ideal_clock1)
  Endpoint: DATA_9_24 (output port clocked by ideal_clock1)
  Path Group: ideal_clock1
  Path Type: max

  Point                                    Incr       Path
  -----------------------------------------------------------
  clock ideal_clock1 (rise edge)           0.00       0.00
  clock network delay (ideal)              0.40       0.40
  input external delay                     2.00       2.40 f
  TM1 (in)                                 0.00 @     2.40 f
  U3010/Y (INVX1_RVT)                      0.39 @     2.79 r
  U6061/Y (XNOR3X1_RVT)                    0.42 &     3.21 r
  U6027/Y (XNOR2X1_RVT)                    0.20 &     3.41 r
  DATA_9_24 (out)                          0.00 &     3.41 r
  data arrival time                                   3.41

  clock ideal_clock1 (rise edge)          10.00      10.00
  clock network delay (ideal)              0.40      10.40
  clock uncertainty                       -0.05      10.35
  output external delay                   -2.00       8.35
  data required time                                  8.35
  -----------------------------------------------------------
  data required time                                  8.35
  data arrival time                                  -3.41
  -----------------------------------------------------------
  slack (MET)                                         4.94


  Startpoint: TM1 (input port clocked by ideal_clock1)
  Endpoint: DATA_9_21 (output port clocked by ideal_clock1)
  Path Group: ideal_clock1
  Path Type: max

  Point                                    Incr       Path
  -----------------------------------------------------------
  clock ideal_clock1 (rise edge)           0.00       0.00
  clock network delay (ideal)              0.40       0.40
  input external delay                     2.00       2.40 f
  TM1 (in)                                 0.00 @     2.40 f
  U3010/Y (INVX1_RVT)                      0.39 @     2.79 r
  U6077/Y (XNOR3X1_RVT)                    0.42 &     3.21 r
  U6029/Y (XNOR2X1_RVT)                    0.20 &     3.41 r
  DATA_9_21 (out)                          0.00 &     3.41 r
  data arrival time                                   3.41

  clock ideal_clock1 (rise edge)          10.00      10.00
  clock network delay (ideal)              0.40      10.40
  clock uncertainty                       -0.05      10.35
  output external delay                   -2.00       8.35
  data required time                                  8.35
  -----------------------------------------------------------
  data required time                                  8.35
  data arrival time                                  -3.41
  -----------------------------------------------------------
  slack (MET)                                         4.94


  Startpoint: TM1 (input port clocked by ideal_clock1)
  Endpoint: DATA_9_23 (output port clocked by ideal_clock1)
  Path Group: ideal_clock1
  Path Type: max

  Point                                    Incr       Path
  -----------------------------------------------------------
  clock ideal_clock1 (rise edge)           0.00       0.00
  clock network delay (ideal)              0.40       0.40
  input external delay                     2.00       2.40 f
  TM1 (in)                                 0.00 @     2.40 f
  U3010/Y (INVX1_RVT)                      0.39 @     2.79 r
  U6063/Y (XNOR3X1_RVT)                    0.42 &     3.20 r
  U6207/Y (XNOR2X1_RVT)                    0.20 &     3.41 r
  DATA_9_23 (out)                          0.00 &     3.41 r
  data arrival time                                   3.41

  clock ideal_clock1 (rise edge)          10.00      10.00
  clock network delay (ideal)              0.40      10.40
  clock uncertainty                       -0.05      10.35
  output external delay                   -2.00       8.35
  data required time                                  8.35
  -----------------------------------------------------------
  data required time                                  8.35
  data arrival time                                  -3.41
  -----------------------------------------------------------
  slack (MET)                                         4.94


  Startpoint: TM1 (input port clocked by ideal_clock1)
  Endpoint: DATA_9_31 (output port clocked by ideal_clock1)
  Path Group: ideal_clock1
  Path Type: max

  Point                                    Incr       Path
  -----------------------------------------------------------
  clock ideal_clock1 (rise edge)           0.00       0.00
  clock network delay (ideal)              0.40       0.40
  input external delay                     2.00       2.40 f
  TM1 (in)                                 0.00 @     2.40 f
  U3010/Y (INVX1_RVT)                      0.39 @     2.79 r
  U6209/Y (XNOR3X1_RVT)                    0.41 &     3.20 r
  U6023/Y (XNOR2X1_RVT)                    0.21 &     3.40 r
  DATA_9_31 (out)                          0.00 &     3.40 r
  data arrival time                                   3.40

  clock ideal_clock1 (rise edge)          10.00      10.00
  clock network delay (ideal)              0.40      10.40
  clock uncertainty                       -0.05      10.35
  output external delay                   -2.00       8.35
  data required time                                  8.35
  -----------------------------------------------------------
  data required time                                  8.35
  data arrival time                                  -3.40
  -----------------------------------------------------------
  slack (MET)                                         4.95


  Startpoint: TM1 (input port clocked by ideal_clock1)
  Endpoint: DATA_9_22 (output port clocked by ideal_clock1)
  Path Group: ideal_clock1
  Path Type: max

  Point                                    Incr       Path
  -----------------------------------------------------------
  clock ideal_clock1 (rise edge)           0.00       0.00
  clock network delay (ideal)              0.40       0.40
  input external delay                     2.00       2.40 f
  TM1 (in)                                 0.00 @     2.40 f
  U3010/Y (INVX1_RVT)                      0.39 @     2.79 r
  U6065/Y (XNOR3X1_RVT)                    0.41 &     3.20 r
  U6208/Y (XNOR2X1_RVT)                    0.20 &     3.39 r
  DATA_9_22 (out)                          0.00 &     3.39 r
  data arrival time                                   3.39

  clock ideal_clock1 (rise edge)          10.00      10.00
  clock network delay (ideal)              0.40      10.40
  clock uncertainty                       -0.05      10.35
  output external delay                   -2.00       8.35
  data required time                                  8.35
  -----------------------------------------------------------
  data required time                                  8.35
  data arrival time                                  -3.39
  -----------------------------------------------------------
  slack (MET)                                         4.96


  Startpoint: TM1 (input port clocked by ideal_clock1)
  Endpoint: DATA_9_25 (output port clocked by ideal_clock1)
  Path Group: ideal_clock1
  Path Type: max

  Point                                    Incr       Path
  -----------------------------------------------------------
  clock ideal_clock1 (rise edge)           0.00       0.00
  clock network delay (ideal)              0.40       0.40
  input external delay                     2.00       2.40 f
  TM1 (in)                                 0.00 @     2.40 f
  U3010/Y (INVX1_RVT)                      0.39 @     2.79 r
  U6059/Y (XNOR3X1_RVT)                    0.41 &     3.19 r
  U6206/Y (XNOR2X1_RVT)                    0.20 &     3.39 r
  DATA_9_25 (out)                          0.00 &     3.39 r
  data arrival time                                   3.39

  clock ideal_clock1 (rise edge)          10.00      10.00
  clock network delay (ideal)              0.40      10.40
  clock uncertainty                       -0.05      10.35
  output external delay                   -2.00       8.35
  data required time                                  8.35
  -----------------------------------------------------------
  data required time                                  8.35
  data arrival time                                  -3.39
  -----------------------------------------------------------
  slack (MET)                                         4.96


  Startpoint: TM1 (input port clocked by ideal_clock1)
  Endpoint: DATA_9_27 (output port clocked by ideal_clock1)
  Path Group: ideal_clock1
  Path Type: max

  Point                                    Incr       Path
  -----------------------------------------------------------
  clock ideal_clock1 (rise edge)           0.00       0.00
  clock network delay (ideal)              0.40       0.40
  input external delay                     2.00       2.40 f
  TM1 (in)                                 0.00 @     2.40 f
  U3010/Y (INVX1_RVT)                      0.39 @     2.79 r
  U6057/Y (XNOR3X1_RVT)                    0.41 &     3.20 r
  U6204/Y (XNOR2X1_RVT)                    0.19 &     3.39 r
  DATA_9_27 (out)                          0.00 &     3.39 r
  data arrival time                                   3.39

  clock ideal_clock1 (rise edge)          10.00      10.00
  clock network delay (ideal)              0.40      10.40
  clock uncertainty                       -0.05      10.35
  output external delay                   -2.00       8.35
  data required time                                  8.35
  -----------------------------------------------------------
  data required time                                  8.35
  data arrival time                                  -3.39
  -----------------------------------------------------------
  slack (MET)                                         4.96


  Startpoint: TM1 (input port clocked by ideal_clock1)
  Endpoint: DATA_9_26 (output port clocked by ideal_clock1)
  Path Group: ideal_clock1
  Path Type: max

  Point                                    Incr       Path
  -----------------------------------------------------------
  clock ideal_clock1 (rise edge)           0.00       0.00
  clock network delay (ideal)              0.40       0.40
  input external delay                     2.00       2.40 f
  TM1 (in)                                 0.00 @     2.40 f
  U3010/Y (INVX1_RVT)                      0.39 @     2.79 r
  U6071/Y (XNOR3X1_RVT)                    0.41 &     3.20 r
  U6205/Y (XNOR2X1_RVT)                    0.19 &     3.39 r
  DATA_9_26 (out)                          0.00 &     3.39 r
  data arrival time                                   3.39

  clock ideal_clock1 (rise edge)          10.00      10.00
  clock network delay (ideal)              0.40      10.40
  clock uncertainty                       -0.05      10.35
  output external delay                   -2.00       8.35
  data required time                                  8.35
  -----------------------------------------------------------
  data required time                                  8.35
  data arrival time                                  -3.39
  -----------------------------------------------------------
  slack (MET)                                         4.96


  Startpoint: TM1 (input port clocked by ideal_clock1)
  Endpoint: DATA_9_28 (output port clocked by ideal_clock1)
  Path Group: ideal_clock1
  Path Type: max

  Point                                    Incr       Path
  -----------------------------------------------------------
  clock ideal_clock1 (rise edge)           0.00       0.00
  clock network delay (ideal)              0.40       0.40
  input external delay                     2.00       2.40 f
  TM1 (in)                                 0.00 @     2.40 f
  U3010/Y (INVX1_RVT)                      0.39 @     2.79 r
  U6075/Y (XNOR3X1_RVT)                    0.41 &     3.19 r
  U6203/Y (XNOR2X1_RVT)                    0.19 &     3.39 r
  DATA_9_28 (out)                          0.00 &     3.39 r
  data arrival time                                   3.39

  clock ideal_clock1 (rise edge)          10.00      10.00
  clock network delay (ideal)              0.40      10.40
  clock uncertainty                       -0.05      10.35
  output external delay                   -2.00       8.35
  data required time                                  8.35
  -----------------------------------------------------------
  data required time                                  8.35
  data arrival time                                  -3.39
  -----------------------------------------------------------
  slack (MET)                                         4.96


  Startpoint: TM1 (input port clocked by ideal_clock1)
  Endpoint: DATA_9_20 (output port clocked by ideal_clock1)
  Path Group: ideal_clock1
  Path Type: max

  Point                                    Incr       Path
  -----------------------------------------------------------
  clock ideal_clock1 (rise edge)           0.00       0.00
  clock network delay (ideal)              0.40       0.40
  input external delay                     2.00       2.40 f
  TM1 (in)                                 0.00 @     2.40 f
  U3010/Y (INVX1_RVT)                      0.39 @     2.79 r
  U6073/Y (XNOR3X1_RVT)                    0.42 &     3.20 r
  U6031/Y (XNOR2X1_RVT)                    0.19 &     3.39 r
  DATA_9_20 (out)                          0.00 &     3.39 r
  data arrival time                                   3.39

  clock ideal_clock1 (rise edge)          10.00      10.00
  clock network delay (ideal)              0.40      10.40
  clock uncertainty                       -0.05      10.35
  output external delay                   -2.00       8.35
  data required time                                  8.35
  -----------------------------------------------------------
  data required time                                  8.35
  data arrival time                                  -3.39
  -----------------------------------------------------------
  slack (MET)                                         4.96


  Startpoint: TM1 (input port clocked by ideal_clock1)
  Endpoint: DATA_9_29 (output port clocked by ideal_clock1)
  Path Group: ideal_clock1
  Path Type: max

  Point                                    Incr       Path
  -----------------------------------------------------------
  clock ideal_clock1 (rise edge)           0.00       0.00
  clock network delay (ideal)              0.40       0.40
  input external delay                     2.00       2.40 f
  TM1 (in)                                 0.00 @     2.40 f
  U3010/Y (INVX1_RVT)                      0.39 @     2.79 r
  U6069/Y (XNOR3X1_RVT)                    0.41 &     3.20 r
  U6202/Y (XNOR2X1_RVT)                    0.19 &     3.39 r
  DATA_9_29 (out)                          0.00 &     3.39 r
  data arrival time                                   3.39

  clock ideal_clock1 (rise edge)          10.00      10.00
  clock network delay (ideal)              0.40      10.40
  clock uncertainty                       -0.05      10.35
  output external delay                   -2.00       8.35
  data required time                                  8.35
  -----------------------------------------------------------
  data required time                                  8.35
  data arrival time                                  -3.39
  -----------------------------------------------------------
  slack (MET)                                         4.96


  Startpoint: TM1 (input port clocked by ideal_clock1)
  Endpoint: DATA_9_30 (output port clocked by ideal_clock1)
  Path Group: ideal_clock1
  Path Type: max

  Point                                    Incr       Path
  -----------------------------------------------------------
  clock ideal_clock1 (rise edge)           0.00       0.00
  clock network delay (ideal)              0.40       0.40
  input external delay                     2.00       2.40 f
  TM1 (in)                                 0.00 @     2.40 f
  U3010/Y (INVX1_RVT)                      0.39 @     2.79 r
  U6067/Y (XNOR3X1_RVT)                    0.41 &     3.19 r
  U6201/Y (XNOR2X1_RVT)                    0.19 &     3.38 r
  DATA_9_30 (out)                          0.00 &     3.38 r
  data arrival time                                   3.38

  clock ideal_clock1 (rise edge)          10.00      10.00
  clock network delay (ideal)              0.40      10.40
  clock uncertainty                       -0.05      10.35
  output external delay                   -2.00       8.35
  data required time                                  8.35
  -----------------------------------------------------------
  data required time                                  8.35
  data arrival time                                  -3.38
  -----------------------------------------------------------
  slack (MET)                                         4.97


  Startpoint: TM1 (input port clocked by ideal_clock1)
  Endpoint: DATA_9_19 (output port clocked by ideal_clock1)
  Path Group: ideal_clock1
  Path Type: max

  Point                                    Incr       Path
  -----------------------------------------------------------
  clock ideal_clock1 (rise edge)           0.00       0.00
  clock network delay (ideal)              0.40       0.40
  input external delay                     2.00       2.40 f
  TM1 (in)                                 0.00 @     2.40 f
  U3014/Y (INVX1_RVT)                      0.30 @     2.70 r
  U6211/Y (XNOR3X1_RVT)                    0.38 &     3.08 r
  U6035/Y (XNOR2X1_RVT)                    0.18 &     3.26 r
  DATA_9_19 (out)                          0.00 &     3.26 r
  data arrival time                                   3.26

  clock ideal_clock1 (rise edge)          10.00      10.00
  clock network delay (ideal)              0.40      10.40
  clock uncertainty                       -0.05      10.35
  output external delay                   -2.00       8.35
  data required time                                  8.35
  -----------------------------------------------------------
  data required time                                  8.35
  data arrival time                                  -3.26
  -----------------------------------------------------------
  slack (MET)                                         5.09


  Startpoint: TM1 (input port clocked by ideal_clock1)
  Endpoint: DATA_9_18 (output port clocked by ideal_clock1)
  Path Group: ideal_clock1
  Path Type: max

  Point                                    Incr       Path
  -----------------------------------------------------------
  clock ideal_clock1 (rise edge)           0.00       0.00
  clock network delay (ideal)              0.40       0.40
  input external delay                     2.00       2.40 f
  TM1 (in)                                 0.00 @     2.40 f
  U3014/Y (INVX1_RVT)                      0.30 @     2.70 r
  U6213/Y (XNOR3X1_RVT)                    0.37 &     3.07 r
  U6037/Y (XNOR2X1_RVT)                    0.17 &     3.25 r
  DATA_9_18 (out)                          0.00 &     3.25 r
  data arrival time                                   3.25

  clock ideal_clock1 (rise edge)          10.00      10.00
  clock network delay (ideal)              0.40      10.40
  clock uncertainty                       -0.05      10.35
  output external delay                   -2.00       8.35
  data required time                                  8.35
  -----------------------------------------------------------
  data required time                                  8.35
  data arrival time                                  -3.25
  -----------------------------------------------------------
  slack (MET)                                         5.10


  Startpoint: TM1 (input port clocked by ideal_clock1)
  Endpoint: DATA_9_17 (output port clocked by ideal_clock1)
  Path Group: ideal_clock1
  Path Type: max

  Point                                    Incr       Path
  -----------------------------------------------------------
  clock ideal_clock1 (rise edge)           0.00       0.00
  clock network delay (ideal)              0.40       0.40
  input external delay                     2.00       2.40 f
  TM1 (in)                                 0.00 @     2.40 f
  U3014/Y (INVX1_RVT)                      0.30 @     2.70 r
  U6215/Y (XNOR3X1_RVT)                    0.37 &     3.08 r
  U6039/Y (XNOR2X1_RVT)                    0.17 &     3.24 r
  DATA_9_17 (out)                          0.00 &     3.24 r
  data arrival time                                   3.24

  clock ideal_clock1 (rise edge)          10.00      10.00
  clock network delay (ideal)              0.40      10.40
  clock uncertainty                       -0.05      10.35
  output external delay                   -2.00       8.35
  data required time                                  8.35
  -----------------------------------------------------------
  data required time                                  8.35
  data arrival time                                  -3.24
  -----------------------------------------------------------
  slack (MET)                                         5.11


  Startpoint: TM1 (input port clocked by ideal_clock1)
  Endpoint: DATA_9_16 (output port clocked by ideal_clock1)
  Path Group: ideal_clock1
  Path Type: max

  Point                                    Incr       Path
  -----------------------------------------------------------
  clock ideal_clock1 (rise edge)           0.00       0.00
  clock network delay (ideal)              0.40       0.40
  input external delay                     2.00       2.40 f
  TM1 (in)                                 0.00 @     2.40 f
  U3014/Y (INVX1_RVT)                      0.30 @     2.70 r
  U6217/Y (XNOR3X1_RVT)                    0.37 &     3.08 r
  U6041/Y (XNOR2X1_RVT)                    0.16 &     3.24 r
  DATA_9_16 (out)                          0.00 &     3.24 r
  data arrival time                                   3.24

  clock ideal_clock1 (rise edge)          10.00      10.00
  clock network delay (ideal)              0.40      10.40
  clock uncertainty                       -0.05      10.35
  output external delay                   -2.00       8.35
  data required time                                  8.35
  -----------------------------------------------------------
  data required time                                  8.35
  data arrival time                                  -3.24
  -----------------------------------------------------------
  slack (MET)                                         5.11


  Startpoint: TM0 (input port clocked by ideal_clock1)
  Endpoint: DATA_9_10 (output port clocked by ideal_clock1)
  Path Group: ideal_clock1
  Path Type: max

  Point                                    Incr       Path
  -----------------------------------------------------------
  clock ideal_clock1 (rise edge)           0.00       0.00
  clock network delay (ideal)              0.40       0.40
  input external delay                     2.00       2.40 f
  TM0 (in)                                 0.00 @     2.40 f
  U3009/Y (INVX1_RVT)                      0.19 @     2.59 r
  U6473/Y (XNOR3X1_RVT)                    0.34 &     2.94 r
  U6051/Y (XNOR2X1_RVT)                    0.19 &     3.13 r
  DATA_9_10 (out)                          0.00 &     3.13 r
  data arrival time                                   3.13

  clock ideal_clock1 (rise edge)          10.00      10.00
  clock network delay (ideal)              0.40      10.40
  clock uncertainty                       -0.05      10.35
  output external delay                   -2.00       8.35
  data required time                                  8.35
  -----------------------------------------------------------
  data required time                                  8.35
  data arrival time                                  -3.13
  -----------------------------------------------------------
  slack (MET)                                         5.22


  Startpoint: TM0 (input port clocked by ideal_clock1)
  Endpoint: DATA_9_11 (output port clocked by ideal_clock1)
  Path Group: ideal_clock1
  Path Type: max

  Point                                    Incr       Path
  -----------------------------------------------------------
  clock ideal_clock1 (rise edge)           0.00       0.00
  clock network delay (ideal)              0.40       0.40
  input external delay                     2.00       2.40 f
  TM0 (in)                                 0.00 @     2.40 f
  U3009/Y (INVX1_RVT)                      0.19 @     2.59 r
  U6465/Y (XNOR3X1_RVT)                    0.33 &     2.93 r
  U6049/Y (XNOR2X1_RVT)                    0.18 &     3.11 r
  DATA_9_11 (out)                          0.00 &     3.11 r
  data arrival time                                   3.11

  clock ideal_clock1 (rise edge)          10.00      10.00
  clock network delay (ideal)              0.40      10.40
  clock uncertainty                       -0.05      10.35
  output external delay                   -2.00       8.35
  data required time                                  8.35
  -----------------------------------------------------------
  data required time                                  8.35
  data arrival time                                  -3.11
  -----------------------------------------------------------
  slack (MET)                                         5.24


  Startpoint: TM0 (input port clocked by ideal_clock1)
  Endpoint: DATA_9_12 (output port clocked by ideal_clock1)
  Path Group: ideal_clock1
  Path Type: max

  Point                                    Incr       Path
  -----------------------------------------------------------
  clock ideal_clock1 (rise edge)           0.00       0.00
  clock network delay (ideal)              0.40       0.40
  input external delay                     2.00       2.40 f
  TM0 (in)                                 0.00 @     2.40 f
  U3009/Y (INVX1_RVT)                      0.19 @     2.59 r
  U6479/Y (XNOR3X1_RVT)                    0.33 &     2.93 r
  U6047/Y (XNOR2X1_RVT)                    0.18 &     3.11 r
  DATA_9_12 (out)                          0.00 &     3.11 r
  data arrival time                                   3.11

  clock ideal_clock1 (rise edge)          10.00      10.00
  clock network delay (ideal)              0.40      10.40
  clock uncertainty                       -0.05      10.35
  output external delay                   -2.00       8.35
  data required time                                  8.35
  -----------------------------------------------------------
  data required time                                  8.35
  data arrival time                                  -3.11
  -----------------------------------------------------------
  slack (MET)                                         5.24


  Startpoint: TM0 (input port clocked by ideal_clock1)
  Endpoint: DATA_9_14 (output port clocked by ideal_clock1)
  Path Group: ideal_clock1
  Path Type: max

  Point                                    Incr       Path
  -----------------------------------------------------------
  clock ideal_clock1 (rise edge)           0.00       0.00
  clock network delay (ideal)              0.40       0.40
  input external delay                     2.00       2.40 f
  TM0 (in)                                 0.00 @     2.40 f
  U3009/Y (INVX1_RVT)                      0.19 @     2.59 r
  U6471/Y (XNOR3X1_RVT)                    0.33 &     2.93 r
  U6043/Y (XNOR2X1_RVT)                    0.18 &     3.11 r
  DATA_9_14 (out)                          0.00 &     3.11 r
  data arrival time                                   3.11

  clock ideal_clock1 (rise edge)          10.00      10.00
  clock network delay (ideal)              0.40      10.40
  clock uncertainty                       -0.05      10.35
  output external delay                   -2.00       8.35
  data required time                                  8.35
  -----------------------------------------------------------
  data required time                                  8.35
  data arrival time                                  -3.11
  -----------------------------------------------------------
  slack (MET)                                         5.24


  Startpoint: TM0 (input port clocked by ideal_clock1)
  Endpoint: DATA_9_0 (output port clocked by ideal_clock1)
  Path Group: ideal_clock1
  Path Type: max

  Point                                    Incr       Path
  -----------------------------------------------------------
  clock ideal_clock1 (rise edge)           0.00       0.00
  clock network delay (ideal)              0.40       0.40
  input external delay                     2.00       2.40 f
  TM0 (in)                                 0.00 @     2.40 f
  U3009/Y (INVX1_RVT)                      0.19 @     2.59 r
  U6227/Y (XNOR3X1_RVT)                    0.33 &     2.93 r
  U6055/Y (XNOR2X1_RVT)                    0.18 &     3.10 r
  DATA_9_0 (out)                           0.00 &     3.10 r
  data arrival time                                   3.10

  clock ideal_clock1 (rise edge)          10.00      10.00
  clock network delay (ideal)              0.40      10.40
  clock uncertainty                       -0.05      10.35
  output external delay                   -2.00       8.35
  data required time                                  8.35
  -----------------------------------------------------------
  data required time                                  8.35
  data arrival time                                  -3.10
  -----------------------------------------------------------
  slack (MET)                                         5.25


  Startpoint: TM0 (input port clocked by ideal_clock1)
  Endpoint: DATA_9_13 (output port clocked by ideal_clock1)
  Path Group: ideal_clock1
  Path Type: max

  Point                                    Incr       Path
  -----------------------------------------------------------
  clock ideal_clock1 (rise edge)           0.00       0.00
  clock network delay (ideal)              0.40       0.40
  input external delay                     2.00       2.40 f
  TM0 (in)                                 0.00 @     2.40 f
  U3009/Y (INVX1_RVT)                      0.19 @     2.59 r
  U3950/Y (XNOR3X1_RVT)                    0.33 &     2.92 r
  U6045/Y (XNOR2X1_RVT)                    0.18 &     3.10 r
  DATA_9_13 (out)                          0.00 &     3.10 r
  data arrival time                                   3.10

  clock ideal_clock1 (rise edge)          10.00      10.00
  clock network delay (ideal)              0.40      10.40
  clock uncertainty                       -0.05      10.35
  output external delay                   -2.00       8.35
  data required time                                  8.35
  -----------------------------------------------------------
  data required time                                  8.35
  data arrival time                                  -3.10
  -----------------------------------------------------------
  slack (MET)                                         5.25


  Startpoint: TM0 (input port clocked by ideal_clock1)
  Endpoint: DATA_9_15 (output port clocked by ideal_clock1)
  Path Group: ideal_clock1
  Path Type: max

  Point                                    Incr       Path
  -----------------------------------------------------------
  clock ideal_clock1 (rise edge)           0.00       0.00
  clock network delay (ideal)              0.40       0.40
  input external delay                     2.00       2.40 f
  TM0 (in)                                 0.00 @     2.40 f
  U3009/Y (INVX1_RVT)                      0.19 @     2.59 r
  U6222/Y (XNOR3X1_RVT)                    0.33 &     2.93 r
  U6009/Y (XNOR2X1_RVT)                    0.17 &     3.10 r
  DATA_9_15 (out)                          0.00 &     3.10 r
  data arrival time                                   3.10

  clock ideal_clock1 (rise edge)          10.00      10.00
  clock network delay (ideal)              0.40      10.40
  clock uncertainty                       -0.05      10.35
  output external delay                   -2.00       8.35
  data required time                                  8.35
  -----------------------------------------------------------
  data required time                                  8.35
  data arrival time                                  -3.10
  -----------------------------------------------------------
  slack (MET)                                         5.25


  Startpoint: TM0 (input port clocked by ideal_clock1)
  Endpoint: DATA_9_3 (output port clocked by ideal_clock1)
  Path Group: ideal_clock1
  Path Type: max

  Point                                    Incr       Path
  -----------------------------------------------------------
  clock ideal_clock1 (rise edge)           0.00       0.00
  clock network delay (ideal)              0.40       0.40
  input external delay                     2.00       2.40 f
  TM0 (in)                                 0.00 @     2.40 f
  U3009/Y (INVX1_RVT)                      0.19 @     2.59 r
  U6477/Y (XNOR3X1_RVT)                    0.33 &     2.93 r
  U6025/Y (XNOR2X1_RVT)                    0.17 &     3.09 r
  DATA_9_3 (out)                           0.00 &     3.09 r
  data arrival time                                   3.09

  clock ideal_clock1 (rise edge)          10.00      10.00
  clock network delay (ideal)              0.40      10.40
  clock uncertainty                       -0.05      10.35
  output external delay                   -2.00       8.35
  data required time                                  8.35
  -----------------------------------------------------------
  data required time                                  8.35
  data arrival time                                  -3.09
  -----------------------------------------------------------
  slack (MET)                                         5.26


  Startpoint: TM0 (input port clocked by ideal_clock1)
  Endpoint: DATA_9_9 (output port clocked by ideal_clock1)
  Path Group: ideal_clock1
  Path Type: max

  Point                                    Incr       Path
  -----------------------------------------------------------
  clock ideal_clock1 (rise edge)           0.00       0.00
  clock network delay (ideal)              0.40       0.40
  input external delay                     2.00       2.40 f
  TM0 (in)                                 0.00 @     2.40 f
  U3009/Y (INVX1_RVT)                      0.19 @     2.59 r
  U6475/Y (XNOR3X1_RVT)                    0.34 &     2.94 r
  U6011/Y (XNOR2X1_RVT)                    0.16 &     3.09 r
  DATA_9_9 (out)                           0.00 &     3.09 r
  data arrival time                                   3.09

  clock ideal_clock1 (rise edge)          10.00      10.00
  clock network delay (ideal)              0.40      10.40
  clock uncertainty                       -0.05      10.35
  output external delay                   -2.00       8.35
  data required time                                  8.35
  -----------------------------------------------------------
  data required time                                  8.35
  data arrival time                                  -3.09
  -----------------------------------------------------------
  slack (MET)                                         5.26


  Startpoint: TM0 (input port clocked by ideal_clock1)
  Endpoint: DATA_9_4 (output port clocked by ideal_clock1)
  Path Group: ideal_clock1
  Path Type: max

  Point                                    Incr       Path
  -----------------------------------------------------------
  clock ideal_clock1 (rise edge)           0.00       0.00
  clock network delay (ideal)              0.40       0.40
  input external delay                     2.00       2.40 f
  TM0 (in)                                 0.00 @     2.40 f
  U3009/Y (INVX1_RVT)                      0.19 @     2.59 r
  U6467/Y (XNOR3X1_RVT)                    0.33 &     2.92 r
  U6021/Y (XNOR2X1_RVT)                    0.17 &     3.09 r
  DATA_9_4 (out)                           0.00 &     3.09 r
  data arrival time                                   3.09

  clock ideal_clock1 (rise edge)          10.00      10.00
  clock network delay (ideal)              0.40      10.40
  clock uncertainty                       -0.05      10.35
  output external delay                   -2.00       8.35
  data required time                                  8.35
  -----------------------------------------------------------
  data required time                                  8.35
  data arrival time                                  -3.09
  -----------------------------------------------------------
  slack (MET)                                         5.26


  Startpoint: TM0 (input port clocked by ideal_clock1)
  Endpoint: DATA_9_1 (output port clocked by ideal_clock1)
  Path Group: ideal_clock1
  Path Type: max

  Point                                    Incr       Path
  -----------------------------------------------------------
  clock ideal_clock1 (rise edge)           0.00       0.00
  clock network delay (ideal)              0.40       0.40
  input external delay                     2.00       2.40 f
  TM0 (in)                                 0.00 @     2.40 f
  U3009/Y (INVX1_RVT)                      0.19 @     2.59 r
  U6231/Y (XNOR3X1_RVT)                    0.33 &     2.93 r
  U6053/Y (XNOR2X1_RVT)                    0.16 &     3.09 r
  DATA_9_1 (out)                           0.00 &     3.09 r
  data arrival time                                   3.09

  clock ideal_clock1 (rise edge)          10.00      10.00
  clock network delay (ideal)              0.40      10.40
  clock uncertainty                       -0.05      10.35
  output external delay                   -2.00       8.35
  data required time                                  8.35
  -----------------------------------------------------------
  data required time                                  8.35
  data arrival time                                  -3.09
  -----------------------------------------------------------
  slack (MET)                                         5.26


  Startpoint: TM0 (input port clocked by ideal_clock1)
  Endpoint: DATA_9_7 (output port clocked by ideal_clock1)
  Path Group: ideal_clock1
  Path Type: max

  Point                                    Incr       Path
  -----------------------------------------------------------
  clock ideal_clock1 (rise edge)           0.00       0.00
  clock network delay (ideal)              0.40       0.40
  input external delay                     2.00       2.40 f
  TM0 (in)                                 0.00 @     2.40 f
  U3009/Y (INVX1_RVT)                      0.19 @     2.59 r
  U6229/Y (XNOR3X1_RVT)                    0.33 &     2.93 r
  U6015/Y (XNOR2X1_RVT)                    0.16 &     3.08 r
  DATA_9_7 (out)                           0.00 &     3.08 r
  data arrival time                                   3.08

  clock ideal_clock1 (rise edge)          10.00      10.00
  clock network delay (ideal)              0.40      10.40
  clock uncertainty                       -0.05      10.35
  output external delay                   -2.00       8.35
  data required time                                  8.35
  -----------------------------------------------------------
  data required time                                  8.35
  data arrival time                                  -3.08
  -----------------------------------------------------------
  slack (MET)                                         5.27


  Startpoint: TM0 (input port clocked by ideal_clock1)
  Endpoint: DATA_9_8 (output port clocked by ideal_clock1)
  Path Group: ideal_clock1
  Path Type: max

  Point                                    Incr       Path
  -----------------------------------------------------------
  clock ideal_clock1 (rise edge)           0.00       0.00
  clock network delay (ideal)              0.40       0.40
  input external delay                     2.00       2.40 f
  TM0 (in)                                 0.00 @     2.40 f
  U3009/Y (INVX1_RVT)                      0.19 @     2.59 r
  U6463/Y (XNOR3X1_RVT)                    0.33 &     2.93 r
  U6013/Y (XNOR2X1_RVT)                    0.15 &     3.08 r
  DATA_9_8 (out)                           0.00 &     3.08 r
  data arrival time                                   3.08

  clock ideal_clock1 (rise edge)          10.00      10.00
  clock network delay (ideal)              0.40      10.40
  clock uncertainty                       -0.05      10.35
  output external delay                   -2.00       8.35
  data required time                                  8.35
  -----------------------------------------------------------
  data required time                                  8.35
  data arrival time                                  -3.08
  -----------------------------------------------------------
  slack (MET)                                         5.27


  Startpoint: TM0 (input port clocked by ideal_clock1)
  Endpoint: DATA_9_2 (output port clocked by ideal_clock1)
  Path Group: ideal_clock1
  Path Type: max

  Point                                    Incr       Path
  -----------------------------------------------------------
  clock ideal_clock1 (rise edge)           0.00       0.00
  clock network delay (ideal)              0.40       0.40
  input external delay                     2.00       2.40 f
  TM0 (in)                                 0.00 @     2.40 f
  U3009/Y (INVX1_RVT)                      0.19 @     2.59 r
  U6469/Y (XNOR3X1_RVT)                    0.33 &     2.92 r
  U6033/Y (XNOR2X1_RVT)                    0.16 &     3.08 r
  DATA_9_2 (out)                           0.00 &     3.08 r
  data arrival time                                   3.08

  clock ideal_clock1 (rise edge)          10.00      10.00
  clock network delay (ideal)              0.40      10.40
  clock uncertainty                       -0.05      10.35
  output external delay                   -2.00       8.35
  data required time                                  8.35
  -----------------------------------------------------------
  data required time                                  8.35
  data arrival time                                  -3.08
  -----------------------------------------------------------
  slack (MET)                                         5.27


  Startpoint: TM0 (input port clocked by ideal_clock1)
  Endpoint: DATA_9_5 (output port clocked by ideal_clock1)
  Path Group: ideal_clock1
  Path Type: max

  Point                                    Incr       Path
  -----------------------------------------------------------
  clock ideal_clock1 (rise edge)           0.00       0.00
  clock network delay (ideal)              0.40       0.40
  input external delay                     2.00       2.40 f
  TM0 (in)                                 0.00 @     2.40 f
  U3009/Y (INVX1_RVT)                      0.19 @     2.59 r
  U6224/Y (XNOR3X1_RVT)                    0.33 &     2.92 r
  U6019/Y (XNOR2X1_RVT)                    0.16 &     3.08 r
  DATA_9_5 (out)                           0.00 &     3.08 r
  data arrival time                                   3.08

  clock ideal_clock1 (rise edge)          10.00      10.00
  clock network delay (ideal)              0.40      10.40
  clock uncertainty                       -0.05      10.35
  output external delay                   -2.00       8.35
  data required time                                  8.35
  -----------------------------------------------------------
  data required time                                  8.35
  data arrival time                                  -3.08
  -----------------------------------------------------------
  slack (MET)                                         5.27


  Startpoint: TM0 (input port clocked by ideal_clock1)
  Endpoint: DATA_9_6 (output port clocked by ideal_clock1)
  Path Group: ideal_clock1
  Path Type: max

  Point                                    Incr       Path
  -----------------------------------------------------------
  clock ideal_clock1 (rise edge)           0.00       0.00
  clock network delay (ideal)              0.40       0.40
  input external delay                     2.00       2.40 f
  TM0 (in)                                 0.00 @     2.40 f
  U3009/Y (INVX1_RVT)                      0.19 @     2.59 r
  U6481/Y (XNOR3X1_RVT)                    0.32 &     2.92 r
  U6017/Y (XNOR2X1_RVT)                    0.16 &     3.08 r
  DATA_9_6 (out)                           0.00 &     3.08 r
  data arrival time                                   3.08

  clock ideal_clock1 (rise edge)          10.00      10.00
  clock network delay (ideal)              0.40      10.40
  clock uncertainty                       -0.05      10.35
  output external delay                   -2.00       8.35
  data required time                                  8.35
  -----------------------------------------------------------
  data required time                                  8.35
  data arrival time                                  -3.08
  -----------------------------------------------------------
  slack (MET)                                         5.27


  Startpoint: TM0 (input port clocked by ideal_clock1)
  Endpoint: DFF_1407/q_reg
            (rising edge-triggered flip-flop clocked by ideal_clock1)
  Path Group: ideal_clock1
  Path Type: max

  Point                                    Incr       Path
  -----------------------------------------------------------
  clock ideal_clock1 (rise edge)           0.00       0.00
  clock network delay (ideal)              0.40       0.40
  input external delay                     2.00       2.40 r
  TM0 (in)                                 0.00 @     2.40 r
  U3009/Y (INVX1_RVT)                      0.19 @     2.59 f
  U7158/Y (AND3X1_RVT)                     0.48 &     3.06 f
  U3027/Y (NBUFFX2_RVT)                    0.26 c     3.33 f
  U3028/Y (INVX0_RVT)                      0.14 c     3.47 r
  U6995/Y (OAI22X1_RVT)                    0.14 &     3.61 f
  U6988/Y (AO221X1_RVT)                    0.07 &     3.68 f
  DFF_1407/d (dff_321)                     0.00       3.68 f
  DFF_1407/q_reg/D (DFFX1_RVT)             0.00 &     3.68 f
  data arrival time                                   3.68

  clock ideal_clock1 (rise edge)          10.00      10.00
  clock network delay (propagated)         0.15      10.15
  clock uncertainty                       -0.05      10.10
  DFF_1407/q_reg/CLK (DFFX1_RVT)           0.00      10.10 r
  library setup time                      -0.02      10.08
  data required time                                 10.08
  -----------------------------------------------------------
  data required time                                 10.08
  data arrival time                                  -3.68
  -----------------------------------------------------------
  slack (MET)                                         6.40


  Startpoint: TM0 (input port clocked by ideal_clock1)
  Endpoint: DFF_48/q_reg
            (rising edge-triggered flip-flop clocked by ideal_clock1)
  Path Group: ideal_clock1
  Path Type: max

  Point                                    Incr       Path
  -----------------------------------------------------------
  clock ideal_clock1 (rise edge)           0.00       0.00
  clock network delay (ideal)              0.40       0.40
  input external delay                     2.00       2.40 r
  TM0 (in)                                 0.00 @     2.40 r
  U3009/Y (INVX1_RVT)                      0.19 @     2.59 f
  U7158/Y (AND3X1_RVT)                     0.48 &     3.06 f
  U3027/Y (NBUFFX2_RVT)                    0.26 c     3.33 f
  U3028/Y (INVX0_RVT)                      0.14 c     3.47 r
  U6921/Y (OAI22X1_RVT)                    0.13 &     3.60 f
  U6863/Y (AO221X1_RVT)                    0.07 &     3.66 f
  DFF_48/d (dff_1680)                      0.00       3.66 f
  DFF_48/q_reg/D (DFFX1_RVT)               0.00 &     3.66 f
  data arrival time                                   3.66

  clock ideal_clock1 (rise edge)          10.00      10.00
  clock network delay (propagated)         0.15      10.15
  clock uncertainty                       -0.05      10.10
  DFF_48/q_reg/CLK (DFFX1_RVT)             0.00      10.10 r
  library setup time                      -0.02      10.08
  data required time                                 10.08
  -----------------------------------------------------------
  data required time                                 10.08
  data arrival time                                  -3.66
  -----------------------------------------------------------
  slack (MET)                                         6.41


  Startpoint: TM0 (input port clocked by ideal_clock1)
  Endpoint: DFF_1020/q_reg
            (rising edge-triggered flip-flop clocked by ideal_clock1)
  Path Group: ideal_clock1
  Path Type: max

  Point                                    Incr       Path
  -----------------------------------------------------------
  clock ideal_clock1 (rise edge)           0.00       0.00
  clock network delay (ideal)              0.40       0.40
  input external delay                     2.00       2.40 r
  TM0 (in)                                 0.00 @     2.40 r
  U3009/Y (INVX1_RVT)                      0.19 @     2.59 f
  U7158/Y (AND3X1_RVT)                     0.48 &     3.06 f
  U3025/Y (NBUFFX2_RVT)                    0.28 c     3.34 f
  U4969/Y (AO22X1_RVT)                     0.17 c     3.52 f
  U4968/Y (AO221X1_RVT)                    0.08 &     3.60 f
  DFF_1020/d (dff_708)                     0.00       3.60 f
  DFF_1020/q_reg/D (DFFX1_RVT)             0.00 &     3.60 f
  data arrival time                                   3.60

  clock ideal_clock1 (rise edge)          10.00      10.00
  clock network delay (propagated)         0.13      10.13
  clock uncertainty                       -0.05      10.08
  DFF_1020/q_reg/CLK (DFFX1_RVT)           0.00      10.08 r
  library setup time                      -0.06      10.03
  data required time                                 10.03
  -----------------------------------------------------------
  data required time                                 10.03
  data arrival time                                  -3.60
  -----------------------------------------------------------
  slack (MET)                                         6.43


  Startpoint: TM0 (input port clocked by ideal_clock1)
  Endpoint: DFF_1018/q_reg
            (rising edge-triggered flip-flop clocked by ideal_clock1)
  Path Group: ideal_clock1
  Path Type: max

  Point                                    Incr       Path
  -----------------------------------------------------------
  clock ideal_clock1 (rise edge)           0.00       0.00
  clock network delay (ideal)              0.40       0.40
  input external delay                     2.00       2.40 r
  TM0 (in)                                 0.00 @     2.40 r
  U3009/Y (INVX1_RVT)                      0.19 @     2.59 f
  U7158/Y (AND3X1_RVT)                     0.48 &     3.06 f
  U3025/Y (NBUFFX2_RVT)                    0.28 c     3.34 f
  U5947/Y (AO22X1_RVT)                     0.18 c     3.52 f
  U6851/Y (AO221X1_RVT)                    0.08 &     3.60 f
  DFF_1018/d (dff_710)                     0.00       3.60 f
  DFF_1018/q_reg/D (DFFX1_RVT)             0.00 &     3.60 f
  data arrival time                                   3.60

  clock ideal_clock1 (rise edge)          10.00      10.00
  clock network delay (propagated)         0.14      10.14
  clock uncertainty                       -0.05      10.09
  DFF_1018/q_reg/CLK (DFFX1_RVT)           0.00      10.09 r
  library setup time                      -0.05      10.04
  data required time                                 10.04
  -----------------------------------------------------------
  data required time                                 10.04
  data arrival time                                  -3.60
  -----------------------------------------------------------
  slack (MET)                                         6.44


  Startpoint: TM0 (input port clocked by ideal_clock1)
  Endpoint: DFF_810/q_reg
            (rising edge-triggered flip-flop clocked by ideal_clock1)
  Path Group: ideal_clock1
  Path Type: max

  Point                                    Incr       Path
  -----------------------------------------------------------
  clock ideal_clock1 (rise edge)           0.00       0.00
  clock network delay (ideal)              0.40       0.40
  input external delay                     2.00       2.40 r
  TM0 (in)                                 0.00 @     2.40 r
  U3009/Y (INVX1_RVT)                      0.19 @     2.59 f
  U7158/Y (AND3X1_RVT)                     0.48 &     3.06 f
  U3032/Y (NBUFFX2_RVT)                    0.28 c     3.34 f
  U7103/Y (AO22X1_RVT)                     0.18 c     3.52 f
  U7102/Y (AO221X1_RVT)                    0.08 &     3.60 f
  DFF_810/d (dff_918)                      0.00       3.60 f
  DFF_810/q_reg/D (DFFX1_RVT)              0.00 &     3.60 f
  data arrival time                                   3.60

  clock ideal_clock1 (rise edge)          10.00      10.00
  clock network delay (propagated)         0.14      10.14
  clock uncertainty                       -0.05      10.09
  DFF_810/q_reg/CLK (DFFX1_RVT)            0.00      10.09 r
  library setup time                      -0.05      10.04
  data required time                                 10.04
  -----------------------------------------------------------
  data required time                                 10.04
  data arrival time                                  -3.60
  -----------------------------------------------------------
  slack (MET)                                         6.44


  Startpoint: TM0 (input port clocked by ideal_clock1)
  Endpoint: DFF_438/q_reg
            (rising edge-triggered flip-flop clocked by ideal_clock1)
  Path Group: ideal_clock1
  Path Type: max

  Point                                    Incr       Path
  -----------------------------------------------------------
  clock ideal_clock1 (rise edge)           0.00       0.00
  clock network delay (ideal)              0.40       0.40
  input external delay                     2.00       2.40 r
  TM0 (in)                                 0.00 @     2.40 r
  U3009/Y (INVX1_RVT)                      0.19 @     2.59 f
  U7158/Y (AND3X1_RVT)                     0.48 &     3.06 f
  U3032/Y (NBUFFX2_RVT)                    0.28 c     3.34 f
  U5933/Y (AO22X1_RVT)                     0.17 c     3.52 f
  U6799/Y (AO221X1_RVT)                    0.08 &     3.59 f
  DFF_438/d (dff_1290)                     0.00       3.59 f
  DFF_438/q_reg/D (DFFX1_RVT)              0.00 &     3.59 f
  data arrival time                                   3.59

  clock ideal_clock1 (rise edge)          10.00      10.00
  clock network delay (propagated)         0.14      10.14
  clock uncertainty                       -0.05      10.09
  DFF_438/q_reg/CLK (DFFX1_RVT)            0.00      10.09 r
  library setup time                      -0.05      10.04
  data required time                                 10.04
  -----------------------------------------------------------
  data required time                                 10.04
  data arrival time                                  -3.59
  -----------------------------------------------------------
  slack (MET)                                         6.44


  Startpoint: TM1 (input port clocked by ideal_clock1)
  Endpoint: DFF_1194/q_reg
            (rising edge-triggered flip-flop clocked by ideal_clock1)
  Path Group: ideal_clock1
  Path Type: max

  Point                                    Incr       Path
  -----------------------------------------------------------
  clock ideal_clock1 (rise edge)           0.00       0.00
  clock network delay (ideal)              0.40       0.40
  input external delay                     2.00       2.40 f
  TM1 (in)                                 0.00 @     2.40 f
  U3012/Y (INVX1_RVT)                      0.39 @     2.79 r
  U6241/Y (XNOR3X1_RVT)                    0.54 &     3.32 r
  U5055/Y (AO22X1_RVT)                     0.16 &     3.49 r
  U5054/Y (AO221X1_RVT)                    0.10 &     3.58 r
  DFF_1194/d (dff_534)                     0.00       3.58 r
  DFF_1194/q_reg/D (DFFX1_RVT)             0.00 &     3.58 r
  data arrival time                                   3.58

  clock ideal_clock1 (rise edge)          10.00      10.00
  clock network delay (propagated)         0.15      10.15
  clock uncertainty                       -0.05      10.10
  DFF_1194/q_reg/CLK (DFFX1_RVT)           0.00      10.10 r
  library setup time                      -0.06      10.04
  data required time                                 10.04
  -----------------------------------------------------------
  data required time                                 10.04
  data arrival time                                  -3.58
  -----------------------------------------------------------
  slack (MET)                                         6.46


  Startpoint: TM0 (input port clocked by ideal_clock1)
  Endpoint: DFF_1002/q_reg
            (rising edge-triggered flip-flop clocked by ideal_clock1)
  Path Group: ideal_clock1
  Path Type: max

  Point                                    Incr       Path
  -----------------------------------------------------------
  clock ideal_clock1 (rise edge)           0.00       0.00
  clock network delay (ideal)              0.40       0.40
  input external delay                     2.00       2.40 r
  TM0 (in)                                 0.00 @     2.40 r
  U3009/Y (INVX1_RVT)                      0.19 @     2.59 f
  U7158/Y (AND3X1_RVT)                     0.48 &     3.06 f
  U3025/Y (NBUFFX2_RVT)                    0.28 c     3.34 f
  U4000/Y (AO22X1_RVT)                     0.18 c     3.52 f
  U5045/Y (AO221X1_RVT)                    0.08 &     3.60 f
  DFF_1002/d (dff_726)                     0.00       3.60 f
  DFF_1002/q_reg/D (DFFX1_RVT)             0.00 &     3.60 f
  data arrival time                                   3.60

  clock ideal_clock1 (rise edge)          10.00      10.00
  clock network delay (propagated)         0.14      10.14
  clock uncertainty                       -0.05      10.09
  DFF_1002/q_reg/CLK (DFFX1_RVT)           0.00      10.09 r
  library setup time                      -0.03      10.07
  data required time                                 10.07
  -----------------------------------------------------------
  data required time                                 10.07
  data arrival time                                  -3.60
  -----------------------------------------------------------
  slack (MET)                                         6.46


  Startpoint: TM0 (input port clocked by ideal_clock1)
  Endpoint: DFF_613/q_reg
            (rising edge-triggered flip-flop clocked by ideal_clock1)
  Path Group: ideal_clock1
  Path Type: max

  Point                                    Incr       Path
  -----------------------------------------------------------
  clock ideal_clock1 (rise edge)           0.00       0.00
  clock network delay (ideal)              0.40       0.40
  input external delay                     2.00       2.40 r
  TM0 (in)                                 0.00 @     2.40 r
  U3009/Y (INVX1_RVT)                      0.19 @     2.59 f
  U7158/Y (AND3X1_RVT)                     0.48 &     3.06 f
  U3025/Y (NBUFFX2_RVT)                    0.28 c     3.34 f
  U4051/Y (AO22X1_RVT)                     0.18 c     3.52 f
  U5031/Y (AO221X1_RVT)                    0.08 &     3.60 f
  DFF_613/d (dff_1115)                     0.00       3.60 f
  DFF_613/q_reg/D (DFFX1_RVT)              0.00 &     3.60 f
  data arrival time                                   3.60

  clock ideal_clock1 (rise edge)          10.00      10.00
  clock network delay (propagated)         0.14      10.14
  clock uncertainty                       -0.05      10.09
  DFF_613/q_reg/CLK (DFFX1_RVT)            0.00      10.09 r
  library setup time                      -0.02      10.07
  data required time                                 10.07
  -----------------------------------------------------------
  data required time                                 10.07
  data arrival time                                  -3.60
  -----------------------------------------------------------
  slack (MET)                                         6.47


  Startpoint: TM0 (input port clocked by ideal_clock1)
  Endpoint: DFF_253/q_reg
            (rising edge-triggered flip-flop clocked by ideal_clock1)
  Path Group: ideal_clock1
  Path Type: max

  Point                                    Incr       Path
  -----------------------------------------------------------
  clock ideal_clock1 (rise edge)           0.00       0.00
  clock network delay (ideal)              0.40       0.40
  input external delay                     2.00       2.40 r
  TM0 (in)                                 0.00 @     2.40 r
  U3009/Y (INVX1_RVT)                      0.19 @     2.59 f
  U7158/Y (AND3X1_RVT)                     0.48 &     3.06 f
  U3026/Y (NBUFFX2_RVT)                    0.27 c     3.34 f
  U5958/Y (AO22X1_RVT)                     0.18 c     3.52 f
  U6969/Y (AO221X1_RVT)                    0.09 &     3.61 f
  DFF_253/d (dff_1475)                     0.00       3.61 f
  DFF_253/q_reg/D (DFFX1_RVT)              0.00 &     3.61 f
  data arrival time                                   3.61

  clock ideal_clock1 (rise edge)          10.00      10.00
  clock network delay (propagated)         0.16      10.16
  clock uncertainty                       -0.05      10.11
  DFF_253/q_reg/CLK (DFFX1_RVT)            0.00      10.11 r
  library setup time                      -0.03      10.08
  data required time                                 10.08
  -----------------------------------------------------------
  data required time                                 10.08
  data arrival time                                  -3.61
  -----------------------------------------------------------
  slack (MET)                                         6.47


  Startpoint: TM0 (input port clocked by ideal_clock1)
  Endpoint: DFF_612/q_reg
            (rising edge-triggered flip-flop clocked by ideal_clock1)
  Path Group: ideal_clock1
  Path Type: max

  Point                                    Incr       Path
  -----------------------------------------------------------
  clock ideal_clock1 (rise edge)           0.00       0.00
  clock network delay (ideal)              0.40       0.40
  input external delay                     2.00       2.40 r
  TM0 (in)                                 0.00 @     2.40 r
  U3009/Y (INVX1_RVT)                      0.19 @     2.59 f
  U7158/Y (AND3X1_RVT)                     0.48 &     3.06 f
  U3025/Y (NBUFFX2_RVT)                    0.28 c     3.34 f
  U5983/Y (AO22X1_RVT)                     0.18 c     3.53 f
  U7043/Y (AO221X1_RVT)                    0.07 &     3.60 f
  DFF_612/d (dff_1116)                     0.00       3.60 f
  DFF_612/q_reg/D (DFFX1_RVT)              0.00 &     3.60 f
  data arrival time                                   3.60

  clock ideal_clock1 (rise edge)          10.00      10.00
  clock network delay (propagated)         0.14      10.14
  clock uncertainty                       -0.05      10.09
  DFF_612/q_reg/CLK (DFFX1_RVT)            0.00      10.09 r
  library setup time                      -0.02      10.07
  data required time                                 10.07
  -----------------------------------------------------------
  data required time                                 10.07
  data arrival time                                  -3.60
  -----------------------------------------------------------
  slack (MET)                                         6.47


  Startpoint: TM0 (input port clocked by ideal_clock1)
  Endpoint: DFF_419/q_reg
            (rising edge-triggered flip-flop clocked by ideal_clock1)
  Path Group: ideal_clock1
  Path Type: max

  Point                                    Incr       Path
  -----------------------------------------------------------
  clock ideal_clock1 (rise edge)           0.00       0.00
  clock network delay (ideal)              0.40       0.40
  input external delay                     2.00       2.40 r
  TM0 (in)                                 0.00 @     2.40 r
  U3009/Y (INVX1_RVT)                      0.19 @     2.59 f
  U7158/Y (AND3X1_RVT)                     0.48 &     3.06 f
  U3025/Y (NBUFFX2_RVT)                    0.28 c     3.34 f
  U7012/Y (AO22X1_RVT)                     0.18 c     3.53 f
  U7011/Y (AO221X1_RVT)                    0.08 &     3.61 f
  DFF_419/d (dff_1309)                     0.00       3.61 f
  DFF_419/q_reg/D (DFFX1_RVT)              0.00 &     3.61 f
  data arrival time                                   3.61

  clock ideal_clock1 (rise edge)          10.00      10.00
  clock network delay (propagated)         0.15      10.15
  clock uncertainty                       -0.05      10.10
  DFF_419/q_reg/CLK (DFFX1_RVT)            0.00      10.10 r
  library setup time                      -0.02      10.08
  data required time                                 10.08
  -----------------------------------------------------------
  data required time                                 10.08
  data arrival time                                  -3.61
  -----------------------------------------------------------
  slack (MET)                                         6.47


  Startpoint: TM0 (input port clocked by ideal_clock1)
  Endpoint: DFF_1193/q_reg
            (rising edge-triggered flip-flop clocked by ideal_clock1)
  Path Group: ideal_clock1
  Path Type: max

  Point                                    Incr       Path
  -----------------------------------------------------------
  clock ideal_clock1 (rise edge)           0.00       0.00
  clock network delay (ideal)              0.40       0.40
  input external delay                     2.00       2.40 r
  TM0 (in)                                 0.00 @     2.40 r
  U3009/Y (INVX1_RVT)                      0.19 @     2.59 f
  U7158/Y (AND3X1_RVT)                     0.48 &     3.06 f
  U3032/Y (NBUFFX2_RVT)                    0.28 c     3.34 f
  U7014/Y (AO22X1_RVT)                     0.18 c     3.52 f
  U7013/Y (AO221X1_RVT)                    0.08 &     3.61 f
  DFF_1193/d (dff_535)                     0.00       3.61 f
  DFF_1193/q_reg/D (DFFX1_RVT)             0.00 &     3.61 f
  data arrival time                                   3.61

  clock ideal_clock1 (rise edge)          10.00      10.00
  clock network delay (propagated)         0.15      10.15
  clock uncertainty                       -0.05      10.10
  DFF_1193/q_reg/CLK (DFFX1_RVT)           0.00      10.10 r
  library setup time                      -0.02      10.08
  data required time                                 10.08
  -----------------------------------------------------------
  data required time                                 10.08
  data arrival time                                  -3.61
  -----------------------------------------------------------
  slack (MET)                                         6.47


  Startpoint: TM0 (input port clocked by ideal_clock1)
  Endpoint: DFF_615/q_reg
            (rising edge-triggered flip-flop clocked by ideal_clock1)
  Path Group: ideal_clock1
  Path Type: max

  Point                                    Incr       Path
  -----------------------------------------------------------
  clock ideal_clock1 (rise edge)           0.00       0.00
  clock network delay (ideal)              0.40       0.40
  input external delay                     2.00       2.40 r
  TM0 (in)                                 0.00 @     2.40 r
  U3009/Y (INVX1_RVT)                      0.19 @     2.59 f
  U7158/Y (AND3X1_RVT)                     0.48 &     3.06 f
  U3025/Y (NBUFFX2_RVT)                    0.28 c     3.34 f
  U4049/Y (AO22X1_RVT)                     0.18 c     3.52 f
  U6887/Y (AO221X1_RVT)                    0.08 &     3.60 f
  DFF_615/d (dff_1113)                     0.00       3.60 f
  DFF_615/q_reg/D (DFFX1_RVT)              0.00 &     3.60 f
  data arrival time                                   3.60

  clock ideal_clock1 (rise edge)          10.00      10.00
  clock network delay (propagated)         0.14      10.14
  clock uncertainty                       -0.05      10.09
  DFF_615/q_reg/CLK (DFFX1_RVT)            0.00      10.09 r
  library setup time                      -0.02      10.07
  data required time                                 10.07
  -----------------------------------------------------------
  data required time                                 10.07
  data arrival time                                  -3.60
  -----------------------------------------------------------
  slack (MET)                                         6.47


  Startpoint: TM0 (input port clocked by ideal_clock1)
  Endpoint: DFF_809/q_reg
            (rising edge-triggered flip-flop clocked by ideal_clock1)
  Path Group: ideal_clock1
  Path Type: max

  Point                                    Incr       Path
  -----------------------------------------------------------
  clock ideal_clock1 (rise edge)           0.00       0.00
  clock network delay (ideal)              0.40       0.40
  input external delay                     2.00       2.40 r
  TM0 (in)                                 0.00 @     2.40 r
  U3009/Y (INVX1_RVT)                      0.19 @     2.59 f
  U7158/Y (AND3X1_RVT)                     0.48 &     3.06 f
  U3025/Y (NBUFFX2_RVT)                    0.28 c     3.34 f
  U7093/Y (AO22X1_RVT)                     0.19 c     3.53 f
  U7092/Y (AO221X1_RVT)                    0.08 &     3.61 f
  DFF_809/d (dff_919)                      0.00       3.61 f
  DFF_809/q_reg/D (DFFX1_RVT)              0.00 &     3.61 f
  data arrival time                                   3.61

  clock ideal_clock1 (rise edge)          10.00      10.00
  clock network delay (propagated)         0.16      10.16
  clock uncertainty                       -0.05      10.11
  DFF_809/q_reg/CLK (DFFX1_RVT)            0.00      10.11 r
  library setup time                      -0.02      10.09
  data required time                                 10.09
  -----------------------------------------------------------
  data required time                                 10.09
  data arrival time                                  -3.61
  -----------------------------------------------------------
  slack (MET)                                         6.48


  Startpoint: TM0 (input port clocked by ideal_clock1)
  Endpoint: DFF_811/q_reg
            (rising edge-triggered flip-flop clocked by ideal_clock1)
  Path Group: ideal_clock1
  Path Type: max

  Point                                    Incr       Path
  -----------------------------------------------------------
  clock ideal_clock1 (rise edge)           0.00       0.00
  clock network delay (ideal)              0.40       0.40
  input external delay                     2.00       2.40 r
  TM0 (in)                                 0.00 @     2.40 r
  U3009/Y (INVX1_RVT)                      0.19 @     2.59 f
  U7158/Y (AND3X1_RVT)                     0.48 &     3.06 f
  U3032/Y (NBUFFX2_RVT)                    0.28 c     3.34 f
  U7121/Y (AO22X1_RVT)                     0.19 c     3.53 f
  U7120/Y (AO221X1_RVT)                    0.08 &     3.61 f
  DFF_811/d (dff_917)                      0.00       3.61 f
  DFF_811/q_reg/D (DFFX1_RVT)              0.00 &     3.61 f
  data arrival time                                   3.61

  clock ideal_clock1 (rise edge)          10.00      10.00
  clock network delay (propagated)         0.16      10.16
  clock uncertainty                       -0.05      10.11
  DFF_811/q_reg/CLK (DFFX1_RVT)            0.00      10.11 r
  library setup time                      -0.02      10.08
  data required time                                 10.08
  -----------------------------------------------------------
  data required time                                 10.08
  data arrival time                                  -3.61
  -----------------------------------------------------------
  slack (MET)                                         6.48


  Startpoint: TM0 (input port clocked by ideal_clock1)
  Endpoint: DFF_614/q_reg
            (rising edge-triggered flip-flop clocked by ideal_clock1)
  Path Group: ideal_clock1
  Path Type: max

  Point                                    Incr       Path
  -----------------------------------------------------------
  clock ideal_clock1 (rise edge)           0.00       0.00
  clock network delay (ideal)              0.40       0.40
  input external delay                     2.00       2.40 r
  TM0 (in)                                 0.00 @     2.40 r
  U3009/Y (INVX1_RVT)                      0.19 @     2.59 f
  U7158/Y (AND3X1_RVT)                     0.48 &     3.06 f
  U3025/Y (NBUFFX2_RVT)                    0.28 c     3.34 f
  U5984/Y (AO22X1_RVT)                     0.18 c     3.52 f
  U7030/Y (AO221X1_RVT)                    0.07 &     3.60 f
  DFF_614/d (dff_1114)                     0.00       3.60 f
  DFF_614/q_reg/D (DFFX1_RVT)              0.00 &     3.60 f
  data arrival time                                   3.60

  clock ideal_clock1 (rise edge)          10.00      10.00
  clock network delay (propagated)         0.14      10.14
  clock uncertainty                       -0.05      10.09
  DFF_614/q_reg/CLK (DFFX1_RVT)            0.00      10.09 r
  library setup time                      -0.02      10.07
  data required time                                 10.07
  -----------------------------------------------------------
  data required time                                 10.07
  data arrival time                                  -3.60
  -----------------------------------------------------------
  slack (MET)                                         6.48


  Startpoint: TM0 (input port clocked by ideal_clock1)
  Endpoint: DFF_435/q_reg
            (rising edge-triggered flip-flop clocked by ideal_clock1)
  Path Group: ideal_clock1
  Path Type: max

  Point                                    Incr       Path
  -----------------------------------------------------------
  clock ideal_clock1 (rise edge)           0.00       0.00
  clock network delay (ideal)              0.40       0.40
  input external delay                     2.00       2.40 r
  TM0 (in)                                 0.00 @     2.40 r
  U3009/Y (INVX1_RVT)                      0.19 @     2.59 f
  U7158/Y (AND3X1_RVT)                     0.48 &     3.06 f
  U3025/Y (NBUFFX2_RVT)                    0.28 c     3.34 f
  U7139/Y (AO22X1_RVT)                     0.19 c     3.53 f
  U7138/Y (AO221X1_RVT)                    0.08 &     3.61 f
  DFF_435/d (dff_1293)                     0.00       3.61 f
  DFF_435/q_reg/D (DFFX1_RVT)              0.00 &     3.61 f
  data arrival time                                   3.61

  clock ideal_clock1 (rise edge)          10.00      10.00
  clock network delay (propagated)         0.16      10.16
  clock uncertainty                       -0.05      10.11
  DFF_435/q_reg/CLK (DFFX1_RVT)            0.00      10.11 r
  library setup time                      -0.02      10.08
  data required time                                 10.08
  -----------------------------------------------------------
  data required time                                 10.08
  data arrival time                                  -3.61
  -----------------------------------------------------------
  slack (MET)                                         6.48


1
