 
****************************************
Report : cell
Design : s386
Version: L-2016.03-SP5-1
Date   : Sun Mar 10 15:00:54 2019
****************************************

Attributes:
    b - black box (unknown)
    h - hierarchical
    n - noncombinational
    r - removable
    u - contains unmapped logic

Cell                      Reference       Library             Area  Attributes
--------------------------------------------------------------------------------
DFF_0                     dff_0                           6.607744  h, n
DFF_1                     dff_5                           6.607744  h, n
DFF_2                     dff_4                           6.607744  h, n
DFF_3                     dff_3                           6.607744  h, n
DFF_4                     dff_2                           6.607744  h, n
DFF_5                     dff_1                           6.607744  h, n
U74                       INVX1_RVT       saed32rvt_ss0p95v25c
                                                          1.270720  
U75                       AND2X1_RVT      saed32rvt_ss0p95v25c
                                                          2.033152  
U76                       AND2X1_RVT      saed32rvt_ss0p95v25c
                                                          2.033152  
U77                       AO21X1_RVT      saed32rvt_ss0p95v25c
                                                          2.541440  
U78                       AND3X1_RVT      saed32rvt_ss0p95v25c
                                                          2.287296  
U79                       AND2X1_RVT      saed32rvt_ss0p95v25c
                                                          2.033152  
U80                       INVX1_RVT       saed32rvt_ss0p95v25c
                                                          1.270720  
U81                       NAND2X0_RVT     saed32rvt_ss0p95v25c
                                                          1.524864  
U82                       AO22X1_RVT      saed32rvt_ss0p95v25c
                                                          2.541440  
U83                       INVX1_RVT       saed32rvt_ss0p95v25c
                                                          1.270720  
U84                       NAND2X0_RVT     saed32rvt_ss0p95v25c
                                                          1.524864  
U85                       INVX1_RVT       saed32rvt_ss0p95v25c
                                                          1.270720  
U86                       AND2X1_RVT      saed32rvt_ss0p95v25c
                                                          2.033152  
U87                       AO22X1_RVT      saed32rvt_ss0p95v25c
                                                          2.541440  
U88                       OA21X1_RVT      saed32rvt_ss0p95v25c
                                                          2.541440  
U89                       AND2X1_RVT      saed32rvt_ss0p95v25c
                                                          2.033152  
U90                       OA22X1_RVT      saed32rvt_ss0p95v25c
                                                          2.541440  
U91                       NOR3X0_RVT      saed32rvt_ss0p95v25c
                                                          2.795584  
U92                       NAND2X0_RVT     saed32rvt_ss0p95v25c
                                                          1.524864  
U93                       INVX0_RVT       saed32rvt_ss0p95v25c
                                                          1.270720  
U94                       INVX1_RVT       saed32rvt_ss0p95v25c
                                                          1.270720  
U95                       INVX0_RVT       saed32rvt_ss0p95v25c
                                                          1.270720  
U96                       AND3X1_RVT      saed32rvt_ss0p95v25c
                                                          2.287296  
U97                       INVX1_RVT       saed32rvt_ss0p95v25c
                                                          1.270720  
U98                       INVX1_RVT       saed32rvt_ss0p95v25c
                                                          1.270720  
U99                       AND3X1_RVT      saed32rvt_ss0p95v25c
                                                          2.287296  
U100                      AO21X1_RVT      saed32rvt_ss0p95v25c
                                                          2.541440  
U101                      INVX1_RVT       saed32rvt_ss0p95v25c
                                                          1.270720  
U102                      INVX1_RVT       saed32rvt_ss0p95v25c
                                                          1.270720  
U103                      AND2X1_RVT      saed32rvt_ss0p95v25c
                                                          2.033152  
U104                      OA21X1_RVT      saed32rvt_ss0p95v25c
                                                          2.541440  
U105                      NAND3X0_RVT     saed32rvt_ss0p95v25c
                                                          1.779008  
U106                      INVX1_RVT       saed32rvt_ss0p95v25c
                                                          1.270720  
U107                      NAND4X0_RVT     saed32rvt_ss0p95v25c
                                                          2.033152  
U108                      NAND3X0_RVT     saed32rvt_ss0p95v25c
                                                          1.779008  
U109                      NAND3X0_RVT     saed32rvt_ss0p95v25c
                                                          1.779008  
U110                      AO21X1_RVT      saed32rvt_ss0p95v25c
                                                          2.541440  
U111                      NOR2X0_RVT      saed32rvt_ss0p95v25c
                                                          2.541440  
U112                      NAND2X0_RVT     saed32rvt_ss0p95v25c
                                                          1.524864  
U113                      NAND2X0_RVT     saed32rvt_ss0p95v25c
                                                          1.524864  
U114                      NAND4X0_RVT     saed32rvt_ss0p95v25c
                                                          2.033152  
U115                      AND3X1_RVT      saed32rvt_ss0p95v25c
                                                          2.287296  
U116                      AND4X1_RVT      saed32rvt_ss0p95v25c
                                                          2.541440  
U117                      AO22X1_RVT      saed32rvt_ss0p95v25c
                                                          2.541440  
U118                      NAND3X0_RVT     saed32rvt_ss0p95v25c
                                                          1.779008  
U119                      NAND3X0_RVT     saed32rvt_ss0p95v25c
                                                          1.779008  
U120                      OA21X1_RVT      saed32rvt_ss0p95v25c
                                                          2.541440  
U121                      OA21X1_RVT      saed32rvt_ss0p95v25c
                                                          2.541440  
U122                      NAND2X0_RVT     saed32rvt_ss0p95v25c
                                                          1.524864  
U123                      NAND3X0_RVT     saed32rvt_ss0p95v25c
                                                          1.779008  
U124                      NAND2X0_RVT     saed32rvt_ss0p95v25c
                                                          1.524864  
U125                      OR3X2_RVT       saed32rvt_ss0p95v25c
                                                          2.541440  
U126                      NAND2X0_RVT     saed32rvt_ss0p95v25c
                                                          1.524864  
U127                      INVX1_RVT       saed32rvt_ss0p95v25c
                                                          1.270720  
U128                      INVX1_RVT       saed32rvt_ss0p95v25c
                                                          1.270720  
U129                      OA22X1_RVT      saed32rvt_ss0p95v25c
                                                          2.541440  
U130                      NAND2X0_RVT     saed32rvt_ss0p95v25c
                                                          1.524864  
U131                      INVX1_RVT       saed32rvt_ss0p95v25c
                                                          1.270720  
U132                      INVX1_RVT       saed32rvt_ss0p95v25c
                                                          1.270720  
U133                      NAND2X0_RVT     saed32rvt_ss0p95v25c
                                                          1.524864  
U134                      AND2X1_RVT      saed32rvt_ss0p95v25c
                                                          2.033152  
U135                      OAI22X1_RVT     saed32rvt_ss0p95v25c
                                                          3.049728  
U136                      OA22X1_RVT      saed32rvt_ss0p95v25c
                                                          2.541440  
U137                      OA22X1_RVT      saed32rvt_ss0p95v25c
                                                          2.541440  
U138                      NAND3X0_RVT     saed32rvt_ss0p95v25c
                                                          1.779008  
U139                      NAND3X0_RVT     saed32rvt_ss0p95v25c
                                                          1.779008  
U140                      NAND3X0_RVT     saed32rvt_ss0p95v25c
                                                          1.779008  
U141                      AOI21X1_RVT     saed32rvt_ss0p95v25c
                                                          3.049728  
U142                      AO21X1_RVT      saed32rvt_ss0p95v25c
                                                          2.541440  
U143                      NAND2X0_RVT     saed32rvt_ss0p95v25c
                                                          1.524864  
U144                      INVX1_RVT       saed32rvt_ss0p95v25c
                                                          1.270720  
U145                      NAND3X0_RVT     saed32rvt_ss0p95v25c
                                                          1.779008  
U146                      NAND2X0_RVT     saed32rvt_ss0p95v25c
                                                          1.524864  
--------------------------------------------------------------------------------
Total 79 cells                                            179.425666
1
