 
****************************************
Report : timing
        -path full
        -delay max
        -max_paths 20
Design : s386
Version: L-2016.03-SP5-1
Date   : Wed Mar  6 21:37:59 2019
****************************************

 * Some/all delay information is back-annotated.

Operating Conditions: ss0p95v25c   Library: saed32rvt_ss0p95v25c
	Parasitic source    : LPE
	Parasitic mode      : RealRVirtualC
	Extraction mode     : MIN_MAX
	Extraction derating : 125/125/125

Information: Percent of Arnoldi-based delays =  2.45%

  Startpoint: v1 (input port clocked by ideal_clock1)
  Endpoint: v13_D_6 (output port clocked by ideal_clock1)
  Path Group: ideal_clock1
  Path Type: max

  Point                                    Incr       Path
  -----------------------------------------------------------
  clock ideal_clock1 (rise edge)           0.00       0.00
  clock network delay (ideal)              0.40       0.40
  input external delay                     2.00       2.40 f
  v1 (in)                                  0.00       2.40 f
  U98/Y (INVX1_RVT)                        0.02 *     2.42 r
  U92/Y (NAND2X0_RVT)                      0.05 *     2.47 f
  U91/Y (NOR3X0_RVT)                       0.11 *     2.58 r
  U105/Y (NAND3X0_RVT)                     0.08 *     2.66 f
  U80/Y (INVX1_RVT)                        0.06 *     2.71 r
  U87/Y (AO22X1_RVT)                       0.10 *     2.81 r
  v13_D_6 (out)                            0.00 *     2.81 r
  data arrival time                                   2.81

  clock ideal_clock1 (rise edge)           6.50       6.50
  clock network delay (ideal)              0.40       6.90
  clock uncertainty                       -0.05       6.85
  output external delay                   -2.00       4.85
  data required time                                  4.85
  -----------------------------------------------------------
  data required time                                  4.85
  data arrival time                                  -2.81
  -----------------------------------------------------------
  slack (MET)                                         2.04


  Startpoint: v3 (input port clocked by ideal_clock1)
  Endpoint: v13_D_11 (output port clocked by ideal_clock1)
  Path Group: ideal_clock1
  Path Type: max

  Point                                    Incr       Path
  -----------------------------------------------------------
  clock ideal_clock1 (rise edge)           0.00       0.00
  clock network delay (ideal)              0.40       0.40
  input external delay                     2.00       2.40 f
  v3 (in)                                  0.00       2.40 f
  U97/Y (INVX1_RVT)                        0.02 *     2.42 r
  U96/Y (AND3X1_RVT)                       0.08 *     2.49 r
  U84/Y (NAND2X0_RVT)                      0.07 *     2.56 f
  U74/Y (INVX1_RVT)                        0.06 *     2.62 r
  U110/Y (AO21X1_RVT)                      0.06 *     2.67 r
  U109/Y (NAND3X0_RVT)                     0.04 *     2.72 f
  U108/Y (NAND3X0_RVT)                     0.06 *     2.77 r
  v13_D_11 (out)                           0.00 *     2.77 r
  data arrival time                                   2.77

  clock ideal_clock1 (rise edge)           6.50       6.50
  clock network delay (ideal)              0.40       6.90
  clock uncertainty                       -0.05       6.85
  output external delay                   -2.00       4.85
  data required time                                  4.85
  -----------------------------------------------------------
  data required time                                  4.85
  data arrival time                                  -2.77
  -----------------------------------------------------------
  slack (MET)                                         2.08


  Startpoint: v3 (input port clocked by ideal_clock1)
  Endpoint: v13_D_7 (output port clocked by ideal_clock1)
  Path Group: ideal_clock1
  Path Type: max

  Point                                    Incr       Path
  -----------------------------------------------------------
  clock ideal_clock1 (rise edge)           0.00       0.00
  clock network delay (ideal)              0.40       0.40
  input external delay                     2.00       2.40 f
  v3 (in)                                  0.00       2.40 f
  U97/Y (INVX1_RVT)                        0.02 *     2.42 r
  U96/Y (AND3X1_RVT)                       0.08 *     2.49 r
  U84/Y (NAND2X0_RVT)                      0.07 *     2.56 f
  U74/Y (INVX1_RVT)                        0.06 *     2.62 r
  U77/Y (AO21X1_RVT)                       0.06 *     2.68 r
  U76/Y (AND2X1_RVT)                       0.06 *     2.74 r
  v13_D_7 (out)                            0.00 *     2.74 r
  data arrival time                                   2.74

  clock ideal_clock1 (rise edge)           6.50       6.50
  clock network delay (ideal)              0.40       6.90
  clock uncertainty                       -0.05       6.85
  output external delay                   -2.00       4.85
  data required time                                  4.85
  -----------------------------------------------------------
  data required time                                  4.85
  data arrival time                                  -2.74
  -----------------------------------------------------------
  slack (MET)                                         2.11


  Startpoint: v1 (input port clocked by ideal_clock1)
  Endpoint: v13_D_9 (output port clocked by ideal_clock1)
  Path Group: ideal_clock1
  Path Type: max

  Point                                    Incr       Path
  -----------------------------------------------------------
  clock ideal_clock1 (rise edge)           0.00       0.00
  clock network delay (ideal)              0.40       0.40
  input external delay                     2.00       2.40 f
  v1 (in)                                  0.00       2.40 f
  U98/Y (INVX1_RVT)                        0.02 *     2.42 r
  U115/Y (AND3X1_RVT)                      0.07 *     2.49 r
  U114/Y (NAND4X0_RVT)                     0.09 *     2.58 f
  U113/Y (NAND2X0_RVT)                     0.09 *     2.67 r
  v13_D_9 (out)                            0.00 *     2.67 r
  data arrival time                                   2.67

  clock ideal_clock1 (rise edge)           6.50       6.50
  clock network delay (ideal)              0.40       6.90
  clock uncertainty                       -0.05       6.85
  output external delay                   -2.00       4.85
  data required time                                  4.85
  -----------------------------------------------------------
  data required time                                  4.85
  data arrival time                                  -2.67
  -----------------------------------------------------------
  slack (MET)                                         2.18


  Startpoint: v0 (input port clocked by ideal_clock1)
  Endpoint: v13_D_8 (output port clocked by ideal_clock1)
  Path Group: ideal_clock1
  Path Type: max

  Point                                    Incr       Path
  -----------------------------------------------------------
  clock ideal_clock1 (rise edge)           0.00       0.00
  clock network delay (ideal)              0.40       0.40
  input external delay                     2.00       2.40 r
  v0 (in)                                  0.00       2.40 r
  U107/Y (NAND4X0_RVT)                     0.11 *     2.51 f
  U111/Y (NOR2X0_RVT)                      0.12 *     2.63 r
  v13_D_8 (out)                            0.00 *     2.63 r
  data arrival time                                   2.63

  clock ideal_clock1 (rise edge)           6.50       6.50
  clock network delay (ideal)              0.40       6.90
  clock uncertainty                       -0.05       6.85
  output external delay                   -2.00       4.85
  data required time                                  4.85
  -----------------------------------------------------------
  data required time                                  4.85
  data arrival time                                  -2.63
  -----------------------------------------------------------
  slack (MET)                                         2.22


  Startpoint: v0 (input port clocked by ideal_clock1)
  Endpoint: v13_D_10 (output port clocked by ideal_clock1)
  Path Group: ideal_clock1
  Path Type: max

  Point                                    Incr       Path
  -----------------------------------------------------------
  clock ideal_clock1 (rise edge)           0.00       0.00
  clock network delay (ideal)              0.40       0.40
  input external delay                     2.00       2.40 r
  v0 (in)                                  0.00       2.40 r
  U100/Y (AO21X1_RVT)                      0.07 *     2.47 r
  U99/Y (AND3X1_RVT)                       0.09 *     2.55 r
  v13_D_10 (out)                           0.00 *     2.55 r
  data arrival time                                   2.55

  clock ideal_clock1 (rise edge)           6.50       6.50
  clock network delay (ideal)              0.40       6.90
  clock uncertainty                       -0.05       6.85
  output external delay                   -2.00       4.85
  data required time                                  4.85
  -----------------------------------------------------------
  data required time                                  4.85
  data arrival time                                  -2.55
  -----------------------------------------------------------
  slack (MET)                                         2.30


  Startpoint: v0 (input port clocked by ideal_clock1)
  Endpoint: v13_D_12 (output port clocked by ideal_clock1)
  Path Group: ideal_clock1
  Path Type: max

  Point                                    Incr       Path
  -----------------------------------------------------------
  clock ideal_clock1 (rise edge)           0.00       0.00
  clock network delay (ideal)              0.40       0.40
  input external delay                     2.00       2.40 f
  v0 (in)                                  0.00       2.40 f
  U102/Y (INVX1_RVT)                       0.02 *     2.42 r
  U116/Y (AND4X1_RVT)                      0.11 *     2.53 r
  v13_D_12 (out)                           0.00 *     2.53 r
  data arrival time                                   2.53

  clock ideal_clock1 (rise edge)           6.50       6.50
  clock network delay (ideal)              0.40       6.90
  clock uncertainty                       -0.05       6.85
  output external delay                   -2.00       4.85
  data required time                                  4.85
  -----------------------------------------------------------
  data required time                                  4.85
  data arrival time                                  -2.53
  -----------------------------------------------------------
  slack (MET)                                         2.32


  Startpoint: v1 (input port clocked by ideal_clock1)
  Endpoint: DFF_0/q_reg
            (rising edge-triggered flip-flop clocked by ideal_clock1)
  Path Group: ideal_clock1
  Path Type: max

  Point                                    Incr       Path
  -----------------------------------------------------------
  clock ideal_clock1 (rise edge)           0.00       0.00
  clock network delay (ideal)              0.40       0.40
  input external delay                     2.00       2.40 f
  v1 (in)                                  0.00       2.40 f
  U98/Y (INVX1_RVT)                        0.02 *     2.42 r
  U92/Y (NAND2X0_RVT)                      0.05 *     2.47 f
  U91/Y (NOR3X0_RVT)                       0.11 *     2.58 r
  U75/Y (AND2X1_RVT)                       0.08 *     2.66 r
  U123/Y (NAND3X0_RVT)                     0.06 *     2.71 f
  U122/Y (NAND2X0_RVT)                     0.06 *     2.78 r
  DFF_0/d (dff_0)                          0.00       2.78 r
  DFF_0/q_reg/D (DFFX1_RVT)                0.00 *     2.78 r
  data arrival time                                   2.78

  clock ideal_clock1 (rise edge)           6.50       6.50
  clock network delay (propagated)         0.00       6.50
  clock uncertainty                       -0.05       6.45
  DFF_0/q_reg/CLK (DFFX1_RVT)              0.00       6.45 r
  library setup time                      -0.07       6.38
  data required time                                  6.38
  -----------------------------------------------------------
  data required time                                  6.38
  data arrival time                                  -2.78
  -----------------------------------------------------------
  slack (MET)                                         3.60


  Startpoint: v1 (input port clocked by ideal_clock1)
  Endpoint: DFF_1/q_reg
            (rising edge-triggered flip-flop clocked by ideal_clock1)
  Path Group: ideal_clock1
  Path Type: max

  Point                                    Incr       Path
  -----------------------------------------------------------
  clock ideal_clock1 (rise edge)           0.00       0.00
  clock network delay (ideal)              0.40       0.40
  input external delay                     2.00       2.40 f
  v1 (in)                                  0.00       2.40 f
  U98/Y (INVX1_RVT)                        0.02 *     2.42 r
  U92/Y (NAND2X0_RVT)                      0.05 *     2.47 f
  U91/Y (NOR3X0_RVT)                       0.11 *     2.58 r
  U105/Y (NAND3X0_RVT)                     0.08 *     2.66 f
  U80/Y (INVX1_RVT)                        0.06 *     2.71 r
  U117/Y (AO22X1_RVT)                      0.07 *     2.78 r
  DFF_1/d (dff_5)                          0.00       2.78 r
  DFF_1/q_reg/D (DFFX1_RVT)                0.00 *     2.78 r
  data arrival time                                   2.78

  clock ideal_clock1 (rise edge)           6.50       6.50
  clock network delay (propagated)         0.00       6.50
  clock uncertainty                       -0.05       6.45
  DFF_1/q_reg/CLK (DFFX1_RVT)              0.00       6.45 r
  library setup time                      -0.06       6.39
  data required time                                  6.39
  -----------------------------------------------------------
  data required time                                  6.39
  data arrival time                                  -2.78
  -----------------------------------------------------------
  slack (MET)                                         3.60


  Startpoint: v2 (input port clocked by ideal_clock1)
  Endpoint: DFF_4/q_reg
            (rising edge-triggered flip-flop clocked by ideal_clock1)
  Path Group: ideal_clock1
  Path Type: max

  Point                                    Incr       Path
  -----------------------------------------------------------
  clock ideal_clock1 (rise edge)           0.00       0.00
  clock network delay (ideal)              0.40       0.40
  input external delay                     2.00       2.40 f
  v2 (in)                                  0.00       2.40 f
  U133/Y (NAND2X0_RVT)                     0.04 *     2.44 r
  U146/Y (NAND2X0_RVT)                     0.05 *     2.49 f
  U137/Y (OA22X1_RVT)                      0.09 *     2.57 f
  U136/Y (OA22X1_RVT)                      0.07 *     2.64 f
  U135/Y (OAI22X1_RVT)                     0.09 *     2.73 r
  U134/Y (AND2X1_RVT)                      0.06 *     2.78 r
  DFF_4/d (dff_2)                          0.00       2.78 r
  DFF_4/q_reg/D (DFFX1_RVT)                0.00 *     2.78 r
  data arrival time                                   2.78

  clock ideal_clock1 (rise edge)           6.50       6.50
  clock network delay (propagated)         0.00       6.50
  clock uncertainty                       -0.05       6.45
  DFF_4/q_reg/CLK (DFFX1_RVT)              0.00       6.45 r
  library setup time                      -0.06       6.39
  data required time                                  6.39
  -----------------------------------------------------------
  data required time                                  6.39
  data arrival time                                  -2.78
  -----------------------------------------------------------
  slack (MET)                                         3.61


  Startpoint: v1 (input port clocked by ideal_clock1)
  Endpoint: DFF_2/q_reg
            (rising edge-triggered flip-flop clocked by ideal_clock1)
  Path Group: ideal_clock1
  Path Type: max

  Point                                    Incr       Path
  -----------------------------------------------------------
  clock ideal_clock1 (rise edge)           0.00       0.00
  clock network delay (ideal)              0.40       0.40
  input external delay                     2.00       2.40 r
  v1 (in)                                  0.00       2.40 r
  U98/Y (INVX1_RVT)                        0.02 *     2.42 f
  U104/Y (OA21X1_RVT)                      0.08 *     2.50 f
  U83/Y (INVX1_RVT)                        0.03 *     2.53 r
  U82/Y (AO22X1_RVT)                       0.07 *     2.59 r
  U81/Y (NAND2X0_RVT)                      0.07 *     2.66 f
  U144/Y (INVX1_RVT)                       0.05 *     2.71 r
  U142/Y (AO21X1_RVT)                      0.06 *     2.77 r
  DFF_2/d (dff_4)                          0.00       2.77 r
  DFF_2/q_reg/D (DFFX1_RVT)                0.00 *     2.77 r
  data arrival time                                   2.77

  clock ideal_clock1 (rise edge)           6.50       6.50
  clock network delay (propagated)         0.00       6.50
  clock uncertainty                       -0.05       6.45
  DFF_2/q_reg/CLK (DFFX1_RVT)              0.00       6.45 r
  library setup time                      -0.06       6.39
  data required time                                  6.39
  -----------------------------------------------------------
  data required time                                  6.39
  data arrival time                                  -2.77
  -----------------------------------------------------------
  slack (MET)                                         3.62


  Startpoint: v1 (input port clocked by ideal_clock1)
  Endpoint: DFF_3/q_reg
            (rising edge-triggered flip-flop clocked by ideal_clock1)
  Path Group: ideal_clock1
  Path Type: max

  Point                                    Incr       Path
  -----------------------------------------------------------
  clock ideal_clock1 (rise edge)           0.00       0.00
  clock network delay (ideal)              0.40       0.40
  input external delay                     2.00       2.40 f
  v1 (in)                                  0.00       2.40 f
  U98/Y (INVX1_RVT)                        0.02 *     2.42 r
  U104/Y (OA21X1_RVT)                      0.08 *     2.50 r
  U83/Y (INVX1_RVT)                        0.02 *     2.52 f
  U82/Y (AO22X1_RVT)                       0.06 *     2.58 f
  U81/Y (NAND2X0_RVT)                      0.07 *     2.65 r
  U138/Y (NAND3X0_RVT)                     0.09 *     2.74 f
  DFF_3/d (dff_3)                          0.00       2.74 f
  DFF_3/q_reg/D (DFFX1_RVT)                0.00 *     2.74 f
  data arrival time                                   2.74

  clock ideal_clock1 (rise edge)           6.50       6.50
  clock network delay (propagated)         0.00       6.50
  clock uncertainty                       -0.05       6.45
  DFF_3/q_reg/CLK (DFFX1_RVT)              0.00       6.45 r
  library setup time                      -0.08       6.37
  data required time                                  6.37
  -----------------------------------------------------------
  data required time                                  6.37
  data arrival time                                  -2.74
  -----------------------------------------------------------
  slack (MET)                                         3.63


  Startpoint: v1 (input port clocked by ideal_clock1)
  Endpoint: DFF_5/q_reg
            (rising edge-triggered flip-flop clocked by ideal_clock1)
  Path Group: ideal_clock1
  Path Type: max

  Point                                    Incr       Path
  -----------------------------------------------------------
  clock ideal_clock1 (rise edge)           0.00       0.00
  clock network delay (ideal)              0.40       0.40
  input external delay                     2.00       2.40 f
  v1 (in)                                  0.00       2.40 f
  U98/Y (INVX1_RVT)                        0.02 *     2.42 r
  U92/Y (NAND2X0_RVT)                      0.05 *     2.47 f
  U91/Y (NOR3X0_RVT)                       0.11 *     2.58 r
  U75/Y (AND2X1_RVT)                       0.08 *     2.66 r
  U120/Y (OA21X1_RVT)                      0.08 *     2.74 r
  DFF_5/d (dff_1)                          0.00       2.74 r
  DFF_5/q_reg/D (DFFX1_RVT)                0.00 *     2.74 r
  data arrival time                                   2.74

  clock ideal_clock1 (rise edge)           6.50       6.50
  clock network delay (propagated)         0.00       6.50
  clock uncertainty                       -0.05       6.45
  DFF_5/q_reg/CLK (DFFX1_RVT)              0.00       6.45 r
  library setup time                      -0.06       6.39
  data required time                                  6.39
  -----------------------------------------------------------
  data required time                                  6.39
  data arrival time                                  -2.74
  -----------------------------------------------------------
  slack (MET)                                         3.65


1
