 
****************************************
Report : timing
        -path full
        -delay max
        -max_paths 20
Design : s9234
Version: L-2016.03-SP5-1
Date   : Tue Mar  5 13:05:30 2019
****************************************

 * Some/all delay information is back-annotated.

Operating Conditions: ss0p95v25c   Library: saed32rvt_ss0p95v25c
	Parasitic source    : LPE
	Parasitic mode      : RealRVirtualC
	Extraction mode     : MIN_MAX
	Extraction derating : 125/125/125

Information: Percent of Arnoldi-based delays =  5.65%

  Startpoint: g41 (input port clocked by ideal_clock1)
  Endpoint: g6374 (output port clocked by ideal_clock1)
  Path Group: ideal_clock1
  Path Type: max

  Point                                    Incr       Path
  -----------------------------------------------------------
  clock ideal_clock1 (rise edge)           0.00       0.00
  clock network delay (ideal)              0.40       0.40
  input external delay                     2.00       2.40 r
  g41 (in)                                 0.00       2.40 r
  U1603/Y (OA21X1_RVT)                     0.08 *     2.48 r
  U1602/Y (NAND3X0_RVT)                    0.11 *     2.60 f
  U1581/Y (NOR2X0_RVT)                     0.14 *     2.74 r
  U1593/Y (NAND2X0_RVT)                    0.09 *     2.83 f
  g6374 (out)                              0.00 *     2.83 f
  data arrival time                                   2.83

  clock ideal_clock1 (rise edge)           6.50       6.50
  clock network delay (ideal)              0.40       6.90
  clock uncertainty                       -0.05       6.85
  output external delay                   -2.00       4.85
  data required time                                  4.85
  -----------------------------------------------------------
  data required time                                  4.85
  data arrival time                                  -2.83
  -----------------------------------------------------------
  slack (MET)                                         2.02


  Startpoint: g41 (input port clocked by ideal_clock1)
  Endpoint: g6372 (output port clocked by ideal_clock1)
  Path Group: ideal_clock1
  Path Type: max

  Point                                    Incr       Path
  -----------------------------------------------------------
  clock ideal_clock1 (rise edge)           0.00       0.00
  clock network delay (ideal)              0.40       0.40
  input external delay                     2.00       2.40 r
  g41 (in)                                 0.00       2.40 r
  U1603/Y (OA21X1_RVT)                     0.08 *     2.48 r
  U1602/Y (NAND3X0_RVT)                    0.11 *     2.60 f
  U1581/Y (NOR2X0_RVT)                     0.14 *     2.74 r
  U1594/Y (NAND2X0_RVT)                    0.08 *     2.82 f
  g6372 (out)                              0.00 *     2.82 f
  data arrival time                                   2.82

  clock ideal_clock1 (rise edge)           6.50       6.50
  clock network delay (ideal)              0.40       6.90
  clock uncertainty                       -0.05       6.85
  output external delay                   -2.00       4.85
  data required time                                  4.85
  -----------------------------------------------------------
  data required time                                  4.85
  data arrival time                                  -2.82
  -----------------------------------------------------------
  slack (MET)                                         2.03


  Startpoint: g41 (input port clocked by ideal_clock1)
  Endpoint: g6370 (output port clocked by ideal_clock1)
  Path Group: ideal_clock1
  Path Type: max

  Point                                    Incr       Path
  -----------------------------------------------------------
  clock ideal_clock1 (rise edge)           0.00       0.00
  clock network delay (ideal)              0.40       0.40
  input external delay                     2.00       2.40 r
  g41 (in)                                 0.00       2.40 r
  U1603/Y (OA21X1_RVT)                     0.08 *     2.48 r
  U1602/Y (NAND3X0_RVT)                    0.11 *     2.60 f
  U1581/Y (NOR2X0_RVT)                     0.14 *     2.74 r
  U1595/Y (NAND2X0_RVT)                    0.08 *     2.81 f
  g6370 (out)                              0.00 *     2.81 f
  data arrival time                                   2.81

  clock ideal_clock1 (rise edge)           6.50       6.50
  clock network delay (ideal)              0.40       6.90
  clock uncertainty                       -0.05       6.85
  output external delay                   -2.00       4.85
  data required time                                  4.85
  -----------------------------------------------------------
  data required time                                  4.85
  data arrival time                                  -2.81
  -----------------------------------------------------------
  slack (MET)                                         2.04


  Startpoint: g41 (input port clocked by ideal_clock1)
  Endpoint: g6368 (output port clocked by ideal_clock1)
  Path Group: ideal_clock1
  Path Type: max

  Point                                    Incr       Path
  -----------------------------------------------------------
  clock ideal_clock1 (rise edge)           0.00       0.00
  clock network delay (ideal)              0.40       0.40
  input external delay                     2.00       2.40 r
  g41 (in)                                 0.00       2.40 r
  U1603/Y (OA21X1_RVT)                     0.08 *     2.48 r
  U1602/Y (NAND3X0_RVT)                    0.11 *     2.60 f
  U1581/Y (NOR2X0_RVT)                     0.14 *     2.74 r
  U1596/Y (NAND2X0_RVT)                    0.07 *     2.80 f
  g6368 (out)                              0.00 *     2.80 f
  data arrival time                                   2.80

  clock ideal_clock1 (rise edge)           6.50       6.50
  clock network delay (ideal)              0.40       6.90
  clock uncertainty                       -0.05       6.85
  output external delay                   -2.00       4.85
  data required time                                  4.85
  -----------------------------------------------------------
  data required time                                  4.85
  data arrival time                                  -2.80
  -----------------------------------------------------------
  slack (MET)                                         2.05


  Startpoint: g41 (input port clocked by ideal_clock1)
  Endpoint: g6366 (output port clocked by ideal_clock1)
  Path Group: ideal_clock1
  Path Type: max

  Point                                    Incr       Path
  -----------------------------------------------------------
  clock ideal_clock1 (rise edge)           0.00       0.00
  clock network delay (ideal)              0.40       0.40
  input external delay                     2.00       2.40 r
  g41 (in)                                 0.00       2.40 r
  U1603/Y (OA21X1_RVT)                     0.08 *     2.48 r
  U1602/Y (NAND3X0_RVT)                    0.11 *     2.60 f
  U1581/Y (NOR2X0_RVT)                     0.14 *     2.74 r
  U1590/Y (NAND2X0_RVT)                    0.06 *     2.80 f
  g6366 (out)                              0.00 *     2.80 f
  data arrival time                                   2.80

  clock ideal_clock1 (rise edge)           6.50       6.50
  clock network delay (ideal)              0.40       6.90
  clock uncertainty                       -0.05       6.85
  output external delay                   -2.00       4.85
  data required time                                  4.85
  -----------------------------------------------------------
  data required time                                  4.85
  data arrival time                                  -2.80
  -----------------------------------------------------------
  slack (MET)                                         2.05


  Startpoint: g41 (input port clocked by ideal_clock1)
  Endpoint: g6284 (output port clocked by ideal_clock1)
  Path Group: ideal_clock1
  Path Type: max

  Point                                    Incr       Path
  -----------------------------------------------------------
  clock ideal_clock1 (rise edge)           0.00       0.00
  clock network delay (ideal)              0.40       0.40
  input external delay                     2.00       2.40 r
  g41 (in)                                 0.00       2.40 r
  U1603/Y (OA21X1_RVT)                     0.08 *     2.48 r
  U1602/Y (NAND3X0_RVT)                    0.11 *     2.60 f
  U1581/Y (NOR2X0_RVT)                     0.14 *     2.74 r
  U1598/Y (NAND2X0_RVT)                    0.05 *     2.79 f
  g6284 (out)                              0.00 *     2.79 f
  data arrival time                                   2.79

  clock ideal_clock1 (rise edge)           6.50       6.50
  clock network delay (ideal)              0.40       6.90
  clock uncertainty                       -0.05       6.85
  output external delay                   -2.00       4.85
  data required time                                  4.85
  -----------------------------------------------------------
  data required time                                  4.85
  data arrival time                                  -2.79
  -----------------------------------------------------------
  slack (MET)                                         2.06


  Startpoint: g41 (input port clocked by ideal_clock1)
  Endpoint: g6364 (output port clocked by ideal_clock1)
  Path Group: ideal_clock1
  Path Type: max

  Point                                    Incr       Path
  -----------------------------------------------------------
  clock ideal_clock1 (rise edge)           0.00       0.00
  clock network delay (ideal)              0.40       0.40
  input external delay                     2.00       2.40 r
  g41 (in)                                 0.00       2.40 r
  U1603/Y (OA21X1_RVT)                     0.08 *     2.48 r
  U1602/Y (NAND3X0_RVT)                    0.11 *     2.60 f
  U1581/Y (NOR2X0_RVT)                     0.14 *     2.74 r
  U1597/Y (NAND2X0_RVT)                    0.05 *     2.79 f
  g6364 (out)                              0.00 *     2.79 f
  data arrival time                                   2.79

  clock ideal_clock1 (rise edge)           6.50       6.50
  clock network delay (ideal)              0.40       6.90
  clock uncertainty                       -0.05       6.85
  output external delay                   -2.00       4.85
  data required time                                  4.85
  -----------------------------------------------------------
  data required time                                  4.85
  data arrival time                                  -2.79
  -----------------------------------------------------------
  slack (MET)                                         2.06


  Startpoint: g41 (input port clocked by ideal_clock1)
  Endpoint: g6362 (output port clocked by ideal_clock1)
  Path Group: ideal_clock1
  Path Type: max

  Point                                    Incr       Path
  -----------------------------------------------------------
  clock ideal_clock1 (rise edge)           0.00       0.00
  clock network delay (ideal)              0.40       0.40
  input external delay                     2.00       2.40 r
  g41 (in)                                 0.00       2.40 r
  U1603/Y (OA21X1_RVT)                     0.08 *     2.48 r
  U1602/Y (NAND3X0_RVT)                    0.11 *     2.60 f
  U1581/Y (NOR2X0_RVT)                     0.14 *     2.74 r
  U1591/Y (NAND2X0_RVT)                    0.05 *     2.79 f
  g6362 (out)                              0.00 *     2.79 f
  data arrival time                                   2.79

  clock ideal_clock1 (rise edge)           6.50       6.50
  clock network delay (ideal)              0.40       6.90
  clock uncertainty                       -0.05       6.85
  output external delay                   -2.00       4.85
  data required time                                  4.85
  -----------------------------------------------------------
  data required time                                  4.85
  data arrival time                                  -2.79
  -----------------------------------------------------------
  slack (MET)                                         2.06


  Startpoint: g41 (input port clocked by ideal_clock1)
  Endpoint: g6360 (output port clocked by ideal_clock1)
  Path Group: ideal_clock1
  Path Type: max

  Point                                    Incr       Path
  -----------------------------------------------------------
  clock ideal_clock1 (rise edge)           0.00       0.00
  clock network delay (ideal)              0.40       0.40
  input external delay                     2.00       2.40 r
  g41 (in)                                 0.00       2.40 r
  U1603/Y (OA21X1_RVT)                     0.08 *     2.48 r
  U1602/Y (NAND3X0_RVT)                    0.11 *     2.60 f
  U1581/Y (NOR2X0_RVT)                     0.14 *     2.74 r
  U1592/Y (NAND2X0_RVT)                    0.05 *     2.79 f
  g6360 (out)                              0.00 *     2.79 f
  data arrival time                                   2.79

  clock ideal_clock1 (rise edge)           6.50       6.50
  clock network delay (ideal)              0.40       6.90
  clock uncertainty                       -0.05       6.85
  output external delay                   -2.00       4.85
  data required time                                  4.85
  -----------------------------------------------------------
  data required time                                  4.85
  data arrival time                                  -2.79
  -----------------------------------------------------------
  slack (MET)                                         2.06


  Startpoint: g41 (input port clocked by ideal_clock1)
  Endpoint: g6282 (output port clocked by ideal_clock1)
  Path Group: ideal_clock1
  Path Type: max

  Point                                    Incr       Path
  -----------------------------------------------------------
  clock ideal_clock1 (rise edge)           0.00       0.00
  clock network delay (ideal)              0.40       0.40
  input external delay                     2.00       2.40 r
  g41 (in)                                 0.00       2.40 r
  U1603/Y (OA21X1_RVT)                     0.08 *     2.48 r
  U1602/Y (NAND3X0_RVT)                    0.11 *     2.60 f
  g6282 (out)                              0.00 *     2.60 f
  data arrival time                                   2.60

  clock ideal_clock1 (rise edge)           6.50       6.50
  clock network delay (ideal)              0.40       6.90
  clock uncertainty                       -0.05       6.85
  output external delay                   -2.00       4.85
  data required time                                  4.85
  -----------------------------------------------------------
  data required time                                  4.85
  data arrival time                                  -2.60
  -----------------------------------------------------------
  slack (MET)                                         2.25


  Startpoint: g102 (input port clocked by ideal_clock1)
  Endpoint: g2584 (output port clocked by ideal_clock1)
  Path Group: ideal_clock1
  Path Type: max

  Point                                    Incr       Path
  -----------------------------------------------------------
  clock ideal_clock1 (rise edge)           0.00       0.00
  clock network delay (ideal)              0.40       0.40
  input external delay                     2.00       2.40 f
  g102 (in)                                0.00       2.40 f
  U1038/Y (INVX1_RVT)                      0.03 *     2.43 r
  U1287/Y (NAND2X0_RVT)                    0.07 *     2.50 f
  U959/Y (INVX1_RVT)                       0.08 *     2.57 r
  g2584 (out)                              0.00 *     2.57 r
  data arrival time                                   2.57

  clock ideal_clock1 (rise edge)           6.50       6.50
  clock network delay (ideal)              0.40       6.90
  clock uncertainty                       -0.05       6.85
  output external delay                   -2.00       4.85
  data required time                                  4.85
  -----------------------------------------------------------
  data required time                                  4.85
  data arrival time                                  -2.57
  -----------------------------------------------------------
  slack (MET)                                         2.28


  Startpoint: g567 (input port clocked by ideal_clock1)
  Endpoint: g4121 (output port clocked by ideal_clock1)
  Path Group: ideal_clock1
  Path Type: max

  Point                                    Incr       Path
  -----------------------------------------------------------
  clock ideal_clock1 (rise edge)           0.00       0.00
  clock network delay (ideal)              0.40       0.40
  input external delay                     2.00       2.40 f
  g567 (in)                                0.00       2.40 f
  U1297/Y (NAND2X0_RVT)                    0.15 *     2.55 r
  g4121 (out)                              0.00 *     2.55 r
  data arrival time                                   2.55

  clock ideal_clock1 (rise edge)           6.50       6.50
  clock network delay (ideal)              0.40       6.90
  clock uncertainty                       -0.05       6.85
  output external delay                   -2.00       4.85
  data required time                                  4.85
  -----------------------------------------------------------
  data required time                                  4.85
  data arrival time                                  -2.55
  -----------------------------------------------------------
  slack (MET)                                         2.30


  Startpoint: g45 (input port clocked by ideal_clock1)
  Endpoint: g4108 (output port clocked by ideal_clock1)
  Path Group: ideal_clock1
  Path Type: max

  Point                                    Incr       Path
  -----------------------------------------------------------
  clock ideal_clock1 (rise edge)           0.00       0.00
  clock network delay (ideal)              0.40       0.40
  input external delay                     2.00       2.40 r
  g45 (in)                                 0.00       2.40 r
  g4108 (out)                              0.00 *     2.40 r
  data arrival time                                   2.40

  clock ideal_clock1 (rise edge)           6.50       6.50
  clock network delay (ideal)              0.40       6.90
  clock uncertainty                       -0.05       6.85
  output external delay                   -2.00       4.85
  data required time                                  4.85
  -----------------------------------------------------------
  data required time                                  4.85
  data arrival time                                  -2.40
  -----------------------------------------------------------
  slack (MET)                                         2.45


  Startpoint: g564 (input port clocked by ideal_clock1)
  Endpoint: g4422 (output port clocked by ideal_clock1)
  Path Group: ideal_clock1
  Path Type: max

  Point                                    Incr       Path
  -----------------------------------------------------------
  clock ideal_clock1 (rise edge)           0.00       0.00
  clock network delay (ideal)              0.40       0.40
  input external delay                     2.00       2.40 r
  g564 (in)                                0.00       2.40 r
  g4422 (out)                              0.00 *     2.40 r
  data arrival time                                   2.40

  clock ideal_clock1 (rise edge)           6.50       6.50
  clock network delay (ideal)              0.40       6.90
  clock uncertainty                       -0.05       6.85
  output external delay                   -2.00       4.85
  data required time                                  4.85
  -----------------------------------------------------------
  data required time                                  4.85
  data arrival time                                  -2.40
  -----------------------------------------------------------
  slack (MET)                                         2.45


  Startpoint: g22 (input port clocked by ideal_clock1)
  Endpoint: g4104 (output port clocked by ideal_clock1)
  Path Group: ideal_clock1
  Path Type: max

  Point                                    Incr       Path
  -----------------------------------------------------------
  clock ideal_clock1 (rise edge)           0.00       0.00
  clock network delay (ideal)              0.40       0.40
  input external delay                     2.00       2.40 r
  g22 (in)                                 0.00       2.40 r
  g4104 (out)                              0.00 *     2.40 r
  data arrival time                                   2.40

  clock ideal_clock1 (rise edge)           6.50       6.50
  clock network delay (ideal)              0.40       6.90
  clock uncertainty                       -0.05       6.85
  output external delay                   -2.00       4.85
  data required time                                  4.85
  -----------------------------------------------------------
  data required time                                  4.85
  data arrival time                                  -2.40
  -----------------------------------------------------------
  slack (MET)                                         2.45


  Startpoint: g32 (input port clocked by ideal_clock1)
  Endpoint: g4099 (output port clocked by ideal_clock1)
  Path Group: ideal_clock1
  Path Type: max

  Point                                    Incr       Path
  -----------------------------------------------------------
  clock ideal_clock1 (rise edge)           0.00       0.00
  clock network delay (ideal)              0.40       0.40
  input external delay                     2.00       2.40 r
  g32 (in)                                 0.00       2.40 r
  g4099 (out)                              0.00 *     2.40 r
  data arrival time                                   2.40

  clock ideal_clock1 (rise edge)           6.50       6.50
  clock network delay (ideal)              0.40       6.90
  clock uncertainty                       -0.05       6.85
  output external delay                   -2.00       4.85
  data required time                                  4.85
  -----------------------------------------------------------
  data required time                                  4.85
  data arrival time                                  -2.40
  -----------------------------------------------------------
  slack (MET)                                         2.45


  Startpoint: g36 (input port clocked by ideal_clock1)
  Endpoint: g4100 (output port clocked by ideal_clock1)
  Path Group: ideal_clock1
  Path Type: max

  Point                                    Incr       Path
  -----------------------------------------------------------
  clock ideal_clock1 (rise edge)           0.00       0.00
  clock network delay (ideal)              0.40       0.40
  input external delay                     2.00       2.40 r
  g36 (in)                                 0.00       2.40 r
  g4100 (out)                              0.00 *     2.40 r
  data arrival time                                   2.40

  clock ideal_clock1 (rise edge)           6.50       6.50
  clock network delay (ideal)              0.40       6.90
  clock uncertainty                       -0.05       6.85
  output external delay                   -2.00       4.85
  data required time                                  4.85
  -----------------------------------------------------------
  data required time                                  4.85
  data arrival time                                  -2.40
  -----------------------------------------------------------
  slack (MET)                                         2.45


  Startpoint: g39 (input port clocked by ideal_clock1)
  Endpoint: g4103 (output port clocked by ideal_clock1)
  Path Group: ideal_clock1
  Path Type: max

  Point                                    Incr       Path
  -----------------------------------------------------------
  clock ideal_clock1 (rise edge)           0.00       0.00
  clock network delay (ideal)              0.40       0.40
  input external delay                     2.00       2.40 r
  g39 (in)                                 0.00       2.40 r
  g4103 (out)                              0.00 *     2.40 r
  data arrival time                                   2.40

  clock ideal_clock1 (rise edge)           6.50       6.50
  clock network delay (ideal)              0.40       6.90
  clock uncertainty                       -0.05       6.85
  output external delay                   -2.00       4.85
  data required time                                  4.85
  -----------------------------------------------------------
  data required time                                  4.85
  data arrival time                                  -2.40
  -----------------------------------------------------------
  slack (MET)                                         2.45


  Startpoint: g37 (input port clocked by ideal_clock1)
  Endpoint: g4101 (output port clocked by ideal_clock1)
  Path Group: ideal_clock1
  Path Type: max

  Point                                    Incr       Path
  -----------------------------------------------------------
  clock ideal_clock1 (rise edge)           0.00       0.00
  clock network delay (ideal)              0.40       0.40
  input external delay                     2.00       2.40 r
  g37 (in)                                 0.00       2.40 r
  g4101 (out)                              0.00 *     2.40 r
  data arrival time                                   2.40

  clock ideal_clock1 (rise edge)           6.50       6.50
  clock network delay (ideal)              0.40       6.90
  clock uncertainty                       -0.05       6.85
  output external delay                   -2.00       4.85
  data required time                                  4.85
  -----------------------------------------------------------
  data required time                                  4.85
  data arrival time                                  -2.40
  -----------------------------------------------------------
  slack (MET)                                         2.45


  Startpoint: g38 (input port clocked by ideal_clock1)
  Endpoint: g4102 (output port clocked by ideal_clock1)
  Path Group: ideal_clock1
  Path Type: max

  Point                                    Incr       Path
  -----------------------------------------------------------
  clock ideal_clock1 (rise edge)           0.00       0.00
  clock network delay (ideal)              0.40       0.40
  input external delay                     2.00       2.40 r
  g38 (in)                                 0.00       2.40 r
  g4102 (out)                              0.00 *     2.40 r
  data arrival time                                   2.40

  clock ideal_clock1 (rise edge)           6.50       6.50
  clock network delay (ideal)              0.40       6.90
  clock uncertainty                       -0.05       6.85
  output external delay                   -2.00       4.85
  data required time                                  4.85
  -----------------------------------------------------------
  data required time                                  4.85
  data arrival time                                  -2.40
  -----------------------------------------------------------
  slack (MET)                                         2.45


1
