 
****************************************
Report : area
Design : s9234
Version: L-2016.03-SP5-1
Date   : Sat Mar  9 16:52:53 2019
****************************************

Library(s) Used:

    saed32rvt_ss0p95v25c (File: /mnt/class_data/ecec574-w2019/PDKs/SAED32nm/lib/stdcell_rvt/db_ccs/saed32rvt_ss0p95v25c.db)

Number of ports:                           80
Number of nets:                          1098
Number of cells:                         1057
Number of combinational cells:            846
Number of sequential cells:                 0
Number of macros/black boxes:               0
Number of buf/inv:                        192
Number of references:                     242

Combinational area:               1823.229061
Buf/Inv area:                      243.978241
Noncombinational area:            1394.234030
Macro/Black Box area:                0.000000
Net Interconnect area:             635.433910

Total cell area:                  3217.463090
Total area:                       3852.897000
1
